1 download 118691
1 download 129
1 download 179828
1 download 198608
1 download 200469
1 download 216856
1 download 226273
1 download 29361
1 download 29829
1 download 30063
1 download 73721
1 download 90004
1 download 94847
1 testset 30079
1 testset 30363
1 testset 31793
1 testset 55580
2 taste_buddy 00696 4.000000
2 taste_buddy 00150 3.000000
2 taste_buddy 00303 3.000000
2 taste_buddy 00632 3.000000
2 taste_buddy 00688 2.000000
2 taste_buddy 00622 2.000000
2 taste_buddy 00035 2.000000
2 taste_buddy 00341 2.000000
2 taste_buddy 00183 2.000000
2 taste_buddy 00912 2.000000
2 taste_buddy 00468 2.000000
2 taste_buddy 00477 2.000000
2 taste_buddy 00563 2.000000
