1 download 120837
1 download 225105
1 download 241432
1 download 256399
1 download 271122
1 download 400915
1 download 404025
1 download 404825
1 download 408942
1 download 414042
1 download 417103
1 download 430646
1 testset 296670
1 testset 408475
1 testset 460831
2 taste_buddy 00351 8.000000
2 taste_buddy 00897 5.000000
2 taste_buddy 00405 2.000000
2 taste_buddy 00907 1.000000
2 taste_buddy 00633 1.000000
2 taste_buddy 00984 1.000000
2 taste_buddy 00148 1.000000
2 taste_buddy 00674 1.000000
2 taste_buddy 00940 1.000000
