1 download 110008
1 download 130231
1 download 1933
1 download 28437
1 download 28815
1 download 29348
1 download 29394
1 download 30157
1 download 30223
1 download 30286
1 download 30634
1 download 30940
1 download 32398
1 download 33248
1 download 33860
1 download 34008
1 download 34850
1 download 35499
1 download 35503
1 download 38215
1 download 41219
1 download 42953
1 download 45014
1 download 46226
1 download 57776
1 download 83223
1 download 97412
1 testset 119269
1 testset 127
1 testset 257903
1 testset 30069
1 testset 30073
1 testset 32637
1 testset 81507
2 taste_buddy 00303
2 taste_buddy 00654
2 taste_buddy 00462
2 taste_buddy 00715
2 taste_buddy 00483
2 taste_buddy 00248
2 taste_buddy 00151
2 taste_buddy 00549
2 taste_buddy 00999
2 taste_buddy 00486
