1 download 61442
1 download 30723
1 download 61444
1 download 40440
1 download 31240
1 download 35513
1 download 111447
1 download 19468
1 download 201218
1 download 30093
1 download 164880
1 download 39953
1 download 34835
1 download 31738
1 download 54730
1 download 99863
1 download 39448
1 download 39449
1 download 50714
1 download 34843
1 download 36381
1 download 47647
1 download 57776
1 download 34338
1 download 29531
1 download 16422
1 download 32807
1 download 120924
1 download 54704
1 download 210095
1 download 207918
1 download 78895
1 download 38448
1 download 32264
1 download 33990
1 download 39475
1 download 153652
1 download 70709
1 download 30774
1 download 121865
1 download 32824
1 download 38239
1 download 58941
1 download 74304
1 download 121921
1 download 58434
1 download 19467
1 download 29253
1 download 35398
1 download 33351
1 download 39496
1 download 35401
1 download 31819
1 download 39948
1 download 259153
1 download 112725
1 download 112727
1 download 32857
1 download 124102
1 download 33371
1 download 32860
1 download 92253
1 download 63582
1 download 66917
1 download 40032
1 download 30817
1 download 71267
1 download 199268
1 download 44133
1 download 100153
1 download 55911
1 download 33384
1 download 71268
1 download 15979
1 download 46188
1 download 34927
1 download 43632
1 download 246385
1 download 30112
1 download 115561
1 download 323705
1 download 92283
1 download 228477
1 download 37505
1 download 33410
1 download 35459
1 download 39796
1 download 82565
1 download 134
1 download 65672
1 download 101996
1 download 53899
1 download 37005
1 download 32911
1 download 30301
1 download 53905
1 download 129170
1 download 123027
1 download 43886
1 download 153
1 download 94362
1 download 74395
1 download 286876
1 download 133277
1 download 29342
1 download 30149
1 download 112800
1 download 32930
1 download 133795
1 download 29348
1 download 58533
1 download 46225
1 download 115484
1 download 35498
1 download 137900
1 download 152239
1 download 30097
1 download 41649
1 download 287923
1 download 54729
1 download 110776
1 download 61812
1 download 86205
1 download 37921
1 download 195
1 download 286917
1 download 10438
1 download 37409
1 download 70856
1 download 87241
1 download 10442
1 download 10443
1 download 49358
1 download 30157
1 download 29394
1 download 38611
1 download 34004
1 download 33998
1 download 10455
1 download 34008
1 download 304313
1 download 96986
1 download 45787
1 download 33764
1 download 52446
1 download 96479
1 download 46244
1 download 32891
1 download 115430
1 download 45800
1 download 45802
1 download 69869
1 download 88814
1 download 45807
1 download 57072
1 download 66635
1 download 145651
1 download 41204
1 download 30966
1 download 66297
1 download 10490
1 download 37627
1 download 241916
1 download 45821
1 download 30976
1 download 66817
1 download 35586
1 download 42755
1 download 112901
1 download 134406
1 download 123655
1 download 74505
1 download 40202
1 download 31748
1 download 85262
1 download 31507
1 download 32020
1 download 34158
1 download 60694
1 download 60697
1 download 215695
1 download 38173
1 download 49440
1 download 39713
1 download 76066
1 download 30202
1 download 3234
1 download 239909
1 download 93489
1 download 31529
1 download 38380
1 download 262957
1 download 94511
1 download 94512
1 download 76424
1 download 297778
1 download 31540
1 download 238901
1 download 35638
1 download 74040
1 download 74041
1 download 74042
1 download 50799
1 download 91452
1 download 107692
1 download 37182
1 download 3676
1 download 65376
1 download 7492
1 download 149319
1 download 223560
1 download 62282
1 download 35895
1 download 170319
1 download 38226
1 download 37203
1 download 31572
1 download 60758
1 download 88407
1 download 41304
1 download 98649
1 download 29523
1 download 334171
1 download 31582
1 download 36191
1 download 45920
1 download 223586
1 download 85217
1 download 9572
1 download 170341
1 download 50170
1 download 29543
1 download 338281
1 download 55131
1 download 126316
1 download 70802
1 download 86382
1 download 182641
1 download 95602
1 download 14707
1 download 299380
1 download 30069
1 download 30073
1 download 43386
1 download 228221
1 download 50752
1 download 35716
1 download 115589
1 download 30086
1 download 134535
1 download 42243
1 download 30089
1 download 54154
1 download 30091
1 download 35725
1 download 30094
1 download 39823
1 download 35729
1 download 30098
1 download 91715
1 download 916
1 download 159125
1 download 70550
1 download 32153
1 download 53657
1 download 46490
1 download 34350
1 download 32156
1 download 43422
1 download 30111
1 download 30105
1 download 30113
1 download 101282
1 download 31140
1 download 29605
1 download 40113
1 download 43434
1 download 9714
1 download 33710
1 download 43439
1 download 432
1 download 54195
1 download 209481
1 download 330740
1 download 32299
1 download 47547
1 download 33728
1 download 35777
1 download 314307
1 download 66501
1 download 286918
1 download 54727
1 download 138696
1 download 64457
1 download 177610
1 download 30156
1 download 74212
1 download 35835
1 download 50168
1 download 99459
1 download 31701
1 download 46329
1 download 258980
1 download 37340
1 download 66298
1 download 103902
1 download 134626
1 download 33275
1 download 92644
1 download 52198
1 download 30204
1 download 76267
1 download 121836
1 download 27133
1 download 50344
1 download 35910
1 download 143859
1 download 74228
1 download 37366
1 download 50167
1 download 67064
1 download 66041
1 download 35834
1 download 31227
1 download 31740
1 download 61949
1 testset 75392
1 testset 44980
1 testset 71644
1 testset 85763
1 testset 34437
1 testset 63146
1 testset 32521
1 testset 34444
1 testset 63476
1 testset 30709
1 testset 55128
1 testset 77586
1 testset 77587
1 testset 30707
1 testset 40598
1 testset 71641
1 testset 33304
1 testset 59289
1 testset 49050
1 testset 59291
1 testset 87861
1 testset 46939
1 testset 47012
1 testset 32497
1 testset 53084
1 testset 102058
1 testset 32428
1 testset 40624
1 testset 100146
1 testset 51187
1 testset 87860
1 testset 63157
1 testset 54966
1 testset 30601
1 testset 32568
1 testset 32569
1 testset 73658
1 testset 73659
1 testset 73660
1 testset 32445
1 testset 32446
1 testset 38591
1 testset 151491
1 testset 44740
1 testset 51190
1 testset 30535
1 testset 53193
1 testset 97994
1 testset 30415
1 testset 102264
1 testset 34515
1 testset 223089
1 testset 30551
1 testset 36568
1 testset 55129
1 testset 55130
1 testset 93915
1 testset 32476
1 testset 41978
1 testset 53086
1 testset 79712
1 testset 30719
1 testset 51195
1 testset 32617
1 testset 337831
1 testset 55020
1 testset 51192
1 testset 32496
1 testset 44657
1 testset 32499
1 testset 46708
1 testset 32501
1 testset 32502
1 testset 39927
1 testset 52984
1 testset 52985
1 testset 34554
1 testset 34427
1 testset 63484
1 testset 44669
1 testset 30334
1 testset 300671
