1 download 104373
1 download 109614
1 download 110274
1 download 110285
1 download 110286
1 download 110288
1 download 110289
1 download 110290
1 download 111572
1 download 157497
1 download 203838
1 download 269327
1 download 31510
1 download 34624
1 download 37406
1 download 37410
1 download 402577
1 download 40403
1 download 41016
1 download 45014
1 download 45470
1 download 50500
1 download 5510
1 download 57267
1 download 66090
1 download 69408
1 download 71972
1 download 83355
1 testset 130151
1 testset 21361
1 testset 30188
1 testset 33783
1 testset 39791
1 testset 62186
1 testset 72699
1 testset 79059
2 taste_buddy 00126 5.000000
2 taste_buddy 00467 3.000000
2 taste_buddy 00412 2.000000
2 taste_buddy 00093 2.000000
2 taste_buddy 00867 1.000000
2 taste_buddy 00562 1.000000
2 taste_buddy 00944 1.000000
2 taste_buddy 00413 1.000000
2 taste_buddy 00722 1.000000
2 taste_buddy 00809 1.000000
2 taste_buddy 00717 1.000000
2 taste_buddy 00920 1.000000
2 taste_buddy 00210 1.000000
2 taste_buddy 00199 1.000000
2 taste_buddy 00704 1.000000
2 taste_buddy 00334 1.000000
2 taste_buddy 00395 1.000000
2 taste_buddy 00112 1.000000
2 taste_buddy 00511 1.000000
2 taste_buddy 00256 1.000000
2 taste_buddy 00257 1.000000
2 taste_buddy 00796 1.000000
2 taste_buddy 00698 1.000000
2 taste_buddy 00185 1.000000
2 taste_buddy 00347 1.000000
2 taste_buddy 00188 1.000000
2 taste_buddy 00719 1.000000
2 taste_buddy 00991 1.000000
2 taste_buddy 00172 1.000000
2 taste_buddy 00997 1.000000
2 taste_buddy 00630 1.000000
2 taste_buddy 00612 1.000000
2 taste_buddy 00228 1.000000
2 taste_buddy 00266 1.000000
