1 download 134482
1 download 176039
1 download 180227
1 download 219992
1 download 253739
1 download 255648
1 download 265278
1 download 270895
1 download 336351
1 download 336390
1 download 337805
1 download 341692
1 download 343891
1 download 356299
1 download 358426
1 download 359561
1 download 359849
1 download 360931
1 download 361003
1 download 381962
1 download 406924
1 download 419028
1 download 423766
1 download 426770
1 download 427789
1 download 430646
1 download 431575
1 download 453123
1 download 461998
1 download 463622
1 download 474040
1 download 506538
1 download 520852
1 download 526660
1 download 71096
1 download 95670
1 testset 105810
1 testset 126072
1 testset 144234
1 testset 180983
1 testset 208497
1 testset 352750
1 testset 353019
1 testset 46969
1 testset 506474
1 testset 516451
2 taste_buddy 00619 7.000000
2 taste_buddy 00699 2.000000
2 taste_buddy 00364 2.000000
2 taste_buddy 00674 2.000000
2 taste_buddy 00470 1.000000
2 taste_buddy 00638 1.000000
2 taste_buddy 00297 1.000000
2 taste_buddy 00338 1.000000
2 taste_buddy 00769 1.000000
2 taste_buddy 00423 1.000000
2 taste_buddy 00142 1.000000
2 taste_buddy 00050 1.000000
2 taste_buddy 00235 1.000000
2 taste_buddy 00500 1.000000
2 taste_buddy 00915 1.000000
2 taste_buddy 00719 1.000000
2 taste_buddy 00772 1.000000
2 taste_buddy 00678 1.000000
2 taste_buddy 00460 1.000000
2 taste_buddy 00303 1.000000
2 taste_buddy 00009 1.000000
2 taste_buddy 00047 1.000000
