1 download 105413
1 download 11395
1 download 134
1 download 136986
1 download 138752
1 download 150967
1 download 160776
1 download 1702
1 download 17714
1 download 24891
1 download 256426
1 download 29273
1 download 29348
1 download 30082
1 download 30149
1 download 30223
1 download 30723
1 download 30755
1 download 30782
1 download 31507
1 download 32156
1 download 32308
1 download 32442
1 download 32449
1 download 33990
1 download 34838
1 download 35133
1 download 36830
1 download 37013
1 download 46021
1 download 46241
1 download 46894
1 download 52110
1 download 54925
1 download 61995
1 download 64068
1 download 78492
1 download 87241
1 download 96198
1 testset 134622
1 testset 31736
1 testset 32635
1 testset 41978
1 testset 43453
1 testset 45663
1 testset 54675
1 testset 57821
1 testset 75389
1 testset 93547
2 taste_buddy 00939 10.000000
2 taste_buddy 00273 9.000000
2 taste_buddy 00243 9.000000
2 taste_buddy 00151 8.000000
2 taste_buddy 00098 8.000000
2 taste_buddy 00980 7.000000
2 taste_buddy 00039 7.000000
2 taste_buddy 00450 7.000000
2 taste_buddy 00891 7.000000
2 taste_buddy 00462 7.000000
2 taste_buddy 00430 7.000000
2 taste_buddy 00248 7.000000
