1 download 29390
1 download 29618
1 download 30060
1 download 30070
1 download 31528
1 download 34927
1 download 35937
1 download 38403
1 download 43274
1 download 46209
1 download 54052
1 download 54478
1 download 55233
1 download 69872
1 testset 29338
1 testset 29653
1 testset 30334
1 testset 35359
2 taste_buddy 00554 3.000000
2 taste_buddy 00696 3.000000
2 taste_buddy 00303 3.000000
2 taste_buddy 00946 2.000000
2 taste_buddy 00350 2.000000
2 taste_buddy 00989 2.000000
2 taste_buddy 00192 2.000000
2 taste_buddy 00191 2.000000
2 taste_buddy 00835 2.000000
2 taste_buddy 00583 2.000000
2 taste_buddy 00880 2.000000
2 taste_buddy 00468 2.000000
2 taste_buddy 00309 2.000000
2 taste_buddy 00632 2.000000
