1 download 13124
1 download 143700
1 download 160938
1 download 216093
1 download 256399
1 download 271122
1 download 296069
1 download 29670
1 download 307206
1 download 33035
1 download 38275
1 download 38683
1 download 38684
1 download 41125
1 download 42758
1 download 48559
1 download 48560
1 download 48561
1 download 48562
1 download 55580
1 download 58933
1 download 72425
1 download 79248
1 download 92438
1 testset 153965
1 testset 199025
1 testset 224623
1 testset 38271
1 testset 45036
1 testset 45038
1 testset 45039
2 taste_buddy 00455 8.000000
2 taste_buddy 00488 7.000000
2 taste_buddy 00197 3.000000
2 taste_buddy 00834 3.000000
2 taste_buddy 00351 3.000000
2 taste_buddy 00897 3.000000
2 taste_buddy 00783 2.000000
2 taste_buddy 00849 2.000000
2 taste_buddy 00018 2.000000
2 taste_buddy 00235 2.000000
