1 download 11847
1 download 134
1 download 143700
1 download 145679
1 download 1702
1 download 184
1 download 29348
1 download 30223
1 download 30782
1 download 33715
1 download 35102
1 download 386
1 download 39649
1 download 40009
1 download 41618
1 download 434
1 download 46562
1 download 64569
1 testset 1134
1 testset 13938
1 testset 35301
1 testset 46188
1 testset 744
2 taste_buddy 00980 9.000000
2 taste_buddy 00816 8.000000
2 taste_buddy 00303 6.000000
2 taste_buddy 00151 5.000000
2 taste_buddy 00207 5.000000
2 taste_buddy 00775 5.000000
2 taste_buddy 00462 5.000000
2 taste_buddy 00413 4.000000
2 taste_buddy 00248 4.000000
2 taste_buddy 00724 3.000000
2 taste_buddy 00395 3.000000
2 taste_buddy 00759 3.000000
2 taste_buddy 00985 3.000000
2 taste_buddy 00043 3.000000
2 taste_buddy 00494 3.000000
2 taste_buddy 00939 3.000000
2 taste_buddy 00934 3.000000
