1 download 164504
1 download 29359
1 download 30077
1 download 30082
1 download 30086
1 download 30301
1 download 30782
1 download 31507
1 download 32153
1 download 32637
1 download 34828
1 download 35459
1 download 35725
1 download 35777
1 download 36381
1 download 40190
1 download 43886
1 download 45272
1 download 45800
1 download 47954
1 download 51529
1 download 69970
1 download 744
1 download 75619
1 download 81343
1 download 88179
1 download 91452
1 download 97972
1 download 99459
1 testset 30073
1 testset 30203
1 testset 30708
1 testset 30718
1 testset 30965
1 testset 31736
1 testset 33275
1 testset 44669
2 taste_buddy 00216
2 taste_buddy 00151
2 taste_buddy 00597
2 taste_buddy 00248
2 taste_buddy 00414
2 taste_buddy 00039
2 taste_buddy 00773
2 taste_buddy 00715
2 taste_buddy 00065
2 taste_buddy 00426
