1 download 109498
1 download 124186
1 download 148622
1 download 148623
1 download 191904
1 download 213533
1 download 218402
1 download 219023
1 download 219300
1 download 223586
1 download 226190
1 download 234416
1 download 235980
1 download 242778
1 download 249302
1 download 257991
1 download 259009
1 download 29390
1 download 31658
1 download 73369
1 testset 211950
1 testset 222953
1 testset 232180
1 testset 32106
1 testset 44130
1 testset 59243
2 taste_buddy 00946
2 taste_buddy 00763
2 taste_buddy 00080
2 taste_buddy 00088
2 taste_buddy 00318
2 taste_buddy 00042
2 taste_buddy 00469
2 taste_buddy 00820
2 taste_buddy 00768
2 taste_buddy 00540
