1 download 130966
1 download 133284
1 download 146768
1 download 196758
1 download 199116
1 download 235444
1 download 29411
1 download 29763
1 download 34565
1 download 34886
1 download 50108
1 download 52287
1 download 63107
1 download 64390
1 download 67431
1 download 71832
1 download 77899
1 testset 184636
1 testset 246385
1 testset 29933
1 testset 39535
1 testset 71275
2 taste_buddy 00167
2 taste_buddy 00136
2 taste_buddy 00657
2 taste_buddy 00988
2 taste_buddy 00946
2 taste_buddy 00668
2 taste_buddy 00525
2 taste_buddy 00318
2 taste_buddy 00090
2 taste_buddy 00200
