1 download 132106
1 download 140708
1 download 140724
1 download 149042
1 download 160479
1 download 160481
1 download 217015
1 download 29386
1 download 29394
1 download 29467
1 download 29616
1 download 29895
1 download 30073
1 download 30086
1 download 30709
1 download 30776
1 download 31507
1 download 31572
1 download 32797
1 download 32911
1 download 32923
1 download 33715
1 download 34849
1 download 35008
1 download 35133
1 download 36151
1 download 37018
1 download 40624
1 download 40726
1 download 49504
1 download 49567
1 download 58809
1 download 70477
1 download 70481
1 download 75535
1 download 87337
1 download 87385
1 download 87448
1 download 94656
1 testset 22389
1 testset 29940
1 testset 31739
1 testset 35967
1 testset 36971
1 testset 57706
1 testset 57727
1 testset 635988
1 testset 63850
1 testset 79091
2 taste_buddy 00715 8.000000
2 taste_buddy 00273 6.000000
2 taste_buddy 00939 6.000000
2 taste_buddy 00243 6.000000
2 taste_buddy 00559 5.000000
2 taste_buddy 00907 5.000000
2 taste_buddy 00450 5.000000
2 taste_buddy 00517 5.000000
2 taste_buddy 00552 4.000000
2 taste_buddy 00894 4.000000
2 taste_buddy 00465 4.000000
2 taste_buddy 00008 4.000000
2 taste_buddy 00661 4.000000
2 taste_buddy 00739 4.000000
2 taste_buddy 00248 4.000000
2 taste_buddy 00486 4.000000
