1 download 121935
1 download 164011
1 download 19467
1 download 228255
1 download 2895
1 download 30086
1 download 30111
1 download 30157
1 download 31507
1 download 32153
1 download 32264
1 download 33999
1 download 35398
1 download 35661
1 download 41670
1 download 45800
1 download 54053
1 download 54966
1 download 73191
1 download 93854
1 testset 113902
1 testset 30071
1 testset 30073
1 testset 30966
1 testset 33528
1 testset 37779
2 taste_buddy 00216 5.000000
2 taste_buddy 00715 4.000000
2 taste_buddy 00943 4.000000
2 taste_buddy 00413 3.000000
2 taste_buddy 00414 3.000000
2 taste_buddy 00556 3.000000
2 taste_buddy 00531 3.000000
2 taste_buddy 00230 3.000000
2 taste_buddy 00128 3.000000
2 taste_buddy 00654 3.000000
2 taste_buddy 00481 3.000000
