1 download 29394
1 download 30214
1 download 31449
1 download 32497
1 download 33261
1 download 33384
1 download 33429
1 download 46867
1 download 48760
1 download 55067
1 testset 22397
1 testset 30718
1 testset 48757
2 taste_buddy 00559 3.000000
2 taste_buddy 00853 2.000000
2 taste_buddy 00098 2.000000
2 taste_buddy 00039 2.000000
2 taste_buddy 00040 2.000000
2 taste_buddy 00129 2.000000
2 taste_buddy 00517 2.000000
2 taste_buddy 00450 2.000000
2 taste_buddy 00715 2.000000
2 taste_buddy 00106 2.000000
2 taste_buddy 00273 2.000000
2 taste_buddy 00406 2.000000
2 taste_buddy 00561 2.000000
2 taste_buddy 00485 2.000000
2 taste_buddy 00486 2.000000
