1 download 108628
1 download 30109
1 download 30353
1 download 33342
1 download 33355
1 download 33364
1 download 33371
1 download 35148
1 download 36567
1 download 43802
1 download 46123
1 download 46389
1 download 69745
1 download 84397
1 download 902
1 testset 103357
1 testset 30073
1 testset 34740
1 testset 86846
2 taste_buddy 00102
2 taste_buddy 00201
2 taste_buddy 00835
2 taste_buddy 00136
2 taste_buddy 00106
2 taste_buddy 00913
2 taste_buddy 00946
2 taste_buddy 00674
2 taste_buddy 00272
2 taste_buddy 00667
