1 download 120402
1 download 128817
1 download 129188
1 download 130819
1 download 136417
1 download 139451
1 download 144274
1 download 144774
1 download 151903
1 download 15681
1 download 178689
1 download 217393
1 download 223757
1 download 22457
1 download 27040
1 download 29490
1 download 30073
1 download 30203
1 download 30214
1 download 30217
1 download 30223
1 download 30295
1 download 30620
1 download 30782
1 download 32156
1 download 32316
1 download 32476
1 download 33175
1 download 34715
1 download 35725
1 download 36170
1 download 37005
1 download 37006
1 download 37464
1 download 37505
1 download 41031
1 download 44863
1 download 46234
1 download 49246
1 download 49358
1 download 49441
1 download 50561
1 download 52020
1 download 52364
1 download 56415
1 download 57310
1 download 58012
1 download 65163
1 download 70235
1 download 82663
1 testset 101995
1 testset 109929
1 testset 144234
1 testset 198136
1 testset 29394
1 testset 30071
1 testset 30457
1 testset 32447
1 testset 32637
1 testset 34156
1 testset 59900
1 testset 61690
1 testset 61809
2 taste_buddy 00303 6.000000
2 taste_buddy 00039 6.000000
2 taste_buddy 00816 6.000000
2 taste_buddy 00430 5.000000
2 taste_buddy 00273 5.000000
2 taste_buddy 00151 4.000000
2 taste_buddy 00256 4.000000
2 taste_buddy 00980 4.000000
2 taste_buddy 00031 4.000000
2 taste_buddy 00769 4.000000
2 taste_buddy 00934 4.000000
2 taste_buddy 00363 4.000000
2 taste_buddy 00930 4.000000
2 taste_buddy 00080 4.000000
2 taste_buddy 00248 4.000000
2 taste_buddy 00486 4.000000
