1 download 100502
1 download 129209
1 download 130878
1 download 158281
1 download 216210
1 download 241455
1 download 29297
1 download 29390
1 download 29539
1 download 30628
1 download 31236
1 download 31507
1 download 32308
1 download 39483
1 download 42413
1 download 43219
1 download 44135
1 download 44564
1 download 44584
1 download 46467
1 testset 160382
1 testset 211704
1 testset 29299
1 testset 31912
1 testset 48238
2 taste_buddy 00468 5.000000
2 taste_buddy 00696 4.000000
2 taste_buddy 00946 4.000000
2 taste_buddy 00375 4.000000
2 taste_buddy 00602 3.000000
2 taste_buddy 00559 3.000000
2 taste_buddy 00303 3.000000
2 taste_buddy 00907 3.000000
2 taste_buddy 00201 3.000000
2 taste_buddy 00150 3.000000
2 taste_buddy 00880 3.000000
2 taste_buddy 00112 3.000000
2 taste_buddy 00894 3.000000
2 taste_buddy 00243 3.000000
