1 download 10098
1 download 107693
1 download 108155
1 download 111286
1 download 113727
1 download 119140
1 download 12103
1 download 12327
1 download 125530
1 download 130231
1 download 145680
1 download 151181
1 download 181332
1 download 182
1 download 1933
1 download 195
1 download 204926
1 download 206110
1 download 22391
1 download 22543
1 download 24609
1 download 26162
1 download 269497
1 download 26980
1 download 2809
1 download 285580
1 download 29272
1 download 29737
1 download 2987
1 download 29998
1 download 30069
1 download 30077
1 download 30217
1 download 30723
1 download 30973
1 download 31038
1 download 31878
1 download 32020
1 download 32027
1 download 32268
1 download 32272
1 download 32308
1 download 32428
1 download 32430
1 download 32475
1 download 32502
1 download 32579
1 download 32617
1 download 32894
1 download 32911
1 download 330030
1 download 33126
1 download 33131
1 download 33384
1 download 33524
1 download 33690
1 download 34349
1 download 34410
1 download 34433
1 download 34434
1 download 34441
1 download 34444
1 download 34828
1 download 351
1 download 35860
1 download 35894
1 download 35908
1 download 36401
1 download 36911
1 download 37011
1 download 38210
1 download 38925
1 download 39124
1 download 39449
1 download 39452
1 download 39940
1 download 405
1 download 41035
1 download 42243
1 download 43139
1 download 43552
1 download 46331
1 download 46697
1 download 50247
1 download 50582
1 download 50714
1 download 55341
1 download 55630
1 download 55816
1 download 55975
1 download 575058
1 download 59289
1 download 59555
1 download 61678
1 download 61681
1 download 61809
1 download 63636
1 download 65609
1 download 65629
1 download 69414
1 download 69415
1 download 70238
1 download 744
1 download 76442
1 download 78903
1 download 79560
1 download 81150
1 download 81507
1 download 817
1 download 82570
1 download 82680
1 download 82779
1 download 82996
1 download 91715
1 download 95602
1 testset 107944
1 testset 110008
1 testset 13265
1 testset 29940
1 testset 30113
1 testset 30204
1 testset 30707
1 testset 31142
1 testset 31736
1 testset 31738
1 testset 33261
1 testset 33696
1 testset 33728
1 testset 34724
1 testset 36779
1 testset 37366
1 testset 38380
1 testset 38396
1 testset 42975
1 testset 48611
1 testset 54719
1 testset 572849
1 testset 57826
1 testset 68587
1 testset 70729
1 testset 72703
1 testset 74230
1 testset 80289
1 testset 98215
2 taste_buddy 00248 13.000000
2 taste_buddy 00151 12.000000
2 taste_buddy 00039 12.000000
2 taste_buddy 00098 8.000000
2 taste_buddy 00715 7.000000
2 taste_buddy 00654 7.000000
2 taste_buddy 00168 7.000000
2 taste_buddy 00426 6.000000
2 taste_buddy 00587 6.000000
2 taste_buddy 00720 5.000000
2 taste_buddy 00600 5.000000
2 taste_buddy 00853 5.000000
2 taste_buddy 00131 5.000000
2 taste_buddy 00934 5.000000
