1 download 136650
1 download 146716
1 download 228255
1 download 29335
1 download 29847
1 download 32819
1 download 35661
1 download 35860
1 download 35861
1 download 37126
1 download 48653
1 download 49454
1 download 52132
1 download 54053
1 download 5433
1 download 55894
1 download 63019
1 download 71242
1 download 73940
1 testset 128123
1 testset 50658
1 testset 58228
1 testset 83566
1 testset 93875
2 taste_buddy 00065 3.000000
2 taste_buddy 00376 2.000000
2 taste_buddy 00258 2.000000
2 taste_buddy 00270 2.000000
2 taste_buddy 00540 2.000000
2 taste_buddy 00905 1.000000
2 taste_buddy 00907 1.000000
2 taste_buddy 00966 1.000000
2 taste_buddy 00149 1.000000
2 taste_buddy 00940 1.000000
2 taste_buddy 00413 1.000000
2 taste_buddy 00829 1.000000
2 taste_buddy 00828 1.000000
2 taste_buddy 00535 1.000000
2 taste_buddy 00925 1.000000
2 taste_buddy 00511 1.000000
2 taste_buddy 00475 1.000000
2 taste_buddy 00211 1.000000
2 taste_buddy 00887 1.000000
2 taste_buddy 00363 1.000000
2 taste_buddy 00765 1.000000
2 taste_buddy 00986 1.000000
2 taste_buddy 00557 1.000000
2 taste_buddy 00667 1.000000
2 taste_buddy 00703 1.000000
2 taste_buddy 00385 1.000000
2 taste_buddy 00232 1.000000
2 taste_buddy 00018 1.000000
2 taste_buddy 00699 1.000000
2 taste_buddy 00346 1.000000
2 taste_buddy 00344 1.000000
2 taste_buddy 00480 1.000000
2 taste_buddy 00817 1.000000
2 taste_buddy 00503 1.000000
2 taste_buddy 00915 1.000000
2 taste_buddy 00141 1.000000
2 taste_buddy 00894 1.000000
2 taste_buddy 00632 1.000000
2 taste_buddy 00530 1.000000
2 taste_buddy 00463 1.000000
2 taste_buddy 00100 1.000000
2 taste_buddy 00616 1.000000
2 taste_buddy 00715 1.000000
2 taste_buddy 00303 1.000000
2 taste_buddy 00612 1.000000
2 taste_buddy 00267 1.000000
2 taste_buddy 00006 1.000000
2 taste_buddy 00025 1.000000
2 taste_buddy 00314 1.000000
2 taste_buddy 00248 1.000000
2 taste_buddy 00485 1.000000
2 taste_buddy 00191 1.000000
