1 download 177649
1 download 258538
1 download 273104
1 download 279476
1 download 281102
1 download 290308
1 download 316439
1 download 331192
1 download 335929
1 download 39905
1 download 57613
1 download 90151
1 testset 196122
1 testset 308793
1 testset 34874
1 testset 91775
2 taste_buddy 00734 5.000000
2 taste_buddy 00197 3.000000
2 taste_buddy 00120 2.000000
2 taste_buddy 00070 1.000000
2 taste_buddy 00790 1.000000
2 taste_buddy 00468 1.000000
2 taste_buddy 00318 1.000000
2 taste_buddy 00639 1.000000
2 taste_buddy 00765 1.000000
2 taste_buddy 00454 1.000000
2 taste_buddy 00080 1.000000
2 taste_buddy 00224 1.000000
2 taste_buddy 00003 1.000000
2 taste_buddy 00363 1.000000
2 taste_buddy 00101 1.000000
