1 download 109447
1 download 123560
1 download 174481
1 download 23864
1 download 284365
1 download 31140
1 download 32799
1 download 41433
1 download 48091
1 download 57560
1 download 587470
1 download 62304
1 download 67465
1 download 70420
1 download 73911
1 download 74292
1 download 77654
1 download 96079
1 download 97817
1 download 98086
1 testset 120571
1 testset 32253
1 testset 34016
1 testset 39021
1 testset 48238
1 testset 85488
2 taste_buddy 00783
2 taste_buddy 00960
2 taste_buddy 00429
2 taste_buddy 00610
2 taste_buddy 00789
2 taste_buddy 00413
2 taste_buddy 00352
2 taste_buddy 00822
2 taste_buddy 00377
2 taste_buddy 00431
