1 download 116580
1 download 23666
1 download 37229
1 download 41795
1 download 60614
1 download 608064
1 download 76322
1 download 78292
1 download 95345
1 download 99498
1 testset 14653
1 testset 46366
1 testset 66162
2 taste_buddy 00094 2.000000
2 taste_buddy 00404 2.000000
2 taste_buddy 00962 1.000000
2 taste_buddy 00070 1.000000
2 taste_buddy 00997 1.000000
2 taste_buddy 00890 1.000000
2 taste_buddy 00611 1.000000
2 taste_buddy 00209 1.000000
2 taste_buddy 00656 1.000000
2 taste_buddy 00359 1.000000
2 taste_buddy 00365 1.000000
