1 download 109511
1 download 128967
1 download 149473
1 download 29349
1 download 30063
1 download 33089
1 download 33960
1 download 40359
1 download 40785
1 download 56586
1 download 65664
1 download 71530
1 download 72694
1 download 78155
1 testset 136417
1 testset 29829
1 testset 30332
1 testset 30463
2 taste_buddy 00457
2 taste_buddy 00172
2 taste_buddy 00136
2 taste_buddy 00548
2 taste_buddy 00463
2 taste_buddy 00167
2 taste_buddy 00177
2 taste_buddy 00876
2 taste_buddy 00256
2 taste_buddy 00554
