1 download 118560
1 download 131623
1 download 160342
1 download 29386
1 download 29394
1 download 305188
1 download 314307
1 download 32153
1 download 32894
1 download 329275
1 download 33456
1 download 336231
1 download 34471
1 download 357703
1 download 361278
1 download 41616
1 download 48302
1 download 52652
1 download 70477
1 testset 30334
1 testset 30704
1 testset 318073
1 testset 35006
1 testset 87156
2 taste_buddy 00715
2 taste_buddy 00447
2 taste_buddy 00106
2 taste_buddy 00552
2 taste_buddy 00830
2 taste_buddy 00939
2 taste_buddy 00243
2 taste_buddy 00450
2 taste_buddy 00918
2 taste_buddy 00661
