1 download 102231
1 download 158238
1 download 21581
1 download 22305
1 download 22306
1 download 29271
1 download 29272
1 download 29273
1 download 29394
1 download 29467
1 download 29471
1 download 29940
1 download 30197
1 download 30223
1 download 30357
1 download 30362
1 download 30415
1 download 30707
1 download 30722
1 download 30734
1 download 31582
1 download 32153
1 download 32251
1 download 32308
1 download 32316
1 download 32532
1 download 32911
1 download 33314
1 download 33322
1 download 33993
1 download 34003
1 download 34317
1 download 34433
1 download 34840
1 download 34850
1 download 35102
1 download 35133
1 download 35398
1 download 35880
1 download 36830
1 download 37915
1 download 38173
1 download 38370
1 download 43173
1 download 43422
1 download 43425
1 download 45919
1 download 46075
1 download 46225
1 download 47012
1 download 4833
1 download 50323
1 download 50561
1 download 52085
1 download 53
1 download 55605
1 download 56587
1 download 64777
1 download 65024
1 download 65106
1 download 68281
1 download 69046
1 download 73295
1 download 87438
1 testset 30709
1 testset 30718
1 testset 31570
1 testset 31736
1 testset 32619
1 testset 33384
1 testset 35029
1 testset 35603
1 testset 36592
1 testset 36842
1 testset 43622
1 testset 45779
1 testset 46353
1 testset 61819
1 testset 63476
1 testset 679417
1 testset 71750
2 taste_buddy 00248
2 taste_buddy 00939
2 taste_buddy 00151
2 taste_buddy 00273
2 taste_buddy 00098
2 taste_buddy 00891
2 taste_buddy 00243
2 taste_buddy 00039
2 taste_buddy 00531
2 taste_buddy 00303
