1 download 100502
1 download 115808
1 download 131623
1 download 170319
1 download 176174
1 download 183086
1 download 186747
1 download 218402
1 download 221268
1 download 22543
1 download 230081
1 download 235657
1 download 243345
1 download 245210
1 download 260071
1 download 267044
1 download 275564
1 download 275738
1 download 279266
1 download 285
1 download 288549
1 download 29387
1 download 298652
1 download 30073
1 download 30976
1 download 31507
1 download 32265
1 download 32912
1 download 33456
1 download 33952
1 download 34236
1 download 35032
1 download 35725
1 download 36020
1 download 36381
1 download 36964
1 download 48019
1 download 48132
1 download 50504
1 download 59839
1 download 67667
1 download 78209
1 download 832
1 download 89520
1 download 90966
1 download 97999
1 testset 102207
1 testset 186749
1 testset 238624
1 testset 276335
1 testset 29297
1 testset 30060
1 testset 30061
1 testset 30069
1 testset 302571
1 testset 31572
1 testset 31736
1 testset 51827
2 taste_buddy 00088
2 taste_buddy 00216
2 taste_buddy 00696
2 taste_buddy 00763
2 taste_buddy 00946
2 taste_buddy 00860
2 taste_buddy 00715
2 taste_buddy 00769
2 taste_buddy 00602
2 taste_buddy 00203
