1 download 100502
1 download 103649
1 download 1052
1 download 134
1 download 136520
1 download 136521
1 download 143953
1 download 150019
1 download 150020
1 download 151916
1 download 184
1 download 195
1 download 213533
1 download 213610
1 download 227678
1 download 26938
1 download 28437
1 download 29316
1 download 29335
1 download 29348
1 download 29358
1 download 29359
1 download 29361
1 download 29377
1 download 29384
1 download 29386
1 download 29390
1 download 29392
1 download 29403
1 download 29404
1 download 29500
1 download 29708
1 download 29829
1 download 29892
1 download 30004
1 download 30060
1 download 30062
1 download 30063
1 download 30070
1 download 30073
1 download 30111
1 download 30217
1 download 30221
1 download 30223
1 download 30310
1 download 30319
1 download 30332
1 download 30333
1 download 30723
1 download 30782
1 download 30940
1 download 30972
1 download 30979
1 download 31507
1 download 31531
1 download 31538
1 download 32156
1 download 32205
1 download 32299
1 download 32316
1 download 32427
1 download 32521
1 download 32599
1 download 32627
1 download 32799
1 download 33045
1 download 33371
1 download 33384
1 download 33441
1 download 33891
1 download 33991
1 download 343891
1 download 34850
1 download 35032
1 download 35102
1 download 35113
1 download 35132
1 download 35413
1 download 35617
1 download 35727
1 download 35880
1 download 37235
1 download 38594
1 download 39938
1 download 42582
1 download 43913
1 download 43922
1 download 44424
1 download 48019
1 download 4833
1 download 48490
1 download 51424
1 download 51500
1 download 52071
1 download 53423
1 download 54452
1 download 57786
1 download 59187
1 download 63616
1 download 65106
1 download 67465
1 download 6809
1 download 68616
1 download 786
1 download 89104
1 download 91714
1 download 95955
1 testset 104406
1 testset 113088
1 testset 29620
1 testset 29689
1 testset 30113
1 testset 30157
1 testset 30168
1 testset 30199
1 testset 30203
1 testset 31658
1 testset 31659
1 testset 32721
1 testset 33710
1 testset 34218
1 testset 34242
1 testset 35301
1 testset 40422
1 testset 42581
1 testset 42953
1 testset 43450
1 testset 43457
1 testset 44514
1 testset 54197
1 testset 54206
1 testset 57784
1 testset 78151
1 testset 80863
2 taste_buddy 00150
2 taste_buddy 00088
2 taste_buddy 00696
2 taste_buddy 00131
2 taste_buddy 00468
2 taste_buddy 00511
2 taste_buddy 00477
2 taste_buddy 00376
2 taste_buddy 00256
2 taste_buddy 00894
