1 download 101599
1 download 106028
1 download 155429
1 download 23147
1 download 26061
1 download 263112
1 download 279266
1 download 32499
1 download 33351
1 download 33353
1 download 33355
1 download 33359
1 download 33360
1 download 33364
1 download 33365
1 download 902
1 testset 265753
1 testset 279898
1 testset 32446
1 testset 33342
1 testset 34530
2 taste_buddy 00103 3.000000
2 taste_buddy 00888 2.000000
2 taste_buddy 00106 2.000000
2 taste_buddy 00696 1.000000
2 taste_buddy 00020 1.000000
2 taste_buddy 00830 1.000000
2 taste_buddy 00061 1.000000
2 taste_buddy 00441 1.000000
2 taste_buddy 00551 1.000000
2 taste_buddy 00302 1.000000
2 taste_buddy 00402 1.000000
2 taste_buddy 00403 1.000000
2 taste_buddy 00688 1.000000
2 taste_buddy 00272 1.000000
2 taste_buddy 00347 1.000000
2 taste_buddy 00379 1.000000
2 taste_buddy 00222 1.000000
