1 download 29359
1 download 29377
1 download 29384
1 download 29467
1 download 30162
1 download 30221
1 download 30317
1 download 31535
1 download 32308
1 download 32442
1 download 33441
1 download 35133
1 download 35518
1 download 37080
1 download 38594
1 download 42544
1 download 45486
1 download 5673
1 download 57784
1 download 62427
1 download 855
1 download 95955
1 testset 30060
1 testset 30061
1 testset 32636
1 testset 33384
1 testset 37499
1 testset 40032
2 taste_buddy 00894
2 taste_buddy 00887
2 taste_buddy 00939
2 taste_buddy 00243
2 taste_buddy 00300
2 taste_buddy 00283
2 taste_buddy 00303
2 taste_buddy 00207
2 taste_buddy 00477
2 taste_buddy 00016
