1 download 101913
1 download 105092
1 download 106589
1 download 115476
1 download 115899
1 download 130270
1 download 140565
1 download 15142
1 download 159787
1 download 174933
1 download 184915
1 download 186952
1 download 29963
1 download 33502
1 download 35461
1 download 36025
1 download 36357
1 download 39815
1 download 40139
1 download 51719
1 download 51969
1 download 64390
1 download 64395
1 download 6847
1 download 71972
1 download 73940
1 download 81240
1 testset 135164
1 testset 189371
1 testset 190329
1 testset 216580
1 testset 47841
1 testset 65404
1 testset 68196
2 taste_buddy 00704
2 taste_buddy 00364
2 taste_buddy 00668
2 taste_buddy 00187
2 taste_buddy 00894
2 taste_buddy 00657
2 taste_buddy 00510
2 taste_buddy 00946
2 taste_buddy 00719
2 taste_buddy 00198
