1 download 109498
1 download 121437
1 download 193054
1 download 194078
1 download 229084
1 download 23666
1 download 240665
1 download 257394
1 download 317772
1 download 320443
1 download 32292
1 download 335633
1 download 34739
1 download 350509
1 download 355019
1 download 559279
1 download 83098
1 testset 178941
1 testset 231026
1 testset 236660
1 testset 266848
1 testset 368637
2 taste_buddy 00218 2.000000
2 taste_buddy 00194 2.000000
2 taste_buddy 00167 2.000000
2 taste_buddy 00222 1.000000
2 taste_buddy 00332 1.000000
2 taste_buddy 00858 1.000000
2 taste_buddy 00460 1.000000
2 taste_buddy 00555 1.000000
2 taste_buddy 00876 1.000000
2 taste_buddy 00274 1.000000
2 taste_buddy 00347 1.000000
2 taste_buddy 00357 1.000000
2 taste_buddy 00941 1.000000
2 taste_buddy 00495 1.000000
2 taste_buddy 00482 1.000000
2 taste_buddy 00335 1.000000
