1 download 208444
1 download 384438
1 download 43975
1 download 448173
1 download 448979
1 download 448988
1 download 448998
1 download 449698
1 download 452992
1 download 456115
1 download 458312
1 download 467193
1 download 468744
1 download 471121
1 download 471334
1 download 472922
1 download 480162
1 download 480217
1 download 480435
1 download 480447
1 download 480457
1 download 482971
1 download 484053
1 download 484944
1 download 485044
1 download 486547
1 download 486550
1 download 486557
1 download 486563
1 download 486565
1 download 486568
1 download 486571
1 download 489633
1 download 490400
1 download 493895
1 download 495396
1 download 499808
1 download 499861
1 download 510129
1 download 510130
1 download 510132
1 download 510134
1 testset 142037
1 testset 448997
1 testset 471336
1 testset 472934
1 testset 484728
1 testset 484729
1 testset 485486
1 testset 485758
1 testset 495084
1 testset 499068
1 testset 510140
2 taste_buddy 00361
2 taste_buddy 00743
2 taste_buddy 00417
2 taste_buddy 00521
2 taste_buddy 00704
2 taste_buddy 00276
2 taste_buddy 00819
