1 download 136521
1 download 170372
1 download 202883
1 download 20321
1 download 207970
1 download 21474
1 download 26938
1 download 278574
1 download 29319
1 download 29364
1 download 29390
1 download 29392
1 download 29404
1 download 30364
1 download 31270
1 download 31658
1 download 330446
1 download 33441
1 download 345350
1 download 349600
1 download 3573
1 download 373520
1 download 374531
1 download 386987
1 download 388126
1 download 4
1 download 405719
1 download 407999
1 download 411062
1 download 418904
1 download 424244
1 download 425683
1 download 428173
1 download 430115
1 download 440312
1 download 442300
1 download 453045
1 download 45357
1 download 45490
1 download 459048
1 download 459483
1 download 460831
1 download 461391
1 download 466240
1 download 467025
1 download 471084
1 download 473369
1 download 48261
1 download 48558
1 download 491815
1 download 5151
1 download 57786
1 download 7009
1 download 86670
1 download 94100
1 testset 129209
1 testset 15206
1 testset 29618
1 testset 30060
1 testset 32619
1 testset 32627
1 testset 377937
1 testset 388850
1 testset 429168
1 testset 443509
1 testset 451634
1 testset 453240
1 testset 460280
1 testset 475633
2 taste_buddy 00875 9.000000
2 taste_buddy 00088 9.000000
2 taste_buddy 00150 7.000000
2 taste_buddy 00468 7.000000
2 taste_buddy 00946 6.000000
2 taste_buddy 00318 5.000000
2 taste_buddy 00303 5.000000
2 taste_buddy 00350 5.000000
2 taste_buddy 00707 4.000000
2 taste_buddy 00548 4.000000
2 taste_buddy 00554 4.000000
2 taste_buddy 00696 4.000000
2 taste_buddy 00139 4.000000
2 taste_buddy 00047 4.000000
2 taste_buddy 00351 4.000000
2 taste_buddy 00768 4.000000
2 taste_buddy 00590 4.000000
2 taste_buddy 00263 4.000000
2 taste_buddy 00668 4.000000
