1 download 106574
1 download 119269
1 download 21929
1 download 29471
1 download 29763
1 download 30199
1 download 30223
1 download 30722
1 download 31142
1 download 31507
1 download 32154
1 download 32156
1 download 32160
1 download 32299
1 download 32427
1 download 32475
1 download 34433
1 download 35586
1 download 35716
1 download 40009
1 download 43425
1 download 46229
1 download 50588
1 download 52985
1 download 61156
1 download 64565
1 download 65024
1 download 69414
1 download 75619
1 download 79926
1 download 832
1 download 9882
1 testset 106350
1 testset 114323
1 testset 22394
1 testset 29940
1 testset 30073
1 testset 36774
1 testset 42343
1 testset 744
1 testset 77809
2 taste_buddy 00273
2 taste_buddy 00661
2 taste_buddy 00247
2 taste_buddy 00715
2 taste_buddy 00939
2 taste_buddy 00098
2 taste_buddy 00654
2 taste_buddy 00891
2 taste_buddy 00207
2 taste_buddy 00969
