1 download 109777
1 download 131618
1 download 139424
1 download 153269
1 download 167468
1 download 168897
1 download 170056
1 download 170341
1 download 187428
1 download 193249
1 download 194711
1 download 202601
1 download 207970
1 download 211456
1 download 215473
1 download 216580
1 download 234195
1 download 263444
1 download 265062
1 download 268381
1 download 278837
1 download 281515
1 download 286917
1 download 292534
1 download 29272
1 download 29467
1 download 296451
1 download 302169
1 download 30415
1 download 304481
1 download 310788
1 download 31240
1 download 31503
1 download 318768
1 download 319930
1 download 320681
1 download 32264
1 download 32310
1 download 32418
1 download 326346
1 download 327105
1 download 32908
1 download 329755
1 download 333359
1 download 333893
1 download 334172
1 download 33456
1 download 336229
1 download 34003
1 download 342802
1 download 34927
1 download 349280
1 download 351779
1 download 35530
1 download 36097
1 download 362831
1 download 367747
1 download 36964
1 download 371631
1 download 383134
1 download 383580
1 download 383585
1 download 39126
1 download 39949
1 download 45357
1 download 50504
1 download 50968
1 download 56626
1 download 58819
1 download 59834
1 download 60646
1 download 64777
1 download 67873
1 download 77946
1 download 84518
1 download 87382
1 download 88163
1 testset 107731
1 testset 156152
1 testset 162296
1 testset 177127
1 testset 186873
1 testset 211951
1 testset 220139
1 testset 235980
1 testset 256508
1 testset 282573
1 testset 30204
1 testset 30707
1 testset 314307
1 testset 336344
1 testset 337913
1 testset 355810
1 testset 36831
1 testset 38901
1 testset 53193
1 testset 74228
2 taste_buddy 00907
2 taste_buddy 00769
2 taste_buddy 00444
2 taste_buddy 00953
2 taste_buddy 00602
2 taste_buddy 00917
2 taste_buddy 00661
2 taste_buddy 00553
2 taste_buddy 00903
2 taste_buddy 00593
