1 download 2218
1 download 24486
1 download 32308
1 download 362289
1 download 404781
1 download 407088
1 download 408986
1 download 417832
1 download 419979
1 download 437345
1 download 462997
1 download 466261
1 download 469925
1 download 470052
1 download 470053
1 download 472633
1 download 502366
1 download 503889
1 download 78238
1 testset 412915
1 testset 423789
1 testset 424303
1 testset 511714
1 testset 511862
2 taste_buddy 00474 4.000000
2 taste_buddy 00687 3.000000
2 taste_buddy 00618 3.000000
2 taste_buddy 00617 3.000000
2 taste_buddy 00707 2.000000
2 taste_buddy 00659 2.000000
2 taste_buddy 00630 2.000000
2 taste_buddy 00035 2.000000
2 taste_buddy 00428 2.000000
2 taste_buddy 00204 2.000000
