1 download 102423
1 download 109511
1 download 112901
1 download 113442
1 download 120402
1 download 128496
1 download 14085
1 download 145097
1 download 149473
1 download 165534
1 download 192704
1 download 29500
1 download 30111
1 download 30113
1 download 30149
1 download 30415
1 download 30723
1 download 30779
1 download 30782
1 download 30976
1 download 31131
1 download 31528
1 download 33250
1 download 33410
1 download 34273
1 download 34340
1 download 35298
1 download 36401
1 download 38495
1 download 38923
1 download 39491
1 download 40284
1 download 41649
1 download 42394
1 download 45575
1 download 52128
1 download 52286
1 download 54536
1 download 57643
1 download 70348
1 download 80161
1 download 91209
1 download 91211
1 download 99383
1 testset 154468
1 testset 159036
1 testset 182641
1 testset 29940
1 testset 30071
1 testset 31740
1 testset 34159
1 testset 39890
1 testset 43367
1 testset 49470
1 testset 69872
1 testset 78200
2 taste_buddy 00552 5.000000
2 taste_buddy 00939 5.000000
2 taste_buddy 00600 4.000000
2 taste_buddy 00494 4.000000
2 taste_buddy 00853 4.000000
2 taste_buddy 00901 4.000000
2 taste_buddy 00715 4.000000
2 taste_buddy 00444 4.000000
2 taste_buddy 00191 4.000000
2 taste_buddy 00450 4.000000
2 taste_buddy 00005 4.000000
2 taste_buddy 00273 4.000000
2 taste_buddy 00486 4.000000
