1 download 29286
1 download 29336
1 download 29386
1 download 29683
1 download 30188
1 download 30199
1 download 30201
1 download 30718
1 download 30722
1 download 30723
1 download 31507
1 download 32205
1 download 38179
1 download 39492
1 download 46697
1 download 587470
1 download 58809
1 download 71244
1 testset 30073
1 testset 30202
1 testset 30203
1 testset 30204
1 testset 30334
2 taste_buddy 00939 5.000000
2 taste_buddy 00715 4.000000
2 taste_buddy 00894 4.000000
2 taste_buddy 00413 3.000000
2 taste_buddy 00092 3.000000
2 taste_buddy 00303 3.000000
2 taste_buddy 00907 3.000000
2 taste_buddy 00098 3.000000
2 taste_buddy 00039 3.000000
2 taste_buddy 00447 3.000000
2 taste_buddy 00120 3.000000
2 taste_buddy 00042 3.000000
2 taste_buddy 00649 3.000000
2 taste_buddy 00450 3.000000
2 taste_buddy 00933 3.000000
2 taste_buddy 00952 3.000000
2 taste_buddy 00200 3.000000
2 taste_buddy 00243 3.000000
