1 download 131623
1 download 133795
1 download 2006
1 download 256179
1 download 256548
1 download 29861
1 download 31528
1 download 32160
1 download 33456
1 download 34159
1 download 35006
1 download 386
1 download 39475
1 download 41618
1 download 59180
1 download 70662
1 download 78152
1 testset 108146
1 testset 153725
1 testset 30203
1 testset 30334
1 testset 30974
2 taste_buddy 00919
2 taste_buddy 00816
2 taste_buddy 00847
2 taste_buddy 00393
2 taste_buddy 00759
2 taste_buddy 00029
2 taste_buddy 00389
2 taste_buddy 00980
2 taste_buddy 00592
2 taste_buddy 00203
