1 download 104451
1 download 134357
1 download 178863
1 download 32604
1 download 35516
1 download 397460
1 download 401507
1 download 405956
1 download 413711
1 download 42056
1 download 420763
1 download 420893
1 download 423680
1 download 427684
1 download 427715
1 download 431046
1 download 434208
1 download 434276
1 download 434308
1 download 434323
1 download 436175
1 download 437461
1 download 437550
1 download 470544
1 download 474809
1 download 474882
1 download 475855
1 download 476982
1 testset 196068
1 testset 389102
1 testset 389103
1 testset 389227
1 testset 397695
1 testset 410179
1 testset 61819
1 testset 76657
2 taste_buddy 00351
2 taste_buddy 00384
2 taste_buddy 00289
2 taste_buddy 00453
2 taste_buddy 00035
2 taste_buddy 00849
2 taste_buddy 00051
2 taste_buddy 00590
2 taste_buddy 00981
2 taste_buddy 00263
