1 download 10098
1 download 106331
1 download 109630
1 download 11395
1 download 117783
1 download 12431
1 download 126054
1 download 133795
1 download 1514
1 download 15215
1 download 155429
1 download 15880
1 download 160342
1 download 161935
1 download 1629
1 download 16473
1 download 170341
1 download 17714
1 download 186052
1 download 196642
1 download 206177
1 download 21192
1 download 212074
1 download 219023
1 download 221522
1 download 222436
1 download 228065
1 download 229485
1 download 23248
1 download 238244
1 download 246385
1 download 253194
1 download 275738
1 download 285731
1 download 292749
1 download 29286
1 download 29543
1 download 29869
1 download 29898
1 download 29940
1 download 30063
1 download 30073
1 download 30214
1 download 30301
1 download 30334
1 download 304313
1 download 30535
1 download 30776
1 download 30942
1 download 31107
1 download 31236
1 download 319498
1 download 322716
1 download 32339
1 download 32909
1 download 329598
1 download 33126
1 download 33131
1 download 34003
1 download 34102
1 download 35001
1 download 35028
1 download 350324
1 download 358702
1 download 35910
1 download 36971
1 download 37006
1 download 38139
1 download 39945
1 download 40113
1 download 41016
1 download 41034
1 download 41036
1 download 430935
1 download 43137
1 download 44112
1 download 44116
1 download 44272
1 download 45086
1 download 46225
1 download 46708
1 download 46715
1 download 46717
1 download 48136
1 download 504871
1 download 50504
1 download 505637
1 download 514302
1 download 51517
1 download 51543
1 download 517
1 download 51878
1 download 52107
1 download 53420
1 download 559279
1 download 56393
1 download 57545
1 download 59784
1 download 61996
1 download 63582
1 download 66298
1 download 66635
1 download 75
1 download 76424
1 download 77586
1 download 85222
1 download 85262
1 download 88684
1 download 88814
1 download 93489
1 download 96302
1 download 99187
1 testset 125884
1 testset 13716
1 testset 174058
1 testset 190289
1 testset 191921
1 testset 26096
1 testset 30204
1 testset 305120
1 testset 31196
1 testset 33261
1 testset 38395
1 testset 41033
1 testset 41035
1 testset 43439
1 testset 464310
1 testset 47588
1 testset 492962
1 testset 493538
1 testset 495046
1 testset 503800
1 testset 503802
1 testset 504732
1 testset 504867
1 testset 512953
1 testset 61433
1 testset 73721
1 testset 77292
1 testset 80280
1 testset 9574
2 taste_buddy 00248 8.000000
2 taste_buddy 00189 7.000000
2 taste_buddy 00907 6.000000
2 taste_buddy 00531 6.000000
2 taste_buddy 00602 5.000000
2 taste_buddy 00046 5.000000
2 taste_buddy 00559 4.000000
2 taste_buddy 00980 4.000000
2 taste_buddy 00039 4.000000
2 taste_buddy 00969 4.000000
2 taste_buddy 00350 4.000000
2 taste_buddy 00597 4.000000
2 taste_buddy 00758 4.000000
2 taste_buddy 00363 4.000000
2 taste_buddy 00484 4.000000
