1 download 1702
1 download 18275
1 download 29359
1 download 29650
1 download 30887
1 download 30897
1 download 31240
1 download 32308
1 download 32476
1 download 35646
1 download 41618
1 download 42121
1 download 43417
1 download 48726
1 download 50312
1 download 51136
1 download 55587
1 download 58812
1 download 61233
1 download 65035
1 download 65045
1 download 67565
1 download 70238
1 download 832
1 download 87709
1 download 89857
1 testset 21481
1 testset 30718
1 testset 30738
1 testset 311282
1 testset 31740
1 testset 36094
1 testset 86117
2 taste_buddy 00248 5.000000
2 taste_buddy 00980 4.000000
2 taste_buddy 00039 4.000000
2 taste_buddy 00151 3.000000
2 taste_buddy 00902 3.000000
2 taste_buddy 00430 3.000000
2 taste_buddy 00816 3.000000
2 taste_buddy 00272 3.000000
2 taste_buddy 00934 3.000000
2 taste_buddy 00243 3.000000
