1 download 103706
1 download 117788
1 download 118295
1 download 119375
1 download 136487
1 download 137167
1 download 14092
1 download 149042
1 download 166840
1 download 166841
1 download 185152
1 download 215473
1 download 22460
1 download 23386
1 download 29359
1 download 29386
1 download 294841
1 download 29505
1 download 30111
1 download 30723
1 download 30779
1 download 31500
1 download 32037
1 download 32156
1 download 32308
1 download 32923
1 download 32978
1 download 33410
1 download 34849
1 download 36401
1 download 36657
1 download 41031
1 download 41616
1 download 44116
1 download 4747
1 download 55130
1 download 594119
1 download 68535
1 download 69162
1 download 72640
1 download 76267
1 download 80221
1 download 93125
1 download 97324
1 download 97541
1 download 98727
1 testset 102264
1 testset 184043
1 testset 213629
1 testset 31582
1 testset 31739
1 testset 32677
1 testset 340841
1 testset 48616
1 testset 53864
1 testset 76265
1 testset 78292
1 testset 99753
2 taste_buddy 00853 5.000000
2 taste_buddy 00457 5.000000
2 taste_buddy 00273 5.000000
2 taste_buddy 00303 4.000000
2 taste_buddy 00907 4.000000
2 taste_buddy 00447 4.000000
2 taste_buddy 00622 4.000000
2 taste_buddy 00278 4.000000
2 taste_buddy 00939 4.000000
2 taste_buddy 00243 4.000000
