1 download 185569
1 download 185573
1 download 31244
1 download 31245
1 download 31246
1 download 31247
1 download 31248
1 download 31249
1 download 31264
1 download 33930
1 download 33931
1 download 33932
1 download 33935
1 download 33938
1 download 33939
1 download 35298
1 download 36776
1 download 37728
1 download 37730
1 download 37732
1 testset 150264
1 testset 35299
1 testset 35300
1 testset 35303
1 testset 37733
1 testset 37734
2 taste_buddy 00366 16.000000
2 taste_buddy 00693 13.000000
2 taste_buddy 00811 7.000000
2 taste_buddy 00078 6.000000
2 taste_buddy 00022 6.000000
2 taste_buddy 00016 3.000000
2 taste_buddy 00186 3.000000
2 taste_buddy 00337 2.000000
2 taste_buddy 00690 2.000000
2 taste_buddy 00819 2.000000
2 taste_buddy 00343 2.000000
