1 download 106437
1 download 114762
1 download 12189
1 download 29763
1 download 30723
1 download 31241
1 download 31555
1 download 31647
1 download 32154
1 download 32316
1 download 32443
1 download 32568
1 download 32911
1 download 34242
1 download 36766
1 download 38200
1 download 41635
1 download 42953
1 download 50648
1 download 54197
1 download 57786
1 download 58813
1 download 60189
1 download 64857
1 download 65106
1 download 81325
1 download 81326
1 testset 105449
1 testset 31196
1 testset 32502
1 testset 33891
1 testset 46061
1 testset 53117
1 testset 83566
2 taste_buddy 00664 4.000000
2 taste_buddy 00045 4.000000
2 taste_buddy 00247 4.000000
2 taste_buddy 00003 4.000000
2 taste_buddy 00550 3.000000
2 taste_buddy 00256 3.000000
2 taste_buddy 00431 3.000000
2 taste_buddy 00661 3.000000
2 taste_buddy 00303 3.000000
2 taste_buddy 00930 3.000000
2 taste_buddy 00163 3.000000
2 taste_buddy 00164 3.000000
