1 download 107555
1 download 139586
1 download 139594
1 download 218402
1 download 29255
1 download 30659
1 download 31104
1 download 33993
1 download 34450
1 download 37259
1 download 40726
1 download 43173
1 download 48017
1 download 51381
1 download 71962
1 download 8364
1 download 96539
1 testset 105449
1 testset 108411
1 testset 30540
1 testset 39246
1 testset 95189
2 taste_buddy 00661
2 taste_buddy 00469
2 taste_buddy 00150
2 taste_buddy 00623
2 taste_buddy 00379
2 taste_buddy 00903
2 taste_buddy 00571
2 taste_buddy 00318
2 taste_buddy 00310
2 taste_buddy 00351
