1 download 138802
1 download 216332
1 download 242162
1 download 274243
1 download 29348
1 download 29394
1 download 29617
1 download 29620
1 download 30086
1 download 30149
1 download 30901
1 download 31507
1 download 57925
1 testset 10098
1 testset 185880
1 testset 29299
1 testset 29471
2 taste_buddy 00715 5.000000
2 taste_buddy 00191 4.000000
2 taste_buddy 00901 3.000000
2 taste_buddy 00207 3.000000
2 taste_buddy 00447 3.000000
2 taste_buddy 00450 3.000000
2 taste_buddy 00739 3.000000
2 taste_buddy 00894 3.000000
2 taste_buddy 00462 3.000000
2 taste_buddy 00939 3.000000
2 taste_buddy 00406 3.000000
2 taste_buddy 00243 3.000000
2 taste_buddy 00486 3.000000
