1 download 152276
1 download 38670
1 download 38671
1 download 38672
1 download 38673
1 download 38674
1 download 38676
1 download 38677
1 download 38678
1 download 38679
1 download 42039
1 download 54513
1 download 63506
1 download 65578
1 testset 162622
1 testset 38680
1 testset 38681
1 testset 56444
2 taste_buddy 00295 9.000000
2 taste_buddy 00156 6.000000
2 taste_buddy 00675 5.000000
2 taste_buddy 00067 4.000000
2 taste_buddy 00796 1.000000
2 taste_buddy 00985 1.000000
2 taste_buddy 00876 1.000000
2 taste_buddy 00002 1.000000
