1 download 29358
1 download 29670
1 download 30540
1 download 32611
1 download 33035
1 download 36151
1 download 38594
1 download 38683
1 download 38684
1 download 42455
1 download 44112
1 download 48558
1 download 48559
1 download 48560
1 download 48561
1 download 48562
1 download 48563
1 testset 34293
1 testset 35834
1 testset 45036
1 testset 45038
1 testset 45039
2 taste_buddy 00405
2 taste_buddy 00488
2 taste_buddy 00834
2 taste_buddy 00860
2 taste_buddy 00437
2 taste_buddy 00150
2 taste_buddy 00469
2 taste_buddy 00468
2 taste_buddy 00100
2 taste_buddy 00783
