1 download 131623
1 download 135948
1 download 167218
1 download 188849
1 download 193249
1 download 204611
1 download 211349
1 download 235980
1 download 248334
1 download 25505
1 download 282249
1 download 30723
1 download 31658
1 download 319458
1 download 345814
1 download 348319
1 download 349729
1 download 354311
1 download 355674
1 download 366485
1 download 39949
1 download 41692
1 download 59834
1 download 64704
1 download 99969
1 testset 114679
1 testset 133232
1 testset 223999
1 testset 241916
1 testset 30704
1 testset 368231
1 testset 43506
2 taste_buddy 00907 4.000000
2 taste_buddy 00340 3.000000
2 taste_buddy 00553 2.000000
2 taste_buddy 00317 2.000000
2 taste_buddy 00858 2.000000
2 taste_buddy 00023 2.000000
2 taste_buddy 00389 2.000000
2 taste_buddy 00981 2.000000
2 taste_buddy 00444 2.000000
2 taste_buddy 00040 2.000000
2 taste_buddy 00042 2.000000
2 taste_buddy 00768 2.000000
2 taste_buddy 00769 2.000000
2 taste_buddy 00953 2.000000
2 taste_buddy 00700 2.000000
2 taste_buddy 00699 2.000000
2 taste_buddy 00919 2.000000
