1 download 104326
1 download 106325
1 download 107860
1 download 108412
1 download 113368
1 download 126351
1 download 29500
1 download 32155
1 download 40004
1 download 41275
1 download 47257
1 download 60753
1 download 6201
1 download 646401
1 download 68409
1 download 71040
1 download 7608
1 download 76811
1 download 77591
1 download 79540
1 download 80656
1 download 9253
1 testset 282492
1 testset 42986
1 testset 50108
1 testset 50653
1 testset 62704
1 testset 75707
2 taste_buddy 00685
2 taste_buddy 00477
2 taste_buddy 00373
2 taste_buddy 00150
2 taste_buddy 00444
2 taste_buddy 00228
2 taste_buddy 00964
2 taste_buddy 00531
2 taste_buddy 00353
2 taste_buddy 00683
