1 download 287441
1 download 29471
1 download 29829
1 download 30316
1 download 30723
1 download 31954
1 download 32043
1 download 33365
1 download 33698
1 download 37338
1 download 37632
1 download 38619
1 download 47012
1 download 47018
1 download 50102
1 download 62092
1 download 62638
1 download 69935
1 download 75495
1 download 77648
1 download 83098
1 download 84962
1 download 99304
1 testset 29940
1 testset 30204
1 testset 30334
1 testset 32627
1 testset 33384
1 testset 37627
2 taste_buddy 00363 3.000000
2 taste_buddy 00600 2.000000
2 taste_buddy 00494 2.000000
2 taste_buddy 00661 2.000000
2 taste_buddy 00796 2.000000
2 taste_buddy 00952 2.000000
2 taste_buddy 00653 2.000000
2 taste_buddy 00894 2.000000
2 taste_buddy 00170 2.000000
2 taste_buddy 00632 2.000000
