1 download 115143
1 download 157590
1 download 281113
1 download 301624
1 download 303184
1 download 30704
1 download 30755
1 download 30785
1 download 342112
1 download 343069
1 download 35132
1 download 35133
1 download 37853
1 download 37866
1 download 37992
1 download 40631
1 download 40756
1 download 43239
1 download 43403
1 download 43405
1 download 46341
1 download 46347
1 download 46353
1 download 46867
1 download 48741
1 download 49875
1 download 68281
1 testset 18160
1 testset 30702
1 testset 30709
1 testset 30710
1 testset 48751
1 testset 48760
1 testset 55034
2 taste_buddy 00242
2 taste_buddy 00872
2 taste_buddy 00098
2 taste_buddy 00891
2 taste_buddy 00716
2 taste_buddy 00865
2 taste_buddy 00371
2 taste_buddy 00747
2 taste_buddy 00680
2 taste_buddy 00559
