1 download 153965
1 download 199025
1 download 219686
1 download 232455
1 download 240178
1 download 240179
1 download 29822
1 download 30314
1 download 32832
1 download 33035
1 download 33987
1 download 42561
1 testset 105758
1 testset 239868
1 testset 30363
1 testset 59063
2 taste_buddy 00695 1.000000
2 taste_buddy 00363 1.000000
2 taste_buddy 00651 1.000000
2 taste_buddy 00455 1.000000
2 taste_buddy 00172 1.000000
2 taste_buddy 00488 1.000000
2 taste_buddy 00258 1.000000
2 taste_buddy 00270 1.000000
2 taste_buddy 00232 1.000000
2 taste_buddy 00405 1.000000
2 taste_buddy 00419 1.000000
2 taste_buddy 00100 1.000000
2 taste_buddy 00549 1.000000
2 taste_buddy 00487 1.000000
