1 download 100194
1 download 114140
1 download 20867
1 download 24891
1 download 25347
1 download 281361
1 download 29360
1 download 30217
1 download 31035
1 download 31659
1 download 32028
1 download 32205
1 download 32221
1 download 35537
1 download 38366
1 download 392861
1 download 42582
1 download 44564
1 download 50500
1 download 70410
1 download 79158
1 testset 30060
1 testset 30333
1 testset 32253
1 testset 42852
1 testset 66286
1 testset 9235
2 taste_buddy 00468
2 taste_buddy 00894
2 taste_buddy 00125
2 taste_buddy 00256
2 taste_buddy 00790
2 taste_buddy 00887
2 taste_buddy 00016
2 taste_buddy 00373
2 taste_buddy 00527
2 taste_buddy 00860
