1 download 245899
1 download 259111
1 download 343566
1 download 35906
1 download 38369
1 download 391584
1 download 411883
1 download 459048
1 download 460831
1 download 464718
1 download 466972
1 download 468880
1 download 478070
1 download 484690
1 download 484781
1 download 486031
1 download 486423
1 download 489412
1 download 498454
1 download 503736
1 download 503837
1 download 503838
1 download 503848
1 download 504094
1 download 504135
1 download 504161
1 download 504626
1 download 504630
1 download 505326
1 download 505606
1 download 507215
1 download 507963
1 download 509442
1 download 512136
1 download 512559
1 download 513829
1 download 514739
1 download 515504
1 download 515982
1 download 516286
1 download 517011
1 download 517418
1 download 517675
1 download 519074
1 download 520662
1 download 520907
1 download 521475
1 download 521865
1 download 522703
1 download 523746
1 download 523830
1 download 523851
1 download 524984
1 download 525388
1 download 526153
1 download 528812
1 download 528848
1 download 529754
1 download 532124
1 download 535074
1 download 535697
1 download 536073
1 download 536551
1 download 536610
1 download 537925
1 download 540425
1 testset 384158
1 testset 462921
1 testset 489767
1 testset 504910
1 testset 505200
1 testset 514685
1 testset 515026
1 testset 518136
1 testset 519033
1 testset 520438
1 testset 520695
1 testset 521064
1 testset 521447
1 testset 524722
1 testset 525482
1 testset 533110
1 testset 536104
2 taste_buddy 00313 20.000000
2 taste_buddy 00596 14.000000
2 taste_buddy 00047 9.000000
2 taste_buddy 00875 8.000000
2 taste_buddy 00707 6.000000
2 taste_buddy 00350 4.000000
2 taste_buddy 00051 3.000000
2 taste_buddy 00362 3.000000
2 taste_buddy 00364 3.000000
2 taste_buddy 00941 2.000000
2 taste_buddy 00470 2.000000
2 taste_buddy 00820 2.000000
2 taste_buddy 00401 2.000000
2 taste_buddy 00171 2.000000
2 taste_buddy 00895 2.000000
2 taste_buddy 00892 2.000000
2 taste_buddy 00565 2.000000
2 taste_buddy 00263 2.000000
