1 download 112901
1 download 132496
1 download 204611
1 download 218402
1 download 246459
1 download 264108
1 download 278574
1 download 293213
1 download 294623
1 download 30156
1 download 30782
1 download 318811
1 download 327105
1 download 329275
1 download 329755
1 download 330446
1 download 33376
1 download 349600
1 download 351779
1 download 359203
1 download 364513
1 download 371631
1 download 376099
1 download 383960
1 download 39073
1 download 392489
1 download 395594
1 download 399792
1 download 59187
1 testset 151918
1 testset 294771
1 testset 30073
1 testset 30079
1 testset 311421
1 testset 327796
1 testset 35051
1 testset 50168
2 taste_buddy 00340
2 taste_buddy 00602
2 taste_buddy 00779
2 taste_buddy 00351
2 taste_buddy 00051
2 taste_buddy 00820
2 taste_buddy 00603
2 taste_buddy 00318
2 taste_buddy 00553
2 taste_buddy 00695
