1 download 116707
1 download 1751
1 download 29336
1 download 29998
1 download 3008
1 download 30086
1 download 30186
1 download 30546
1 download 30634
1 download 30957
1 download 32197
1 download 32350
1 download 32602
1 download 33074
1 download 34003
1 download 34438
1 download 34890
1 download 36120
1 download 36191
1 download 38366
1 download 43736
1 download 43913
1 download 43920
1 download 47399
1 download 47440
1 download 48095
1 download 56639
1 download 57273
1 download 57517
1 download 59483
1 download 73295
1 download 8163
1 download 90444
1 testset 30317
1 testset 30415
1 testset 34387
1 testset 46075
1 testset 47607
1 testset 49780
1 testset 68593
1 testset 71673
1 testset 83832
2 taste_buddy 00913
2 taste_buddy 00100
2 taste_buddy 00887
2 taste_buddy 00511
2 taste_buddy 00486
2 taste_buddy 00376
2 taste_buddy 00661
2 taste_buddy 00046
2 taste_buddy 00370
2 taste_buddy 00976
