1 download 189095
1 download 234101
1 download 252116
1 download 304773
1 download 308534
1 download 33452
1 download 39817
1 download 65337
1 download 70
1 testset 30710
1 testset 42521
1 testset 89916
2 taste_buddy 00983 2.000000
2 taste_buddy 00964 1.000000
2 taste_buddy 00559 1.000000
2 taste_buddy 00319 1.000000
2 taste_buddy 00769 1.000000
2 taste_buddy 00753 1.000000
2 taste_buddy 00671 1.000000
2 taste_buddy 00023 1.000000
2 taste_buddy 00403 1.000000
2 taste_buddy 00120 1.000000
2 taste_buddy 00683 1.000000
