1 download 107693
1 download 117088
1 download 128817
1 download 145238
1 download 167701
1 download 169153
1 download 173754
1 download 186052
1 download 202883
1 download 21474
1 download 25516
1 download 279655
1 download 279872
1 download 29404
1 download 29825
1 download 30062
1 download 30981
1 download 31503
1 download 31658
1 download 33089
1 download 33942
1 download 34892
1 download 37083
1 download 38244
1 download 38369
1 download 38594
1 download 39940
1 download 44226
1 download 44487
1 download 46213
1 download 46366
1 download 46768
1 download 5195
1 download 53003
1 download 54016
1 download 54017
1 download 54024
1 download 54034
1 download 6601
1 download 916
1 testset 186094
1 testset 2814
1 testset 29297
1 testset 30971
1 testset 34242
1 testset 35954
1 testset 37236
1 testset 54006
1 testset 54007
1 testset 54013
1 testset 80231
2 taste_buddy 00468 5.000000
2 taste_buddy 00150 4.000000
2 taste_buddy 00820 4.000000
2 taste_buddy 00768 3.000000
2 taste_buddy 00179 3.000000
2 taste_buddy 00683 2.000000
2 taste_buddy 00546 2.000000
2 taste_buddy 00860 2.000000
2 taste_buddy 00748 2.000000
2 taste_buddy 00131 2.000000
2 taste_buddy 00875 2.000000
2 taste_buddy 00327 2.000000
2 taste_buddy 00318 2.000000
2 taste_buddy 00044 2.000000
2 taste_buddy 00525 2.000000
2 taste_buddy 00303 2.000000
2 taste_buddy 00887 2.000000
2 taste_buddy 00363 2.000000
2 taste_buddy 00590 2.000000
2 taste_buddy 00112 2.000000
2 taste_buddy 00344 2.000000
2 taste_buddy 00946 2.000000
2 taste_buddy 00076 2.000000
2 taste_buddy 00270 2.000000
2 taste_buddy 00930 2.000000
2 taste_buddy 00632 2.000000
2 taste_buddy 00088 2.000000
2 taste_buddy 00163 2.000000
