1 download 10484
1 download 109755
1 download 15546
1 download 15688
1 download 177620
1 download 187781
1 download 187782
1 download 187784
1 download 187787
1 download 187788
1 download 1963
1 download 25945
1 download 2637
1 download 34868
1 download 36065
1 download 37319
1 download 37763
1 download 48940
1 download 5250
1 download 5282
1 download 53652
1 download 54369
1 download 56595
1 download 56718
1 download 59946
1 download 62515
1 download 63299
1 download 66090
1 download 66340
1 download 74704
1 download 86714
1 download 869
1 download 88640
1 download 97324
1 download 99969
1 testset 178941
1 testset 187774
1 testset 187775
1 testset 23912
1 testset 30188
1 testset 50793
1 testset 63604
1 testset 77437
1 testset 99966
2 taste_buddy 00523 10.000000
2 taste_buddy 00179 3.000000
2 taste_buddy 00218 3.000000
2 taste_buddy 00646 2.000000
2 taste_buddy 00674 2.000000
2 taste_buddy 00961 1.000000
2 taste_buddy 00900 1.000000
2 taste_buddy 00542 1.000000
2 taste_buddy 00848 1.000000
2 taste_buddy 00789 1.000000
2 taste_buddy 00860 1.000000
2 taste_buddy 00722 1.000000
2 taste_buddy 00807 1.000000
2 taste_buddy 00648 1.000000
2 taste_buddy 00885 1.000000
2 taste_buddy 00883 1.000000
2 taste_buddy 00590 1.000000
2 taste_buddy 00984 1.000000
2 taste_buddy 00552 1.000000
2 taste_buddy 00577 1.000000
2 taste_buddy 00238 1.000000
2 taste_buddy 00257 1.000000
2 taste_buddy 00175 1.000000
2 taste_buddy 00057 1.000000
2 taste_buddy 00835 1.000000
2 taste_buddy 00838 1.000000
2 taste_buddy 00951 1.000000
2 taste_buddy 00325 1.000000
2 taste_buddy 00541 1.000000
2 taste_buddy 00731 1.000000
2 taste_buddy 00172 1.000000
2 taste_buddy 00630 1.000000
2 taste_buddy 00077 1.000000
2 taste_buddy 00008 1.000000
2 taste_buddy 00121 1.000000
2 taste_buddy 00100 1.000000
2 taste_buddy 00167 1.000000
