1 download 11173
1 download 111820
1 download 1188
1 download 196
1 download 30634
1 download 32800
1 download 33078
1 download 33989
1 download 34892
1 download 3517
1 download 36274
1 download 3666
1 download 37542
1 download 39558
1 download 39560
1 download 39948
1 download 45517
1 download 4941
1 download 53
1 download 54467
1 download 5673
1 download 5909
1 download 5911
1 download 596804
1 download 64592
1 download 646401
1 download 7103
1 download 786
1 download 855
1 testset 12385
1 testset 12386
1 testset 22037
1 testset 43374
1 testset 46195
1 testset 48490
1 testset 52208
1 testset 809
2 taste_buddy 00437
2 taste_buddy 00986
2 taste_buddy 00139
2 taste_buddy 00985
2 taste_buddy 00573
2 taste_buddy 00150
2 taste_buddy 00016
2 taste_buddy 00300
2 taste_buddy 00364
2 taste_buddy 00853
