1 download 101616
1 download 106350
1 download 110636
1 download 115733
1 download 123107
1 download 128557
1 download 134
1 download 17172
1 download 195
1 download 206987
1 download 22297
1 download 22302
1 download 22305
1 download 29271
1 download 29273
1 download 29386
1 download 29467
1 download 29940
1 download 29941
1 download 30077
1 download 30082
1 download 30223
1 download 30334
1 download 30722
1 download 30723
1 download 30776
1 download 30785
1 download 31449
1 download 31529
1 download 31547
1 download 32308
1 download 32427
1 download 32475
1 download 32476
1 download 32863
1 download 33314
1 download 33384
1 download 34409
1 download 34838
1 download 34840
1 download 35132
1 download 35638
1 download 36022
1 download 36095
1 download 37019
1 download 37179
1 download 37992
1 download 38448
1 download 38611
1 download 39124
1 download 39453
1 download 40202
1 download 40214
1 download 41568
1 download 42226
1 download 43403
1 download 45779
1 download 46229
1 download 46232
1 download 46354
1 download 46796
1 download 46860
1 download 46875
1 download 46894
1 download 48787
1 download 49875
1 download 50247
1 download 50323
1 download 52382
1 download 52400
1 download 52405
1 download 52412
1 download 54539
1 download 54627
1 download 56881
1 download 57432
1 download 57433
1 download 57434
1 download 64078
1 download 68284
1 download 68286
1 download 68858
1 download 70348
1 download 74105
1 download 7492
1 download 77188
1 download 78152
1 download 78673
1 download 84781
1 download 86895
1 download 89778
1 download 90473
1 testset 102816
1 testset 105413
1 testset 27081
1 testset 30104
1 testset 30151
1 testset 30697
1 testset 30704
1 testset 30710
1 testset 30718
1 testset 31726
1 testset 31736
1 testset 31738
1 testset 32154
1 testset 36830
1 testset 37338
1 testset 43405
1 testset 43421
1 testset 43425
1 testset 43453
1 testset 51667
1 testset 57775
1 testset 77292
1 testset 79289
1 testset 86957
2 taste_buddy 00248 23.000000
2 taste_buddy 00891 19.000000
2 taste_buddy 00039 18.000000
2 taste_buddy 00939 18.000000
2 taste_buddy 00151 17.000000
2 taste_buddy 00273 12.000000
2 taste_buddy 00872 11.000000
2 taste_buddy 00661 11.000000
2 taste_buddy 00243 11.000000
2 taste_buddy 00654 9.000000
2 taste_buddy 00450 9.000000
2 taste_buddy 00486 9.000000
