1 download 10246
1 download 19538
1 download 21858
1 download 235760
1 download 32593
1 download 340503
1 download 350509
1 download 362125
1 download 371075
1 download 374188
1 download 376044
1 download 378832
1 download 378855
1 download 384418
1 download 64704
1 download 83115
1 testset 152953
1 testset 194711
1 testset 334777
1 testset 34235
1 testset 35514
2 taste_buddy 00690 2.000000
2 taste_buddy 00674 2.000000
2 taste_buddy 00962 1.000000
2 taste_buddy 00897 1.000000
2 taste_buddy 00468 1.000000
2 taste_buddy 00883 1.000000
2 taste_buddy 00602 1.000000
2 taste_buddy 00035 1.000000
2 taste_buddy 00873 1.000000
2 taste_buddy 00737 1.000000
2 taste_buddy 00719 1.000000
2 taste_buddy 00518 1.000000
2 taste_buddy 00291 1.000000
2 taste_buddy 00924 1.000000
2 taste_buddy 00257 1.000000
2 taste_buddy 00101 1.000000
