1 download 119140
1 download 164199
1 download 2310
1 download 245591
1 download 29605
1 download 30077
1 download 30094
1 download 30149
1 download 30157
1 download 30223
1 download 30782
1 download 31039
1 download 32153
1 download 32156
1 download 32340
1 download 33131
1 download 33271
1 download 33309
1 download 33710
1 download 34273
1 download 35102
1 download 35231
1 download 35498
1 download 37542
1 download 38249
1 download 38839
1 download 39454
1 download 39938
1 download 41276
1 download 46188
1 download 47954
1 download 52013
1 download 55705
1 download 56159
1 download 5911
1 download 63105
1 download 63506
1 download 65238
1 download 88061
1 download 91591
1 download 91963
1 testset 2160
1 testset 30071
1 testset 30073
1 testset 32637
1 testset 32894
1 testset 37370
1 testset 38139
1 testset 46189
1 testset 46191
1 testset 70897
1 testset 9714
2 taste_buddy 00715
2 taste_buddy 00207
2 taste_buddy 00177
2 taste_buddy 00484
2 taste_buddy 00939
2 taste_buddy 00450
2 taste_buddy 00943
2 taste_buddy 00494
2 taste_buddy 00934
2 taste_buddy 00654
