1 download 1466
1 download 29319
1 download 29335
1 download 29340
1 download 29345
1 download 29348
1 download 29349
1 download 29351
1 download 29352
1 download 29611
1 download 29708
1 download 30060
1 download 30540
1 download 31878
1 download 32027
1 download 32269
1 download 32608
1 download 32672
1 download 34000
1 download 34218
1 download 34515
1 download 35249
1 download 35288
1 download 35659
1 download 35874
1 download 35892
1 download 35894
1 download 36021
1 download 36717
1 download 38199
1 download 38251
1 download 40797
1 download 43196
1 download 47366
1 download 53037
1 download 55232
1 download 61249
1 download 755
1 testset 22653
1 testset 29299
1 testset 30316
1 testset 30328
1 testset 31853
1 testset 35314
1 testset 35946
1 testset 35947
1 testset 38268
1 testset 43377
2 taste_buddy 00531
2 taste_buddy 00376
2 taste_buddy 00303
2 taste_buddy 00188
2 taste_buddy 00600
2 taste_buddy 00540
2 taste_buddy 00667
2 taste_buddy 00764
2 taste_buddy 00191
2 taste_buddy 00715
