1 download 10377
1 download 12216
1 download 13539
1 download 15827
1 download 15828
1 download 15832
1 download 15833
1 download 15885
1 download 20829
1 download 20830
1 download 20831
1 download 226656
1 download 3879
1 download 397699
1 download 397703
1 download 397704
1 download 397705
1 download 397706
1 download 397708
1 download 397709
1 download 397710
1 download 397711
1 download 799
1 download 8713
1 testset 13540
1 testset 16615
1 testset 21870
1 testset 27379
1 testset 27381
1 testset 27382
1 testset 3051
2 taste_buddy 00249
2 taste_buddy 00066
2 taste_buddy 00720
2 taste_buddy 00299
2 taste_buddy 00906
2 taste_buddy 00053
