1 download 100616
1 download 101969
1 download 18062
1 download 29271
1 download 29394
1 download 29404
1 download 29761
1 download 29763
1 download 30217
1 download 30223
1 download 31589
1 download 32154
1 download 32170
1 download 32316
1 download 32442
1 download 331375
1 download 33328
1 download 34850
1 download 37340
1 download 38594
1 download 41031
1 download 43450
1 download 53953
1 download 69602
1 download 84803
1 download 85951
1 download 87588
1 testset 29940
1 testset 32111
1 testset 38249
1 testset 38255
1 testset 54006
1 testset 71162
1 testset 744
2 taste_buddy 00450 5.000000
2 taste_buddy 00128 5.000000
2 taste_buddy 00661 5.000000
2 taste_buddy 00151 4.000000
2 taste_buddy 00303 4.000000
2 taste_buddy 00387 4.000000
2 taste_buddy 00901 4.000000
2 taste_buddy 00894 4.000000
2 taste_buddy 00462 4.000000
2 taste_buddy 00106 4.000000
2 taste_buddy 00273 4.000000
2 taste_buddy 00939 4.000000
2 taste_buddy 00243 4.000000
