1 download 100502
1 download 136521
1 download 268381
1 download 29617
1 download 30109
1 download 31658
1 download 32175
1 download 38594
1 download 400960
1 download 404823
1 download 412849
1 download 476982
1 download 480149
1 download 483380
1 download 503502
1 download 506240
1 download 512425
1 download 516115
1 download 524981
1 download 527769
1 download 53027
1 testset 117088
1 testset 151918
1 testset 176221
1 testset 388337
1 testset 409334
1 testset 42728
2 taste_buddy 00768 4.000000
2 taste_buddy 00468 4.000000
2 taste_buddy 00946 4.000000
2 taste_buddy 00088 4.000000
2 taste_buddy 00313 3.000000
2 taste_buddy 00303 3.000000
2 taste_buddy 00437 3.000000
2 taste_buddy 00035 3.000000
2 taste_buddy 00880 3.000000
2 taste_buddy 00835 3.000000
