1 download 103758
1 download 106574
1 download 110568
1 download 115507
1 download 120348
1 download 1464
1 download 151753
1 download 206987
1 download 22306
1 download 29940
1 download 30723
1 download 30776
1 download 30943
1 download 31142
1 download 32442
1 download 33126
1 download 34003
1 download 35492
1 download 35514
1 download 37340
1 download 37563
1 download 38226
1 download 38448
1 download 40599
1 download 44487
1 download 45787
1 download 46188
1 download 46860
1 download 51016
1 download 54097
1 download 55632
1 download 58024
1 download 68157
1 download 71750
1 download 76423
1 download 79926
1 download 81449
1 download 81504
1 download 962
1 testset 101616
1 testset 164199
1 testset 30199
1 testset 32497
1 testset 36095
1 testset 39507
1 testset 46191
1 testset 73065
1 testset 77292
1 testset 93428
2 taste_buddy 00098 6.000000
2 taste_buddy 00531 5.000000
2 taste_buddy 00430 5.000000
2 taste_buddy 00039 5.000000
2 taste_buddy 00812 5.000000
2 taste_buddy 00273 5.000000
2 taste_buddy 00980 4.000000
2 taste_buddy 00151 4.000000
2 taste_buddy 00907 4.000000
2 taste_buddy 00431 4.000000
2 taste_buddy 00131 4.000000
2 taste_buddy 00450 4.000000
2 taste_buddy 00347 4.000000
2 taste_buddy 00939 4.000000
2 taste_buddy 00934 4.000000
2 taste_buddy 00243 4.000000
2 taste_buddy 00248 4.000000
