1 download 154384
1 download 19859
1 download 29335
1 download 29362
1 download 30165
1 download 30540
1 download 32800
1 download 34512
1 download 4
1 download 42119
1 download 43520
1 download 5673
1 download 78797
1 download 9227
1 testset 17149
1 testset 30942
1 testset 46652
1 testset 8572
2 taste_buddy 00828 3.000000
2 taste_buddy 00150 3.000000
2 taste_buddy 00437 2.000000
2 taste_buddy 00606 2.000000
2 taste_buddy 00765 2.000000
2 taste_buddy 00136 2.000000
2 taste_buddy 00131 2.000000
2 taste_buddy 00363 2.000000
2 taste_buddy 00776 2.000000
2 taste_buddy 00463 2.000000
2 taste_buddy 00616 2.000000
2 taste_buddy 00300 2.000000
2 taste_buddy 00122 2.000000
2 taste_buddy 00100 2.000000
