1 download 100148
1 download 112330
1 download 122678
1 download 138752
1 download 139491
1 download 15881
1 download 2016
1 download 22305
1 download 29253
1 download 29340
1 download 30620
1 download 30718
1 download 30768
1 download 31096
1 download 31503
1 download 31978
1 download 32156
1 download 32268
1 download 32269
1 download 32445
1 download 32475
1 download 33319
1 download 33435
1 download 33698
1 download 34158
1 download 34349
1 download 34441
1 download 34828
1 download 35638
1 download 36568
1 download 36814
1 download 36815
1 download 36816
1 download 36817
1 download 39454
1 download 39823
1 download 39947
1 download 45845
1 download 45917
1 download 49437
1 download 49439
1 download 49440
1 download 49441
1 download 50244
1 download 51192
1 download 51478
1 download 51507
1 download 53086
1 download 54715
1 download 54717
1 download 55567
1 download 57775
1 download 61433
1 download 62259
1 download 62593
1 download 63476
1 download 66406
1 download 77984
1 download 79289
1 download 799
1 download 81620
1 download 85213
1 download 86897
1 download 90237
1 download 91362
1 testset 29689
1 testset 30334
1 testset 31736
1 testset 32497
1 testset 32807
1 testset 32893
1 testset 34414
1 testset 35830
1 testset 36170
1 testset 36435
1 testset 36596
1 testset 39535
1 testset 61432
1 testset 63359
1 testset 63477
1 testset 69869
1 testset 90236
2 taste_buddy 00039
2 taste_buddy 00587
2 taste_buddy 00715
2 taste_buddy 00248
2 taste_buddy 00654
2 taste_buddy 00151
2 taste_buddy 00494
2 taste_buddy 00344
2 taste_buddy 00406
2 taste_buddy 00387
