1 download 371925
1 download 375009
1 download 383018
1 download 423122
1 download 436897
1 download 437451
1 download 443067
1 download 443967
1 download 448671
1 download 459048
1 download 468004
1 download 468154
1 download 470052
1 download 470053
1 download 47138
1 download 472885
1 download 475937
1 download 475962
1 download 478870
1 testset 415595
1 testset 448725
1 testset 458364
1 testset 469886
1 testset 482030
2 taste_buddy 00428
2 taste_buddy 00617
2 taste_buddy 00035
2 taste_buddy 00630
2 taste_buddy 00474
2 taste_buddy 00707
2 taste_buddy 00051
2 taste_buddy 00453
2 taste_buddy 00350
2 taste_buddy 00875
