1 download 100385
1 download 101969
1 download 1134
1 download 117782
1 download 134
1 download 1702
1 download 174
1 download 184
1 download 18970
1 download 191626
1 download 192
1 download 207970
1 download 212608
1 download 21581
1 download 247320
1 download 29253
1 download 29348
1 download 29892
1 download 29940
1 download 30223
1 download 30301
1 download 30334
1 download 30782
1 download 31240
1 download 31449
1 download 31531
1 download 31789
1 download 32442
1 download 32476
1 download 32579
1 download 33973
1 download 35006
1 download 35102
1 download 35133
1 download 35465
1 download 35644
1 download 35880
1 download 36022
1 download 37003
1 download 37008
1 download 38226
1 download 41618
1 download 42559
1 download 43124
1 download 43135
1 download 44564
1 download 46562
1 download 47330
1 download 47388
1 download 4817
1 download 4833
1 download 50504
1 download 52013
1 download 52020
1 download 53524
1 download 54953
1 download 58107
1 download 58108
1 download 58955
1 download 65152
1 download 66286
1 download 67616
1 download 70729
1 download 72782
1 download 74304
1 download 79926
1 download 84177
1 download 85005
1 download 85548
1 download 85792
1 download 86058
1 download 87861
1 testset 102739
1 testset 130457
1 testset 217076
1 testset 30104
1 testset 30203
1 testset 30718
1 testset 35288
1 testset 35301
1 testset 36705
1 testset 37203
1 testset 37212
1 testset 37340
1 testset 386
1 testset 39935
1 testset 43447
1 testset 50561
1 testset 5510
1 testset 68479
1 testset 70114
2 taste_buddy 00248 14.000000
2 taste_buddy 00816 12.000000
2 taste_buddy 00151 10.000000
2 taste_buddy 00303 10.000000
2 taste_buddy 00486 10.000000
2 taste_buddy 00104 10.000000
2 taste_buddy 00029 9.000000
2 taste_buddy 00039 9.000000
2 taste_buddy 00775 8.000000
2 taste_buddy 00273 8.000000
