1 download 15881
1 download 29253
1 download 29467
1 download 30710
1 download 30723
1 download 311550
1 download 32807
1 download 33251
1 download 37340
1 download 43417
1 download 522895
1 download 546090
1 download 61943
1 download 70235
1 download 89857
1 download 93489
1 testset 339452
1 testset 43419
1 testset 79839
1 testset 87710
2 taste_buddy 00492
2 taste_buddy 00720
2 taste_buddy 00724
2 taste_buddy 00923
2 taste_buddy 00494
2 taste_buddy 00028
2 taste_buddy 00226
2 taste_buddy 00901
2 taste_buddy 00430
2 taste_buddy 00098
