1 download 110803
1 download 129209
1 download 136837
1 download 141363
1 download 151967
1 download 153551
1 download 154384
1 download 160008
1 download 30347
1 download 32051
1 download 32443
1 download 40867
1 download 43229
1 download 43726
1 download 46546
1 download 56758
1 download 58527
1 download 68620
1 download 75563
1 download 79297
1 testset 100213
1 testset 153569
1 testset 29683
1 testset 30457
1 testset 32350
2 taste_buddy 00201
2 taste_buddy 00477
2 taste_buddy 00651
2 taste_buddy 00563
2 taste_buddy 00525
2 taste_buddy 00704
2 taste_buddy 00454
2 taste_buddy 00835
2 taste_buddy 00956
2 taste_buddy 00488
