1 download 109777
1 download 112800
1 download 120837
1 download 129209
1 download 133795
1 download 1454
1 download 163722
1 download 165289
1 download 170341
1 download 176174
1 download 187155
1 download 206
1 download 208708
1 download 211847
1 download 219300
1 download 238901
1 download 241916
1 download 243628
1 download 246459
1 download 256849
1 download 270370
1 download 27188
1 download 292749
1 download 29386
1 download 29611
1 download 29940
1 download 300671
1 download 30073
1 download 30091
1 download 306279
1 download 30723
1 download 31507
1 download 31570
1 download 31572
1 download 31639
1 download 318811
1 download 32268
1 download 32299
1 download 32308
1 download 325828
1 download 32923
1 download 33389
1 download 334682
1 download 337103
1 download 337770
1 download 34003
1 download 340914
1 download 341199
1 download 342802
1 download 342854
1 download 348319
1 download 348887
1 download 349223
1 download 34927
1 download 34935
1 download 349729
1 download 350549
1 download 355037
1 download 35771
1 download 360762
1 download 36097
1 download 361278
1 download 361359
1 download 361560
1 download 361647
1 download 365472
1 download 37010
1 download 37126
1 download 37235
1 download 38226
1 download 39823
1 download 40756
1 download 41691
1 download 42394
1 download 53899
1 download 54601
1 download 59834
1 download 78604
1 download 88163
1 download 92920
1 testset 178041
1 testset 210366
1 testset 215378
1 testset 231378
1 testset 273144
1 testset 29689
1 testset 326117
1 testset 346537
1 testset 349600
1 testset 361428
1 testset 361958
1 testset 361959
1 testset 36298
1 testset 362990
1 testset 366531
1 testset 40440
1 testset 70101
1 testset 74703
1 testset 78303
1 testset 82258
2 taste_buddy 00602
2 taste_buddy 00340
2 taste_buddy 00589
2 taste_buddy 00981
2 taste_buddy 00769
2 taste_buddy 00597
2 taste_buddy 00303
2 taste_buddy 00347
2 taste_buddy 00940
2 taste_buddy 00243
