1 download 102423
1 download 107734
1 download 17237
1 download 240179
1 download 285575
1 download 30622
1 download 31037
1 download 339338
1 download 36794
1 download 369935
1 download 390275
1 download 396716
1 download 420647
1 download 420881
1 download 42254
1 download 424516
1 download 47419
1 download 5433
1 download 82480
1 download 87877
1 testset 237810
1 testset 244241
1 testset 372728
1 testset 38493
1 testset 38765
1 testset 423799
2 taste_buddy 00417 3.000000
2 taste_buddy 00617 2.000000
2 taste_buddy 00704 2.000000
2 taste_buddy 00169 2.000000
2 taste_buddy 00902 1.000000
2 taste_buddy 00453 1.000000
2 taste_buddy 00709 1.000000
2 taste_buddy 00214 1.000000
2 taste_buddy 00702 1.000000
2 taste_buddy 00457 1.000000
2 taste_buddy 00662 1.000000
2 taste_buddy 00556 1.000000
2 taste_buddy 00667 1.000000
2 taste_buddy 00326 1.000000
2 taste_buddy 00540 1.000000
2 taste_buddy 00938 1.000000
2 taste_buddy 00657 1.000000
2 taste_buddy 00503 1.000000
2 taste_buddy 00719 1.000000
2 taste_buddy 00202 1.000000
2 taste_buddy 00753 1.000000
2 taste_buddy 00565 1.000000
2 taste_buddy 00209 1.000000
2 taste_buddy 00048 1.000000
2 taste_buddy 00101 1.000000
