1 download 1052
1 download 2895
1 download 29273
1 download 29940
1 download 30203
1 download 30223
1 download 30723
1 download 30776
1 download 30782
1 download 32156
1 download 32308
1 download 32442
1 download 32476
1 download 34828
1 download 37340
1 download 40705
1 download 42065
1 download 46225
1 download 54627
1 download 832
1 testset 30073
1 testset 30077
1 testset 30199
1 testset 30334
1 testset 30718
1 testset 32635
2 taste_buddy 00151 11.000000
2 taste_buddy 00939 10.000000
2 taste_buddy 00243 9.000000
2 taste_buddy 00098 8.000000
2 taste_buddy 00273 8.000000
2 taste_buddy 00934 8.000000
2 taste_buddy 00248 8.000000
2 taste_buddy 00039 7.000000
2 taste_buddy 00207 7.000000
2 taste_buddy 00462 7.000000
