1 download 112992
1 download 1332
1 download 218402
1 download 27640
1 download 29361
1 download 29990
1 download 335948
1 download 33891
1 download 34218
1 download 40865
1 download 44487
1 download 94847
1 testset 30329
1 testset 30975
1 testset 318811
1 testset 36254
2 taste_buddy 00150 6.000000
2 taste_buddy 00376 3.000000
2 taste_buddy 00318 3.000000
2 taste_buddy 00696 3.000000
2 taste_buddy 00835 2.000000
2 taste_buddy 00437 2.000000
2 taste_buddy 00038 2.000000
2 taste_buddy 00131 2.000000
2 taste_buddy 00032 2.000000
2 taste_buddy 00477 2.000000
2 taste_buddy 00468 2.000000
2 taste_buddy 00088 2.000000
2 taste_buddy 00303 2.000000
2 taste_buddy 00540 2.000000
