1 download 102207
1 download 115485
1 download 129209
1 download 192704
1 download 207970
1 download 240785
1 download 2636
1 download 26938
1 download 279872
1 download 29384
1 download 30301
1 download 305751
1 download 323133
1 download 32521
1 download 330912
1 download 335108
1 download 335234
1 download 339689
1 download 340281
1 download 345203
1 download 354688
1 download 359203
1 download 363786
1 download 373520
1 download 380965
1 download 382248
1 download 386987
1 download 387602
1 download 390662
1 download 393915
1 download 395830
1 download 4
1 download 413437
1 download 41691
1 download 420128
1 download 424303
1 download 425683
1 download 430475
1 download 437123
1 download 443067
1 download 448671
1 download 448828
1 download 450341
1 download 450828
1 download 456249
1 download 456407
1 download 459626
1 download 460880
1 download 463083
1 download 473369
1 download 474835
1 download 474837
1 download 477498
1 download 480072
1 download 48261
1 download 483221
1 download 485547
1 download 486031
1 download 486423
1 download 488617
1 download 491815
1 download 492760
1 download 493224
1 download 493690
1 download 504090
1 download 504094
1 download 504135
1 download 504161
1 download 504193
1 download 504224
1 download 504422
1 download 505200
1 download 505915
1 download 506966
1 download 507909
1 download 511058
1 download 511497
1 download 513829
1 download 514740
1 download 516353
1 download 518526
1 download 521447
1 download 523830
1 download 529768
1 download 530313
1 download 536176
1 download 536610
1 download 54017
1 testset 21474
1 testset 320443
1 testset 323575
1 testset 337906
1 testset 349600
1 testset 361958
1 testset 366531
1 testset 391584
1 testset 403870
1 testset 407999
1 testset 411883
1 testset 436654
1 testset 459682
1 testset 473494
1 testset 475633
1 testset 479741
1 testset 489412
1 testset 503723
1 testset 504236
1 testset 538576
1 testset 89033
1 testset 97736
2 taste_buddy 00051 13.000000
2 taste_buddy 00313 12.000000
2 taste_buddy 00047 10.000000
2 taste_buddy 00707 9.000000
2 taste_buddy 00350 9.000000
2 taste_buddy 00820 9.000000
2 taste_buddy 00293 8.000000
2 taste_buddy 00602 6.000000
2 taste_buddy 00470 6.000000
2 taste_buddy 00088 5.000000
2 taste_buddy 00630 5.000000
