1 download 107731
1 download 143279
1 download 176537
1 download 191921
1 download 199646
1 download 278917
1 download 283352
1 download 29271
1 download 29467
1 download 294991
1 download 29869
1 download 30674
1 download 30723
1 download 325791
1 download 33328
1 download 36830
1 download 38534
1 download 45357
1 download 69046
1 testset 169070
1 testset 297596
1 testset 30199
1 testset 57074
1 testset 66406
2 taste_buddy 00086
2 taste_buddy 00248
2 taste_buddy 00661
2 taste_buddy 00939
2 taste_buddy 00151
2 taste_buddy 00918
2 taste_buddy 00098
2 taste_buddy 00891
2 taste_buddy 00273
2 taste_buddy 00243
