1 download 100502
1 download 128158
1 download 129209
1 download 141670
1 download 29390
1 download 29617
1 download 29618
1 download 29653
1 download 30004
1 download 31104
1 download 31658
1 download 34107
1 download 34109
1 download 34110
1 download 34443
1 download 38251
1 download 78155
1 download 88918
1 download 91493
1 testset 155768
1 testset 29297
1 testset 30063
1 testset 30079
1 testset 38000
2 taste_buddy 00088 7.000000
2 taste_buddy 00946 6.000000
2 taste_buddy 00554 4.000000
2 taste_buddy 00696 4.000000
2 taste_buddy 00468 4.000000
2 taste_buddy 00835 4.000000
2 taste_buddy 00995 3.000000
2 taste_buddy 00303 3.000000
2 taste_buddy 00437 3.000000
2 taste_buddy 00667 3.000000
2 taste_buddy 00136 3.000000
2 taste_buddy 00876 3.000000
2 taste_buddy 00327 3.000000
2 taste_buddy 00525 3.000000
2 taste_buddy 00477 3.000000
2 taste_buddy 00375 3.000000
2 taste_buddy 00076 3.000000
