1 download 103758
1 download 24588
1 download 340841
1 download 45542
1 download 47569
1 download 49092
1 download 54097
1 download 71158
1 download 77188
1 download 80035
1 download 80221
1 download 82779
1 download 85864
1 testset 24634
1 testset 253819
1 testset 36657
1 testset 63326
2 taste_buddy 00969 2.000000
2 taste_buddy 00098 1.000000
2 taste_buddy 00854 1.000000
2 taste_buddy 00552 1.000000
2 taste_buddy 00665 1.000000
2 taste_buddy 00762 1.000000
2 taste_buddy 00544 1.000000
2 taste_buddy 00240 1.000000
2 taste_buddy 00247 1.000000
2 taste_buddy 00288 1.000000
2 taste_buddy 00812 1.000000
2 taste_buddy 00174 1.000000
