1 download 25347
1 download 29255
1 download 29763
1 download 30723
1 download 31239
1 download 32154
1 download 32170
1 download 32299
1 download 32428
1 download 32476
1 download 32799
1 download 34843
1 download 37008
1 download 39124
1 download 42770
1 download 42953
1 download 46875
1 download 48695
1 download 50588
1 download 51429
1 download 54097
1 download 57776
1 download 57784
1 download 593152
1 download 69909
1 download 77616
1 download 91949
1 download 9882
1 testset 30077
1 testset 30199
1 testset 31738
1 testset 36095
1 testset 40032
1 testset 57580
1 testset 86117
2 taste_buddy 00200 5.000000
2 taste_buddy 00665 5.000000
2 taste_buddy 00256 4.000000
2 taste_buddy 00098 4.000000
2 taste_buddy 00037 4.000000
2 taste_buddy 00956 4.000000
2 taste_buddy 00003 4.000000
2 taste_buddy 00164 4.000000
2 taste_buddy 00413 3.000000
2 taste_buddy 00550 3.000000
2 taste_buddy 00092 3.000000
2 taste_buddy 00616 3.000000
2 taste_buddy 00511 3.000000
2 taste_buddy 00344 3.000000
2 taste_buddy 00108 3.000000
2 taste_buddy 00930 3.000000
2 taste_buddy 00163 3.000000
2 taste_buddy 00248 3.000000
