1 download 109330
1 download 117614
1 download 162983
1 download 239949
1 download 263114
1 download 317772
1 download 33504
1 download 336390
1 download 352750
1 download 425270
1 testset 232029
1 testset 259192
1 testset 302331
2 taste_buddy 00962 1.000000
2 taste_buddy 00835 1.000000
2 taste_buddy 00633 1.000000
2 taste_buddy 00753 1.000000
2 taste_buddy 00674 1.000000
2 taste_buddy 00194 1.000000
2 taste_buddy 00270 1.000000
2 taste_buddy 00132 1.000000
2 taste_buddy 00487 1.000000
2 taste_buddy 00507 1.000000
