1 download 100148
1 download 100150
1 download 108480
1 download 108493
1 download 108494
1 download 160003
1 download 22460
1 download 295189
1 download 32578
1 download 37338
1 download 41618
1 download 47551
1 download 48451
1 download 54024
1 download 54558
1 download 54560
1 download 57727
1 download 58819
1 download 58828
1 download 61995
1 download 63582
1 download 64519
1 download 77138
1 download 84513
1 download 92952
1 testset 22291
1 testset 31736
1 testset 34158
1 testset 35647
1 testset 40564
1 testset 78357
1 testset 82810
2 taste_buddy 00451
2 taste_buddy 00039
2 taste_buddy 00176
2 taste_buddy 00979
2 taste_buddy 00005
2 taste_buddy 00248
2 taste_buddy 00724
2 taste_buddy 00559
2 taste_buddy 00762
2 taste_buddy 00561
