1 download 102306
1 download 125899
1 download 146826
1 download 152152
1 download 206
1 download 216856
1 download 292367
1 download 29386
1 download 30723
1 download 308379
1 download 33376
1 download 34849
1 download 41031
1 download 43237
1 download 43735
1 download 45528
1 download 49050
1 download 49181
1 download 90004
1 download 94656
1 download 96264
1 download 99459
1 testset 114815
1 testset 116468
1 testset 283928
1 testset 314618
1 testset 38765
1 testset 85864
2 taste_buddy 00563
2 taste_buddy 00552
2 taste_buddy 00447
2 taste_buddy 00907
2 taste_buddy 00817
2 taste_buddy 00939
2 taste_buddy 00243
2 taste_buddy 00450
2 taste_buddy 00853
2 taste_buddy 00765
