1 download 103357
1 download 29253
1 download 29286
1 download 29348
1 download 29386
1 download 29394
1 download 29471
1 download 29611
1 download 30073
1 download 30086
1 download 30113
1 download 30149
1 download 30156
1 download 30157
1 download 30535
1 download 30551
1 download 30601
1 download 30709
1 download 30722
1 download 30764
1 download 30779
1 download 30782
1 download 31507
1 download 31529
1 download 31531
1 download 31540
1 download 32153
1 download 32156
1 download 32310
1 download 32579
1 download 32617
1 download 32911
1 download 33384
1 download 33456
1 download 34008
1 download 34409
1 download 34828
1 download 34838
1 download 35132
1 download 35401
1 download 35638
1 download 35894
1 download 36816
1 download 37126
1 download 39940
1 download 39947
1 download 40624
1 download 90024
1 testset 1052
1 testset 29689
1 testset 30069
1 testset 30188
1 testset 30199
1 testset 30204
1 testset 31231
1 testset 31736
1 testset 31738
1 testset 31983
1 testset 32496
1 testset 32637
1 testset 33275
2 taste_buddy 00486
2 taste_buddy 00248
2 taste_buddy 00450
2 taste_buddy 00939
2 taste_buddy 00303
2 taste_buddy 00098
2 taste_buddy 00447
2 taste_buddy 00559
2 taste_buddy 00389
2 taste_buddy 00273
