1 download 107960
1 download 112177
1 download 146048
1 download 151753
1 download 16
1 download 201760
1 download 28815
1 download 30214
1 download 30940
1 download 31531
1 download 32203
1 download 32316
1 download 32783
1 download 34850
1 download 38594
1 download 38610
1 download 51901
1 download 53423
1 download 69414
1 download 69785
1 download 82735
1 download 98107
1 testset 117109
1 testset 32476
1 testset 36858
1 testset 48490
1 testset 66286
1 testset 94689
2 taste_buddy 00303
2 taste_buddy 00256
2 taste_buddy 00549
2 taste_buddy 00511
2 taste_buddy 00016
2 taste_buddy 00266
2 taste_buddy 00783
2 taste_buddy 00945
2 taste_buddy 00930
2 taste_buddy 00007
