1 download 335542
1 download 399792
1 download 400595
1 download 400646
1 download 400776
1 download 402977
1 download 404781
1 download 407715
1 download 411166
1 download 411870
1 download 412711
1 download 412712
1 download 415254
1 download 419726
1 download 424737
1 download 424749
1 download 427989
1 download 430123
1 download 443967
1 download 447878
1 download 447879
1 download 96079
1 testset 169341
1 testset 398965
1 testset 402172
1 testset 407381
1 testset 412607
1 testset 443874
2 taste_buddy 00035
2 taste_buddy 00618
2 taste_buddy 00062
2 taste_buddy 00229
2 taste_buddy 00350
2 taste_buddy 00318
2 taste_buddy 00897
2 taste_buddy 00607
2 taste_buddy 00903
2 taste_buddy 00087
