1 download 109082
1 download 140825
1 download 154175
1 download 160776
1 download 221194
1 download 30898
1 download 32043
1 download 32523
1 download 34387
1 download 35530
1 download 38212
1 download 48091
1 download 49187
1 download 49189
1 download 49202
1 download 56084
1 download 58672
1 download 61243
1 download 62427
1 download 90174
1 testset 39791
1 testset 46963
1 testset 66044
1 testset 66154
1 testset 86846
1 testset 9253
2 taste_buddy 00246 7.000000
2 taste_buddy 00089 3.000000
2 taste_buddy 00685 2.000000
2 taste_buddy 00228 2.000000
2 taste_buddy 00477 1.000000
2 taste_buddy 00535 1.000000
2 taste_buddy 00070 1.000000
2 taste_buddy 00884 1.000000
2 taste_buddy 00349 1.000000
2 taste_buddy 00233 1.000000
2 taste_buddy 00256 1.000000
2 taste_buddy 00138 1.000000
2 taste_buddy 00184 1.000000
2 taste_buddy 00340 1.000000
2 taste_buddy 00360 1.000000
2 taste_buddy 00503 1.000000
2 taste_buddy 00207 1.000000
2 taste_buddy 00141 1.000000
2 taste_buddy 00161 1.000000
2 taste_buddy 00060 1.000000
2 taste_buddy 00305 1.000000
2 taste_buddy 00003 1.000000
2 taste_buddy 00221 1.000000
2 taste_buddy 00222 1.000000
