1 download 301323
1 download 32521
1 download 342344
1 download 349223
1 download 354688
1 download 365472
1 download 373260
1 download 378882
1 download 385355
1 download 395028
1 download 395698
1 download 400604
1 download 401882
1 download 402458
1 download 407118
1 download 425269
1 download 425683
1 download 431198
1 download 431583
1 download 434395
1 download 436208
1 download 437710
1 download 442559
1 download 443067
1 download 446049
1 download 448797
1 download 456249
1 download 466795
1 download 468154
1 download 468899
1 download 470052
1 download 470053
1 download 472630
1 download 478424
1 download 481098
1 download 484178
1 download 484313
1 download 484314
1 download 66090
1 testset 376318
1 testset 394346
1 testset 396539
1 testset 396924
1 testset 409079
1 testset 410606
1 testset 411603
1 testset 429168
1 testset 463083
1 testset 475619
2 taste_buddy 00051 6.000000
2 taste_buddy 00875 5.000000
2 taste_buddy 00659 4.000000
2 taste_buddy 00035 4.000000
2 taste_buddy 00707 3.000000
2 taste_buddy 00384 3.000000
2 taste_buddy 00047 3.000000
2 taste_buddy 00907 2.000000
2 taste_buddy 00428 2.000000
2 taste_buddy 00351 2.000000
2 taste_buddy 00687 2.000000
2 taste_buddy 00607 2.000000
2 taste_buddy 00318 2.000000
2 taste_buddy 00172 2.000000
2 taste_buddy 00119 2.000000
2 taste_buddy 00453 2.000000
2 taste_buddy 00892 2.000000
2 taste_buddy 00087 2.000000
2 taste_buddy 00617 2.000000
2 taste_buddy 00080 2.000000
2 taste_buddy 00263 2.000000
