1 download 10246
1 download 124363
1 download 14522
1 download 151
1 download 19538
1 download 22153
1 download 22433
1 download 24776
1 download 2633
1 download 29258
1 download 29404
1 download 30634
1 download 31874
1 download 32693
1 download 32783
1 download 33932
1 download 33933
1 download 33935
1 download 35102
1 download 37008
1 download 37573
1 download 39691
1 download 39697
1 download 41933
1 download 48019
1 download 5151
1 download 593152
1 download 79182
1 download 923
1 testset 15867
1 testset 19809
1 testset 19813
1 testset 25333
1 testset 35300
1 testset 36858
1 testset 48241
1 testset 48242
2 taste_buddy 00016 6.000000
2 taste_buddy 00543 5.000000
2 taste_buddy 00693 3.000000
2 taste_buddy 00811 3.000000
2 taste_buddy 00834 3.000000
2 taste_buddy 00366 3.000000
2 taste_buddy 00256 2.000000
2 taste_buddy 00495 2.000000
2 taste_buddy 00308 2.000000
2 taste_buddy 00303 2.000000
2 taste_buddy 00022 2.000000
2 taste_buddy 00980 2.000000
2 taste_buddy 00131 2.000000
2 taste_buddy 00511 2.000000
2 taste_buddy 00887 2.000000
2 taste_buddy 00458 2.000000
2 taste_buddy 00816 2.000000
2 taste_buddy 00104 2.000000
2 taste_buddy 00477 2.000000
2 taste_buddy 00820 2.000000
2 taste_buddy 00179 2.000000
2 taste_buddy 00247 2.000000
