1 download 14085
1 download 30069
1 download 30077
1 download 30722
1 download 30723
1 download 32178
1 download 32442
1 download 32496
1 download 34444
1 download 34927
1 download 35398
1 download 35459
1 download 35586
1 download 36263
1 download 38173
1 download 41978
1 download 49934
1 download 55437
1 download 63445
1 download 93489
1 testset 30199
1 testset 30204
1 testset 31738
1 testset 32637
1 testset 37366
2 taste_buddy 00531
2 taste_buddy 00248
2 taste_buddy 00098
2 taste_buddy 00661
2 taste_buddy 00039
2 taste_buddy 00597
2 taste_buddy 00344
2 taste_buddy 00894
2 taste_buddy 00939
2 taste_buddy 00602
