1 download 503163
1 download 503400
1 download 503723
1 download 503800
1 download 504537
1 download 505200
1 download 505326
1 download 505793
1 download 506594
1 download 511058
1 download 512559
1 download 514721
1 download 518470
1 download 741425
1 testset 503838
1 testset 503898
1 testset 504191
1 testset 504219
2 taste_buddy 00313
2 taste_buddy 00293
2 taste_buddy 00941
2 taste_buddy 00875
2 taste_buddy 00470
2 taste_buddy 00047
2 taste_buddy 00213
2 taste_buddy 00634
2 taste_buddy 00644
