1 download 102997
1 download 131623
1 download 143279
1 download 146505
1 download 15030
1 download 195218
1 download 22543
1 download 242991
1 download 29272
1 download 29467
1 download 30214
1 download 30758
1 download 30764
1 download 32911
1 download 33415
1 download 35459
1 download 40730
1 download 41616
1 download 45361
1 download 46365
1 download 47322
1 download 54539
1 download 55816
1 download 59838
1 download 69046
1 download 72120
1 download 87636
1 download 91028
1 testset 14432
1 testset 175719
1 testset 228476
1 testset 28777
1 testset 29539
1 testset 30223
1 testset 34409
1 testset 50960
2 taste_buddy 00963 5.000000
2 taste_buddy 00661 4.000000
2 taste_buddy 00853 3.000000
2 taste_buddy 00696 3.000000
2 taste_buddy 00923 3.000000
2 taste_buddy 00344 3.000000
2 taste_buddy 00008 3.000000
2 taste_buddy 00273 3.000000
2 taste_buddy 00724 2.000000
2 taste_buddy 00559 2.000000
2 taste_buddy 00865 2.000000
2 taste_buddy 00860 2.000000
2 taste_buddy 00098 2.000000
2 taste_buddy 00975 2.000000
2 taste_buddy 00447 2.000000
2 taste_buddy 00442 2.000000
2 taste_buddy 00357 2.000000
2 taste_buddy 00198 2.000000
2 taste_buddy 00955 2.000000
2 taste_buddy 00340 2.000000
2 taste_buddy 00891 2.000000
2 taste_buddy 00715 2.000000
2 taste_buddy 00106 2.000000
2 taste_buddy 00830 2.000000
2 taste_buddy 00939 2.000000
2 taste_buddy 00639 2.000000
2 taste_buddy 00243 2.000000
2 taste_buddy 00242 2.000000
2 taste_buddy 00248 2.000000
