1 download 133795
1 download 28602
1 download 30301
1 download 30765
1 download 36097
1 download 362143
1 download 364551
1 download 367263
1 download 371631
1 download 375605
1 download 382353
1 download 39073
1 download 39949
1 download 409036
1 download 42394
1 download 48266
1 download 59834
1 download 63113
1 download 87687
1 testset 312306
1 testset 326117
1 testset 338427
1 testset 34158
1 testset 384224
2 taste_buddy 00907
2 taste_buddy 00953
2 taste_buddy 00340
2 taste_buddy 00699
2 taste_buddy 00903
2 taste_buddy 00602
2 taste_buddy 00769
2 taste_buddy 00883
2 taste_buddy 00981
2 taste_buddy 00012
