1 download 464847
1 download 467126
1 download 467383
1 download 467735
1 download 470543
1 download 470589
1 download 470949
1 download 473397
1 download 475339
1 download 479387
1 download 487861
1 download 491734
1 download 492889
1 download 496069
1 download 496180
1 download 496181
1 download 496943
1 download 499914
1 download 500812
1 download 500813
1 download 501704
1 download 501900
1 download 502791
1 download 505815
1 download 506197
1 download 506199
1 download 508209
1 download 509496
1 download 509508
1 testset 461503
1 testset 485498
1 testset 499435
1 testset 503357
1 testset 504319
1 testset 505824
1 testset 506226
1 testset 508899
2 taste_buddy 00313
2 taste_buddy 00035
2 taste_buddy 00895
2 taste_buddy 00428
2 taste_buddy 00474
2 taste_buddy 00644
