1 download 108456
1 download 21481
1 download 258006
1 download 2940
1 download 30308
1 download 41632
1 download 41633
1 download 41636
1 download 51511
1 download 52217
1 download 58105
1 download 58516
1 download 72102
1 download 81449
1 testset 32316
1 testset 62388
1 testset 79167
1 testset 81504
2 taste_buddy 00689
2 taste_buddy 00295
2 taste_buddy 00831
2 taste_buddy 00855
2 taste_buddy 00969
2 taste_buddy 00431
2 taste_buddy 00157
2 taste_buddy 00600
2 taste_buddy 00150
2 taste_buddy 00981
