1 download 115808
1 download 129209
1 download 202126
1 download 202883
1 download 29319
1 download 29335
1 download 29360
1 download 29361
1 download 29364
1 download 29394
1 download 29618
1 download 29829
1 download 29891
1 download 30060
1 download 30063
1 download 30083
1 download 30301
1 download 30318
1 download 30535
1 download 30551
1 download 34338
1 download 37338
1 download 38594
1 download 44657
1 testset 29297
1 testset 29822
1 testset 30070
1 testset 30333
1 testset 46457
1 testset 9714
2 taste_buddy 00468 9.000000
2 taste_buddy 00696 7.000000
2 taste_buddy 00150 7.000000
2 taste_buddy 00894 6.000000
2 taste_buddy 00303 6.000000
2 taste_buddy 00327 6.000000
2 taste_buddy 00477 6.000000
2 taste_buddy 00088 6.000000
2 taste_buddy 00554 5.000000
2 taste_buddy 00688 4.000000
2 taste_buddy 00318 4.000000
2 taste_buddy 00437 4.000000
2 taste_buddy 00590 4.000000
2 taste_buddy 00191 4.000000
2 taste_buddy 00188 4.000000
2 taste_buddy 00946 4.000000
