1 download 22928
1 download 29955
1 download 30272
1 download 30345
1 download 31038
1 download 32196
1 download 32523
1 download 37406
1 download 37906
1 download 38878
1 download 46429
1 download 53011
1 download 53524
1 download 56755
1 download 58672
1 download 6201
1 download 62494
1 download 74973
1 download 89051
1 download 9253
1 testset 105196
1 testset 111996
1 testset 29686
1 testset 46562
1 testset 54034
1 testset 70895
2 taste_buddy 00233
2 taste_buddy 00949
2 taste_buddy 00353
2 taste_buddy 00649
2 taste_buddy 00352
2 taste_buddy 00961
2 taste_buddy 00656
2 taste_buddy 00783
2 taste_buddy 00867
2 taste_buddy 00413
