1 download 102547
1 download 14628
1 download 20047
1 download 254424
1 download 29611
1 download 30098
1 download 30113
1 download 309560
1 download 354319
1 download 354320
1 download 35505
1 download 36831
1 download 403269
1 download 407720
1 download 411870
1 download 431198
1 download 435286
1 download 442774
1 download 444097
1 download 446049
1 download 447579
1 download 44896
1 download 49684
1 download 96981
1 testset 126072
1 testset 154211
1 testset 359954
1 testset 360680
1 testset 447230
1 testset 458727
1 testset 90600
2 taste_buddy 00459
2 taste_buddy 00641
2 taste_buddy 00318
2 taste_buddy 00179
2 taste_buddy 00272
2 taste_buddy 00289
2 taste_buddy 00566
2 taste_buddy 00630
2 taste_buddy 00715
2 taste_buddy 00907
