1 download 114142
1 download 213861
1 download 29386
1 download 30157
1 download 30199
1 download 30659
1 download 30723
1 download 31954
1 download 31983
1 download 35716
1 download 36779
1 download 59289
1 download 6824
1 download 70729
1 download 744
1 download 82663
1 testset 30073
1 testset 30782
1 testset 32156
1 testset 33690
1 testset 70235
2 taste_buddy 00598 4.000000
2 taste_buddy 00413 3.000000
2 taste_buddy 00600 3.000000
2 taste_buddy 00426 3.000000
2 taste_buddy 00610 3.000000
2 taste_buddy 00039 3.000000
2 taste_buddy 00342 3.000000
2 taste_buddy 00654 3.000000
2 taste_buddy 00462 3.000000
2 taste_buddy 00620 3.000000
2 taste_buddy 00483 3.000000
