1 download 102997
1 download 111239
1 download 128817
1 download 135434
1 download 180843
1 download 21642
1 download 25549
1 download 29335
1 download 29384
1 download 29387
1 download 29990
1 download 30782
1 download 31639
1 download 32306
1 download 32497
1 download 33305
1 download 33753
1 download 34125
1 download 35638
1 download 35967
1 download 36747
1 download 39947
1 download 40625
1 download 42637
1 download 43424
1 download 48132
1 download 4930
1 download 51543
1 download 57552
1 download 58556
1 download 60758
1 download 61995
1 download 70297
1 download 811
1 download 84512
1 download 8581
1 testset 116707
1 testset 30202
1 testset 31739
1 testset 32106
1 testset 34009
1 testset 61812
1 testset 66923
1 testset 90481
1 testset 95189
1 testset 9714
2 taste_buddy 00363 4.000000
2 taste_buddy 00248 4.000000
2 taste_buddy 00131 3.000000
2 taste_buddy 00039 3.000000
2 taste_buddy 00151 3.000000
2 taste_buddy 00715 3.000000
2 taste_buddy 00273 3.000000
2 taste_buddy 00088 3.000000
2 taste_buddy 00720 2.000000
2 taste_buddy 00413 2.000000
2 taste_buddy 00150 2.000000
2 taste_buddy 00853 2.000000
2 taste_buddy 00696 2.000000
2 taste_buddy 00894 2.000000
2 taste_buddy 00540 2.000000
2 taste_buddy 00303 2.000000
2 taste_buddy 00300 2.000000
2 taste_buddy 00387 2.000000
2 taste_buddy 00389 2.000000
2 taste_buddy 00531 2.000000
2 taste_buddy 00437 2.000000
2 taste_buddy 00330 2.000000
2 taste_buddy 00207 2.000000
2 taste_buddy 00203 2.000000
2 taste_buddy 00046 2.000000
2 taste_buddy 00450 2.000000
2 taste_buddy 00775 2.000000
2 taste_buddy 00477 2.000000
2 taste_buddy 00828 2.000000
2 taste_buddy 00079 2.000000
2 taste_buddy 00176 2.000000
2 taste_buddy 00830 2.000000
2 taste_buddy 00939 2.000000
