1 download 154384
1 download 186094
1 download 202883
1 download 23463
1 download 29618
1 download 30316
1 download 30952
1 download 30954
1 download 38411
1 download 39558
1 download 39560
1 download 42116
1 download 53633
1 download 55565
1 download 87028
1 download 95955
1 testset 213610
1 testset 29301
1 testset 30062
1 testset 33082
1 testset 49147
2 taste_buddy 00946
2 taste_buddy 00606
2 taste_buddy 00192
2 taste_buddy 00139
2 taste_buddy 00363
2 taste_buddy 00632
2 taste_buddy 00364
2 taste_buddy 00585
2 taste_buddy 00572
2 taste_buddy 00970
