1 download 107624
1 download 152152
1 download 15593
1 download 193926
1 download 19685
1 download 208171
1 download 216856
1 download 21925
1 download 246359
1 download 250279
1 download 264849
1 download 30620
1 download 308793
1 download 326340
1 download 332562
1 download 339331
1 download 340952
1 download 34109
1 download 36817
1 download 37695
1 download 377678
1 download 41217
1 download 41218
1 download 41219
1 download 41220
1 download 41221
1 download 41223
1 download 45830
1 download 45832
1 download 45833
1 download 45834
1 download 45839
1 download 45845
1 download 52054
1 download 79297
1 download 90004
1 download 96264
1 testset 136957
1 testset 265580
1 testset 334847
1 testset 335083
1 testset 377833
1 testset 41202
1 testset 41204
1 testset 41224
1 testset 42857
1 testset 43633
2 taste_buddy 00697
2 taste_buddy 00519
2 taste_buddy 00433
2 taste_buddy 00998
2 taste_buddy 00096
2 taste_buddy 00622
2 taste_buddy 00720
2 taste_buddy 00316
2 taste_buddy 00016
2 taste_buddy 00031
