1 download 107275
1 download 29285
1 download 29353
1 download 29442
1 download 30353
1 download 32253
1 download 37409
1 download 43209
1 download 58955
1 download 58961
1 download 70410
1 download 70411
1 download 70417
1 download 70420
1 testset 32221
1 testset 44564
1 testset 52731
1 testset 61053
2 taste_buddy 00913
2 taste_buddy 00201
2 taste_buddy 00764
2 taste_buddy 00522
2 taste_buddy 00540
2 taste_buddy 00527
2 taste_buddy 00980
2 taste_buddy 00280
2 taste_buddy 00210
2 taste_buddy 00060
