1 download 22305
1 download 30082
1 download 30223
1 download 30718
1 download 30722
1 download 30758
1 download 32308
1 download 33384
1 download 33410
1 download 33991
1 download 39848
1 download 40274
1 download 45779
1 download 46241
1 download 55520
1 testset 29620
1 testset 30070
1 testset 40756
1 testset 68158
2 taste_buddy 00939
2 taste_buddy 00098
2 taste_buddy 00097
2 taste_buddy 00207
2 taste_buddy 00853
2 taste_buddy 00891
2 taste_buddy 00039
2 taste_buddy 00661
2 taste_buddy 00559
2 taste_buddy 00248
