1 download 14432
1 download 213888
1 download 22305
1 download 242991
1 download 246459
1 download 259846
1 download 29271
1 download 29467
1 download 301624
1 download 305062
1 download 32514
1 download 32909
1 download 33574
1 download 35006
1 download 35132
1 download 35771
1 download 36964
1 download 37853
1 download 39125
1 download 40631
1 download 4102
1 download 42075
1 download 43403
1 download 43422
1 download 46353
1 download 55067
1 download 56509
1 download 68281
1 download 78303
1 testset 228476
1 testset 260723
1 testset 30708
1 testset 30709
1 testset 30718
1 testset 32636
1 testset 38395
1 testset 78186
2 taste_buddy 00115 7.000000
2 taste_buddy 00853 5.000000
2 taste_buddy 00098 5.000000
2 taste_buddy 00661 5.000000
2 taste_buddy 00939 5.000000
2 taste_buddy 00639 5.000000
2 taste_buddy 00865 4.000000
2 taste_buddy 00184 4.000000
2 taste_buddy 00680 3.000000
2 taste_buddy 00097 3.000000
2 taste_buddy 00696 3.000000
2 taste_buddy 00901 3.000000
2 taste_buddy 00039 3.000000
2 taste_buddy 00963 3.000000
2 taste_buddy 00357 3.000000
2 taste_buddy 00891 3.000000
2 taste_buddy 00371 3.000000
2 taste_buddy 00273 3.000000
2 taste_buddy 00243 3.000000
2 taste_buddy 00248 3.000000
