1 download 1702
1 download 205157
1 download 219524
1 download 231685
1 download 248665
1 download 249762
1 download 249877
1 download 263114
1 download 266088
1 download 266448
1 download 267811
1 download 291308
1 download 303203
1 download 50580
1 download 75448
1 testset 204351
1 testset 228667
1 testset 266075
1 testset 291322
2 taste_buddy 00369
2 taste_buddy 00359
2 taste_buddy 00837
2 taste_buddy 00284
2 taste_buddy 00769
2 taste_buddy 00507
2 taste_buddy 00615
2 taste_buddy 00224
2 taste_buddy 00972
2 taste_buddy 00197
