1 download 21474
1 download 29358
1 download 29359
1 download 29361
1 download 29370
1 download 29375
1 download 29411
1 download 29620
1 download 29650
1 download 29847
1 download 29891
1 download 30109
1 download 30165
1 download 30362
1 download 30738
1 download 32175
1 download 32197
1 download 32316
1 download 32594
1 download 32598
1 download 32603
1 download 32605
1 download 32607
1 download 32614
1 download 32672
1 download 32819
1 download 33504
1 download 33973
1 download 33987
1 download 34874
1 download 34918
1 download 35156
1 download 35249
1 download 35385
1 download 35714
1 download 37083
1 download 40098
1 download 40274
1 download 40797
1 download 41030
1 download 41659
1 download 42343
1 download 44381
1 download 45356
1 download 46185
1 download 47105
1 download 47415
1 download 49961
1 download 51915
1 download 54620
1 download 56801
1 download 65816
1 download 67270
1 download 72363
1 download 88113
1 download 90244
1 testset 126383
1 testset 30060
1 testset 30061
1 testset 30070
1 testset 30329
1 testset 30333
1 testset 32506
1 testset 33091
1 testset 33383
1 testset 37230
1 testset 37489
1 testset 43367
1 testset 68607
1 testset 87795
2 taste_buddy 00136
2 taste_buddy 00468
2 taste_buddy 00150
2 taste_buddy 00088
2 taste_buddy 00463
2 taste_buddy 00668
2 taste_buddy 00887
2 taste_buddy 00437
2 taste_buddy 00525
2 taste_buddy 00549
