1 download 182345
1 download 307355
1 download 319498
1 download 32170
1 download 336663
1 download 359203
1 download 373260
1 download 383446
1 download 391584
1 download 391834
1 download 395698
1 download 402307
1 download 403870
1 download 416183
1 download 418903
1 download 419726
1 download 419979
1 download 421918
1 download 423122
1 download 423759
1 download 423870
1 download 424516
1 download 424613
1 download 426482
1 download 426530
1 download 426631
1 download 426745
1 download 427192
1 download 430115
1 download 430168
1 download 431194
1 download 433605
1 download 434276
1 download 434308
1 download 434449
1 download 435614
1 download 437183
1 download 437451
1 testset 370930
1 testset 396924
1 testset 407033
1 testset 407999
1 testset 413046
1 testset 416881
1 testset 424057
1 testset 425086
1 testset 429168
1 testset 430966
2 taste_buddy 00350 5.000000
2 taste_buddy 00051 5.000000
2 taste_buddy 00263 5.000000
2 taste_buddy 00318 4.000000
2 taste_buddy 00790 4.000000
2 taste_buddy 00047 4.000000
2 taste_buddy 00423 4.000000
2 taste_buddy 00351 3.000000
2 taste_buddy 00001 3.000000
2 taste_buddy 00763 3.000000
2 taste_buddy 00035 3.000000
2 taste_buddy 00384 3.000000
