1 download 101969
1 download 1052
1 download 134028
1 download 191626
1 download 22391
1 download 22460
1 download 24481
1 download 29394
1 download 30073
1 download 30113
1 download 30149
1 download 30157
1 download 30301
1 download 30723
1 download 30782
1 download 31449
1 download 31507
1 download 31531
1 download 31572
1 download 31582
1 download 31789
1 download 32044
1 download 32197
1 download 3234
1 download 32350
1 download 32398
1 download 32476
1 download 32579
1 download 32987
1 download 33448
1 download 34409
1 download 34620
1 download 34838
1 download 349828
1 download 35401
1 download 36176
1 download 37006
1 download 37899
1 download 40202
1 download 40214
1 download 40331
1 download 43068
1 download 46244
1 download 46562
1 download 46860
1 download 46894
1 download 604822
1 download 64565
1 download 64775
1 download 66907
1 download 68557
1 download 78681
1 download 87437
1 download 9253
1 testset 10098
1 testset 29940
1 testset 30199
1 testset 30734
1 testset 31726
1 testset 31738
1 testset 32637
1 testset 34927
1 testset 35133
1 testset 43453
1 testset 45843
1 testset 49876
1 testset 50108
1 testset 744
2 taste_buddy 00715
2 taste_buddy 00939
2 taste_buddy 00980
2 taste_buddy 00273
2 taste_buddy 00450
2 taste_buddy 00559
2 taste_buddy 00207
2 taste_buddy 00248
2 taste_buddy 00853
2 taste_buddy 00775
