1 download 124202
1 download 126607
1 download 148761
1 download 243903
1 download 29361
1 download 29384
1 download 29392
1 download 29809
1 download 30077
1 download 30357
1 download 30723
1 download 30941
1 download 30975
1 download 32045
1 download 32316
1 download 32340
1 download 32799
1 download 33078
1 download 33309
1 download 33993
1 download 34850
1 download 35228
1 download 352607
1 download 35514
1 download 35869
1 download 37006
1 download 37084
1 download 40032
1 download 40284
1 download 46240
1 download 46335
1 download 47833
1 download 47835
1 download 49722
1 download 50642
1 download 57114
1 download 57523
1 download 58933
1 download 65664
1 download 89878
1 download 90641
1 download 91963
1 download 98835
1 testset 122096
1 testset 30060
1 testset 30333
1 testset 30943
1 testset 32637
1 testset 35519
1 testset 42097
1 testset 42111
1 testset 46571
1 testset 62326
1 testset 79741
2 taste_buddy 00985
2 taste_buddy 00088
2 taste_buddy 00511
2 taste_buddy 00853
2 taste_buddy 00256
2 taste_buddy 00150
2 taste_buddy 00661
2 taste_buddy 00283
2 taste_buddy 00131
2 taste_buddy 00363
