1 download 107426
1 download 29359
1 download 29892
1 download 32197
1 download 33973
1 download 37832
1 download 44071
1 download 5510
1 download 61265
1 download 65035
1 download 71466
1 testset 30109
1 testset 34023
1 testset 99933
2 taste_buddy 00270 3.000000
2 taste_buddy 00887 2.000000
2 taste_buddy 00980 2.000000
2 taste_buddy 00256 2.000000
2 taste_buddy 00972 2.000000
2 taste_buddy 00188 2.000000
2 taste_buddy 00303 2.000000
2 taste_buddy 00948 1.000000
2 taste_buddy 00840 1.000000
2 taste_buddy 00961 1.000000
2 taste_buddy 00524 1.000000
2 taste_buddy 00684 1.000000
2 taste_buddy 00941 1.000000
2 taste_buddy 00943 1.000000
2 taste_buddy 00631 1.000000
2 taste_buddy 00412 1.000000
2 taste_buddy 00413 1.000000
2 taste_buddy 00353 1.000000
2 taste_buddy 00477 1.000000
2 taste_buddy 00643 1.000000
2 taste_buddy 00537 1.000000
2 taste_buddy 00921 1.000000
2 taste_buddy 00729 1.000000
2 taste_buddy 00511 1.000000
2 taste_buddy 00648 1.000000
2 taste_buddy 00395 1.000000
2 taste_buddy 00154 1.000000
2 taste_buddy 00988 1.000000
2 taste_buddy 00288 1.000000
2 taste_buddy 00150 1.000000
2 taste_buddy 00552 1.000000
2 taste_buddy 00190 1.000000
2 taste_buddy 00498 1.000000
2 taste_buddy 00450 1.000000
2 taste_buddy 00334 1.000000
2 taste_buddy 00016 1.000000
2 taste_buddy 00111 1.000000
2 taste_buddy 00136 1.000000
2 taste_buddy 00391 1.000000
2 taste_buddy 00259 1.000000
2 taste_buddy 00370 1.000000
2 taste_buddy 00054 1.000000
2 taste_buddy 00033 1.000000
2 taste_buddy 00835 1.000000
2 taste_buddy 00973 1.000000
2 taste_buddy 00278 1.000000
2 taste_buddy 00571 1.000000
2 taste_buddy 00838 1.000000
2 taste_buddy 00951 1.000000
2 taste_buddy 00522 1.000000
2 taste_buddy 00221 1.000000
2 taste_buddy 00939 1.000000
2 taste_buddy 00938 1.000000
2 taste_buddy 00289 1.000000
2 taste_buddy 00543 1.000000
2 taste_buddy 00913 1.000000
2 taste_buddy 00934 1.000000
2 taste_buddy 00107 1.000000
2 taste_buddy 00283 1.000000
2 taste_buddy 00071 1.000000
2 taste_buddy 00321 1.000000
2 taste_buddy 00468 1.000000
2 taste_buddy 00203 1.000000
2 taste_buddy 00776 1.000000
2 taste_buddy 00308 1.000000
2 taste_buddy 00590 1.000000
2 taste_buddy 00084 1.000000
2 taste_buddy 00304 1.000000
2 taste_buddy 00305 1.000000
2 taste_buddy 00467 1.000000
2 taste_buddy 00638 1.000000
2 taste_buddy 00527 1.000000
2 taste_buddy 00125 1.000000
2 taste_buddy 00246 1.000000
2 taste_buddy 00024 1.000000
2 taste_buddy 00104 1.000000
2 taste_buddy 00028 1.000000
2 taste_buddy 00185 1.000000
2 taste_buddy 00486 1.000000
