1 download 1052
1 download 22305
1 download 29271
1 download 29272
1 download 29273
1 download 29286
1 download 29386
1 download 29467
1 download 29620
1 download 30071
1 download 30113
1 download 30149
1 download 30203
1 download 30223
1 download 30301
1 download 30722
1 download 30723
1 download 30734
1 download 30776
1 download 30782
1 download 31507
1 download 31547
1 download 31570
1 download 32308
1 download 32442
1 download 32478
1 download 32894
1 download 33314
1 download 33328
1 download 33410
1 download 33715
1 download 33728
1 download 33973
1 download 33993
1 download 34409
1 download 34835
1 download 34838
1 download 35132
1 download 35133
1 download 35603
1 download 35638
1 download 40705
1 download 43422
1 download 45779
1 download 46188
1 download 46229
1 download 4833
1 download 52105
1 download 69251
1 download 88179
1 testset 29394
1 testset 29940
1 testset 30073
1 testset 30082
1 testset 30199
1 testset 30334
1 testset 30709
1 testset 30718
1 testset 31736
1 testset 31738
1 testset 32497
1 testset 32627
1 testset 32635
2 taste_buddy 00248 23.000000
2 taste_buddy 00273 20.000000
2 taste_buddy 00098 18.000000
2 taste_buddy 00151 17.000000
2 taste_buddy 00243 15.000000
2 taste_buddy 00450 14.000000
2 taste_buddy 00661 14.000000
2 taste_buddy 00853 11.000000
2 taste_buddy 00715 11.000000
2 taste_buddy 00901 10.000000
2 taste_buddy 00207 10.000000
2 taste_buddy 00430 10.000000
2 taste_buddy 00891 10.000000
