1 download 463766
1 download 466724
1 download 467383
1 download 470052
1 download 470053
1 download 470093
1 download 472885
1 download 472955
1 download 473397
1 download 475930
1 download 475937
1 download 478870
1 testset 460965
1 testset 469886
1 testset 470589
1 testset 479387
2 taste_buddy 00474 8.000000
2 taste_buddy 00035 7.000000
2 taste_buddy 00617 5.000000
2 taste_buddy 00659 5.000000
2 taste_buddy 00558 2.000000
2 taste_buddy 00630 2.000000
2 taste_buddy 00087 2.000000
2 taste_buddy 00707 2.000000
2 taste_buddy 00364 2.000000
2 taste_buddy 00384 1.000000
2 taste_buddy 00356 1.000000
2 taste_buddy 00289 1.000000
