1 download 133399
1 download 161401
1 download 182921
1 download 31331
1 download 31334
1 download 39246
1 download 39276
1 download 43616
1 download 43617
1 download 51919
1 testset 176221
1 testset 41807
1 testset 53627
2 taste_buddy 00559 1.000000
2 taste_buddy 00781 1.000000
2 taste_buddy 00893 1.000000
2 taste_buddy 00740 1.000000
2 taste_buddy 00785 1.000000
2 taste_buddy 00848 1.000000
2 taste_buddy 00656 1.000000
2 taste_buddy 00817 1.000000
2 taste_buddy 00035 1.000000
2 taste_buddy 00349 1.000000
