1 download 131618
1 download 131623
1 download 142926
1 download 298433
1 download 30976
1 download 334734
1 download 335633
1 download 344092
1 download 348601
1 download 354560
1 download 37832
1 download 416183
1 download 464718
1 download 492962
1 download 493538
1 download 504871
1 download 505637
1 download 518470
1 download 524984
1 download 741425
1 testset 356606
1 testset 503800
1 testset 503801
1 testset 503802
1 testset 514302
2 taste_buddy 00912
2 taste_buddy 00293
2 taste_buddy 00830
2 taste_buddy 00401
2 taste_buddy 00347
2 taste_buddy 00389
2 taste_buddy 00962
2 taste_buddy 00901
2 taste_buddy 00790
2 taste_buddy 00453
