1 download 131623
1 download 176909
1 download 19467
1 download 235816
1 download 279266
1 download 287927
1 download 29361
1 download 29404
1 download 30004
1 download 30111
1 download 30203
1 download 30319
1 download 30415
1 download 31270
1 download 32156
1 download 32445
1 download 32857
1 download 33304
1 download 34156
1 download 342619
1 download 348615
1 download 348887
1 download 349600
1 download 350549
1 download 37259
1 download 37921
1 download 38602
1 download 404075
1 download 42011
1 download 425520
1 download 42975
1 download 43925
1 download 445937
1 download 447402
1 download 449180
1 download 453719
1 download 454203
1 download 46244
1 download 498728
1 download 54730
1 download 55975
1 download 56159
1 download 98215
1 testset 30634
1 testset 3071
1 testset 32502
1 testset 35957
1 testset 37236
1 testset 386600
1 testset 429168
1 testset 82680
1 testset 82683
1 testset 96991
1 testset 9714
2 taste_buddy 00303
2 taste_buddy 00318
2 taste_buddy 00273
2 taste_buddy 00820
2 taste_buddy 00376
2 taste_buddy 00768
2 taste_buddy 00088
2 taste_buddy 00389
2 taste_buddy 00477
2 taste_buddy 00696
