1 download 112330
1 download 1134
1 download 26199
1 download 29271
1 download 30082
1 download 30157
1 download 30722
1 download 31507
1 download 32637
1 download 33131
1 download 33728
1 download 37203
1 download 59555
1 download 744
1 download 75619
1 testset 30073
1 testset 30077
1 testset 38287
1 testset 81450
2 taste_buddy 00039 6.000000
2 taste_buddy 00151 5.000000
2 taste_buddy 00943 5.000000
2 taste_buddy 00654 4.000000
2 taste_buddy 00939 4.000000
2 taste_buddy 00248 4.000000
2 taste_buddy 00450 3.000000
2 taste_buddy 00098 3.000000
2 taste_buddy 00747 3.000000
2 taste_buddy 00230 3.000000
2 taste_buddy 00200 3.000000
2 taste_buddy 00216 3.000000
2 taste_buddy 00195 3.000000
2 taste_buddy 00598 3.000000
2 taste_buddy 00344 3.000000
2 taste_buddy 00462 3.000000
2 taste_buddy 00715 3.000000
2 taste_buddy 00265 3.000000
