1 download 112066
1 download 125899
1 download 129549
1 download 14149
1 download 145699
1 download 153445
1 download 218603
1 download 31510
1 download 51298
1 download 66305
1 download 95345
1 testset 110776
1 testset 39772
1 testset 47647
2 taste_buddy 00179 2.000000
2 taste_buddy 00204 1.000000
2 taste_buddy 00448 1.000000
2 taste_buddy 00890 1.000000
2 taste_buddy 00622 1.000000
2 taste_buddy 00987 1.000000
2 taste_buddy 00951 1.000000
2 taste_buddy 00716 1.000000
2 taste_buddy 00397 1.000000
2 taste_buddy 00404 1.000000
2 taste_buddy 00077 1.000000
2 taste_buddy 00482 1.000000
2 taste_buddy 00373 1.000000
