1 download 134870
1 download 176691
1 download 178737
1 download 29678
1 download 31785
1 download 35476
1 download 36776
1 download 37084
1 download 41031
1 download 41379
1 download 43918
1 download 52731
1 download 5510
1 download 573869
1 download 58961
1 download 66286
1 download 71810
1 download 93459
1 testset 29809
1 testset 32253
1 testset 35954
1 testset 53523
1 testset 72699
2 taste_buddy 00184
2 taste_buddy 00256
2 taste_buddy 00177
2 taste_buddy 00484
2 taste_buddy 00552
2 taste_buddy 00387
2 taste_buddy 00188
2 taste_buddy 00951
2 taste_buddy 00172
2 taste_buddy 00930
