1 download 109327
1 download 12385
1 download 136520
1 download 210964
1 download 218402
1 download 244292
1 download 248628
1 download 25549
1 download 278574
1 download 281138
1 download 288549
1 download 29316
1 download 29358
1 download 29367
1 download 29407
1 download 29618
1 download 30310
1 download 30318
1 download 30362
1 download 30940
1 download 31658
1 download 34438
1 download 37259
1 download 37564
1 download 40808
1 download 42455
1 download 43561
1 download 51004
1 download 54449
1 download 78106
1 testset 151918
1 testset 177278
1 testset 30062
1 testset 30070
1 testset 34218
1 testset 35946
1 testset 38520
1 testset 40725
2 taste_buddy 00088 8.000000
2 taste_buddy 00150 7.000000
2 taste_buddy 00946 6.000000
2 taste_buddy 00696 5.000000
2 taste_buddy 00303 5.000000
2 taste_buddy 00525 5.000000
2 taste_buddy 00763 5.000000
2 taste_buddy 00468 4.000000
2 taste_buddy 00112 4.000000
2 taste_buddy 00860 3.000000
2 taste_buddy 00437 3.000000
2 taste_buddy 00137 3.000000
2 taste_buddy 00042 3.000000
2 taste_buddy 00351 3.000000
2 taste_buddy 00590 3.000000
2 taste_buddy 00894 3.000000
2 taste_buddy 00376 3.000000
2 taste_buddy 00373 3.000000
2 taste_buddy 00364 3.000000
