1 download 215695
1 download 274960
1 download 29611
1 download 29892
1 download 30156
1 download 30718
1 download 313897
1 download 33725
1 download 342112
1 download 352053
1 download 36252
1 download 368384
1 download 392404
1 download 427957
1 download 430475
1 download 432
1 download 435795
1 download 442774
1 download 447280
1 download 454684
1 download 459048
1 download 459684
1 download 459910
1 download 465831
1 download 467201
1 download 470053
1 download 470289
1 download 470478
1 download 474809
1 download 474882
1 download 477733
1 download 477970
1 download 480072
1 download 481357
1 download 482658
1 download 483217
1 download 483527
1 download 484928
1 download 485395
1 testset 32636
1 testset 33261
1 testset 33528
1 testset 351208
1 testset 378087
1 testset 399549
1 testset 469886
1 testset 472885
1 testset 485033
1 testset 96189
2 taste_buddy 00707
2 taste_buddy 00631
2 taste_buddy 00715
2 taste_buddy 00617
2 taste_buddy 00364
2 taste_buddy 00047
2 taste_buddy 00825
2 taste_buddy 00256
2 taste_buddy 00051
2 taste_buddy 00687
