1 download 1134
1 download 132
1 download 134
1 download 174
1 download 182
1 download 184
1 download 197
1 download 29940
1 download 30965
1 download 415528
1 download 52641
1 download 53423
1 download 59187
1 download 74681
1 download 7496
1 download 790
1 testset 127
1 testset 2895
1 testset 30782
1 testset 34414
1 testset 58108
2 taste_buddy 00980
2 taste_buddy 00303
2 taste_buddy 00816
2 taste_buddy 00759
2 taste_buddy 00494
2 taste_buddy 00037
2 taste_buddy 00029
2 taste_buddy 00098
2 taste_buddy 00561
2 taste_buddy 00151
