1 download 100502
1 download 101928
1 download 102699
1 download 115808
1 download 117711
1 download 12386
1 download 136520
1 download 137662
1 download 140684
1 download 14227
1 download 2190
1 download 22907
1 download 25549
1 download 27640
1 download 28298
1 download 29358
1 download 29360
1 download 29361
1 download 29384
1 download 29388
1 download 29617
1 download 30521
1 download 31056
1 download 31270
1 download 32603
1 download 32800
1 download 33045
1 download 33859
1 download 34242
1 download 35029
1 download 3666
1 download 38594
1 download 39251
1 download 39560
1 download 43914
1 download 46656
1 download 47835
1 download 53
1 download 59050
1 download 70862
1 download 80414
1 download 82113
1 download 86965
1 download 90384
1 download 91493
1 download 9227
1 download 9453
1 testset 30061
1 testset 30062
1 testset 30079
1 testset 30317
1 testset 30319
1 testset 30328
1 testset 30329
1 testset 32104
1 testset 32723
1 testset 61429
1 testset 78075
1 testset 94847
2 taste_buddy 00088
2 taste_buddy 00150
2 taste_buddy 00946
2 taste_buddy 00468
2 taste_buddy 00894
2 taste_buddy 00696
2 taste_buddy 00327
2 taste_buddy 00657
2 taste_buddy 00477
2 taste_buddy 00525
