1 download 105573
1 download 108494
1 download 11169
1 download 1168
1 download 12745
1 download 12747
1 download 1335
1 download 134
1 download 15697
1 download 15749
1 download 185130
1 download 194
1 download 2006
1 download 22153
1 download 22226
1 download 22309
1 download 232081
1 download 2443
1 download 2447
1 download 24588
1 download 2468
1 download 253336
1 download 25569
1 download 2987
1 download 4907
1 download 4909
1 download 4930
1 download 556676
1 download 57925
1 download 5929
1 download 65629
1 download 75
1 download 79560
1 download 9253
1 download 9443
1 download 962
1 testset 10098
1 testset 12792
1 testset 20720
1 testset 23278
1 testset 27110
1 testset 396
1 testset 54901
1 testset 744
1 testset 9452
1 testset 98725
2 taste_buddy 00046
2 taste_buddy 00759
2 taste_buddy 00225
2 taste_buddy 00300
2 taste_buddy 00666
2 taste_buddy 00960
2 taste_buddy 00250
2 taste_buddy 00969
2 taste_buddy 00207
2 taste_buddy 00510
