1 download 168336
1 download 29335
1 download 29697
1 download 32852
1 download 34577
1 download 34827
1 download 37956
1 download 38765
1 download 45508
1 download 47105
1 download 56266
1 download 76811
1 download 78080
1 download 78090
1 download 78093
1 download 98086
1 testset 29834
1 testset 34782
1 testset 37115
1 testset 74183
1 testset 78106
2 taste_buddy 00075
2 taste_buddy 00949
2 taste_buddy 00966
2 taste_buddy 00654
2 taste_buddy 00413
2 taste_buddy 00829
2 taste_buddy 00828
2 taste_buddy 00535
2 taste_buddy 00376
2 taste_buddy 00826
