1 download 100827
1 download 10501
1 download 1052
1 download 106511
1 download 14092
1 download 164504
1 download 29397
1 download 29834
1 download 30082
1 download 30723
1 download 30943
1 download 31140
1 download 31531
1 download 31647
1 download 32154
1 download 32308
1 download 33291
1 download 35726
1 download 36787
1 download 41030
1 download 42953
1 download 4833
1 download 49187
1 download 49440
1 download 53524
1 download 53907
1 download 55911
1 download 56583
1 download 57613
1 download 63107
1 download 66619
1 download 69909
1 testset 165902
1 testset 30199
1 testset 30966
1 testset 31726
1 testset 42965
1 testset 66677
1 testset 88057
1 testset 88467
1 testset 88687
2 taste_buddy 00151 5.000000
2 taste_buddy 00039 4.000000
2 taste_buddy 00956 4.000000
2 taste_buddy 00273 4.000000
2 taste_buddy 00939 4.000000
2 taste_buddy 00247 4.000000
2 taste_buddy 00163 4.000000
2 taste_buddy 00248 4.000000
2 taste_buddy 00552 3.000000
2 taste_buddy 00550 3.000000
2 taste_buddy 00494 3.000000
2 taste_buddy 00850 3.000000
2 taste_buddy 00303 3.000000
2 taste_buddy 00430 3.000000
2 taste_buddy 00431 3.000000
2 taste_buddy 00980 3.000000
2 taste_buddy 00037 3.000000
2 taste_buddy 00207 3.000000
2 taste_buddy 00098 3.000000
2 taste_buddy 00092 3.000000
2 taste_buddy 00450 3.000000
2 taste_buddy 00486 3.000000
