1 download 119132
1 download 22306
1 download 29272
1 download 29869
1 download 29892
1 download 30203
1 download 30223
1 download 30776
1 download 30782
1 download 32308
1 download 32442
1 download 32476
1 download 32636
1 download 32893
1 download 33251
1 download 33328
1 download 34441
1 download 34828
1 download 35102
1 download 35132
1 download 37219
1 download 38448
1 download 39454
1 download 49876
1 download 50312
1 download 65985
1 download 744
1 testset 29809
1 testset 29940
1 testset 30077
1 testset 30334
1 testset 31740
1 testset 32635
1 testset 71677
2 taste_buddy 00248 16.000000
2 taste_buddy 00039 9.000000
2 taste_buddy 00939 9.000000
2 taste_buddy 00151 8.000000
2 taste_buddy 00430 8.000000
2 taste_buddy 00462 8.000000
2 taste_buddy 00273 7.000000
2 taste_buddy 00980 6.000000
2 taste_buddy 00450 6.000000
2 taste_buddy 00098 6.000000
2 taste_buddy 00816 6.000000
2 taste_buddy 00891 6.000000
2 taste_buddy 00243 6.000000
