1 download 103898
1 download 113902
1 download 122813
1 download 145679
1 download 151181
1 download 1702
1 download 195
1 download 229897
1 download 29384
1 download 30104
1 download 30782
1 download 31449
1 download 31531
1 download 31789
1 download 32265
1 download 32434
1 download 33175
1 download 34835
1 download 36774
1 download 37008
1 download 386
1 download 41680
1 download 43224
1 download 43449
1 download 43466
1 download 43585
1 download 44564
1 download 46562
1 download 57792
1 download 603
1 download 61164
1 download 78151
1 download 80861
1 download 82710
1 download 88917
1 testset 240894
1 testset 30073
1 testset 30203
1 testset 31507
1 testset 35133
1 testset 37011
1 testset 44272
1 testset 58493
1 testset 9714
2 taste_buddy 00980
2 taste_buddy 00342
2 taste_buddy 00486
2 taste_buddy 00816
2 taste_buddy 00029
2 taste_buddy 00395
2 taste_buddy 00413
2 taste_buddy 00527
2 taste_buddy 00104
2 taste_buddy 00471
