1 download 10455
1 download 12792
1 download 13912
1 download 14908
1 download 16452
1 download 19093
1 download 19215
1 download 19216
1 download 19618
1 download 20553
1 download 21149
1 download 21153
1 download 21192
1 download 22212
1 download 22223
1 download 22226
1 download 22291
1 download 22294
1 download 22297
1 download 22298
1 download 22299
1 download 22302
1 download 22303
1 download 22305
1 download 22306
1 download 22309
1 download 22394
1 download 22460
1 download 2250
1 download 23246
1 download 23247
1 download 23248
1 download 23249
1 download 2756
1 download 4103
1 download 4817
1 download 6554
1 download 7963
1 download 9226
1 download 9253
1 download 9352
1 testset 2155
1 testset 22382
1 testset 22385
1 testset 22389
1 testset 22391
1 testset 22397
1 testset 22398
1 testset 23250
1 testset 248
1 testset 26362
1 testset 26367
2 taste_buddy 00594 6.000000
2 taste_buddy 00098 3.000000
2 taste_buddy 00544 3.000000
2 taste_buddy 00891 3.000000
2 taste_buddy 00587 3.000000
2 taste_buddy 00248 3.000000
2 taste_buddy 00150 2.000000
2 taste_buddy 00661 2.000000
2 taste_buddy 00039 2.000000
2 taste_buddy 00189 2.000000
2 taste_buddy 00049 2.000000
2 taste_buddy 00486 2.000000
