1 download 100502
1 download 117711
1 download 129209
1 download 136520
1 download 136521
1 download 158281
1 download 189917
1 download 202126
1 download 202883
1 download 216210
1 download 254917
1 download 29357
1 download 29358
1 download 29359
1 download 29360
1 download 29361
1 download 29362
1 download 29364
1 download 29387
1 download 29390
1 download 29403
1 download 29404
1 download 29405
1 download 29406
1 download 29407
1 download 29411
1 download 29829
1 download 30060
1 download 30062
1 download 30217
1 download 30317
1 download 30341
1 download 30357
1 download 308025
1 download 308304
1 download 31658
1 download 31659
1 download 31876
1 download 31878
1 download 318811
1 download 319522
1 download 32176
1 download 32205
1 download 323133
1 download 32532
1 download 325457
1 download 32559
1 download 32560
1 download 32593
1 download 32594
1 download 330446
1 download 331192
1 download 332037
1 download 332841
1 download 335948
1 download 340952
1 download 341454
1 download 346913
1 download 349223
1 download 35510
1 download 38594
1 download 44444
1 download 68616
1 testset 262763
1 testset 29297
1 testset 29303
1 testset 29353
1 testset 29653
1 testset 30061
1 testset 30070
1 testset 30316
1 testset 30318
1 testset 30319
1 testset 30333
1 testset 312399
1 testset 321831
1 testset 337103
1 testset 46332
1 testset 78200
2 taste_buddy 00696
2 taste_buddy 00088
2 taste_buddy 00946
2 taste_buddy 00318
2 taste_buddy 00327
2 taste_buddy 00303
2 taste_buddy 00136
2 taste_buddy 00632
2 taste_buddy 00351
2 taste_buddy 00437
