1 download 153445
1 download 178689
1 download 228667
1 download 235816
1 download 239747
1 download 245591
1 download 248628
1 download 250054
1 download 254917
1 download 261856
1 download 2636
1 download 269273
1 download 277986
1 download 278574
1 download 284877
1 download 29500
1 download 296329
1 download 30221
1 download 305331
1 download 31035
1 download 31658
1 download 319522
1 download 34667
1 download 34850
1 download 35537
1 download 402307
1 download 411870
1 download 412877
1 download 47580
1 download 58472
1 download 68409
1 download 72913
1 testset 129209
1 testset 139451
1 testset 198136
1 testset 201837
1 testset 264811
1 testset 267634
1 testset 333420
1 testset 416881
2 taste_buddy 00946
2 taste_buddy 00318
2 taste_buddy 00518
2 taste_buddy 00469
2 taste_buddy 00768
2 taste_buddy 00468
2 taste_buddy 00327
2 taste_buddy 00477
2 taste_buddy 00696
2 taste_buddy 00790
