1 download 101599
1 download 10438
1 download 116217
1 download 251239
1 download 266023
1 download 29319
1 download 29470
1 download 29829
1 download 299470
1 download 29963
1 download 30063
1 download 30535
1 download 308197
1 download 315399
1 download 32291
1 download 34918
1 download 35714
1 download 41659
1 testset 29822
1 testset 37748
1 testset 37750
1 testset 37753
1 testset 37754
2 taste_buddy 00632
2 taste_buddy 00150
2 taste_buddy 00048
2 taste_buddy 00270
2 taste_buddy 00303
2 taste_buddy 00038
2 taste_buddy 00321
2 taste_buddy 00769
2 taste_buddy 00191
2 taste_buddy 00347
