1 download 102
1 download 113727
1 download 130481
1 download 159199
1 download 207114
1 download 29404
1 download 29892
1 download 32001
1 download 32195
1 download 32783
1 download 33201
1 download 34890
1 download 37340
1 download 50561
1 download 51
1 download 54953
1 download 55057
1 download 573762
1 download 57784
1 download 59187
1 testset 20725
1 testset 30199
1 testset 30203
1 testset 30335
1 testset 33384
1 testset 82810
2 taste_buddy 00543 4.000000
2 taste_buddy 00179 3.000000
2 taste_buddy 00016 2.000000
2 taste_buddy 00256 2.000000
2 taste_buddy 00690 2.000000
2 taste_buddy 00913 2.000000
2 taste_buddy 00303 2.000000
2 taste_buddy 00980 2.000000
2 taste_buddy 00664 2.000000
2 taste_buddy 00131 2.000000
2 taste_buddy 00511 2.000000
2 taste_buddy 00590 2.000000
2 taste_buddy 00104 2.000000
2 taste_buddy 00930 2.000000
