1 download 121348
1 download 162009
1 download 162637
1 download 176621
1 download 193926
1 download 202126
1 download 206592
1 download 208171
1 download 219697
1 download 249140
1 download 253150
1 download 269482
1 download 30347
1 download 32106
1 download 334165
1 download 34826
1 download 35715
1 download 377678
1 download 40486
1 download 443272
1 download 47646
1 download 90694
1 testset 252665
1 testset 29303
1 testset 30062
1 testset 32627
1 testset 37366
1 testset 58837
2 taste_buddy 00563
2 taste_buddy 00211
2 taste_buddy 00218
2 taste_buddy 00009
2 taste_buddy 00167
2 taste_buddy 00590
2 taste_buddy 00868
2 taste_buddy 00684
2 taste_buddy 00657
2 taste_buddy 00318
