1 download 114119
1 download 222442
1 download 29751
1 download 30628
1 download 34772
1 download 41871
1 download 62704
1 download 73305
1 download 77333
1 download 78080
1 download 87065
1 download 95713
1 testset 127740
1 testset 34783
1 testset 82234
2 taste_buddy 00831 1.000000
2 taste_buddy 00995 1.000000
2 taste_buddy 00524 1.000000
2 taste_buddy 00657 1.000000
2 taste_buddy 00677 1.000000
2 taste_buddy 00243 1.000000
2 taste_buddy 00274 1.000000
2 taste_buddy 00245 1.000000
2 taste_buddy 00480 1.000000
2 taste_buddy 00408 1.000000
2 taste_buddy 00920 1.000000
2 taste_buddy 00370 1.000000
