1 download 129209
1 download 136520
1 download 259754
1 download 26938
1 download 286244
1 download 29617
1 download 30221
1 download 30364
1 download 30979
1 download 31152
1 download 32176
1 download 32723
1 download 39558
1 download 39560
1 download 45490
1 download 48261
1 download 69507
1 download 7103
1 download 7264
1 testset 202883
1 testset 29411
1 testset 30308
1 testset 30319
1 testset 31658
2 taste_buddy 00088 6.000000
2 taste_buddy 00635 5.000000
2 taste_buddy 00303 4.000000
2 taste_buddy 00150 4.000000
2 taste_buddy 00820 4.000000
2 taste_buddy 00606 3.000000
2 taste_buddy 00696 3.000000
2 taste_buddy 00468 3.000000
2 taste_buddy 00437 3.000000
2 taste_buddy 00875 3.000000
2 taste_buddy 00327 3.000000
2 taste_buddy 00946 3.000000
