1 download 100637
1 download 101815
1 download 109772
1 download 131312
1 download 134870
1 download 163755
1 download 29323
1 download 30943
1 download 32799
1 download 33176
1 download 35514
1 download 35727
1 download 36254
1 download 36769
1 download 395929
1 download 39846
1 download 41030
1 download 42559
1 download 45917
1 download 46226
1 download 51229
1 download 65665
1 download 69925
1 download 7106
1 download 94689
1 download 95927
1 testset 27133
1 testset 34156
1 testset 38000
1 testset 41658
1 testset 66679
1 testset 68858
1 testset 78076
2 taste_buddy 00511 3.000000
2 taste_buddy 00527 3.000000
2 taste_buddy 00100 3.000000
2 taste_buddy 00969 2.000000
2 taste_buddy 00177 2.000000
2 taste_buddy 00988 2.000000
2 taste_buddy 00131 2.000000
2 taste_buddy 00691 2.000000
2 taste_buddy 00887 2.000000
2 taste_buddy 00184 2.000000
2 taste_buddy 00910 2.000000
2 taste_buddy 00446 2.000000
2 taste_buddy 00303 2.000000
2 taste_buddy 00003 2.000000
2 taste_buddy 00191 2.000000
