1 download 139233
1 download 157590
1 download 22305
1 download 30199
1 download 30708
1 download 30713
1 download 34225
1 download 35830
1 download 37341
1 download 37646
1 download 43918
1 download 46343
1 download 50341
1 download 51987
1 download 52194
1 download 5911
1 testset 29381
1 testset 30334
1 testset 30709
1 testset 32477
2 taste_buddy 00716
2 taste_buddy 00184
2 taste_buddy 00145
2 taste_buddy 00380
2 taste_buddy 00922
2 taste_buddy 00985
2 taste_buddy 00097
2 taste_buddy 00225
2 taste_buddy 00639
2 taste_buddy 00484
