1 download 1332
1 download 221609
1 download 222536
1 download 239747
1 download 254725
1 download 29382
1 download 29384
1 download 30217
1 download 30292
1 download 31789
1 download 32001
1 download 32205
1 download 32437
1 download 331192
1 download 335234
1 download 34242
1 download 345115
1 download 346913
1 download 34850
1 download 349600
1 download 38124
1 download 41028
1 download 416183
1 download 41791
1 download 42116
1 download 42119
1 download 42121
1 download 423870
1 download 426530
1 download 432901
1 download 434449
1 download 46030
1 download 53423
1 download 54973
1 download 59784
1 download 89051
1 download 9508
1 testset 111999
1 testset 262131
1 testset 30308
1 testset 31038
1 testset 319522
1 testset 31980
1 testset 33125
1 testset 37489
1 testset 436208
1 testset 9471
2 taste_buddy 00150
2 taste_buddy 00303
2 taste_buddy 00887
2 taste_buddy 00453
2 taste_buddy 00657
2 taste_buddy 00468
2 taste_buddy 00318
2 taste_buddy 00016
2 taste_buddy 00256
2 taste_buddy 00543
