1 download 107205
1 download 20802
1 download 31037
1 download 32012
1 download 32044
1 download 39020
1 download 4459
1 download 52147
1 download 76322
1 testset 238199
1 testset 54301
1 testset 71705
2 taste_buddy 00555 2.000000
2 taste_buddy 00993 1.000000
2 taste_buddy 00754 1.000000
2 taste_buddy 00070 1.000000
2 taste_buddy 00902 1.000000
2 taste_buddy 00492 1.000000
2 taste_buddy 00165 1.000000
2 taste_buddy 00232 1.000000
2 taste_buddy 00482 1.000000
2 taste_buddy 00685 1.000000
2 taste_buddy 00486 1.000000
