1 download 100385
1 download 130115
1 download 147804
1 download 29271
1 download 29272
1 download 29394
1 download 29467
1 download 29649
1 download 30073
1 download 30203
1 download 30223
1 download 30301
1 download 30723
1 download 30734
1 download 30776
1 download 30782
1 download 31240
1 download 31327
1 download 31507
1 download 32156
1 download 32308
1 download 32442
1 download 32497
1 download 33291
1 download 33314
1 download 33410
1 download 33990
1 download 34009
1 download 34433
1 download 34838
1 download 34840
1 download 35514
1 download 35603
1 download 35638
1 download 39125
1 download 39453
1 download 40726
1 download 43425
1 download 46229
1 download 46244
1 download 4833
1 download 51511
1 download 52179
1 download 524040
1 download 55233
1 download 59838
1 download 63204
1 download 69162
1 download 79926
1 download 99383
1 testset 102521
1 testset 29543
1 testset 29940
1 testset 30069
1 testset 30077
1 testset 30199
1 testset 31738
1 testset 32635
1 testset 33384
1 testset 34410
1 testset 45779
1 testset 744
1 testset 86384
2 taste_buddy 00939
2 taste_buddy 00248
2 taste_buddy 00243
2 taste_buddy 00450
2 taste_buddy 00853
2 taste_buddy 00661
2 taste_buddy 00207
2 taste_buddy 00891
2 taste_buddy 00191
2 taste_buddy 00486
