1 download 100637
1 download 117711
1 download 124363
1 download 139594
1 download 172355
1 download 178737
1 download 229949
1 download 245673
1 download 29381
1 download 29620
1 download 29990
1 download 30086
1 download 30310
1 download 30328
1 download 30971
1 download 32284
1 download 32506
1 download 32521
1 download 32627
1 download 32832
1 download 33091
1 download 33118
1 download 34001
1 download 34373
1 download 35364
1 download 35385
1 download 35518
1 download 36021
1 download 37954
1 download 38591
1 download 39251
1 download 39445
1 download 40359
1 download 45488
1 download 45508
1 download 46939
1 download 47647
1 download 48012
1 download 49227
1 download 52999
1 download 55520
1 download 56336
1 download 57602
1 download 61882
1 download 62722
1 download 66090
1 download 67064
1 download 68685
1 download 70879
1 download 71169
1 download 71530
1 download 72102
1 download 74550
1 download 77850
1 download 86680
1 download 87382
1 download 91096
1 download 94176
1 download 97101
1 testset 29297
1 testset 29299
1 testset 30063
1 testset 34928
1 testset 36094
1 testset 36851
1 testset 37496
1 testset 37674
1 testset 39250
1 testset 46457
1 testset 50938
1 testset 52435
1 testset 75126
1 testset 76923
1 testset 94963
2 taste_buddy 00131
2 taste_buddy 00088
2 taste_buddy 00191
2 taste_buddy 00150
2 taste_buddy 00623
2 taste_buddy 00096
2 taste_buddy 00551
2 taste_buddy 00303
2 taste_buddy 00300
2 taste_buddy 00860
