1 download 126771
1 download 14227
1 download 165275
1 download 268345
1 download 29319
1 download 30169
1 download 30540
1 download 32721
1 download 33201
1 download 34109
1 download 37077
1 download 43914
1 download 473702
1 download 48197
1 download 49450
1 download 50015
1 download 5195
1 download 663651
1 download 665631
1 download 67077
1 download 68559
1 download 71004
1 download 71007
1 download 7186
1 download 7710
1 download 84355
1 download 89398
1 download 93400
1 download 96468
1 testset 222311
1 testset 29300
1 testset 30063
1 testset 30328
1 testset 30332
1 testset 34918
1 testset 56821
1 testset 93669
2 taste_buddy 00705
2 taste_buddy 00041
2 taste_buddy 00463
2 taste_buddy 00437
2 taste_buddy 00667
2 taste_buddy 00188
2 taste_buddy 00571
2 taste_buddy 00817
2 taste_buddy 00548
2 taste_buddy 00894
