1 download 1162
1 download 15030
1 download 177611
1 download 178604
1 download 29253
1 download 29272
1 download 29273
1 download 29316
1 download 29319
1 download 30157
1 download 30223
1 download 30723
1 download 30782
1 download 31551
1 download 31647
1 download 31736
1 download 32195
1 download 34838
1 download 35009
1 download 36910
1 download 37477
1 download 37674
1 download 39823
1 download 41618
1 download 45657
1 download 46457
1 download 4652
1 download 51631
1 download 61156
1 download 63582
1 download 98727
1 testset 182641
1 testset 29689
1 testset 32627
1 testset 32637
1 testset 33384
1 testset 34156
1 testset 58232
1 testset 58699
2 taste_buddy 00248 7.000000
2 taste_buddy 00151 6.000000
2 taste_buddy 00939 6.000000
2 taste_buddy 00039 5.000000
2 taste_buddy 00207 5.000000
2 taste_buddy 00273 5.000000
2 taste_buddy 00494 4.000000
2 taste_buddy 00486 4.000000
2 taste_buddy 00901 4.000000
2 taste_buddy 00715 4.000000
2 taste_buddy 00430 4.000000
2 taste_buddy 00098 4.000000
2 taste_buddy 00980 4.000000
2 taste_buddy 00042 4.000000
2 taste_buddy 00191 4.000000
2 taste_buddy 00462 4.000000
2 taste_buddy 00243 4.000000
