1 download 139233
1 download 30113
1 download 33322
1 download 33410
1 download 36022
1 download 37013
1 download 41615
1 download 43456
1 download 49680
1 download 52423
1 download 53193
1 download 55020
1 download 71636
1 download 77984
1 download 83918
1 testset 107867
1 testset 41898
1 testset 58012
1 testset 63355
2 taste_buddy 00176
2 taste_buddy 00342
2 taste_buddy 00097
2 taste_buddy 00457
2 taste_buddy 00272
2 taste_buddy 00939
2 taste_buddy 00248
2 taste_buddy 00207
2 taste_buddy 00726
2 taste_buddy 00484
