1 download 162637
1 download 186780
1 download 220036
1 download 22305
1 download 238970
1 download 262244
1 download 278574
1 download 29272
1 download 293312
1 download 29467
1 download 299470
1 download 30319
1 download 309565
1 download 319522
1 download 32179
1 download 321831
1 download 332722
1 download 335633
1 download 34100
1 download 351521
1 download 37006
1 download 39126
1 download 39818
1 download 44226
1 download 45717
1 download 46353
1 download 46796
1 download 88163
1 testset 165242
1 testset 227563
1 testset 29940
1 testset 30332
1 testset 309612
1 testset 334951
1 testset 348403
1 testset 34927
2 taste_buddy 00340
2 taste_buddy 00939
2 taste_buddy 00763
2 taste_buddy 00242
2 taste_buddy 00661
2 taste_buddy 00696
2 taste_buddy 00008
2 taste_buddy 00373
2 taste_buddy 00273
2 taste_buddy 00243
