1 download 116237
1 download 140827
1 download 192704
1 download 42913
1 download 441058
1 download 489744
1 download 489745
1 download 489746
1 download 489748
1 download 489754
1 download 489758
1 download 489759
1 download 489767
1 download 489772
1 download 489776
1 download 489783
1 download 500673
1 download 510286
1 download 513794
1 download 535453
1 testset 100712
1 testset 281061
1 testset 456946
1 testset 493538
1 testset 533719
2 taste_buddy 00788 4.000000
2 taste_buddy 00582 4.000000
2 taste_buddy 00286 4.000000
2 taste_buddy 00931 3.000000
2 taste_buddy 00637 1.000000
2 taste_buddy 00678 1.000000
2 taste_buddy 00457 1.000000
2 taste_buddy 00765 1.000000
2 taste_buddy 00443 1.000000
2 taste_buddy 00758 1.000000
2 taste_buddy 00264 1.000000
2 taste_buddy 00875 1.000000
2 taste_buddy 00734 1.000000
2 taste_buddy 00011 1.000000
2 taste_buddy 00291 1.000000
2 taste_buddy 00444 1.000000
