1 download 107960
1 download 135948
1 download 163233
1 download 251683
1 download 269327
1 download 32724
1 download 37370
1 download 39117
1 download 42097
1 download 50019
1 download 51910
1 download 57792
1 download 83270
1 testset 35869
1 testset 40031
1 testset 45470
1 testset 62367
2 taste_buddy 00493 2.000000
2 taste_buddy 00961 1.000000
2 taste_buddy 00775 1.000000
2 taste_buddy 00883 1.000000
2 taste_buddy 00035 1.000000
2 taste_buddy 00999 1.000000
2 taste_buddy 00095 1.000000
2 taste_buddy 00611 1.000000
2 taste_buddy 00951 1.000000
2 taste_buddy 00439 1.000000
2 taste_buddy 00131 1.000000
2 taste_buddy 00376 1.000000
2 taste_buddy 00479 1.000000
2 taste_buddy 00685 1.000000
