1 download 116961
1 download 29620
1 download 29892
1 download 30082
1 download 31785
1 download 32350
1 download 32475
1 download 37019
1 download 60753
1 download 74030
1 download 86267
1 download 86957
1 testset 30203
1 testset 36830
1 testset 71677
2 taste_buddy 00098 3.000000
2 taste_buddy 00248 3.000000
2 taste_buddy 00039 2.000000
2 taste_buddy 00913 2.000000
2 taste_buddy 00891 2.000000
2 taste_buddy 00716 2.000000
2 taste_buddy 00412 1.000000
2 taste_buddy 00689 1.000000
2 taste_buddy 00416 1.000000
2 taste_buddy 00729 1.000000
2 taste_buddy 00680 1.000000
2 taste_buddy 00151 1.000000
2 taste_buddy 00094 1.000000
2 taste_buddy 00391 1.000000
2 taste_buddy 00256 1.000000
2 taste_buddy 00850 1.000000
2 taste_buddy 00141 1.000000
2 taste_buddy 00698 1.000000
2 taste_buddy 00542 1.000000
2 taste_buddy 00543 1.000000
2 taste_buddy 00720 1.000000
2 taste_buddy 00757 1.000000
2 taste_buddy 00308 1.000000
2 taste_buddy 00148 1.000000
2 taste_buddy 00303 1.000000
2 taste_buddy 00028 1.000000
2 taste_buddy 00902 1.000000
2 taste_buddy 00927 1.000000
2 taste_buddy 00431 1.000000
2 taste_buddy 00669 1.000000
2 taste_buddy 00747 1.000000
2 taste_buddy 00980 1.000000
2 taste_buddy 00511 1.000000
2 taste_buddy 00133 1.000000
2 taste_buddy 00037 1.000000
2 taste_buddy 00978 1.000000
2 taste_buddy 00872 1.000000
2 taste_buddy 00595 1.000000
2 taste_buddy 00520 1.000000
2 taste_buddy 00321 1.000000
2 taste_buddy 00289 1.000000
2 taste_buddy 00288 1.000000
2 taste_buddy 00207 1.000000
2 taste_buddy 00200 1.000000
2 taste_buddy 00208 1.000000
2 taste_buddy 00049 1.000000
2 taste_buddy 00191 1.000000
2 taste_buddy 00527 1.000000
2 taste_buddy 00949 1.000000
2 taste_buddy 00353 1.000000
2 taste_buddy 00195 1.000000
2 taste_buddy 00640 1.000000
2 taste_buddy 00516 1.000000
2 taste_buddy 00296 1.000000
2 taste_buddy 00887 1.000000
2 taste_buddy 00590 1.000000
2 taste_buddy 00764 1.000000
2 taste_buddy 00454 1.000000
2 taste_buddy 00190 1.000000
2 taste_buddy 00450 1.000000
2 taste_buddy 00113 1.000000
2 taste_buddy 00054 1.000000
2 taste_buddy 00773 1.000000
2 taste_buddy 00185 1.000000
2 taste_buddy 00344 1.000000
2 taste_buddy 00104 1.000000
2 taste_buddy 00107 1.000000
2 taste_buddy 00783 1.000000
2 taste_buddy 00781 1.000000
2 taste_buddy 00943 1.000000
2 taste_buddy 00945 1.000000
2 taste_buddy 00823 1.000000
2 taste_buddy 00821 1.000000
2 taste_buddy 00374 1.000000
2 taste_buddy 00275 1.000000
2 taste_buddy 00270 1.000000
2 taste_buddy 00172 1.000000
2 taste_buddy 00831 1.000000
2 taste_buddy 00400 1.000000
2 taste_buddy 00939 1.000000
2 taste_buddy 00934 1.000000
2 taste_buddy 00739 1.000000
2 taste_buddy 00631 1.000000
2 taste_buddy 00638 1.000000
2 taste_buddy 00488 1.000000
2 taste_buddy 00003 1.000000
2 taste_buddy 00486 1.000000
