1 download 100502
1 download 136520
1 download 158281
1 download 1751
1 download 202126
1 download 202883
1 download 218402
1 download 225105
1 download 241432
1 download 241442
1 download 256399
1 download 271122
1 download 278574
1 download 29364
1 download 296670
1 download 307122
1 download 308025
1 download 311869
1 download 315020
1 download 318811
1 download 319225
1 download 323133
1 download 323210
1 download 32614
1 download 330314
1 download 331137
1 download 35188
1 download 35189
1 download 35190
1 download 35191
1 download 352574
1 download 354688
1 download 362289
1 download 362893
1 download 363094
1 download 363989
1 download 365922
1 download 366567
1 download 368961
1 download 368962
1 download 373260
1 download 374831
1 download 384714
1 download 393325
1 download 396924
1 download 397695
1 download 400915
1 download 401507
1 download 402307
1 download 404025
1 download 404075
1 download 404825
1 download 408475
1 download 408942
1 download 410179
1 download 413711
1 download 417007
1 download 420128
1 download 420893
1 download 423680
1 download 427684
1 download 430115
1 download 434208
1 download 437461
1 download 437473
1 download 438340
1 download 441301
1 download 447579
1 download 87136
1 download 89126
1 download 92438
1 testset 29617
1 testset 29618
1 testset 29653
1 testset 314343
1 testset 31658
1 testset 325545
1 testset 34218
1 testset 349600
1 testset 363513
1 testset 365472
1 testset 365495
1 testset 376745
1 testset 389102
1 testset 405956
1 testset 41380
1 testset 423870
1 testset 431046
1 testset 52213
2 taste_buddy 00468 9.000000
2 taste_buddy 00035 8.000000
2 taste_buddy 00235 8.000000
2 taste_buddy 00946 8.000000
2 taste_buddy 00696 7.000000
2 taste_buddy 00825 7.000000
2 taste_buddy 00350 6.000000
2 taste_buddy 00897 6.000000
2 taste_buddy 00635 6.000000
2 taste_buddy 00318 5.000000
2 taste_buddy 00150 5.000000
2 taste_buddy 00384 5.000000
2 taste_buddy 00763 5.000000
2 taste_buddy 00112 5.000000
2 taste_buddy 00051 5.000000
2 taste_buddy 00088 5.000000
