1 download 117711
1 download 29407
1 download 29990
1 download 30316
1 download 30347
1 download 30622
1 download 30977
1 download 31617
1 download 32197
1 download 32297
1 download 34109
1 download 35024
1 download 36452
1 download 38344
1 download 38795
1 download 40119
1 download 40283
1 download 50208
1 download 51563
1 download 53735
1 download 61456
1 download 62565
1 download 64031
1 download 64459
1 testset 151918
1 testset 21361
1 testset 29940
1 testset 30079
1 testset 32637
1 testset 43634
2 taste_buddy 00136
2 taste_buddy 00188
2 taste_buddy 00172
2 taste_buddy 00468
2 taste_buddy 00088
2 taste_buddy 00363
2 taste_buddy 00034
2 taste_buddy 00150
2 taste_buddy 00684
2 taste_buddy 00971
