1 download 1702
1 download 184043
1 download 22305
1 download 29272
1 download 29394
1 download 29467
1 download 30073
1 download 30753
1 download 30764
1 download 30776
1 download 30901
1 download 30976
1 download 32308
1 download 34409
1 download 53652
1 testset 30203
1 testset 30718
1 testset 36252
1 testset 38461
2 taste_buddy 00248 7.000000
2 taste_buddy 00273 6.000000
2 taste_buddy 00939 6.000000
2 taste_buddy 00901 5.000000
2 taste_buddy 00098 5.000000
2 taste_buddy 00661 5.000000
2 taste_buddy 00517 5.000000
2 taste_buddy 00243 5.000000
2 taste_buddy 00151 4.000000
2 taste_buddy 00715 4.000000
2 taste_buddy 00447 4.000000
2 taste_buddy 00739 4.000000
