1 download 130481
1 download 145238
1 download 29861
1 download 31236
1 download 31789
1 download 32799
1 download 35102
1 download 35880
1 download 35983
1 download 4105
1 download 42582
1 download 42756
1 download 46880
1 download 52363
1 download 53423
1 download 56353
1 download 572863
1 download 79540
1 download 829
1 download 85792
1 testset 151156
1 testset 30203
1 testset 34414
1 testset 46588
1 testset 54519
2 taste_buddy 00303 5.000000
2 taste_buddy 00980 4.000000
2 taste_buddy 00511 3.000000
2 taste_buddy 00370 3.000000
2 taste_buddy 00104 3.000000
2 taste_buddy 00223 2.000000
2 taste_buddy 00945 2.000000
2 taste_buddy 00790 2.000000
2 taste_buddy 00531 2.000000
2 taste_buddy 00413 2.000000
2 taste_buddy 00131 2.000000
2 taste_buddy 00256 2.000000
2 taste_buddy 00543 2.000000
2 taste_buddy 00816 2.000000
2 taste_buddy 00685 2.000000
2 taste_buddy 00661 2.000000
2 taste_buddy 00527 2.000000
2 taste_buddy 00043 2.000000
2 taste_buddy 00616 2.000000
