1 download 115143
1 download 30653
1 download 35604
1 download 44995
1 download 52382
1 download 69162
1 download 69943
1 download 75749
1 download 78246
1 download 80231
1 download 83148
1 download 86799
1 download 91614
1 testset 32633
1 testset 37341
1 testset 52318
1 testset 69949
2 taste_buddy 00635 2.000000
2 taste_buddy 00098 1.000000
2 taste_buddy 00591 1.000000
2 taste_buddy 00891 1.000000
2 taste_buddy 00552 1.000000
2 taste_buddy 00872 1.000000
2 taste_buddy 00864 1.000000
2 taste_buddy 00049 1.000000
2 taste_buddy 00273 1.000000
2 taste_buddy 00115 1.000000
2 taste_buddy 00765 1.000000
2 taste_buddy 00922 1.000000
