1 download 195218
1 download 211950
1 download 22305
1 download 284049
1 download 29271
1 download 30149
1 download 30223
1 download 30722
1 download 30788
1 download 322976
1 download 32308
1 download 33275
1 download 334172
1 download 33696
1 download 342854
1 download 350324
1 download 351161
1 download 36022
1 download 361428
1 download 364551
1 download 37013
1 download 381570
1 download 385754
1 download 388125
1 download 405867
1 download 408659
1 download 412472
1 download 424211
1 download 43403
1 download 439207
1 download 441109
1 download 460882
1 download 47589
1 download 48471
1 download 49504
1 download 52152
1 download 5959
1 download 63582
1 download 69025
1 download 78002
1 download 98367
1 testset 216511
1 testset 29940
1 testset 32637
1 testset 38900
1 testset 399736
1 testset 447230
1 testset 447730
1 testset 45779
1 testset 57198
1 testset 81663
1 testset 93547
2 taste_buddy 00098
2 taste_buddy 00494
2 taste_buddy 00039
2 taste_buddy 00939
2 taste_buddy 00248
2 taste_buddy 00661
2 taste_buddy 00680
2 taste_buddy 00151
2 taste_buddy 00853
2 taste_buddy 00901
