1 download 135492
1 download 138599
1 download 182091
1 download 29316
1 download 29745
1 download 321101
1 download 32852
1 download 65609
1 testset 32637
1 testset 78715
2 taste_buddy 00724 1.000000
2 taste_buddy 00924 1.000000
2 taste_buddy 00510 1.000000
2 taste_buddy 00625 1.000000
2 taste_buddy 00150 1.000000
2 taste_buddy 00702 1.000000
2 taste_buddy 00540 1.000000
2 taste_buddy 00276 1.000000
2 taste_buddy 00137 1.000000
2 taste_buddy 00491 1.000000
2 taste_buddy 00175 1.000000
2 taste_buddy 00979 1.000000
2 taste_buddy 00894 1.000000
2 taste_buddy 00733 1.000000
2 taste_buddy 00344 1.000000
2 taste_buddy 00525 1.000000
2 taste_buddy 00469 1.000000
2 taste_buddy 00303 1.000000
2 taste_buddy 00048 1.000000
2 taste_buddy 00025 1.000000
2 taste_buddy 00480 1.000000
2 taste_buddy 00042 1.000000
