1 download 106465
1 download 29335
1 download 29377
1 download 29539
1 download 30318
1 download 30334
1 download 30890
1 download 32106
1 download 32175
1 download 33105
1 download 33392
1 download 51207
1 testset 121694
1 testset 32568
1 testset 33098
1 testset 87709
2 taste_buddy 00894 3.000000
2 taste_buddy 00363 3.000000
2 taste_buddy 00150 2.000000
2 taste_buddy 00540 2.000000
2 taste_buddy 00303 2.000000
2 taste_buddy 00860 2.000000
2 taste_buddy 00535 2.000000
2 taste_buddy 00764 2.000000
2 taste_buddy 00966 2.000000
2 taste_buddy 00261 2.000000
2 taste_buddy 00376 2.000000
2 taste_buddy 00703 2.000000
2 taste_buddy 00632 2.000000
2 taste_buddy 00248 2.000000
2 taste_buddy 00167 2.000000
