1 download 126255
1 download 169927
1 download 19467
1 download 2016
1 download 29486
1 download 297778
1 download 29940
1 download 30104
1 download 30723
1 download 30768
1 download 36177
1 download 400101
1 download 40599
1 download 45014
1 download 49439
1 download 63824
1 testset 127727
1 testset 31096
1 testset 32153
1 testset 36815
2 taste_buddy 00969
2 taste_buddy 00720
2 taste_buddy 00243
2 taste_buddy 00494
2 taste_buddy 00531
2 taste_buddy 00907
2 taste_buddy 00430
2 taste_buddy 00098
2 taste_buddy 00039
2 taste_buddy 00005
