1 download 108683
1 download 11421
1 download 12053
1 download 12067
1 download 121367
1 download 12601
1 download 16539
1 download 17794
1 download 25375
1 download 29359
1 download 29384
1 download 29404
1 download 30214
1 download 30217
1 download 30634
1 download 30940
1 download 31558
1 download 32205
1 download 32783
1 download 32925
1 download 33441
1 download 33932
1 download 33933
1 download 33935
1 download 33991
1 download 35298
1 download 36817
1 download 36829
1 download 36911
1 download 37235
1 download 37694
1 download 40032
1 download 41217
1 download 41221
1 download 4492
1 download 4499
1 download 45517
1 download 54084
1 download 55569
1 download 55580
1 download 56848
1 download 67280
1 download 77953
1 download 79635
1 download 95385
1 download 9903
1 download 9904
1 download 9906
1 testset 19824
1 testset 21858
1 testset 29392
1 testset 30061
1 testset 30062
1 testset 30971
1 testset 32619
1 testset 33139
1 testset 35299
1 testset 35303
1 testset 72638
1 testset 8572
1 testset 98299
2 taste_buddy 00360 11.000000
2 taste_buddy 00256 8.000000
2 taste_buddy 00131 8.000000
2 taste_buddy 00150 7.000000
2 taste_buddy 00690 6.000000
2 taste_buddy 00303 6.000000
2 taste_buddy 00511 6.000000
2 taste_buddy 00179 6.000000
2 taste_buddy 00887 5.000000
2 taste_buddy 00088 5.000000
