1 download 119766
1 download 174180
1 download 196651
1 download 29389
1 download 29620
1 download 29809
1 download 30308
1 download 35860
1 download 36177
1 download 38124
1 download 38594
1 download 42582
1 download 44391
1 download 50015
1 download 51229
1 download 51901
1 download 52056
1 download 56579
1 download 62131
1 download 62427
1 download 71885
1 download 75859
1 download 77474
1 download 78854
1 download 80298
1 download 81897
1 download 86580
1 testset 29289
1 testset 30060
1 testset 30332
1 testset 32625
1 testset 37234
1 testset 37236
1 testset 52202
2 taste_buddy 00887 5.000000
2 taste_buddy 00619 3.000000
2 taste_buddy 00131 3.000000
2 taste_buddy 00945 3.000000
2 taste_buddy 00148 2.000000
2 taste_buddy 00999 2.000000
2 taste_buddy 00305 2.000000
2 taste_buddy 00303 2.000000
2 taste_buddy 00860 2.000000
2 taste_buddy 00527 2.000000
2 taste_buddy 00288 2.000000
2 taste_buddy 00283 2.000000
2 taste_buddy 00191 2.000000
2 taste_buddy 00516 2.000000
2 taste_buddy 00894 2.000000
2 taste_buddy 00783 2.000000
2 taste_buddy 00831 2.000000
2 taste_buddy 00638 2.000000
2 taste_buddy 00163 2.000000
2 taste_buddy 00248 2.000000
