1 download 18160
1 download 258853
1 download 29271
1 download 30082
1 download 30223
1 download 30700
1 download 31507
1 download 34729
1 download 35132
1 download 37646
1 download 40214
1 download 43405
1 download 46341
1 download 49441
1 download 52398
1 download 55056
1 download 55624
1 download 57434
1 download 64306
1 download 83654
1 testset 101873
1 testset 30708
1 testset 30718
1 testset 48759
1 testset 74105
2 taste_buddy 00098
2 taste_buddy 00872
2 taste_buddy 00891
2 taste_buddy 00450
2 taste_buddy 00680
2 taste_buddy 00151
2 taste_buddy 00850
2 taste_buddy 00939
2 taste_buddy 00303
2 taste_buddy 00901
