1 download 100517
1 download 15979
1 download 173098
1 download 19859
1 download 29335
1 download 29345
1 download 29373
1 download 29387
1 download 29403
1 download 29898
1 download 30004
1 download 30540
1 download 31056
1 download 31558
1 download 31912
1 download 32195
1 download 32521
1 download 32598
1 download 32627
1 download 36180
1 download 36999
1 download 38601
1 download 40194
1 download 40274
1 download 41995
1 download 42011
1 download 44487
1 download 45233
1 download 49453
1 download 51947
1 download 54714
1 download 57601
1 download 65665
1 download 76877
1 download 855
1 testset 30318
1 testset 31334
1 testset 35947
1 testset 37235
1 testset 41658
1 testset 46185
1 testset 48736
1 testset 53627
1 testset 63465
2 taste_buddy 00667 7.000000
2 taste_buddy 00376 6.000000
2 taste_buddy 00303 5.000000
2 taste_buddy 00150 4.000000
2 taste_buddy 00616 4.000000
2 taste_buddy 00131 4.000000
2 taste_buddy 00525 4.000000
2 taste_buddy 00088 4.000000
2 taste_buddy 00696 3.000000
2 taste_buddy 00860 3.000000
2 taste_buddy 00136 3.000000
2 taste_buddy 00350 3.000000
2 taste_buddy 00463 3.000000
2 taste_buddy 00100 3.000000
2 taste_buddy 00829 3.000000
2 taste_buddy 00374 3.000000
