1 download 129209
1 download 136417
1 download 151900
1 download 152221
1 download 199070
1 download 25548
1 download 29618
1 download 29654
1 download 29670
1 download 32350
1 download 32598
1 download 33035
1 download 33441
1 download 35024
1 download 35869
1 download 38683
1 download 38684
1 download 42758
1 download 45039
1 download 45344
1 download 48561
1 download 48562
1 download 51915
1 download 54714
1 download 56919
1 download 57440
1 download 57442
1 testset 29297
1 testset 2940
1 testset 30319
1 testset 31853
1 testset 39543
1 testset 43263
1 testset 87795
2 taste_buddy 00405
2 taste_buddy 00455
2 taste_buddy 00096
2 taste_buddy 00554
2 taste_buddy 00088
2 taste_buddy 00477
2 taste_buddy 00150
2 taste_buddy 00668
2 taste_buddy 00828
2 taste_buddy 00834
