1 download 108493
1 download 132106
1 download 134
1 download 22391
1 download 29394
1 download 29940
1 download 30723
1 download 31228
1 download 31736
1 download 32578
1 download 32579
1 download 33261
1 download 334118
1 download 33952
1 download 35908
1 download 53909
1 testset 29272
1 testset 30073
1 testset 32442
1 testset 32636
2 taste_buddy 00486
2 taste_buddy 00248
2 taste_buddy 00243
2 taste_buddy 00980
2 taste_buddy 00462
2 taste_buddy 00894
2 taste_buddy 00106
2 taste_buddy 00098
2 taste_buddy 00444
2 taste_buddy 00207
