1 download 107394
1 download 197607
1 download 331853
1 download 342112
1 download 345115
1 download 370923
1 download 402307
1 download 403870
1 download 418904
1 download 461409
1 download 467025
1 download 473369
1 download 483221
1 download 486031
1 download 488117
1 download 492197
1 download 493224
1 download 493497
1 download 499110
1 download 500503
1 testset 160382
1 testset 345203
1 testset 416881
1 testset 469364
1 testset 478070
2 taste_buddy 00707 6.000000
2 taste_buddy 00051 4.000000
2 taste_buddy 00875 4.000000
2 taste_buddy 00047 4.000000
2 taste_buddy 00470 3.000000
2 taste_buddy 00820 3.000000
2 taste_buddy 00574 3.000000
2 taste_buddy 00947 2.000000
2 taste_buddy 00350 2.000000
2 taste_buddy 00687 2.000000
2 taste_buddy 00318 2.000000
2 taste_buddy 00453 2.000000
2 taste_buddy 00313 2.000000
2 taste_buddy 00588 2.000000
2 taste_buddy 00384 2.000000
