1 download 151898
1 download 167143
1 download 178689
1 download 185569
1 download 206375
1 download 223700
1 download 233788
1 download 250054
1 download 256019
1 download 264727
1 download 270235
1 download 277986
1 download 280731
1 download 283203
1 download 295769
1 download 303203
1 download 319129
1 download 334848
1 download 335663
1 download 339973
1 download 342067
1 download 351280
1 download 353057
1 download 357591
1 download 360724
1 download 364828
1 download 365839
1 download 368961
1 download 368962
1 download 370476
1 download 378855
1 download 387812
1 download 388320
1 download 400470
1 download 408858
1 download 412603
1 download 416293
1 download 416872
1 download 419884
1 download 426631
1 download 429974
1 download 433432
1 download 443927
1 download 58031
1 testset 119676
1 testset 291308
1 testset 291322
1 testset 306424
1 testset 348799
1 testset 356147
1 testset 396397
1 testset 423157
1 testset 426989
1 testset 444097
1 testset 87831
2 taste_buddy 00602 18.000000
2 taste_buddy 00819 9.000000
2 taste_buddy 00359 8.000000
2 taste_buddy 00080 8.000000
2 taste_buddy 00529 6.000000
2 taste_buddy 00769 5.000000
2 taste_buddy 00031 4.000000
2 taste_buddy 00373 3.000000
2 taste_buddy 00351 2.000000
2 taste_buddy 00186 2.000000
2 taste_buddy 00615 2.000000
2 taste_buddy 00279 2.000000
