1 download 114893
1 download 126249
1 download 134178
1 download 150536
1 download 166045
1 download 215473
1 download 251442
1 download 256324
1 download 272319
1 download 27975
1 download 293160
1 download 294623
1 download 31647
1 download 33845
1 download 33942
1 download 346547
1 download 34875
1 download 36097
1 download 362136
1 download 36322
1 download 365010
1 download 365472
1 download 365839
1 download 367167
1 download 368224
1 download 369935
1 download 371075
1 download 374406
1 download 374561
1 download 381962
1 download 39960
1 download 42185
1 download 42346
1 download 69715
1 download 71972
1 download 73782
1 testset 101503
1 testset 146790
1 testset 186747
1 testset 252668
1 testset 267253
1 testset 32633
1 testset 366687
1 testset 372728
1 testset 372733
2 taste_buddy 00919
2 taste_buddy 00704
2 taste_buddy 00907
2 taste_buddy 00318
2 taste_buddy 00926
2 taste_buddy 00418
2 taste_buddy 00602
2 taste_buddy 00119
2 taste_buddy 00668
2 taste_buddy 00340
