1 download 140827
1 download 151491
1 download 259111
1 download 371176
1 download 435634
1 download 460880
1 download 493224
1 download 50646
1 download 522895
1 download 526282
1 download 533177
1 download 535771
1 download 546162
1 download 83115
1 download 89033
1 testset 247037
1 testset 311550
1 testset 339452
1 testset 382779
2 taste_buddy 00707
2 taste_buddy 00875
2 taste_buddy 00947
2 taste_buddy 00644
2 taste_buddy 00470
2 taste_buddy 00534
2 taste_buddy 00293
2 taste_buddy 00687
2 taste_buddy 00803
2 taste_buddy 00596
