1 download 38670
1 download 38671
1 download 38672
1 download 38673
1 download 38674
1 download 38676
1 download 38677
1 download 38678
1 download 38679
1 download 38680
1 download 38681
1 download 41632
1 download 41633
1 download 41635
1 download 41636
1 download 41637
1 download 41638
1 testset 30551
1 testset 313696
1 testset 41642
1 testset 41643
1 testset 41644
2 taste_buddy 00650
2 taste_buddy 00689
2 taste_buddy 00156
2 taste_buddy 00067
2 taste_buddy 00886
2 taste_buddy 00675
2 taste_buddy 00913
2 taste_buddy 00855
2 taste_buddy 00956
2 taste_buddy 00893
