1 download 226022
1 download 30168
1 download 30723
1 download 30840
1 download 31974
1 download 32154
1 download 35051
1 download 35503
1 download 39139
1 download 42953
1 download 57774
1 download 77654
1 testset 111707
1 testset 32316
1 testset 36890
1 testset 83518
2 taste_buddy 00956 3.000000
2 taste_buddy 00247 3.000000
2 taste_buddy 00003 3.000000
2 taste_buddy 00851 2.000000
2 taste_buddy 00431 2.000000
2 taste_buddy 00045 2.000000
2 taste_buddy 00511 2.000000
2 taste_buddy 00598 2.000000
2 taste_buddy 00653 2.000000
2 taste_buddy 00654 2.000000
2 taste_buddy 00266 2.000000
2 taste_buddy 00163 2.000000
2 taste_buddy 00164 2.000000
