1 download 1052
1 download 1134
1 download 119091
1 download 120402
1 download 184
1 download 2016
1 download 22305
1 download 27353
1 download 29253
1 download 29271
1 download 29348
1 download 29471
1 download 30111
1 download 30149
1 download 30223
1 download 30723
1 download 32308
1 download 32442
1 download 34827
1 download 35725
1 download 35880
1 download 39454
1 download 43921
1 download 46238
1 download 47954
1 download 48471
1 download 57523
1 download 61156
1 testset 29940
1 testset 30071
1 testset 30077
1 testset 30203
1 testset 30334
1 testset 34430
1 testset 39929
1 testset 39930
2 taste_buddy 00939
2 taste_buddy 00151
2 taste_buddy 00303
2 taste_buddy 00980
2 taste_buddy 00039
2 taste_buddy 00901
2 taste_buddy 00531
2 taste_buddy 00207
2 taste_buddy 00097
2 taste_buddy 00661
