1 download 15880
1 download 229663
1 download 258853
1 download 29271
1 download 30223
1 download 31449
1 download 32451
1 download 36022
1 download 36830
1 download 37019
1 download 39138
1 download 43239
1 download 43403
1 download 43421
1 download 46353
1 download 51664
1 download 52193
1 download 55056
1 download 84781
1 testset 139253
1 testset 2155
1 testset 30708
1 testset 51437
1 testset 86895
2 taste_buddy 00891
2 taste_buddy 00098
2 taste_buddy 00097
2 taste_buddy 00747
2 taste_buddy 00242
2 taste_buddy 00115
2 taste_buddy 00661
2 taste_buddy 00980
2 taste_buddy 00559
2 taste_buddy 00207
