1 download 107426
1 download 154754
1 download 156313
1 download 198734
1 download 205847
1 download 29253
1 download 32421
1 download 33823
1 download 37297
1 download 41828
1 download 44803
1 download 47440
1 download 47956
1 download 61243
1 download 64161
1 download 69935
1 download 70348
1 download 79167
1 download 79407
1 download 80053
1 download 81635
1 testset 30710
1 testset 34427
1 testset 40559
1 testset 57589
1 testset 61548
1 testset 80493
2 taste_buddy 00948
2 taste_buddy 00900
2 taste_buddy 00901
2 taste_buddy 00715
2 taste_buddy 00788
2 taste_buddy 00494
2 taste_buddy 00720
2 taste_buddy 00439
2 taste_buddy 00352
2 taste_buddy 00724
