1 download 106437
1 download 136650
1 download 176039
1 download 23339
1 download 30217
1 download 32416
1 download 34242
1 download 34425
1 download 38594
1 download 38769
1 download 53423
1 download 63561
1 download 94100
1 testset 20542
1 testset 26938
1 testset 53117
1 testset 73339
2 taste_buddy 00887 3.000000
2 taste_buddy 00790 3.000000
2 taste_buddy 00894 3.000000
2 taste_buddy 00303 3.000000
2 taste_buddy 00945 2.000000
2 taste_buddy 00511 2.000000
2 taste_buddy 00437 2.000000
2 taste_buddy 00150 2.000000
2 taste_buddy 00855 2.000000
2 taste_buddy 00956 2.000000
2 taste_buddy 00930 2.000000
2 taste_buddy 00468 2.000000
2 taste_buddy 00999 2.000000
