1 download 107419
1 download 109400
1 download 11395
1 download 134631
1 download 18367
1 download 191650
1 download 19495
1 download 218330
1 download 281403
1 download 29336
1 download 29892
1 download 30211
1 download 30353
1 download 30633
1 download 30957
1 download 31555
1 download 32195
1 download 32350
1 download 33448
1 download 34001
1 download 34850
1 download 36890
1 download 37409
1 download 38023
1 download 39897
1 download 41638
1 download 42243
1 download 43211
1 download 44693
1 download 45767
1 download 46006
1 download 46335
1 download 49587
1 download 58888
1 download 65106
1 download 70411
1 download 70417
1 download 73782
1 download 73911
1 download 74973
1 download 77668
1 download 78699
1 download 78792
1 testset 20867
1 testset 29303
1 testset 30201
1 testset 30335
1 testset 32253
1 testset 34925
1 testset 37104
1 testset 39544
1 testset 39791
1 testset 662396
1 testset 81343
2 taste_buddy 00870 4.000000
2 taste_buddy 00569 4.000000
2 taste_buddy 00028 3.000000
2 taste_buddy 00201 3.000000
2 taste_buddy 00054 3.000000
2 taste_buddy 00093 2.000000
2 taste_buddy 00308 2.000000
2 taste_buddy 00303 2.000000
2 taste_buddy 00661 2.000000
2 taste_buddy 00131 2.000000
2 taste_buddy 00973 2.000000
2 taste_buddy 00956 2.000000
2 taste_buddy 00177 2.000000
2 taste_buddy 00486 2.000000
