1 download 121836
1 download 17172
1 download 29271
1 download 29281
1 download 29386
1 download 29394
1 download 29467
1 download 29543
1 download 29617
1 download 30782
1 download 32442
1 download 32824
1 download 32987
1 download 33250
1 download 33355
1 download 33359
1 download 33382
1 download 33383
1 download 33384
1 download 33385
1 download 33586
1 download 33952
1 download 34530
1 download 34828
1 download 35606
1 download 38268
1 download 38472
1 download 40756
1 download 47722
1 download 50346
1 download 53904
1 download 54154
1 download 62981
1 download 70015
1 download 71962
1 download 78531
1 download 85540
1 download 87588
1 download 87635
1 download 87636
1 testset 31228
1 testset 31736
1 testset 31739
1 testset 32499
1 testset 33387
1 testset 33388
1 testset 33389
1 testset 37234
1 testset 37866
1 testset 43135
2 taste_buddy 00450 6.000000
2 taste_buddy 00243 6.000000
2 taste_buddy 00901 5.000000
2 taste_buddy 00098 5.000000
2 taste_buddy 00939 5.000000
2 taste_buddy 00894 5.000000
2 taste_buddy 00715 5.000000
2 taste_buddy 00273 5.000000
2 taste_buddy 00559 4.000000
2 taste_buddy 00151 4.000000
2 taste_buddy 00853 4.000000
2 taste_buddy 00426 4.000000
2 taste_buddy 00039 4.000000
2 taste_buddy 00462 4.000000
2 taste_buddy 00930 4.000000
2 taste_buddy 00248 4.000000
