1 download 102443
1 download 109277
1 download 117088
1 download 125157
1 download 128621
1 download 136521
1 download 170341
1 download 194206
1 download 202126
1 download 202883
1 download 205388
1 download 207970
1 download 208976
1 download 213735
1 download 219023
1 download 226192
1 download 2277
1 download 228388
1 download 232455
1 download 239747
1 download 241273
1 download 258445
1 download 259153
1 download 26186
1 download 26272
1 download 269684
1 download 270370
1 download 281102
1 download 281138
1 download 29272
1 download 29335
1 download 29362
1 download 29471
1 download 29708
1 download 297821
1 download 29990
1 download 30077
1 download 30316
1 download 30334
1 download 30723
1 download 30765
1 download 30782
1 download 31528
1 download 32264
1 download 32316
1 download 32521
1 download 32637
1 download 32807
1 download 32930
1 download 33103
1 download 33392
1 download 33524
1 download 34110
1 download 35100
1 download 35413
1 download 35874
1 download 37006
1 download 37464
1 download 38505
1 download 43914
1 download 44572
1 download 44839
1 download 45796
1 download 45802
1 download 47737
1 download 53361
1 download 53506
1 download 54154
1 download 54465
1 download 61995
1 download 65648
1 download 66679
1 download 72913
1 download 87944
1 testset 157159
1 testset 239579
1 testset 242162
1 testset 260596
1 testset 278505
1 testset 29617
1 testset 29618
1 testset 29686
1 testset 30156
1 testset 30169
1 testset 30203
1 testset 30204
1 testset 31658
1 testset 32155
1 testset 32176
1 testset 35729
1 testset 39929
1 testset 45517
1 testset 97736
2 taste_buddy 00150 7.000000
2 taste_buddy 00303 7.000000
2 taste_buddy 00860 6.000000
2 taste_buddy 00248 6.000000
2 taste_buddy 00088 5.000000
2 taste_buddy 00657 4.000000
2 taste_buddy 00468 4.000000
2 taste_buddy 00540 4.000000
2 taste_buddy 00387 4.000000
2 taste_buddy 00039 4.000000
2 taste_buddy 00203 4.000000
2 taste_buddy 00120 4.000000
2 taste_buddy 00045 4.000000
2 taste_buddy 00151 4.000000
2 taste_buddy 00769 4.000000
2 taste_buddy 00340 4.000000
2 taste_buddy 00346 4.000000
2 taste_buddy 00347 4.000000
2 taste_buddy 00946 4.000000
2 taste_buddy 00177 4.000000
