1 download 102441
1 download 1052
1 download 108155
1 download 110938
1 download 118617
1 download 119140
1 download 120687
1 download 12327
1 download 125230
1 download 134
1 download 150020
1 download 169797
1 download 171626
1 download 184
1 download 186
1 download 204926
1 download 21642
1 download 22306
1 download 22391
1 download 29271
1 download 29272
1 download 29273
1 download 29394
1 download 29940
1 download 30082
1 download 30223
1 download 30301
1 download 30722
1 download 30723
1 download 30755
1 download 30776
1 download 30782
1 download 31574
1 download 32308
1 download 32467
1 download 32475
1 download 32635
1 download 32637
1 download 32923
1 download 33303
1 download 33305
1 download 33314
1 download 33328
1 download 33535
1 download 33860
1 download 34827
1 download 34828
1 download 35506
1 download 35586
1 download 36022
1 download 3682
1 download 37003
1 download 38514
1 download 39938
1 download 40202
1 download 40601
1 download 40705
1 download 40726
1 download 41618
1 download 42224
1 download 42756
1 download 44270
1 download 44563
1 download 45575
1 download 45779
1 download 46191
1 download 46229
1 download 46234
1 download 4833
1 download 49948
1 download 50323
1 download 50561
1 download 52014
1 download 52086
1 download 54095
1 download 54195
1 download 55123
1 download 55605
1 download 55609
1 download 55617
1 download 55618
1 download 55622
1 download 55623
1 download 55624
1 download 55625
1 download 55627
1 download 55630
1 download 55632
1 download 57723
1 download 57775
1 download 581143
1 download 60777
1 download 61809
1 download 61814
1 download 62828
1 download 65024
1 download 66406
1 download 68163
1 download 69415
1 download 70348
1 download 70760
1 download 744
1 download 82570
1 download 832
1 download 84781
1 download 88934
1 download 89777
1 download 9572
1 testset 100313
1 testset 114142
1 testset 125930
1 testset 147354
1 testset 27081
1 testset 30104
1 testset 30718
1 testset 31142
1 testset 31740
1 testset 32161
1 testset 33248
1 testset 33435
1 testset 33690
1 testset 33715
1 testset 37343
1 testset 43453
1 testset 50168
1 testset 50244
1 testset 51631
1 testset 54715
1 testset 572849
1 testset 57310
1 testset 64068
1 testset 68587
1 testset 90554
1 testset 92071
1 testset 92072
2 taste_buddy 00654
2 taste_buddy 00939
2 taste_buddy 00248
2 taste_buddy 00098
2 taste_buddy 00661
2 taste_buddy 00273
2 taste_buddy 00039
2 taste_buddy 00243
2 taste_buddy 00450
2 taste_buddy 00207
