1 download 140937
1 download 151900
1 download 178548
1 download 179249
1 download 198136
1 download 217393
1 download 217568
1 download 254725
1 download 277986
1 download 291308
1 download 303203
1 download 303659
1 download 59124
1 testset 139451
1 testset 151898
1 testset 233788
1 testset 264921
2 taste_buddy 00080
2 taste_buddy 00769
2 taste_buddy 00819
2 taste_buddy 00518
2 taste_buddy 00096
2 taste_buddy 00369
2 taste_buddy 00359
2 taste_buddy 00284
2 taste_buddy 00341
2 taste_buddy 00132
