1 download 135492
1 download 171448
1 download 189198
1 download 263444
1 download 266848
1 download 315399
1 download 347683
1 download 347845
1 download 357423
1 download 36768
1 download 384418
1 download 42662
1 download 45968
1 download 51971
1 download 63013
1 download 87030
1 testset 114714
1 testset 339674
1 testset 37501
1 testset 47419
2 taste_buddy 00635 4.000000
2 taste_buddy 00503 3.000000
2 taste_buddy 00738 2.000000
2 taste_buddy 00297 1.000000
2 taste_buddy 00211 1.000000
2 taste_buddy 00214 1.000000
2 taste_buddy 00785 1.000000
2 taste_buddy 00710 1.000000
2 taste_buddy 00954 1.000000
2 taste_buddy 00674 1.000000
2 taste_buddy 00646 1.000000
2 taste_buddy 00340 1.000000
2 taste_buddy 00688 1.000000
2 taste_buddy 00655 1.000000
2 taste_buddy 00992 1.000000
2 taste_buddy 00359 1.000000
2 taste_buddy 00495 1.000000
2 taste_buddy 00512 1.000000
