1 download 104400
1 download 114716
1 download 12189
1 download 144053
1 download 144958
1 download 153783
1 download 155869
1 download 161818
1 download 25945
1 download 29358
1 download 29360
1 download 29364
1 download 29384
1 download 29390
1 download 29403
1 download 29406
1 download 29407
1 download 29534
1 download 29617
1 download 29869
1 download 29891
1 download 29892
1 download 30204
1 download 30310
1 download 30364
1 download 30535
1 download 30817
1 download 31196
1 download 31503
1 download 31914
1 download 32175
1 download 32604
1 download 32665
1 download 33082
1 download 33092
1 download 33097
1 download 33106
1 download 33201
1 download 33441
1 download 33714
1 download 35009
1 download 35232
1 download 35360
1 download 35702
1 download 35909
1 download 36252
1 download 38244
1 download 40624
1 download 41304
1 download 43210
1 download 43344
1 download 46490
1 download 46697
1 download 53506
1 download 54195
1 download 55199
1 download 57642
1 download 64982
1 download 67420
1 download 67427
1 download 67431
1 download 71518
1 download 77008
1 download 90694
1 testset 116927
1 testset 138494
1 testset 167789
1 testset 29296
1 testset 30070
1 testset 30073
1 testset 30079
1 testset 30328
1 testset 30333
1 testset 31740
1 testset 33456
1 testset 33772
1 testset 34218
1 testset 36263
1 testset 39073
1 testset 51187
2 taste_buddy 00088
2 taste_buddy 00303
2 taste_buddy 00860
2 taste_buddy 00136
2 taste_buddy 00468
2 taste_buddy 00696
2 taste_buddy 00382
2 taste_buddy 00350
2 taste_buddy 00894
2 taste_buddy 00437
