1 download 112536
1 download 136417
1 download 142424
1 download 145229
1 download 148622
1 download 148623
1 download 151900
1 download 152111
1 download 164234
1 download 170325
1 download 178689
1 download 179249
1 download 185573
1 download 187194
1 download 191904
1 download 196122
1 download 197618
1 download 205469
1 download 206943
1 download 217393
1 download 222822
1 download 232453
1 download 233788
1 download 240049
1 download 247599
1 download 249762
1 download 255927
1 download 256179
1 download 276555
1 download 277984
1 download 288709
1 download 29839
1 download 301328
1 download 30620
1 download 31255
1 download 316439
1 download 316532
1 download 334912
1 download 339973
1 download 348255
1 download 351280
1 download 356147
1 download 357696
1 download 360724
1 download 36120
1 download 364828
1 download 36817
1 download 368961
1 download 368962
1 download 375262
1 download 378882
1 download 400604
1 download 402977
1 download 40599
1 download 407381
1 download 41380
1 download 41600
1 download 42693
1 download 53198
1 download 59100
1 download 717
1 download 94362
1 testset 12573
1 testset 130978
1 testset 177649
1 testset 198136
1 testset 215017
1 testset 223996
1 testset 251238
1 testset 264811
1 testset 309743
1 testset 313330
1 testset 396539
1 testset 398965
1 testset 409079
1 testset 53117
1 testset 55161
1 testset 75126
2 taste_buddy 00031
2 taste_buddy 00518
2 taste_buddy 00819
2 taste_buddy 00769
2 taste_buddy 00359
2 taste_buddy 00096
2 taste_buddy 00387
2 taste_buddy 00212
2 taste_buddy 00001
2 taste_buddy 00197
