1 download 100502
1 download 130978
1 download 143639
1 download 152111
1 download 152276
1 download 167468
1 download 202126
1 download 213610
1 download 239952
1 download 243345
1 download 248628
1 download 258234
1 download 266023
1 download 287927
1 download 29617
1 download 301323
1 download 305331
1 download 32292
1 download 330514
1 download 334912
1 download 348101
1 download 348108
1 download 349600
1 download 352607
1 download 352859
1 download 353237
1 download 353602
1 download 355810
1 download 36823
1 download 41125
1 download 450341
1 download 475730
1 download 69549
1 download 78155
1 download 80313
1 testset 116580
1 testset 264425
1 testset 306279
1 testset 306813
1 testset 30954
1 testset 314343
1 testset 327796
1 testset 341880
1 testset 352383
2 taste_buddy 00088 5.000000
2 taste_buddy 00946 4.000000
2 taste_buddy 00696 3.000000
2 taste_buddy 00618 3.000000
2 taste_buddy 00668 3.000000
2 taste_buddy 00327 3.000000
2 taste_buddy 00880 3.000000
2 taste_buddy 00197 3.000000
2 taste_buddy 00623 3.000000
2 taste_buddy 00635 3.000000
