1 download 11728
1 download 122546
1 download 146317
1 download 150967
1 download 214327
1 download 30082
1 download 30223
1 download 31037
1 download 32308
1 download 32476
1 download 40369
1 download 51136
1 download 556676
1 download 66154
1 download 72524
1 download 7367
1 download 86047
1 download 97354
1 testset 14653
1 testset 231549
1 testset 23666
1 testset 30203
1 testset 53361
2 taste_buddy 00207
2 taste_buddy 00243
2 taste_buddy 00098
2 taste_buddy 00934
2 taste_buddy 00972
2 taste_buddy 00430
2 taste_buddy 00097
2 taste_buddy 00039
2 taste_buddy 00272
2 taste_buddy 00113
