1 download 121348
1 download 125400
1 download 13278
1 download 252613
1 download 29491
1 download 36277
1 download 36431
1 download 36766
1 download 45777
1 download 46606
1 download 49484
1 download 50443
1 download 53905
1 download 55622
1 download 60165
1 download 61541
1 download 61884
1 download 62515
1 download 69390
1 download 72101
1 download 78899
1 download 84803
1 download 84864
1 download 90956
1 testset 110972
1 testset 112880
1 testset 139260
1 testset 251244
1 testset 35281
1 testset 37499
1 testset 7710
2 taste_buddy 00135 2.000000
2 taste_buddy 00812 2.000000
2 taste_buddy 00507 2.000000
2 taste_buddy 00783 1.000000
2 taste_buddy 00477 1.000000
2 taste_buddy 00643 1.000000
2 taste_buddy 00885 1.000000
2 taste_buddy 00887 1.000000
2 taste_buddy 00151 1.000000
2 taste_buddy 00765 1.000000
2 taste_buddy 00986 1.000000
2 taste_buddy 00316 1.000000
2 taste_buddy 00705 1.000000
2 taste_buddy 00034 1.000000
2 taste_buddy 00695 1.000000
2 taste_buddy 00793 1.000000
2 taste_buddy 00975 1.000000
2 taste_buddy 00956 1.000000
2 taste_buddy 00199 1.000000
2 taste_buddy 00321 1.000000
2 taste_buddy 00182 1.000000
2 taste_buddy 00409 1.000000
2 taste_buddy 00930 1.000000
2 taste_buddy 00993 1.000000
2 taste_buddy 00089 1.000000
2 taste_buddy 00677 1.000000
2 taste_buddy 00577 1.000000
2 taste_buddy 00046 1.000000
