1 download 104759
1 download 29281
1 download 29940
1 download 30334
1 download 30706
1 download 31983
1 download 32160
1 download 32304
1 download 33456
1 download 34515
1 download 34841
1 download 81137
1 download 82806
1 testset 30111
1 testset 32636
1 testset 35646
1 testset 91963
2 taste_buddy 00531 4.000000
2 taste_buddy 00039 4.000000
2 taste_buddy 00860 2.000000
2 taste_buddy 00726 2.000000
2 taste_buddy 00378 2.000000
2 taste_buddy 00098 2.000000
2 taste_buddy 00821 2.000000
2 taste_buddy 00105 2.000000
2 taste_buddy 00980 2.000000
2 taste_buddy 00393 2.000000
2 taste_buddy 00347 2.000000
2 taste_buddy 00881 2.000000
2 taste_buddy 00769 2.000000
2 taste_buddy 00243 2.000000
2 taste_buddy 00248 2.000000
2 taste_buddy 00353 2.000000
