1 download 14396
1 download 27186
1 download 282667
1 download 29271
1 download 29272
1 download 29273
1 download 29281
1 download 29386
1 download 29394
1 download 29467
1 download 29940
1 download 30149
1 download 30223
1 download 30628
1 download 30723
1 download 30776
1 download 31507
1 download 31739
1 download 32156
1 download 32308
1 download 32442
1 download 32476
1 download 33314
1 download 35133
1 download 35646
1 download 41613
1 download 43422
1 download 44816
1 download 52098
1 download 55627
1 download 57601
1 download 70662
1 testset 28777
1 testset 30073
1 testset 30203
1 testset 30317
1 testset 30334
1 testset 31736
1 testset 32497
1 testset 52084
1 testset 52086
2 taste_buddy 00939 15.000000
2 taste_buddy 00248 14.000000
2 taste_buddy 00273 12.000000
2 taste_buddy 00151 11.000000
2 taste_buddy 00098 11.000000
2 taste_buddy 00661 11.000000
2 taste_buddy 00901 9.000000
2 taste_buddy 00450 9.000000
2 taste_buddy 00207 9.000000
2 taste_buddy 00430 9.000000
