1 download 126737
1 download 13979
1 download 162637
1 download 170056
1 download 189897
1 download 191716
1 download 265753
1 download 282573
1 download 302169
1 download 311104
1 download 32299
1 download 325457
1 download 333359
1 download 340548
1 download 342802
1 download 34338
1 download 343479
1 download 365188
1 download 366887
1 download 370434
1 download 372266
1 download 372275
1 download 381277
1 download 39940
1 download 417863
1 download 59070
1 download 67431
1 download 96482
1 testset 167789
1 testset 30079
1 testset 30204
1 testset 337913
1 testset 340862
1 testset 366063
1 testset 422525
1 testset 80231
2 taste_buddy 00953
2 taste_buddy 00510
2 taste_buddy 00340
2 taste_buddy 00444
2 taste_buddy 00216
2 taste_buddy 00888
2 taste_buddy 00587
2 taste_buddy 00907
2 taste_buddy 00007
2 taste_buddy 00548
