1 download 129815
1 download 159044
1 download 170341
1 download 181917
1 download 218402
1 download 219524
1 download 235987
1 download 252060
1 download 254013
1 download 264443
1 download 274866
1 download 282206
1 download 29253
1 download 29272
1 download 29316
1 download 29377
1 download 294176
1 download 30111
1 download 30199
1 download 30535
1 download 30723
1 download 31507
1 download 31658
1 download 346808
1 download 350307
1 download 350869
1 download 353152
1 download 353737
1 download 35401
1 download 36386
1 download 38226
1 download 411165
1 download 44584
1 download 64598
1 testset 153598
1 testset 213610
1 testset 30073
1 testset 30203
1 testset 31740
1 testset 32617
1 testset 39805
1 testset 414839
1 testset 53361
2 taste_buddy 00730
2 taste_buddy 00894
2 taste_buddy 00715
2 taste_buddy 00724
2 taste_buddy 00853
2 taste_buddy 00413
2 taste_buddy 00559
2 taste_buddy 00444
2 taste_buddy 00273
2 taste_buddy 00939
