1 download 125736
1 download 152212
1 download 152239
1 download 152937
1 download 153289
1 download 156012
1 download 29892
1 download 30156
1 download 30535
1 download 31507
1 download 31572
1 download 33783
1 download 39475
1 download 46697
1 download 53361
1 download 85
1 testset 30204
1 testset 32442
1 testset 36831
1 testset 58809
1 testset 59839
2 taste_buddy 00715
2 taste_buddy 00481
2 taste_buddy 00590
2 taste_buddy 00289
2 taste_buddy 00447
2 taste_buddy 00042
2 taste_buddy 00321
2 taste_buddy 00486
2 taste_buddy 00414
2 taste_buddy 00981
