1 download 12327
1 download 2118
1 download 235657
1 download 31744
1 download 320556
1 download 322976
1 download 334172
1 download 339331
1 download 340281
1 download 340548
1 download 34349
1 download 35009
1 download 361278
1 download 361958
1 download 365188
1 download 36964
1 download 370434
1 download 372266
1 download 379729
1 download 39073
1 download 39467
1 download 39945
1 download 39949
1 download 40726
1 download 447795
1 download 447878
1 download 450828
1 download 45361
1 download 46429
1 download 48266
1 download 4833
1 download 49437
1 download 51474
1 download 51530
1 download 53081
1 download 59834
1 download 69025
1 download 7007
1 download 78303
1 download 84518
1 download 87382
1 download 87944
1 download 88909
1 download 93687
1 download 97622
1 download 98367
1 testset 32637
1 testset 350324
1 testset 361959
1 testset 38900
1 testset 447730
1 testset 451827
1 testset 46329
1 testset 47589
1 testset 48616
1 testset 50168
1 testset 67431
1 testset 89062
2 taste_buddy 00699
2 taste_buddy 00340
2 taste_buddy 00553
2 taste_buddy 00097
2 taste_buddy 00593
2 taste_buddy 00151
2 taste_buddy 00720
2 taste_buddy 00602
2 taste_buddy 00092
2 taste_buddy 00012
