1 download 101338
1 download 107860
1 download 109082
1 download 13902
1 download 146998
1 download 154754
1 download 178946
1 download 18195
1 download 201367
1 download 20913
1 download 233285
1 download 255137
1 download 27873
1 download 29490
1 download 30107
1 download 30565
1 download 32043
1 download 32044
1 download 32405
1 download 333019
1 download 33820
1 download 36912
1 download 38019
1 download 40418
1 download 4105
1 download 41827
1 download 418643
1 download 49078
1 download 53010
1 download 54301
1 download 54558
1 download 56900
1 download 57774
1 download 57792
1 download 593059
1 download 594134
1 download 59865
1 download 6201
1 download 63616
1 download 64175
1 download 66238
1 download 68097
1 download 69933
1 download 74057
1 download 77591
1 download 79021
1 download 80656
1 download 81495
1 download 82702
1 download 83111
1 download 83112
1 download 83113
1 download 85792
1 download 86605
1 download 89104
1 download 90018
1 testset 115184
1 testset 115185
1 testset 145791
1 testset 159335
1 testset 226022
1 testset 232083
1 testset 29930
1 testset 39798
1 testset 418644
1 testset 4459
1 testset 61932
1 testset 69531
1 testset 71026
1 testset 83832
2 taste_buddy 00055 7.000000
2 taste_buddy 00949 4.000000
2 taste_buddy 00352 2.000000
2 taste_buddy 00252 2.000000
2 taste_buddy 00713 2.000000
2 taste_buddy 00477 2.000000
2 taste_buddy 00246 2.000000
2 taste_buddy 00963 1.000000
2 taste_buddy 00723 1.000000
2 taste_buddy 00431 1.000000
2 taste_buddy 00478 1.000000
2 taste_buddy 00512 1.000000
2 taste_buddy 00648 1.000000
2 taste_buddy 00179 1.000000
2 taste_buddy 00349 1.000000
2 taste_buddy 00387 1.000000
2 taste_buddy 00218 1.000000
2 taste_buddy 00094 1.000000
2 taste_buddy 00550 1.000000
2 taste_buddy 00980 1.000000
2 taste_buddy 00384 1.000000
2 taste_buddy 00762 1.000000
2 taste_buddy 00749 1.000000
2 taste_buddy 00395 1.000000
2 taste_buddy 00492 1.000000
2 taste_buddy 00493 1.000000
2 taste_buddy 00037 1.000000
2 taste_buddy 00975 1.000000
2 taste_buddy 00796 1.000000
2 taste_buddy 00870 1.000000
2 taste_buddy 00955 1.000000
2 taste_buddy 00221 1.000000
2 taste_buddy 00526 1.000000
2 taste_buddy 00527 1.000000
2 taste_buddy 00656 1.000000
2 taste_buddy 00543 1.000000
2 taste_buddy 00424 1.000000
2 taste_buddy 00932 1.000000
2 taste_buddy 00993 1.000000
2 taste_buddy 00205 1.000000
2 taste_buddy 00751 1.000000
2 taste_buddy 00775 1.000000
2 taste_buddy 00147 1.000000
2 taste_buddy 00444 1.000000
2 taste_buddy 00617 1.000000
2 taste_buddy 00562 1.000000
2 taste_buddy 00303 1.000000
2 taste_buddy 00209 1.000000
2 taste_buddy 00228 1.000000
2 taste_buddy 00124 1.000000
2 taste_buddy 00104 1.000000
2 taste_buddy 00223 1.000000
2 taste_buddy 00222 1.000000
2 taste_buddy 00486 1.000000
