1 download 105133
1 download 125736
1 download 144181
1 download 147804
1 download 16608
1 download 40598
1 download 4105
1 download 41618
1 download 44563
1 download 47546
1 download 47551
1 download 47565
1 download 47569
1 download 6437
1 download 962
1 testset 30714
1 testset 31557
1 testset 47547
1 testset 47580
2 taste_buddy 00151
2 taste_buddy 00526
2 taste_buddy 00190
2 taste_buddy 00223
2 taste_buddy 00969
2 taste_buddy 00299
2 taste_buddy 00792
2 taste_buddy 00724
2 taste_buddy 00685
2 taste_buddy 00559
