1 download 100148
1 download 29611
1 download 29689
1 download 29940
1 download 30156
1 download 30723
1 download 30782
1 download 31531
1 download 31540
1 download 34158
1 download 34273
1 download 38923
1 download 40359
1 download 58828
1 download 76321
1 download 77138
1 testset 106333
1 testset 29467
1 testset 30069
1 testset 33790
1 testset 786
2 taste_buddy 00715
2 taste_buddy 00457
2 taste_buddy 00450
2 taste_buddy 00486
2 taste_buddy 00526
2 taste_buddy 00980
2 taste_buddy 00907
2 taste_buddy 00430
2 taste_buddy 00985
2 taste_buddy 00289
