1 download 103462
1 download 115808
1 download 141103
1 download 152709
1 download 158281
1 download 190561
1 download 191904
1 download 245591
1 download 251283
1 download 29829
1 download 32205
1 download 34095
1 download 38245
1 download 46389
1 download 47580
1 download 61233
1 download 6201
1 download 66619
1 download 71640
1 testset 129209
1 testset 212987
1 testset 228206
1 testset 33783
1 testset 58472
2 taste_buddy 00540 3.000000
2 taste_buddy 00468 3.000000
2 taste_buddy 00632 2.000000
2 taste_buddy 00946 2.000000
2 taste_buddy 00375 2.000000
2 taste_buddy 00373 2.000000
2 taste_buddy 00150 2.000000
2 taste_buddy 00957 2.000000
2 taste_buddy 00894 2.000000
2 taste_buddy 00477 2.000000
2 taste_buddy 00635 2.000000
2 taste_buddy 00860 2.000000
2 taste_buddy 00303 2.000000
2 taste_buddy 00268 2.000000
