1 download 104326
1 download 399397
1 download 408296
1 download 458312
1 download 471335
1 download 480162
1 download 480217
1 download 480435
1 download 480457
1 download 482971
1 download 484053
1 download 486550
1 download 486557
1 download 486563
1 download 486565
1 download 486568
1 download 486571
1 download 489362
1 download 489633
1 download 490049
1 download 490400
1 download 493470
1 download 493895
1 download 495083
1 download 495084
1 download 495396
1 download 498281
1 download 498457
1 download 498873
1 download 499861
1 download 510129
1 download 510130
1 download 510132
1 download 510134
1 download 510140
1 download 62258
1 testset 484728
1 testset 484729
1 testset 485758
1 testset 49259
1 testset 49260
1 testset 495988
1 testset 499068
1 testset 505578
1 testset 505585
1 testset 79606
2 taste_buddy 00536 22.000000
2 taste_buddy 00521 6.000000
2 taste_buddy 00417 2.000000
2 taste_buddy 00949 1.000000
2 taste_buddy 00743 1.000000
2 taste_buddy 00077 1.000000
