1 download 110944
1 download 181677
1 download 29762
1 download 29940
1 download 30188
1 download 30223
1 download 31041
1 download 32635
1 download 35190
1 download 41636
1 download 43617
1 download 48302
1 download 53463
1 download 78090
1 download 81326
1 download 95444
1 testset 29316
1 testset 30168
1 testset 37083
1 testset 68572
2 taste_buddy 00151
2 taste_buddy 00243
2 taste_buddy 00450
2 taste_buddy 00184
2 taste_buddy 00661
2 taste_buddy 00980
2 taste_buddy 00531
2 taste_buddy 00430
2 taste_buddy 00098
2 taste_buddy 00039
