1 download 101913
1 download 115476
1 download 126382
1 download 137800
1 download 20311
1 download 208444
1 download 29770
1 download 30887
1 download 30897
1 download 31041
1 download 32621
1 download 33866
1 download 33948
1 download 35243
1 download 38105
1 download 385298
1 download 38571
1 download 40517
1 download 42185
1 download 46546
1 download 47183
1 download 47419
1 download 56919
1 download 58059
1 download 65673
1 download 69579
1 download 71972
1 download 73667
1 download 73782
1 download 73887
1 download 74636
1 download 77011
1 download 82480
1 download 93875
1 testset 102266
1 testset 115582
1 testset 116958
1 testset 117611
1 testset 117614
1 testset 117617
1 testset 232029
1 testset 33892
1 testset 67565
2 taste_buddy 00719
2 taste_buddy 00612
2 taste_buddy 00900
2 taste_buddy 00835
2 taste_buddy 00972
2 taste_buddy 00232
2 taste_buddy 00325
2 taste_buddy 00808
2 taste_buddy 00721
2 taste_buddy 00928
