1 download 105620
1 download 111239
1 download 112146
1 download 133030
1 download 134622
1 download 21305
1 download 29272
1 download 29620
1 download 30723
1 download 31531
1 download 31647
1 download 32442
1 download 32449
1 download 35644
1 download 35647
1 download 38022
1 download 49073
1 download 49078
1 download 50588
1 download 51136
1 download 51138
1 download 57786
1 download 59555
1 download 75619
1 download 77654
1 download 81449
1 download 81504
1 download 90473
1 testset 123107
1 testset 146790
1 testset 245611
1 testset 30840
1 testset 46697
1 testset 61932
1 testset 68087
2 taste_buddy 00037
2 taste_buddy 00969
2 taste_buddy 00939
2 taste_buddy 00980
2 taste_buddy 00724
2 taste_buddy 00853
2 taste_buddy 00850
2 taste_buddy 00303
2 taste_buddy 00039
2 taste_buddy 00207
