1 download 136521
1 download 151909
1 download 234540
1 download 235816
1 download 257991
1 download 260071
1 download 267742
1 download 29404
1 download 30221
1 download 30723
1 download 31658
1 download 32156
1 download 32175
1 download 32176
1 download 32314
1 download 32721
1 download 33441
1 download 33991
1 download 36793
1 download 37174
1 download 38594
1 download 39604
1 download 44514
1 download 46413
1 download 56539
1 download 58290
1 download 9226
1 download 96567
1 testset 159214
1 testset 211704
1 testset 30060
1 testset 30063
1 testset 30317
1 testset 30334
1 testset 33783
2 taste_buddy 00150 5.000000
2 taste_buddy 00303 5.000000
2 taste_buddy 00887 5.000000
2 taste_buddy 00468 5.000000
2 taste_buddy 00088 5.000000
2 taste_buddy 00076 4.000000
2 taste_buddy 00820 4.000000
2 taste_buddy 00096 3.000000
2 taste_buddy 00016 3.000000
2 taste_buddy 00548 3.000000
2 taste_buddy 00305 3.000000
2 taste_buddy 00382 3.000000
2 taste_buddy 00131 3.000000
2 taste_buddy 00945 3.000000
2 taste_buddy 00946 3.000000
2 taste_buddy 00477 3.000000
2 taste_buddy 00379 3.000000
2 taste_buddy 00373 3.000000
