1 download 12386
1 download 134439
1 download 136669
1 download 136670
1 download 137538
1 download 162742
1 download 171657
1 download 190211
1 download 24965
1 download 292003
1 download 308379
1 download 32046
1 download 32353
1 download 35042
1 download 35727
1 download 35869
1 download 37526
1 download 38705
1 download 395929
1 download 43432
1 download 43712
1 download 46751
1 download 47896
1 download 47930
1 download 50653
1 download 52214
1 download 57906
1 download 59784
1 download 61265
1 download 62142
1 download 62144
1 download 627597
1 download 631343
1 download 649871
1 download 65674
1 download 67999
1 download 68014
1 download 68018
1 download 76288
1 download 77899
1 download 89787
1 download 94922
1 testset 111999
1 testset 18275
1 testset 35045
1 testset 35051
1 testset 37094
1 testset 37750
1 testset 40564
1 testset 41658
1 testset 57580
1 testset 90236
1 testset 98107
2 taste_buddy 00878
2 taste_buddy 00145
2 taste_buddy 00514
2 taste_buddy 00975
2 taste_buddy 00958
2 taste_buddy 00420
2 taste_buddy 00948
2 taste_buddy 00712
2 taste_buddy 00846
2 taste_buddy 00689
