1 download 254424
1 download 255963
1 download 283352
1 download 29442
1 download 29892
1 download 30111
1 download 30199
1 download 30272
1 download 32308
1 download 33456
1 download 34515
1 download 35617
1 download 39287
1 download 41465
1 download 68600
1 download 9253
1 testset 30073
1 testset 30335
1 testset 32635
1 testset 35001
1 testset 35165
2 taste_buddy 00639
2 taste_buddy 00729
2 taste_buddy 00303
2 taste_buddy 00413
2 taste_buddy 00410
2 taste_buddy 00552
2 taste_buddy 00256
2 taste_buddy 00494
2 taste_buddy 00853
2 taste_buddy 00228
