1 download 100502
1 download 117711
1 download 12819
1 download 12820
1 download 132515
1 download 136521
1 download 151900
1 download 152221
1 download 167822
1 download 16795
1 download 1752
1 download 179249
1 download 194384
1 download 19685
1 download 202126
1 download 202883
1 download 20553
1 download 21925
1 download 2194
1 download 233788
1 download 235816
1 download 245673
1 download 249762
1 download 26149
1 download 27096
1 download 2776
1 download 277984
1 download 28259
1 download 288
1 download 29384
1 download 31659
1 download 33441
1 download 41223
1 download 41224
1 download 41995
1 download 45830
1 download 45834
1 download 60112
1 download 65238
1 download 66911
1 download 8100
1 download 8484
1 download 91430
1 download 95385
1 testset 151912
1 testset 152016
1 testset 15593
1 testset 158281
1 testset 198136
1 testset 2277
1 testset 231538
1 testset 264811
1 testset 30079
1 testset 41219
1 testset 98835
2 taste_buddy 00563
2 taste_buddy 00468
2 taste_buddy 00946
2 taste_buddy 00088
2 taste_buddy 00080
2 taste_buddy 00668
2 taste_buddy 00031
2 taste_buddy 00150
2 taste_buddy 00623
2 taste_buddy 00327
