1 download 107058
1 download 107059
1 download 109158
1 download 111813
1 download 194206
1 download 233788
1 download 245899
1 download 249877
1 download 264727
1 download 277984
1 download 291308
1 download 303203
1 download 339973
1 download 351280
1 download 357092
1 download 360724
1 download 361547
1 download 36332
1 download 364828
1 download 368961
1 download 37277
1 download 51971
1 download 62730
1 download 64031
1 download 78784
1 download 90067
1 download 99498
1 testset 184560
1 testset 27519
1 testset 279021
1 testset 356147
1 testset 63477
1 testset 84846
1 testset 89334
2 taste_buddy 00518
2 taste_buddy 00769
2 taste_buddy 00080
2 taste_buddy 00132
2 taste_buddy 00819
2 taste_buddy 00365
2 taste_buddy 00096
2 taste_buddy 00609
2 taste_buddy 00031
2 taste_buddy 00369
