1 download 19859
1 download 29297
1 download 29359
1 download 29360
1 download 29362
1 download 29390
1 download 29407
1 download 29411
1 download 29617
1 download 29891
1 download 30004
1 download 30109
1 download 30357
1 download 30358
1 download 31152
1 download 32311
1 download 32516
1 download 32521
1 download 32603
1 download 32611
1 download 33101
1 download 33106
1 download 33753
1 download 34774
1 download 35232
1 download 35359
1 download 36021
1 download 38795
1 download 39060
1 download 40579
1 download 40620
1 download 41768
1 download 46648
1 download 4817
1 download 51352
1 download 54462
1 download 55256
1 download 59784
1 download 65664
1 download 69188
1 testset 29285
1 testset 29299
1 testset 30316
1 testset 30318
1 testset 30319
1 testset 30328
1 testset 30333
1 testset 40422
1 testset 46546
1 testset 56934
1 testset 72689
2 taste_buddy 00696 7.000000
2 taste_buddy 00590 7.000000
2 taste_buddy 00468 7.000000
2 taste_buddy 00088 7.000000
2 taste_buddy 00188 5.000000
2 taste_buddy 00270 5.000000
2 taste_buddy 00303 4.000000
2 taste_buddy 00860 4.000000
2 taste_buddy 00667 4.000000
2 taste_buddy 00525 4.000000
2 taste_buddy 00887 4.000000
