1 download 202883
1 download 29296
1 download 29390
1 download 29618
1 download 29998
1 download 300005
1 download 325762
1 download 335887
1 download 34667
1 download 363821
1 download 379338
1 download 43920
1 testset 30063
1 testset 30079
1 testset 336056
1 testset 52217
2 taste_buddy 00946 3.000000
2 taste_buddy 00064 2.000000
2 taste_buddy 00318 2.000000
2 taste_buddy 00554 2.000000
2 taste_buddy 00820 2.000000
2 taste_buddy 00054 2.000000
2 taste_buddy 00835 2.000000
2 taste_buddy 00696 2.000000
2 taste_buddy 00880 2.000000
2 taste_buddy 00468 2.000000
2 taste_buddy 00632 2.000000
2 taste_buddy 00635 2.000000
2 taste_buddy 00386 2.000000
2 taste_buddy 00384 2.000000
