1 download 102279
1 download 102816
1 download 121865
1 download 12729
1 download 177610
1 download 23339
1 download 29253
1 download 30480
1 download 30723
1 download 31748
1 download 35008
1 download 49505
1 download 70825
1 download 79926
1 download 83906
1 download 85
1 testset 32639
1 testset 596804
1 testset 67896
1 testset 75738
2 taste_buddy 00671
2 taste_buddy 00980
2 taste_buddy 00724
2 taste_buddy 00494
2 taste_buddy 00028
2 taste_buddy 00534
2 taste_buddy 00039
2 taste_buddy 00037
2 taste_buddy 00042
2 taste_buddy 00969
