1 download 281061
1 download 33261
1 download 361413
1 download 394727
1 download 441058
1 download 478368
1 download 489748
1 download 489772
1 download 510286
1 testset 140827
1 testset 489759
1 testset 533274
2 taste_buddy 00331 4.000000
2 taste_buddy 00576 3.000000
2 taste_buddy 00286 2.000000
2 taste_buddy 00788 1.000000
2 taste_buddy 00758 1.000000
2 taste_buddy 00686 1.000000
2 taste_buddy 00184 1.000000
2 taste_buddy 00117 1.000000
2 taste_buddy 00528 1.000000
2 taste_buddy 00561 1.000000
2 taste_buddy 00485 1.000000
