1 download 108412
1 download 11315
1 download 18100
1 download 29272
1 download 29892
1 download 29940
1 download 34434
1 download 35288
1 download 35586
1 download 39449
1 download 52405
1 download 744
1 download 99282
1 testset 16437
1 testset 32442
1 testset 32636
1 testset 34841
2 taste_buddy 00151 4.000000
2 taste_buddy 00344 3.000000
2 taste_buddy 00934 3.000000
2 taste_buddy 00248 3.000000
2 taste_buddy 00600 2.000000
2 taste_buddy 00980 2.000000
2 taste_buddy 00039 2.000000
2 taste_buddy 00321 2.000000
2 taste_buddy 00098 2.000000
2 taste_buddy 00402 2.000000
2 taste_buddy 00739 2.000000
2 taste_buddy 00243 2.000000
2 taste_buddy 00661 2.000000
