1 download 192
1 download 217076
1 download 247320
1 download 29892
1 download 30782
1 download 31507
1 download 32442
1 download 35102
1 download 35301
1 download 35880
1 download 37008
1 download 37203
1 download 37212
1 download 43466
1 download 52013
1 download 59187
1 download 65024
1 download 65985
1 download 85792
1 testset 29940
1 testset 30203
1 testset 30334
1 testset 37011
1 testset 58108
2 taste_buddy 00980
2 taste_buddy 00934
2 taste_buddy 00413
2 taste_buddy 00527
2 taste_buddy 00816
2 taste_buddy 00985
2 taste_buddy 00342
2 taste_buddy 00207
2 taste_buddy 00531
2 taste_buddy 00775
