1 download 11042
1 download 11315
1 download 16429
1 download 16587
1 download 16588
1 download 166840
1 download 25505
1 download 25874
1 download 26447
1 download 2729
1 download 3879
1 download 397699
1 download 451
1 download 474
1 download 484
1 download 571018
1 download 8713
1 testset 25854
1 testset 26106
1 testset 27496
1 testset 3051
1 testset 486
2 taste_buddy 00299 6.000000
2 taste_buddy 00663 3.000000
2 taste_buddy 00053 2.000000
2 taste_buddy 00249 2.000000
2 taste_buddy 00906 1.000000
2 taste_buddy 00883 1.000000
2 taste_buddy 00587 1.000000
2 taste_buddy 00552 1.000000
2 taste_buddy 00127 1.000000
2 taste_buddy 00391 1.000000
2 taste_buddy 00911 1.000000
2 taste_buddy 00176 1.000000
