1 download 116217
1 download 124677
1 download 151918
1 download 29390
1 download 29825
1 download 30061
1 download 30079
1 download 30765
1 download 34434
1 download 35894
1 download 39467
1 download 54704
1 download 57602
1 download 60986
1 download 81250
1 testset 130978
1 testset 30334
1 testset 39391
1 testset 4002
2 taste_buddy 00696
2 taste_buddy 00150
2 taste_buddy 00946
2 taste_buddy 00344
2 taste_buddy 00136
2 taste_buddy 00548
2 taste_buddy 00894
2 taste_buddy 00463
2 taste_buddy 00953
2 taste_buddy 00525
