1 download 102058
1 download 121306
1 download 146648
1 download 206171
1 download 206635
1 download 245591
1 download 31538
1 download 32516
1 download 32783
1 download 328733
1 download 339338
1 download 37003
1 download 418643
1 download 424516
1 download 432
1 download 439207
1 download 442300
1 download 458180
1 download 461466
1 download 470052
1 download 470053
1 download 472885
1 download 475937
1 download 478870
1 download 485000
1 download 492290
1 download 495660
1 download 503882
1 download 503889
1 download 76117
1 download 77008
1 download 78209
1 download 96189
1 testset 158012
1 testset 276335
1 testset 40440
1 testset 417317
1 testset 42346
1 testset 469886
1 testset 482030
1 testset 498943
1 testset 502366
2 taste_buddy 00707
2 taste_buddy 00428
2 taste_buddy 00659
2 taste_buddy 00313
2 taste_buddy 00035
2 taste_buddy 00474
2 taste_buddy 00384
2 taste_buddy 00087
2 taste_buddy 00289
2 taste_buddy 00356
