1 download 131623
1 download 170341
1 download 184525
1 download 235980
1 download 243219
1 download 286876
1 download 29394
1 download 301829
1 download 30301
1 download 30415
1 download 30535
1 download 30782
1 download 30976
1 download 31540
1 download 32156
1 download 38226
1 download 38238
1 download 39475
1 download 39940
1 download 39947
1 download 41033
1 download 49567
1 download 72107
1 testset 30071
1 testset 30204
1 testset 30334
1 testset 31507
1 testset 34927
1 testset 71418
2 taste_buddy 00715
2 taste_buddy 00273
2 taste_buddy 00444
2 taste_buddy 00379
2 taste_buddy 00457
2 taste_buddy 00042
2 taste_buddy 00450
2 taste_buddy 00763
2 taste_buddy 00853
2 taste_buddy 00486
