1 download 117301
1 download 132515
1 download 166841
1 download 171831
1 download 18062
1 download 212057
1 download 26938
1 download 28437
1 download 29362
1 download 31270
1 download 32001
1 download 32205
1 download 32830
1 download 33441
1 download 33710
1 download 33991
1 download 34850
1 download 7071
1 download 7072
1 download 8484
1 download 981
1 testset 129757
1 testset 209130
1 testset 29404
1 testset 3573
1 testset 506
1 testset 76265
2 taste_buddy 00150 6.000000
2 taste_buddy 00131 5.000000
2 taste_buddy 00303 4.000000
2 taste_buddy 00887 4.000000
2 taste_buddy 00179 4.000000
2 taste_buddy 00096 3.000000
2 taste_buddy 00016 3.000000
2 taste_buddy 00511 3.000000
2 taste_buddy 00790 3.000000
2 taste_buddy 00820 3.000000
2 taste_buddy 00088 3.000000
