1 download 137662
1 download 185945
1 download 29319
1 download 29379
1 download 29389
1 download 29653
1 download 29891
1 download 30363
1 download 31104
1 download 32175
1 download 32179
1 download 32603
1 download 32665
1 download 33045
1 download 33714
1 download 35360
1 download 35909
1 download 36999
1 download 37174
1 download 38591
1 download 38971
1 download 40620
1 download 41378
1 download 43913
1 download 53027
1 download 58290
1 download 76047
1 testset 111988
1 testset 135637
1 testset 174830
1 testset 30063
1 testset 34107
1 testset 35314
1 testset 37235
2 taste_buddy 00590
2 taste_buddy 00088
2 taste_buddy 00350
2 taste_buddy 00150
2 taste_buddy 00437
2 taste_buddy 00768
2 taste_buddy 00667
2 taste_buddy 00136
2 taste_buddy 00270
2 taste_buddy 00525
