1 download 100502
1 download 101928
1 download 108350
1 download 121766
1 download 129209
1 download 131589
1 download 136520
1 download 136521
1 download 151918
1 download 176174
1 download 195218
1 download 202883
1 download 208708
1 download 227971
1 download 230690
1 download 237214
1 download 246459
1 download 248628
1 download 253043
1 download 253046
1 download 278574
1 download 279266
1 download 281121
1 download 289331
1 download 29253
1 download 29271
1 download 29297
1 download 293123
1 download 29358
1 download 29360
1 download 29361
1 download 29362
1 download 29384
1 download 29387
1 download 29390
1 download 29394
1 download 29403
1 download 29467
1 download 30004
1 download 30060
1 download 30061
1 download 30063
1 download 30070
1 download 30079
1 download 30317
1 download 30328
1 download 30332
1 download 30333
1 download 30341
1 download 305939
1 download 307207
1 download 308025
1 download 30940
1 download 309612
1 download 30979
1 download 311869
1 download 31888
1 download 319522
1 download 320556
1 download 32157
1 download 323133
1 download 32603
1 download 326505
1 download 32882
1 download 32911
1 download 330514
1 download 33106
1 download 33891
1 download 33991
1 download 345351
1 download 35032
1 download 352383
1 download 352561
1 download 359954
1 download 39028
1 download 42728
1 download 48266
1 download 52996
1 download 90004
1 download 94847
1 testset 117711
1 testset 137662
1 testset 152016
1 testset 29617
1 testset 29618
1 testset 29653
1 testset 30199
1 testset 30202
1 testset 30203
1 testset 30634
1 testset 312306
1 testset 31658
1 testset 31659
1 testset 32179
1 testset 32205
1 testset 334777
1 testset 35459
1 testset 36823
1 testset 58367
1 testset 78075
2 taste_buddy 00303 18.000000
2 taste_buddy 00468 18.000000
2 taste_buddy 00150 16.000000
2 taste_buddy 00350 14.000000
2 taste_buddy 00088 14.000000
2 taste_buddy 00477 11.000000
2 taste_buddy 00946 11.000000
2 taste_buddy 00131 10.000000
2 taste_buddy 00860 9.000000
2 taste_buddy 00437 8.000000
2 taste_buddy 00635 8.000000
