1 download 100502
1 download 106462
1 download 107394
1 download 115808
1 download 136520
1 download 136521
1 download 138001
1 download 146768
1 download 151918
1 download 158281
1 download 160053
1 download 186393
1 download 189007
1 download 202126
1 download 202883
1 download 213533
1 download 216210
1 download 235816
1 download 248628
1 download 251238
1 download 278574
1 download 288549
1 download 289545
1 download 29390
1 download 29392
1 download 29617
1 download 29618
1 download 29653
1 download 30979
1 download 311869
1 download 31658
1 download 318811
1 download 32603
1 download 330539
1 download 35148
1 download 35592
1 download 39492
1 download 39815
1 download 43367
1 download 43914
1 download 45360
1 download 5673
1 download 60580
1 download 74651
1 testset 109330
1 testset 143347
1 testset 151912
1 testset 213610
1 testset 29297
1 testset 30062
1 testset 30063
1 testset 30079
1 testset 30316
1 testset 30332
1 testset 335948
2 taste_buddy 00088
2 taste_buddy 00468
2 taste_buddy 00696
2 taste_buddy 00635
2 taste_buddy 00327
2 taste_buddy 00351
2 taste_buddy 00437
2 taste_buddy 00469
2 taste_buddy 00820
2 taste_buddy 00096
