1 download 114611
1 download 12384
1 download 157285
1 download 179527
1 download 23732
1 download 27873
1 download 30086
1 download 30107
1 download 30149
1 download 32291
1 download 35113
1 download 35148
1 download 37094
1 download 37310
1 download 39391
1 download 39492
1 download 39815
1 download 39947
1 download 50713
1 download 57359
1 download 63935
1 download 72078
1 download 86323
1 download 87385
1 download 90023
1 testset 29940
1 testset 32636
1 testset 35012
1 testset 41825
1 testset 51947
1 testset 58237
1 testset 85614
2 taste_buddy 00715
2 taste_buddy 00946
2 taste_buddy 00685
2 taste_buddy 00094
2 taste_buddy 00853
2 taste_buddy 00699
2 taste_buddy 00860
2 taste_buddy 00447
2 taste_buddy 00208
2 taste_buddy 00191
