1 download 125288
1 download 134
1 download 29348
1 download 29869
1 download 29940
1 download 30105
1 download 32268
1 download 32514
1 download 32635
1 download 33110
1 download 33328
1 download 36816
1 download 40756
1 download 82258
1 testset 30334
1 testset 32893
1 testset 37179
1 testset 67268
2 taste_buddy 00248
2 taste_buddy 00531
2 taste_buddy 00816
2 taste_buddy 00980
2 taste_buddy 00907
2 taste_buddy 00462
2 taste_buddy 00207
2 taste_buddy 00726
2 taste_buddy 00151
2 taste_buddy 00715
