1 download 25400
1 download 29394
1 download 30060
1 download 30061
1 download 30062
1 download 30217
1 download 30723
1 download 31507
1 download 31874
1 download 32020
1 download 32521
1 download 32708
1 download 34843
1 download 36298
1 download 39435
1 download 4
1 download 42343
1 download 48238
1 download 596890
1 download 71885
1 download 744
1 download 89062
1 testset 146047
1 testset 30073
1 testset 30203
1 testset 35830
1 testset 48751
1 testset 69745
2 taste_buddy 00303
2 taste_buddy 00894
2 taste_buddy 00462
2 taste_buddy 00088
2 taste_buddy 00151
2 taste_buddy 00256
2 taste_buddy 00468
2 taste_buddy 00191
2 taste_buddy 00598
2 taste_buddy 00450
