1 download 154211
1 download 342344
1 download 395189
1 download 399062
1 download 407715
1 download 412712
1 download 41582
1 download 42020
1 testset 398323
1 testset 411603
2 taste_buddy 00833 2.000000
2 taste_buddy 00623 1.000000
2 taste_buddy 00892 1.000000
2 taste_buddy 00088 1.000000
2 taste_buddy 00832 1.000000
2 taste_buddy 00444 1.000000
2 taste_buddy 00981 1.000000
2 taste_buddy 00748 1.000000
2 taste_buddy 00350 1.000000
2 taste_buddy 00071 1.000000
2 taste_buddy 00630 1.000000
2 taste_buddy 00596 1.000000
