1 download 111813
1 download 117788
1 download 133284
1 download 136417
1 download 139424
1 download 144021
1 download 152687
1 download 170319
1 download 171349
1 download 179249
1 download 184841
1 download 185573
1 download 186743
1 download 186749
1 download 193271
1 download 205469
1 download 207970
1 download 211070
1 download 215695
1 download 217393
1 download 219992
1 download 22212
1 download 222822
1 download 233788
1 download 236660
1 download 238901
1 download 241916
1 download 24715
1 download 249877
1 download 251239
1 download 252116
1 download 252174
1 download 259754
1 download 2636
1 download 264727
1 download 264849
1 download 271728
1 download 271899
1 download 275564
1 download 279249
1 download 279592
1 download 287900
1 download 29470
1 download 299161
1 download 29937
1 download 30073
1 download 303203
1 download 30723
1 download 31240
1 download 313897
1 download 32299
1 download 323705
1 download 32637
1 download 32987
1 download 33456
1 download 334912
1 download 33574
1 download 33846
1 download 34158
1 download 34515
1 download 351280
1 download 356606
1 download 35908
1 download 360724
1 download 36097
1 download 36386
1 download 37006
1 download 37548
1 download 38611
1 download 39949
1 download 40217
1 download 40576
1 download 41217
1 download 43387
1 download 43608
1 download 46194
1 download 50504
1 download 51424
1 download 53055
1 download 57074
1 download 59187
1 download 60986
1 download 61823
1 download 67667
1 download 70863
1 download 92920
1 download 98743
1 testset 130966
1 testset 234416
1 testset 255927
1 testset 277746
1 testset 291308
1 testset 295577
1 testset 30091
1 testset 30718
1 testset 313286
1 testset 31701
1 testset 320502
1 testset 32153
1 testset 34724
1 testset 348107
1 testset 37763
1 testset 37852
1 testset 37853
1 testset 38874
1 testset 39815
1 testset 55199
1 testset 64390
1 testset 87028
2 taste_buddy 00080
2 taste_buddy 00907
2 taste_buddy 00359
2 taste_buddy 00340
2 taste_buddy 00602
2 taste_buddy 00830
2 taste_buddy 00303
2 taste_buddy 00332
2 taste_buddy 00518
2 taste_buddy 00853
