1 download 141269
1 download 201218
1 download 30111
1 download 30113
1 download 30157
1 download 30162
1 download 30301
1 download 30543
1 download 30776
1 download 31240
1 download 31327
1 download 33728
1 download 34410
1 download 34433
1 download 35231
1 download 35498
1 download 37463
1 download 38462
1 download 386
1 download 39890
1 download 41226
1 download 43918
1 download 46225
1 download 46490
1 download 58812
1 download 63156
1 download 64431
1 download 65985
1 download 74042
1 download 77916
1 download 79926
1 download 90164
1 download 91021
1 download 91963
1 download 99187
1 testset 29811
1 testset 29940
1 testset 31572
1 testset 31738
1 testset 38395
1 testset 38396
1 testset 45821
1 testset 51190
1 testset 52093
2 taste_buddy 00273 6.000000
2 taste_buddy 00531 5.000000
2 taste_buddy 00413 4.000000
2 taste_buddy 00985 4.000000
2 taste_buddy 00654 4.000000
2 taste_buddy 00939 4.000000
2 taste_buddy 00980 3.000000
2 taste_buddy 00046 3.000000
2 taste_buddy 00450 3.000000
2 taste_buddy 00347 3.000000
2 taste_buddy 00812 3.000000
2 taste_buddy 00184 3.000000
2 taste_buddy 00248 3.000000
2 taste_buddy 00486 3.000000
