1 download 115899
1 download 122471
1 download 129815
1 download 131623
1 download 137767
1 download 154468
1 download 162613
1 download 17301
1 download 180955
1 download 207970
1 download 215187
1 download 22037
1 download 29617
1 download 29869
1 download 30111
1 download 30407
1 download 30956
1 download 32155
1 download 32308
1 download 32911
1 download 33774
1 download 35006
1 download 36566
1 download 38505
1 download 50248
1 download 50400
1 download 59839
1 download 67268
1 download 77915
1 download 80472
1 download 82565
1 download 85545
1 download 90384
1 testset 108146
1 testset 12784
1 testset 151918
1 testset 161401
1 testset 29940
1 testset 31507
1 testset 45821
1 testset 53361
1 testset 94847
2 taste_buddy 00639 6.000000
2 taste_buddy 00853 4.000000
2 taste_buddy 00342 3.000000
2 taste_buddy 00894 3.000000
2 taste_buddy 00602 2.000000
2 taste_buddy 00552 2.000000
2 taste_buddy 00494 2.000000
2 taste_buddy 00918 2.000000
2 taste_buddy 00426 2.000000
2 taste_buddy 00302 2.000000
2 taste_buddy 00901 2.000000
2 taste_buddy 00531 2.000000
2 taste_buddy 00437 2.000000
2 taste_buddy 00661 2.000000
2 taste_buddy 00980 2.000000
2 taste_buddy 00444 2.000000
2 taste_buddy 00042 2.000000
2 taste_buddy 00046 2.000000
2 taste_buddy 00963 2.000000
2 taste_buddy 00353 2.000000
2 taste_buddy 00363 2.000000
2 taste_buddy 00881 2.000000
2 taste_buddy 00590 2.000000
2 taste_buddy 00219 2.000000
2 taste_buddy 00344 2.000000
2 taste_buddy 00891 2.000000
2 taste_buddy 00379 2.000000
2 taste_buddy 00830 2.000000
2 taste_buddy 00934 2.000000
2 taste_buddy 00635 2.000000
2 taste_buddy 00088 2.000000
2 taste_buddy 00248 2.000000
