1 download 104373
1 download 31507
1 download 32161
1 download 43632
1 download 49113
1 download 51507
1 download 54519
1 download 57723
1 download 6344
1 download 744
1 download 81507
1 download 91025
1 download 98367
1 testset 12921
1 testset 29471
1 testset 30203
1 testset 42975
2 taste_buddy 00413 2.000000
2 taste_buddy 00151 2.000000
2 taste_buddy 00850 2.000000
2 taste_buddy 00230 2.000000
2 taste_buddy 00298 2.000000
2 taste_buddy 00216 2.000000
2 taste_buddy 00598 2.000000
2 taste_buddy 00773 2.000000
2 taste_buddy 00344 2.000000
2 taste_buddy 00462 2.000000
2 taste_buddy 00260 2.000000
2 taste_buddy 00943 2.000000
2 taste_buddy 00402 2.000000
2 taste_buddy 00406 2.000000
2 taste_buddy 00933 2.000000
2 taste_buddy 00248 2.000000
