1 download 107
1 download 12564
1 download 152937
1 download 167218
1 download 204611
1 download 22457
1 download 29763
1 download 31647
1 download 32170
1 download 37259
1 download 383446
1 download 384158
1 download 42693
1 download 46354
1 download 51207
1 download 72078
1 download 86116
1 testset 33388
1 testset 35603
1 testset 38126
1 testset 52348
1 testset 75924
2 taste_buddy 00919
2 taste_buddy 00453
2 taste_buddy 00247
2 taste_buddy 00256
2 taste_buddy 00956
2 taste_buddy 00930
2 taste_buddy 00883
2 taste_buddy 00379
2 taste_buddy 00719
2 taste_buddy 00164
