1 download 100502
1 download 136520
1 download 29297
1 download 29300
1 download 29361
1 download 29411
1 download 29825
1 download 30308
1 download 30317
1 download 30540
1 download 31658
1 download 34918
1 download 35314
1 download 855
1 testset 26938
1 testset 29335
1 testset 29620
1 testset 82683
2 taste_buddy 00150
2 taste_buddy 00468
2 taste_buddy 00696
2 taste_buddy 00853
2 taste_buddy 00122
2 taste_buddy 00525
2 taste_buddy 00112
2 taste_buddy 00088
2 taste_buddy 00318
2 taste_buddy 00303
