1 download 106465
1 download 115808
1 download 117711
1 download 129209
1 download 136520
1 download 202126
1 download 202883
1 download 213610
1 download 216210
1 download 227971
1 download 235816
1 download 254917
1 download 264425
1 download 29360
1 download 29364
1 download 29617
1 download 29708
1 download 30061
1 download 314343
1 download 31658
1 download 33045
1 download 33172
1 download 33753
1 download 34512
1 testset 116217
1 testset 29303
1 testset 30063
1 testset 30318
1 testset 30357
1 testset 93562
2 taste_buddy 00468 10.000000
2 taste_buddy 00088 10.000000
2 taste_buddy 00946 8.000000
2 taste_buddy 00318 7.000000
2 taste_buddy 00375 7.000000
2 taste_buddy 00635 7.000000
2 taste_buddy 00696 6.000000
2 taste_buddy 00437 6.000000
2 taste_buddy 00284 6.000000
2 taste_buddy 00632 6.000000
