1 download 162009
1 download 18242
1 download 2218
1 download 33031
1 download 33781
1 download 35467
1 download 36333
1 download 43648
1 download 59040
1 download 85489
1 testset 30887
1 testset 40785
1 testset 57791
2 taste_buddy 00766 2.000000
2 taste_buddy 00878 1.000000
2 taste_buddy 00204 1.000000
2 taste_buddy 00691 1.000000
2 taste_buddy 00175 1.000000
2 taste_buddy 00087 1.000000
2 taste_buddy 00316 1.000000
2 taste_buddy 00520 1.000000
2 taste_buddy 00635 1.000000
2 taste_buddy 00297 1.000000
2 taste_buddy 00236 1.000000
2 taste_buddy 00750 1.000000
