1 download 136957
1 download 164714
1 download 179828
1 download 216856
1 download 219524
1 download 232453
1 download 259868
1 download 264849
1 download 282206
1 download 307355
1 download 313696
1 download 315678
1 download 328403
1 download 352574
1 download 355037
1 download 357092
1 download 357645
1 download 362206
1 download 363989
1 download 365495
1 download 365922
1 download 370780
1 download 374831
1 download 374844
1 download 378832
1 download 384802
1 download 386164
1 download 388337
1 download 389227
1 download 392724
1 download 393325
1 download 393424
1 download 394346
1 download 397158
1 download 397460
1 download 398644
1 download 400595
1 download 400960
1 download 401039
1 download 401507
1 download 402458
1 download 404781
1 download 404823
1 download 405608
1 download 407118
1 download 409334
1 download 409472
1 download 410179
1 download 411165
1 download 411166
1 download 412849
1 download 414839
1 download 415254
1 download 41644
1 download 419979
1 download 42097
1 download 423680
1 download 423759
1 download 427192
1 download 427715
1 download 431194
1 download 434208
1 download 434443
1 download 43616
1 download 437461
1 download 437550
1 download 441885
1 download 443927
1 download 457800
1 download 460146
1 download 460965
1 download 461503
1 download 464847
1 download 466511
1 download 466724
1 download 467126
1 download 467735
1 download 469816
1 download 469886
1 download 469889
1 download 470052
1 download 470053
1 download 470543
1 download 470589
1 download 472074
1 download 472137
1 download 472621
1 download 472630
1 download 472689
1 download 472885
1 download 472955
1 download 473396
1 download 473397
1 download 473812
1 download 474882
1 download 475223
1 download 475339
1 download 475651
1 download 475697
1 download 475708
1 download 475884
1 download 475930
1 download 475937
1 download 476684
1 download 476982
1 download 478424
1 download 478455
1 download 478870
1 download 478908
1 download 481517
1 download 481630
1 download 481910
1 download 483380
1 download 483547
1 download 484176
1 download 484734
1 download 485020
1 download 485658
1 download 486786
1 download 488468
1 download 489475
1 download 490789
1 download 491792
1 download 495231
1 download 496943
1 download 497844
1 download 498550
1 download 498553
1 download 499914
1 download 500812
1 download 500813
1 download 501253
1 download 503357
1 download 506949
1 download 50839
1 download 54083
1 testset 163722
1 testset 181917
1 testset 197618
1 testset 215017
1 testset 250279
1 testset 353237
1 testset 361547
1 testset 362893
1 testset 363513
1 testset 388488
1 testset 389103
1 testset 405381
1 testset 405956
1 testset 408986
1 testset 410606
1 testset 412607
1 testset 420763
1 testset 431046
1 testset 463766
1 testset 467383
1 testset 470093
1 testset 470949
1 testset 474809
1 testset 475619
1 testset 480149
1 testset 481188
1 testset 487861
1 testset 487894
1 testset 496069
1 testset 501704
1 testset 501899
1 testset 505851
1 testset 91156
1 testset 98743
2 taste_buddy 00558
2 taste_buddy 00825
2 taste_buddy 00351
2 taste_buddy 00630
2 taste_buddy 00474
2 taste_buddy 00428
2 taste_buddy 00109
2 taste_buddy 00453
2 taste_buddy 00617
2 taste_buddy 00618
