1 download 100703
1 download 10442
1 download 122946
1 download 190329
1 download 228065
1 download 23190
1 download 253085
1 download 259838
1 download 29348
1 download 29500
1 download 29940
1 download 30059
1 download 30069
1 download 30077
1 download 30111
1 download 30535
1 download 30722
1 download 30776
1 download 31240
1 download 31535
1 download 31540
1 download 31983
1 download 32153
1 download 32160
1 download 32264
1 download 32442
1 download 32635
1 download 32636
1 download 32824
1 download 32986
1 download 33303
1 download 33305
1 download 33328
1 download 33387
1 download 34000
1 download 34003
1 download 34338
1 download 34515
1 download 34875
1 download 34899
1 download 35102
1 download 35725
1 download 35874
1 download 35880
1 download 37396
1 download 38100
1 download 38173
1 download 39948
1 download 40599
1 download 41033
1 download 42975
1 download 43632
1 download 43886
1 download 43918
1 download 45343
1 download 46738
1 download 48471
1 download 49358
1 download 50248
1 download 50413
1 download 52754
1 download 53037
1 download 5436
1 download 54973
1 download 65024
1 download 6671
1 download 69202
1 download 70297
1 download 72078
1 download 82988
1 download 88684
1 download 91963
1 download 9315
1 download 9572
1 testset 142818
1 testset 30113
1 testset 30157
1 testset 30201
1 testset 30203
1 testset 30204
1 testset 31227
1 testset 31739
1 testset 31740
1 testset 33715
1 testset 34236
1 testset 35231
1 testset 35288
1 testset 37310
1 testset 52196
1 testset 56758
1 testset 623525
1 testset 632244
1 testset 93151
2 taste_buddy 00248
2 taste_buddy 00216
2 taste_buddy 00661
2 taste_buddy 00151
2 taste_buddy 00414
2 taste_buddy 00015
2 taste_buddy 00980
2 taste_buddy 00039
2 taste_buddy 00494
2 taste_buddy 00303
