1 download 25400
1 download 29617
1 download 29891
1 download 30086
1 download 30223
1 download 31547
1 download 34218
1 download 34840
1 download 36276
1 download 37573
1 download 38403
1 download 38874
1 download 40217
1 download 40756
1 download 46413
1 download 54539
1 download 74304
1 download 86992
1 download 99409
1 testset 10098
1 testset 30073
1 testset 34000
1 testset 38619
1 testset 38633
2 taste_buddy 00891
2 taste_buddy 00136
2 taste_buddy 00894
2 taste_buddy 00106
2 taste_buddy 00098
2 taste_buddy 00525
2 taste_buddy 00272
2 taste_buddy 00273
2 taste_buddy 00939
2 taste_buddy 00191
