1 download 107693
1 download 30093
1 download 30111
1 download 30976
1 download 33384
1 download 34433
1 download 50142
1 download 50144
1 download 50145
1 download 50146
1 download 50147
1 download 50148
1 download 50149
1 download 50150
1 download 50151
1 download 58434
1 download 71473
1 testset 133245
1 testset 22389
1 testset 31096
1 testset 50152
1 testset 50153
2 taste_buddy 00741
2 taste_buddy 00597
2 taste_buddy 00014
2 taste_buddy 00853
2 taste_buddy 00344
2 taste_buddy 00061
2 taste_buddy 00457
2 taste_buddy 00303
2 taste_buddy 00484
2 taste_buddy 00128
