1 download 114762
1 download 159199
1 download 41618
1 download 42756
1 download 42953
1 download 43585
1 download 47712
1 download 54197
1 download 54203
1 download 55057
1 download 57786
1 download 57787
1 download 61892
1 download 61897
1 download 71885
1 download 79392
1 download 96817
1 testset 213740
1 testset 30061
1 testset 30199
1 testset 42226
1 testset 744
2 taste_buddy 00956 4.000000
2 taste_buddy 00034 3.000000
2 taste_buddy 00151 2.000000
2 taste_buddy 00511 2.000000
2 taste_buddy 00549 2.000000
2 taste_buddy 00039 2.000000
2 taste_buddy 00874 2.000000
2 taste_buddy 00184 2.000000
2 taste_buddy 00996 2.000000
2 taste_buddy 00308 2.000000
2 taste_buddy 00163 2.000000
2 taste_buddy 00043 2.000000
2 taste_buddy 00045 2.000000
