1 download 114452
1 download 175387
1 download 193464
1 download 29271
1 download 29386
1 download 29394
1 download 30073
1 download 30082
1 download 30113
1 download 30149
1 download 30223
1 download 30723
1 download 30776
1 download 30782
1 download 31240
1 download 31507
1 download 31540
1 download 31570
1 download 32197
1 download 32442
1 download 32635
1 download 33384
1 download 35132
1 download 35638
1 download 37340
1 download 37542
1 download 39060
1 download 48266
1 download 4833
1 download 50312
1 download 89255
1 testset 29689
1 testset 29940
1 testset 30069
1 testset 30077
1 testset 30199
1 testset 30203
1 testset 31738
1 testset 32497
2 taste_buddy 00939
2 taste_buddy 00273
2 taste_buddy 00715
2 taste_buddy 00243
2 taste_buddy 00853
2 taste_buddy 00207
2 taste_buddy 00486
2 taste_buddy 00901
2 taste_buddy 00248
2 taste_buddy 00106
