1 download 147005
1 download 197618
1 download 213610
1 download 215017
1 download 223182
1 download 248665
1 download 249762
1 download 262131
1 download 277986
1 download 279249
1 download 299470
1 download 351521
1 download 59124
1 testset 233788
1 testset 248628
1 testset 302331
1 testset 36125
2 taste_buddy 00080 2.000000
2 taste_buddy 00357 2.000000
2 taste_buddy 00132 2.000000
2 taste_buddy 00284 2.000000
2 taste_buddy 00615 2.000000
2 taste_buddy 00695 1.000000
2 taste_buddy 00866 1.000000
2 taste_buddy 00518 1.000000
2 taste_buddy 00688 1.000000
2 taste_buddy 00415 1.000000
2 taste_buddy 00375 1.000000
2 taste_buddy 00373 1.000000
2 taste_buddy 00579 1.000000
2 taste_buddy 00769 1.000000
2 taste_buddy 00096 1.000000
2 taste_buddy 00570 1.000000
2 taste_buddy 00173 1.000000
2 taste_buddy 00031 1.000000
2 taste_buddy 00835 1.000000
2 taste_buddy 00797 1.000000
2 taste_buddy 00957 1.000000
2 taste_buddy 00876 1.000000
2 taste_buddy 00341 1.000000
2 taste_buddy 00812 1.000000
2 taste_buddy 00507 1.000000
2 taste_buddy 00635 1.000000
2 taste_buddy 00303 1.000000
2 taste_buddy 00327 1.000000
2 taste_buddy 00100 1.000000
