1 download 113081
1 download 115733
1 download 120348
1 download 14396
1 download 22297
1 download 22302
1 download 22306
1 download 27081
1 download 29271
1 download 29274
1 download 29467
1 download 29869
1 download 30082
1 download 30223
1 download 30654
1 download 30709
1 download 30734
1 download 30759
1 download 30764
1 download 31449
1 download 31736
1 download 32475
1 download 33309
1 download 34152
1 download 34838
1 download 34840
1 download 35132
1 download 35133
1 download 35603
1 download 35638
1 download 36022
1 download 37219
1 download 37646
1 download 37915
1 download 38106
1 download 39454
1 download 40214
1 download 40756
1 download 408659
1 download 43239
1 download 43425
1 download 45272
1 download 45779
1 download 45919
1 download 46241
1 download 46354
1 download 49250
1 download 51456
1 download 54925
1 download 56874
1 download 57433
1 download 63952
1 download 64068
1 download 67268
1 download 68284
1 download 69065
1 download 75749
1 download 832
1 download 83916
1 download 87438
1 testset 108146
1 testset 128557
1 testset 30708
1 testset 30710
1 testset 30718
1 testset 31549
1 testset 32636
1 testset 42225
1 testset 49875
1 testset 51667
1 testset 68286
1 testset 69879
1 testset 77292
1 testset 86957
1 testset 96539
2 taste_buddy 00098
2 taste_buddy 00248
2 taste_buddy 00661
2 taste_buddy 00939
2 taste_buddy 00039
2 taste_buddy 00273
2 taste_buddy 00151
2 taste_buddy 00872
2 taste_buddy 00207
2 taste_buddy 00747
