1 download 119761
1 download 134178
1 download 144021
1 download 182065
1 download 189371
1 download 29838
1 download 30295
1 download 30494
1 download 31391
1 download 321052
1 download 33623
1 download 352053
1 download 354995
1 download 365910
1 download 368295
1 download 37320
1 download 38839
1 download 41273
1 download 43474
1 download 462317
1 download 4780
1 download 47889
1 download 51910
1 download 52009
1 download 52675
1 download 53850
1 download 55707
1 download 60184
1 download 64161
1 download 88742
1 testset 243428
1 testset 265580
1 testset 29688
1 testset 38765
1 testset 50400
1 testset 53141
1 testset 74662
1 testset 87031
2 taste_buddy 00674
2 taste_buddy 00417
2 taste_buddy 00602
2 taste_buddy 00332
2 taste_buddy 00101
2 taste_buddy 00932
2 taste_buddy 00709
2 taste_buddy 00894
2 taste_buddy 00985
2 taste_buddy 00289
