1 download 100150
1 download 105133
1 download 105633
1 download 108480
1 download 119375
1 download 121935
1 download 134406
1 download 14432
1 download 160003
1 download 182091
1 download 182333
1 download 199442
1 download 206635
1 download 279898
1 download 29274
1 download 292854
1 download 306604
1 download 306606
1 download 31107
1 download 31529
1 download 31744
1 download 32860
1 download 33474
1 download 34838
1 download 36831
1 download 38237
1 download 38705
1 download 46362
1 download 46365
1 download 47018
1 download 51510
1 download 52110
1 download 53196
1 download 54535
1 download 57186
1 download 77270
1 download 84511
1 download 85540
1 download 86030
1 download 86542
1 download 86555
1 download 86559
1 download 88375
1 testset 101875
1 testset 115430
1 testset 129311
1 testset 213629
1 testset 285326
1 testset 38495
1 testset 38499
1 testset 38502
1 testset 39514
1 testset 57727
1 testset 77942
2 taste_buddy 00526 3.000000
2 taste_buddy 00510 3.000000
2 taste_buddy 00189 3.000000
2 taste_buddy 00817 2.000000
2 taste_buddy 00098 2.000000
2 taste_buddy 00039 2.000000
2 taste_buddy 00639 2.000000
2 taste_buddy 00207 2.000000
2 taste_buddy 00891 2.000000
2 taste_buddy 00715 2.000000
