1 download 100502
1 download 151998
1 download 170056
1 download 234101
1 download 242778
1 download 25549
1 download 258538
1 download 269684
1 download 29286
1 download 29708
1 download 297821
1 download 30223
1 download 303413
1 download 30723
1 download 31507
1 download 319930
1 download 320454
1 download 32179
1 download 327796
1 download 342306
1 download 345351
1 download 34574
1 download 346537
1 download 383960
1 download 52996
1 download 54206
1 download 56582
1 download 90151
1 testset 211950
1 testset 211951
1 testset 29300
1 testset 30199
1 testset 30329
1 testset 352383
1 testset 371579
1 testset 408565
2 taste_buddy 00303 4.000000
2 taste_buddy 00939 4.000000
2 taste_buddy 00363 4.000000
2 taste_buddy 00850 3.000000
2 taste_buddy 00894 3.000000
2 taste_buddy 00610 3.000000
2 taste_buddy 00131 3.000000
2 taste_buddy 00450 3.000000
2 taste_buddy 00207 3.000000
2 taste_buddy 00444 3.000000
2 taste_buddy 00100 3.000000
2 taste_buddy 00462 3.000000
2 taste_buddy 00696 3.000000
2 taste_buddy 00273 3.000000
2 taste_buddy 00088 3.000000
2 taste_buddy 00243 3.000000
