1 download 100502
1 download 103761
1 download 150750
1 download 151912
1 download 151998
1 download 1751
1 download 213610
1 download 239747
1 download 27176
1 download 29358
1 download 29362
1 download 29403
1 download 29651
1 download 30357
1 download 30540
1 download 30546
1 download 30980
1 download 31231
1 download 31507
1 download 31876
1 download 32598
1 download 34868
1 download 36254
1 download 38705
1 download 40809
1 download 42559
1 download 42561
1 download 46226
1 download 46457
1 download 48416
1 download 51232
1 download 52132
1 download 53898
1 download 53899
1 download 53902
1 download 53904
1 download 62136
1 download 70862
1 download 70863
1 download 70868
1 download 70869
1 testset 2293
1 testset 30079
1 testset 30329
1 testset 30332
1 testset 30333
1 testset 31227
1 testset 35834
1 testset 38000
1 testset 40808
1 testset 40811
1 testset 52754
2 taste_buddy 00468 6.000000
2 taste_buddy 00131 6.000000
2 taste_buddy 00150 5.000000
2 taste_buddy 00303 5.000000
2 taste_buddy 00350 5.000000
2 taste_buddy 00860 4.000000
2 taste_buddy 00696 4.000000
2 taste_buddy 00420 3.000000
2 taste_buddy 00437 3.000000
2 taste_buddy 00525 3.000000
2 taste_buddy 00120 3.000000
2 taste_buddy 00191 3.000000
2 taste_buddy 00477 3.000000
2 taste_buddy 00828 3.000000
2 taste_buddy 00376 3.000000
2 taste_buddy 00088 3.000000
