1 download 10919
1 download 1302
1 download 14144
1 download 14145
1 download 14148
1 download 14149
1 download 16130
1 download 2217
1 download 2218
1 download 2221
1 download 2230
1 download 2239
1 download 2245
1 download 2248
1 download 2250
1 download 2269
1 download 24486
1 download 24494
1 download 2633
1 download 28033
1 download 29127
1 download 7837
1 download 955
1 testset 1522
1 testset 27519
1 testset 28020
1 testset 3682
1 testset 4090
1 testset 7134
2 taste_buddy 00087 2.000000
2 taste_buddy 00642 1.000000
2 taste_buddy 00334 1.000000
2 taste_buddy 00434 1.000000
2 taste_buddy 00512 1.000000
2 taste_buddy 00077 1.000000
2 taste_buddy 00575 1.000000
2 taste_buddy 00666 1.000000
2 taste_buddy 00179 1.000000
2 taste_buddy 00257 1.000000
2 taste_buddy 00971 1.000000
2 taste_buddy 00695 1.000000
2 taste_buddy 00690 1.000000
2 taste_buddy 00976 1.000000
2 taste_buddy 00731 1.000000
2 taste_buddy 00360 1.000000
2 taste_buddy 00910 1.000000
2 taste_buddy 00504 1.000000
2 taste_buddy 00997 1.000000
2 taste_buddy 00750 1.000000
2 taste_buddy 00309 1.000000
2 taste_buddy 00759 1.000000
2 taste_buddy 00121 1.000000
2 taste_buddy 00225 1.000000
