1 download 108813
1 download 125288
1 download 136520
1 download 142883
1 download 173128
1 download 183592
1 download 29892
1 download 30060
1 download 30112
1 download 32106
1 download 32308
1 download 35903
1 download 43377
1 download 55623
1 download 78903
1 download 84915
1 testset 155707
1 testset 30111
1 testset 38100
1 testset 76956
2 taste_buddy 00303
2 taste_buddy 00188
2 taste_buddy 00729
2 taste_buddy 00151
2 taste_buddy 00696
2 taste_buddy 00468
2 taste_buddy 00133
2 taste_buddy 00353
2 taste_buddy 00764
2 taste_buddy 00344
