1 download 29319
1 download 29360
1 download 29361
1 download 29362
1 download 29406
1 download 30060
1 download 30109
1 download 30333
1 download 30341
1 download 30346
1 download 32106
1 download 32197
1 download 32297
1 download 32308
1 download 32608
1 download 33091
1 download 34091
1 download 35659
1 download 37010
1 download 41768
1 download 42986
1 download 44424
1 download 51901
1 download 54462
1 download 5510
1 download 60864
1 download 68685
1 download 82698
1 download 84201
1 download 87774
1 download 93400
1 testset 102521
1 testset 29686
1 testset 30319
1 testset 35113
1 testset 39805
1 testset 40440
1 testset 45683
1 testset 77674
2 taste_buddy 00696 6.000000
2 taste_buddy 00468 6.000000
2 taste_buddy 00136 5.000000
2 taste_buddy 00303 4.000000
2 taste_buddy 00463 4.000000
2 taste_buddy 00632 4.000000
2 taste_buddy 00150 3.000000
2 taste_buddy 00131 3.000000
2 taste_buddy 00667 3.000000
2 taste_buddy 00887 3.000000
2 taste_buddy 00894 3.000000
2 taste_buddy 00107 3.000000
2 taste_buddy 00374 3.000000
2 taste_buddy 00571 3.000000
2 taste_buddy 00270 3.000000
2 taste_buddy 00835 3.000000
