1 download 19859
1 download 29335
1 download 29403
1 download 29825
1 download 30168
1 download 30214
1 download 31236
1 download 31241
1 download 32170
1 download 33993
1 download 34843
1 download 43922
1 download 44424
1 download 44676
1 download 52446
1 download 53423
1 download 57601
1 download 57784
1 download 95955
1 testset 30060
1 testset 30201
1 testset 30335
1 testset 37481
1 testset 44135
2 taste_buddy 00303
2 taste_buddy 00828
2 taste_buddy 00150
2 taste_buddy 00511
2 taste_buddy 00765
2 taste_buddy 00945
2 taste_buddy 00247
2 taste_buddy 00557
2 taste_buddy 00252
2 taste_buddy 00999
