1 download 120595
1 download 126639
1 download 129169
1 download 129170
1 download 14432
1 download 188332
1 download 190289
1 download 279266
1 download 30109
1 download 30113
1 download 30151
1 download 30223
1 download 30709
1 download 30780
1 download 31531
1 download 31570
1 download 32308
1 download 32477
1 download 33410
1 download 33456
1 download 34840
1 download 35133
1 download 35505
1 download 35513
1 download 35646
1 download 36705
1 download 36830
1 download 37341
1 download 38923
1 download 39448
1 download 43145
1 download 43417
1 download 43419
1 download 56262
1 testset 30197
1 testset 31736
1 testset 3453
1 testset 41618
1 testset 4833
1 testset 50170
1 testset 58107
1 testset 76577
1 testset 77949
2 taste_buddy 00248 7.000000
2 taste_buddy 00939 6.000000
2 taste_buddy 00661 5.000000
2 taste_buddy 00039 4.000000
2 taste_buddy 00207 4.000000
2 taste_buddy 00891 4.000000
2 taste_buddy 00715 4.000000
2 taste_buddy 00273 4.000000
2 taste_buddy 00243 4.000000
2 taste_buddy 00559 3.000000
2 taste_buddy 00853 3.000000
2 taste_buddy 00850 3.000000
2 taste_buddy 00901 3.000000
2 taste_buddy 00980 3.000000
2 taste_buddy 00972 3.000000
2 taste_buddy 00098 3.000000
2 taste_buddy 00450 3.000000
2 taste_buddy 00457 3.000000
2 taste_buddy 00113 3.000000
2 taste_buddy 00476 3.000000
