1 download 102965
1 download 266422
1 download 294771
1 download 371042
1 download 377825
1 download 409472
1 download 421918
1 download 469889
1 download 472137
1 download 475223
1 download 481188
1 download 486786
1 download 497844
1 download 498550
1 download 501253
1 testset 17149
1 testset 350017
1 testset 372531
1 testset 82655
2 taste_buddy 00035 8.000000
2 taste_buddy 00214 1.000000
2 taste_buddy 00787 1.000000
2 taste_buddy 00609 1.000000
2 taste_buddy 00453 1.000000
2 taste_buddy 00947 1.000000
2 taste_buddy 00350 1.000000
2 taste_buddy 00384 1.000000
2 taste_buddy 00047 1.000000
