1 download 136417
1 download 224623
1 download 240392
1 download 256399
1 download 271122
1 download 296069
1 download 307122
1 download 335542
1 download 348108
1 download 362206
1 download 365910
1 download 370789
1 download 376044
1 download 378974
1 download 400915
1 download 404025
1 download 404825
1 download 405608
1 download 408986
1 download 416671
1 testset 353393
1 testset 386164
1 testset 408942
1 testset 412915
1 testset 424303
2 taste_buddy 00351 6.000000
2 taste_buddy 00235 5.000000
2 taste_buddy 00618 4.000000
2 taste_buddy 00405 3.000000
2 taste_buddy 00197 2.000000
2 taste_buddy 00035 2.000000
2 taste_buddy 00784 1.000000
2 taste_buddy 00439 1.000000
2 taste_buddy 00417 1.000000
2 taste_buddy 00356 1.000000
2 taste_buddy 00602 1.000000
2 taste_buddy 00769 1.000000
2 taste_buddy 00387 1.000000
2 taste_buddy 00554 1.000000
2 taste_buddy 00276 1.000000
2 taste_buddy 00031 1.000000
2 taste_buddy 00495 1.000000
2 taste_buddy 00833 1.000000
2 taste_buddy 00876 1.000000
2 taste_buddy 00369 1.000000
2 taste_buddy 00087 1.000000
2 taste_buddy 00080 1.000000
2 taste_buddy 00488 1.000000
