1 download 139733
1 download 178548
1 download 181813
1 download 198136
1 download 200469
1 download 222017
1 download 222024
1 download 226273
1 download 249762
1 download 30620
1 download 40571
1 download 40573
1 download 41033
1 download 56631
1 download 63146
1 download 87578
1 testset 233788
1 testset 234334
1 testset 45845
1 testset 57791
2 taste_buddy 00031
2 taste_buddy 00216
2 taste_buddy 00369
2 taste_buddy 00080
2 taste_buddy 00038
2 taste_buddy 00615
2 taste_buddy 00393
2 taste_buddy 00819
2 taste_buddy 00563
2 taste_buddy 00096
