1 download 19809
1 download 231012
1 download 247599
1 download 24776
1 download 276555
1 download 288709
1 download 29390
1 download 29392
1 download 301328
1 download 30221
1 download 33891
1 download 391584
1 download 403870
1 download 405719
1 download 409985
1 download 418903
1 download 56576
1 testset 152176
1 testset 197618
1 testset 215017
1 testset 30079
1 testset 309743
2 taste_buddy 00080
2 taste_buddy 00453
2 taste_buddy 00364
2 taste_buddy 00763
2 taste_buddy 00820
2 taste_buddy 00051
2 taste_buddy 00946
2 taste_buddy 00318
2 taste_buddy 00303
2 taste_buddy 00376
