1 download 114119
1 download 29272
1 download 29377
1 download 30109
1 download 30722
1 download 30776
1 download 31789
1 download 32157
1 download 32197
1 download 33328
1 download 34773
1 download 35102
1 download 35880
1 download 37831
1 download 41232
1 download 57273
1 download 57642
1 download 59806
1 download 632244
1 download 71459
1 download 78873
1 download 87323
1 download 87437
1 download 87693
1 testset 30201
1 testset 30301
1 testset 34783
1 testset 41946
1 testset 4833
1 testset 744
1 testset 86267
2 taste_buddy 00531 5.000000
2 taste_buddy 00248 5.000000
2 taste_buddy 00151 4.000000
2 taste_buddy 00465 4.000000
2 taste_buddy 00939 4.000000
2 taste_buddy 00934 4.000000
2 taste_buddy 00661 4.000000
2 taste_buddy 00252 3.000000
2 taste_buddy 00980 3.000000
2 taste_buddy 00303 3.000000
2 taste_buddy 00462 3.000000
2 taste_buddy 00486 3.000000
