1 download 111706
1 download 18088
1 download 30723
1 download 31507
1 download 35503
1 download 35644
1 download 36779
1 download 369043
1 download 381941
1 download 56583
1 download 69414
1 download 744
1 download 75619
1 download 82663
1 download 86983
1 testset 30077
1 testset 30782
1 testset 31983
1 testset 49948
2 taste_buddy 00654 5.000000
2 taste_buddy 00039 4.000000
2 taste_buddy 00195 4.000000
2 taste_buddy 00952 4.000000
2 taste_buddy 00431 3.000000
2 taste_buddy 00773 3.000000
2 taste_buddy 00344 3.000000
2 taste_buddy 00462 3.000000
2 taste_buddy 00200 3.000000
2 taste_buddy 00260 3.000000
2 taste_buddy 00943 3.000000
