1 download 12792
1 download 186513
1 download 29348
1 download 30199
1 download 30223
1 download 30723
1 download 31570
1 download 34427
1 download 35133
1 download 38173
1 download 38226
1 download 432
1 download 46353
1 download 53193
1 download 93072
1 download 96822
1 testset 29689
1 testset 30718
1 testset 32635
1 testset 33764
1 testset 45821
2 taste_buddy 00980
2 taste_buddy 00207
2 taste_buddy 00939
2 taste_buddy 00248
2 taste_buddy 00494
2 taste_buddy 00303
2 taste_buddy 00907
2 taste_buddy 00039
2 taste_buddy 00042
2 taste_buddy 00450
