1 download 108683
1 download 1162
1 download 12114
1 download 12132
1 download 123074
1 download 12327
1 download 13162
1 download 154
1 download 15697
1 download 1629
1 download 17301
1 download 18970
1 download 2006
1 download 2444
1 download 2479
1 download 260
1 download 2895
1 download 29361
1 download 3008
1 download 30111
1 download 30723
1 download 31056
1 download 31240
1 download 31531
1 download 31639
1 download 32677
1 download 32786
1 download 331366
1 download 33139
1 download 33209
1 download 34003
1 download 34128
1 download 3445
1 download 3453
1 download 3475
1 download 34886
1 download 35028
1 download 35547
1 download 357
1 download 360766
1 download 386
1 download 418
1 download 432
1 download 4907
1 download 4909
1 download 49485
1 download 51
1 download 51631
1 download 57773
1 download 58516
1 download 6614
1 download 6693
1 download 6844
1 download 7134
1 download 75
1 download 76424
1 download 811
1 download 84864
1 download 864
1 download 9443
1 download 9452
1 download 95
1 download 9657
1 download 99409
1 download 99801
1 testset 11247
1 testset 231026
1 testset 26963
1 testset 294777
1 testset 30334
1 testset 30966
1 testset 32637
1 testset 37754
1 testset 38226
1 testset 405
1 testset 40571
1 testset 50167
1 testset 54901
1 testset 62828
1 testset 64625
1 testset 88390
1 testset 9572
2 taste_buddy 00544
2 taste_buddy 00759
2 taste_buddy 00216
2 taste_buddy 00413
2 taste_buddy 00484
2 taste_buddy 00724
2 taste_buddy 00376
2 taste_buddy 00256
2 taste_buddy 00168
2 taste_buddy 00980
