1 download 100502
1 download 101928
1 download 115808
1 download 117711
1 download 121694
1 download 129209
1 download 131589
1 download 135637
1 download 136520
1 download 136521
1 download 152012
1 download 202126
1 download 203594
1 download 213533
1 download 218402
1 download 219528
1 download 230081
1 download 237214
1 download 239952
1 download 243345
1 download 245210
1 download 25549
1 download 26938
1 download 29358
1 download 29361
1 download 29364
1 download 29373
1 download 29377
1 download 29384
1 download 29387
1 download 29392
1 download 29407
1 download 29617
1 download 29618
1 download 29653
1 download 29708
1 download 30004
1 download 30062
1 download 30203
1 download 30214
1 download 30217
1 download 30357
1 download 30362
1 download 30364
1 download 31658
1 download 32521
1 download 32603
1 download 32665
1 download 33045
1 download 33441
1 download 33774
1 download 33991
1 download 35113
1 download 35228
1 download 36021
1 download 39251
1 download 39380
1 download 4
1 download 42020
1 download 45488
1 download 45490
1 download 58290
1 download 72913
1 download 86964
1 download 86965
1 download 88583
1 testset 152016
1 testset 213610
1 testset 260071
1 testset 264425
1 testset 29297
1 testset 29304
1 testset 30063
1 testset 30079
1 testset 30316
1 testset 30318
1 testset 30329
1 testset 30332
1 testset 30334
1 testset 30633
1 testset 38000
1 testset 71409
1 testset 94847
2 taste_buddy 00303 17.000000
2 taste_buddy 00468 15.000000
2 taste_buddy 00696 14.000000
2 taste_buddy 00437 14.000000
2 taste_buddy 00150 14.000000
2 taste_buddy 00946 12.000000
2 taste_buddy 00623 11.000000
2 taste_buddy 00327 10.000000
2 taste_buddy 00554 9.000000
2 taste_buddy 00820 9.000000
