1 download 112800
1 download 121437
1 download 133737
1 download 139424
1 download 152016
1 download 158281
1 download 186941
1 download 187428
1 download 189917
1 download 191477
1 download 193249
1 download 194078
1 download 196758
1 download 202126
1 download 217793
1 download 223700
1 download 29272
1 download 29411
1 download 29539
1 download 30221
1 download 30341
1 download 31528
1 download 32106
1 download 32339
1 download 32603
1 download 330154
1 download 33993
1 download 35231
1 download 35398
1 download 37277
1 download 37319
1 download 43872
1 download 50102
1 download 56011
1 download 57679
1 download 59839
1 download 74636
1 download 78155
1 testset 128496
1 testset 198136
1 testset 30071
1 testset 30318
1 testset 31037
1 testset 34927
1 testset 71275
1 testset 73721
1 testset 9714
1 testset 99966
2 taste_buddy 00468
2 taste_buddy 00150
2 taste_buddy 00340
2 taste_buddy 00657
2 taste_buddy 00411
2 taste_buddy 00853
2 taste_buddy 00661
2 taste_buddy 00583
2 taste_buddy 00946
2 taste_buddy 00623
