1 download 12189
1 download 12384
1 download 129209
1 download 14222
1 download 157076
1 download 18917
1 download 22398
1 download 23250
1 download 29361
1 download 29407
1 download 2941
1 download 29620
1 download 29654
1 download 29875
1 download 30158
1 download 30221
1 download 30981
1 download 31549
1 download 31550
1 download 31551
1 download 31555
1 download 31557
1 download 31558
1 download 31888
1 download 32314
1 download 33125
1 download 35496
1 download 38923
1 download 39105
1 download 39514
1 download 39846
1 download 40348
1 download 40586
1 download 41616
1 download 42192
1 download 44563
1 download 51474
1 download 53506
1 download 54449
1 download 56414
1 download 57613
1 download 61995
1 download 61996
1 download 68593
1 download 7071
1 download 75676
1 download 7612
1 download 77270
1 download 9508
1 download 97999
1 testset 139253
1 testset 1533
1 testset 164714
1 testset 22397
1 testset 22907
1 testset 24702
1 testset 29352
1 testset 30319
1 testset 30333
1 testset 49014
1 testset 51517
1 testset 59250
1 testset 63359
2 taste_buddy 00150 4.000000
2 taste_buddy 00590 3.000000
2 taste_buddy 00683 3.000000
2 taste_buddy 00696 3.000000
2 taste_buddy 00468 3.000000
2 taste_buddy 00477 3.000000
2 taste_buddy 00088 3.000000
2 taste_buddy 00686 2.000000
2 taste_buddy 00559 2.000000
2 taste_buddy 00131 2.000000
2 taste_buddy 00303 2.000000
2 taste_buddy 00139 2.000000
2 taste_buddy 00768 2.000000
2 taste_buddy 00956 2.000000
2 taste_buddy 00189 2.000000
2 taste_buddy 00469 2.000000
2 taste_buddy 00376 2.000000
2 taste_buddy 00270 2.000000
2 taste_buddy 00176 2.000000
2 taste_buddy 00363 2.000000
2 taste_buddy 00367 2.000000
2 taste_buddy 00632 2.000000
2 taste_buddy 00488 2.000000
