1 download 30415
1 download 30722
1 download 33078
1 download 33728
1 download 34350
1 download 35638
1 download 39124
1 download 39953
1 download 44740
1 download 46229
1 download 49947
1 download 50344
1 download 51878
1 download 58941
1 download 72600
1 download 74395
1 download 85424
1 testset 32627
1 testset 32891
1 testset 35189
1 testset 40156
1 testset 71267
2 taste_buddy 00098
2 taste_buddy 00939
2 taste_buddy 00597
2 taste_buddy 00654
2 taste_buddy 00715
2 taste_buddy 00406
2 taste_buddy 00661
2 taste_buddy 00039
2 taste_buddy 00273
2 taste_buddy 00773
