1 download 103507
1 download 125055
1 download 149278
1 download 179378
1 download 195
1 download 29255
1 download 31507
1 download 32120
1 download 32261
1 download 32268
1 download 32516
1 download 33291
1 download 33999
1 download 34433
1 download 35937
1 download 38611
1 download 39947
1 download 46225
1 download 54717
1 download 57432
1 download 64457
1 download 94511
1 download 97994
1 testset 33790
1 testset 34008
1 testset 34427
1 testset 653951
1 testset 66041
1 testset 88061
2 taste_buddy 00248 4.000000
2 taste_buddy 00720 3.000000
2 taste_buddy 00098 3.000000
2 taste_buddy 00344 3.000000
2 taste_buddy 00273 3.000000
2 taste_buddy 00907 2.000000
2 taste_buddy 00303 2.000000
2 taste_buddy 00661 2.000000
2 taste_buddy 00230 2.000000
2 taste_buddy 00128 2.000000
2 taste_buddy 00597 2.000000
2 taste_buddy 00065 2.000000
2 taste_buddy 00061 2.000000
2 taste_buddy 00200 2.000000
2 taste_buddy 00715 2.000000
2 taste_buddy 00406 2.000000
2 taste_buddy 00489 2.000000
2 taste_buddy 00481 2.000000
2 taste_buddy 00484 2.000000
