1 download 100502
1 download 117711
1 download 1464
1 download 152012
1 download 158281
1 download 169223
1 download 202126
1 download 218402
1 download 219011
1 download 219528
1 download 226192
1 download 242721
1 download 243345
1 download 29411
1 download 30362
1 download 31926
1 download 32176
1 download 32619
1 download 33441
1 download 36021
1 download 38601
1 download 42020
1 download 54466
1 download 57758
1 download 58472
1 download 77850
1 testset 151912
1 testset 219499
1 testset 264849
1 testset 277746
1 testset 29297
1 testset 29304
1 testset 38000
2 taste_buddy 00088 11.000000
2 taste_buddy 00150 7.000000
2 taste_buddy 00668 6.000000
2 taste_buddy 00468 6.000000
2 taste_buddy 00096 4.000000
2 taste_buddy 00351 4.000000
2 taste_buddy 00667 3.000000
2 taste_buddy 00318 3.000000
2 taste_buddy 00876 3.000000
2 taste_buddy 00657 3.000000
2 taste_buddy 00477 3.000000
2 taste_buddy 00946 3.000000
2 taste_buddy 00375 3.000000
2 taste_buddy 00172 3.000000
2 taste_buddy 00830 3.000000
2 taste_buddy 00635 3.000000
2 taste_buddy 00167 3.000000
