1 download 1058
1 download 108456
1 download 122678
1 download 128775
1 download 134
1 download 155656
1 download 171947
1 download 175004
1 download 181762
1 download 191626
1 download 207114
1 download 216198
1 download 2194
1 download 240894
1 download 24869
1 download 288
1 download 29323
1 download 29389
1 download 30107
1 download 30111
1 download 302035
1 download 30217
1 download 30353
1 download 30940
1 download 30961
1 download 31039
1 download 31236
1 download 31512
1 download 32443
1 download 33615
1 download 33710
1 download 33973
1 download 35301
1 download 35537
1 download 37008
1 download 37212
1 download 37792
1 download 41035
1 download 41658
1 download 41995
1 download 42412
1 download 43224
1 download 46177
1 download 46226
1 download 46227
1 download 47388
1 download 50344
1 download 51229
1 download 52013
1 download 52754
1 download 572863
1 download 60753
1 download 61055
1 download 61164
1 download 61983
1 download 62348
1 download 63146
1 download 71026
1 download 72699
1 download 809
1 download 87180
1 testset 102306
1 testset 10484
1 testset 107282
1 testset 120024
1 testset 2160
1 testset 27133
1 testset 30973
1 testset 31227
1 testset 34158
1 testset 34515
1 testset 43457
1 testset 50167
1 testset 57589
1 testset 71636
1 testset 72689
1 testset 84990
2 taste_buddy 00980
2 taste_buddy 00256
2 taste_buddy 00131
2 taste_buddy 00150
2 taste_buddy 00816
2 taste_buddy 00104
2 taste_buddy 00413
2 taste_buddy 00096
2 taste_buddy 00420
2 taste_buddy 00303
