1 download 1052
1 download 146505
1 download 150558
1 download 150563
1 download 182921
1 download 189095
1 download 21191
1 download 29253
1 download 29394
1 download 29539
1 download 29543
1 download 29875
1 download 30073
1 download 30654
1 download 30709
1 download 30718
1 download 30758
1 download 30776
1 download 30780
1 download 31449
1 download 31507
1 download 31531
1 download 31550
1 download 32467
1 download 32476
1 download 33384
1 download 35874
1 download 37338
1 download 38448
1 download 39060
1 download 39427
1 download 40756
1 download 41618
1 download 44584
1 download 45919
1 download 46353
1 download 53735
1 download 56393
1 download 63757
1 download 73721
1 download 87198
1 testset 11176
1 testset 22398
1 testset 29822
1 testset 30701
1 testset 30702
1 testset 30706
1 testset 31736
1 testset 37887
1 testset 43239
1 testset 51666
1 testset 81145
2 taste_buddy 00715
2 taste_buddy 00486
2 taste_buddy 00450
2 taste_buddy 00447
2 taste_buddy 00891
2 taste_buddy 00106
2 taste_buddy 00980
2 taste_buddy 00273
2 taste_buddy 00243
2 taste_buddy 00098
