1 download 111707
1 download 173166
1 download 30157
1 download 30723
1 download 30940
1 download 31726
1 download 41219
1 download 54197
1 download 59289
1 download 8382
1 download 97412
1 testset 146047
1 testset 30077
1 testset 30782
2 taste_buddy 00266 4.000000
2 taste_buddy 00952 3.000000
2 taste_buddy 00413 2.000000
2 taste_buddy 00724 2.000000
2 taste_buddy 00549 2.000000
2 taste_buddy 00256 2.000000
2 taste_buddy 00039 2.000000
2 taste_buddy 00956 2.000000
2 taste_buddy 00654 2.000000
2 taste_buddy 00462 2.000000
2 taste_buddy 00933 2.000000
2 taste_buddy 00163 2.000000
2 taste_buddy 00486 2.000000
