1 download 100502
1 download 103706
1 download 108681
1 download 11492
1 download 115808
1 download 129209
1 download 133349
1 download 141670
1 download 142036
1 download 147999
1 download 151912
1 download 151916
1 download 153439
1 download 162613
1 download 162616
1 download 162617
1 download 162618
1 download 162622
1 download 29300
1 download 29359
1 download 29361
1 download 29384
1 download 29387
1 download 29404
1 download 29839
1 download 30060
1 download 30063
1 download 30079
1 download 30221
1 download 30318
1 download 30319
1 download 30328
1 download 30332
1 download 30779
1 download 30897
1 download 31980
1 download 32443
1 download 32598
1 download 32800
1 download 32830
1 download 32861
1 download 33441
1 download 33846
1 download 33891
1 download 34172
1 download 34569
1 download 35413
1 download 36357
1 download 36655
1 download 37573
1 download 37758
1 download 38550
1 download 39060
1 download 39457
1 download 43210
1 download 49484
1 download 52474
1 download 52501
1 download 58472
1 download 60780
1 download 6201
1 download 63128
1 download 68196
1 download 68409
1 download 72820
1 download 76302
1 download 78200
1 download 79021
1 download 83258
1 download 83305
1 download 90174
1 download 94826
1 download 95624
1 testset 114679
1 testset 114682
1 testset 116217
1 testset 117711
1 testset 139208
1 testset 169904
1 testset 196495
1 testset 29618
1 testset 29653
1 testset 29753
1 testset 30201
1 testset 30634
1 testset 32205
1 testset 38369
1 testset 40380
1 testset 40418
1 testset 41380
1 testset 46030
1 testset 47580
2 taste_buddy 00150
2 taste_buddy 00835
2 taste_buddy 00696
2 taste_buddy 00468
2 taste_buddy 00303
2 taste_buddy 00088
2 taste_buddy 00860
2 taste_buddy 00632
2 taste_buddy 00437
2 taste_buddy 00016
