1 download 100150
1 download 107420
1 download 108155
1 download 109929
1 download 111707
1 download 112829
1 download 122678
1 download 128775
1 download 131987
1 download 134629
1 download 185880
1 download 186
1 download 199442
1 download 21581
1 download 22305
1 download 22306
1 download 29253
1 download 29271
1 download 29273
1 download 29543
1 download 29940
1 download 29941
1 download 30069
1 download 30082
1 download 30223
1 download 30334
1 download 30722
1 download 30723
1 download 30768
1 download 31570
1 download 31574
1 download 31983
1 download 32308
1 download 32475
1 download 32476
1 download 32497
1 download 32579
1 download 32636
1 download 32637
1 download 32893
1 download 33291
1 download 33305
1 download 33384
1 download 33679
1 download 33696
1 download 33812
1 download 34827
1 download 34828
1 download 34837
1 download 34841
1 download 35496
1 download 35505
1 download 35638
1 download 36435
1 download 3682
1 download 369043
1 download 37006
1 download 38022
1 download 38287
1 download 39125
1 download 39938
1 download 41568
1 download 41618
1 download 43204
1 download 43552
1 download 46234
1 download 46240
1 download 46241
1 download 46697
1 download 4737
1 download 49246
1 download 50247
1 download 50312
1 download 50561
1 download 52011
1 download 52086
1 download 54195
1 download 55705
1 download 62213
1 download 63952
1 download 64068
1 download 66865
1 download 66907
1 download 67616
1 download 68157
1 download 71750
1 download 744
1 download 74681
1 download 75619
1 download 76023
1 download 7934
1 download 84513
1 download 89777
1 download 89778
1 download 93540
1 download 96817
1 testset 248777
1 testset 256425
1 testset 256426
1 testset 29611
1 testset 30149
1 testset 30199
1 testset 30203
1 testset 31736
1 testset 31738
1 testset 33715
1 testset 35301
1 testset 36263
1 testset 381941
1 testset 432
1 testset 434
1 testset 43449
1 testset 51664
1 testset 623525
1 testset 65985
1 testset 79826
1 testset 79839
1 testset 80289
1 testset 86983
1 testset 962
1 testset 99304
2 taste_buddy 00151 24.000000
2 taste_buddy 00248 22.000000
2 taste_buddy 00098 18.000000
2 taste_buddy 00654 13.000000
2 taste_buddy 00661 10.000000
2 taste_buddy 00344 10.000000
2 taste_buddy 00980 9.000000
2 taste_buddy 00891 9.000000
2 taste_buddy 00939 9.000000
2 taste_buddy 00934 9.000000
