1 download 10210
1 download 102547
1 download 110005
1 download 11029
1 download 11176
1 download 117301
1 download 122946
1 download 123214
1 download 125762
1 download 129549
1 download 133164
1 download 14522
1 download 145699
1 download 146826
1 download 15546
1 download 190211
1 download 19721
1 download 20047
1 download 206
1 download 212057
1 download 2217
1 download 24634
1 download 26199
1 download 29373
1 download 29404
1 download 30214
1 download 30217
1 download 31789
1 download 32001
1 download 33175
1 download 33441
1 download 34156
1 download 35032
1 download 3670
1 download 3682
1 download 37235
1 download 37706
1 download 38369
1 download 39960
1 download 42111
1 download 43173
1 download 44487
1 download 48136
1 download 50648
1 download 5282
1 download 54084
1 download 54206
1 download 5578
1 download 573762
1 download 60112
1 download 61859
1 download 63299
1 download 64771
1 download 64774
1 download 67607
1 download 7552
1 download 75994
1 download 81495
1 download 87121
1 download 87687
1 download 9657
1 testset 10246
1 testset 131987
1 testset 15852
1 testset 18149
1 testset 209130
1 testset 256446
1 testset 306813
1 testset 321941
1 testset 36930
1 testset 37115
1 testset 41658
1 testset 53141
1 testset 61823
1 testset 79679
1 testset 829
1 testset 92916
2 taste_buddy 00131 7.000000
2 taste_buddy 00016 6.000000
2 taste_buddy 00256 5.000000
2 taste_buddy 00543 5.000000
2 taste_buddy 00342 5.000000
2 taste_buddy 00150 4.000000
2 taste_buddy 00215 4.000000
2 taste_buddy 00088 4.000000
2 taste_buddy 00548 3.000000
2 taste_buddy 00308 3.000000
2 taste_buddy 00303 3.000000
2 taste_buddy 00387 3.000000
2 taste_buddy 00199 3.000000
2 taste_buddy 00511 3.000000
2 taste_buddy 00887 3.000000
2 taste_buddy 00790 3.000000
