1 download 100194
1 download 100712
1 download 114979
1 download 185800
1 download 254917
1 download 255599
1 download 267634
1 download 360929
1 download 47762
1 testset 271929
1 testset 366856
1 testset 394163
2 taste_buddy 00210 1.000000
2 taste_buddy 00694 1.000000
2 taste_buddy 00468 1.000000
2 taste_buddy 00672 1.000000
2 taste_buddy 00009 1.000000
2 taste_buddy 00441 1.000000
2 taste_buddy 00327 1.000000
2 taste_buddy 00286 1.000000
2 taste_buddy 00160 1.000000
2 taste_buddy 00373 1.000000
