1 download 215017
1 download 231012
1 download 345452
1 download 43237
1 download 475697
1 download 478455
1 download 481910
1 download 487894
1 download 491792
1 download 498553
1 download 501899
1 download 506949
1 testset 328733
1 testset 484734
1 testset 495231
1 testset 505851
2 taste_buddy 00035 5.000000
2 taste_buddy 00313 4.000000
2 taste_buddy 00362 2.000000
2 taste_buddy 00837 1.000000
2 taste_buddy 00622 1.000000
2 taste_buddy 00551 1.000000
2 taste_buddy 00674 1.000000
2 taste_buddy 00396 1.000000
2 taste_buddy 00001 1.000000
