1 download 114979
1 download 143639
1 download 31508
1 download 33355
1 download 350592
1 download 416947
1 download 42208
1 download 435283
1 download 44693
1 download 449943
1 download 455970
1 download 69715
1 testset 130878
1 testset 382779
1 testset 405433
2 taste_buddy 00694 2.000000
2 taste_buddy 00681 2.000000
2 taste_buddy 00719 1.000000
2 taste_buddy 00708 1.000000
2 taste_buddy 00193 1.000000
2 taste_buddy 00955 1.000000
2 taste_buddy 00876 1.000000
2 taste_buddy 00052 1.000000
2 taste_buddy 00384 1.000000
2 taste_buddy 00913 1.000000
2 taste_buddy 00358 1.000000
2 taste_buddy 00106 1.000000
2 taste_buddy 00102 1.000000
2 taste_buddy 00103 1.000000
