1 download 169797
1 download 31617
1 download 32445
1 download 36769
1 download 38346
1 download 38594
1 download 40283
1 download 43173
1 download 47712
1 download 53277
1 download 54197
1 download 572983
1 download 572985
1 download 58759
1 download 611608
1 download 61897
1 download 71887
1 download 72101
1 download 95624
1 testset 24572
1 testset 33891
1 testset 46185
1 testset 598118
1 testset 878
2 taste_buddy 00163
2 taste_buddy 00664
2 taste_buddy 00945
2 taste_buddy 00971
2 taste_buddy 00831
2 taste_buddy 00938
2 taste_buddy 00841
2 taste_buddy 00905
2 taste_buddy 00843
2 taste_buddy 00961
