1 download 133795
1 download 300604
1 download 320544
1 download 330446
1 download 33456
1 download 337585
1 download 391584
1 download 395698
1 download 399524
1 download 413137
1 download 423122
1 download 423870
1 download 426530
1 download 436175
1 download 448725
1 download 449180
1 download 451584
1 download 453045
1 download 456249
1 download 459048
1 download 459483
1 download 462428
1 download 88918
1 testset 32861
1 testset 35132
1 testset 40573
1 testset 440312
1 testset 446049
1 testset 458364
2 taste_buddy 00453
2 taste_buddy 00051
2 taste_buddy 00820
2 taste_buddy 00047
2 taste_buddy 00763
2 taste_buddy 00630
2 taste_buddy 00790
2 taste_buddy 00318
2 taste_buddy 00707
2 taste_buddy 00888
