1 download 102438
1 download 103780
1 download 111996
1 download 122813
1 download 173098
1 download 30109
1 download 30628
1 download 31755
1 download 32020
1 download 32042
1 download 35506
1 download 37249
1 download 47680
1 download 61265
1 download 68037
1 download 69323
1 testset 115485
1 testset 158238
1 testset 57692
1 testset 58493
2 taste_buddy 00136
2 taste_buddy 00408
2 taste_buddy 00988
2 taste_buddy 00828
2 taste_buddy 00775
2 taste_buddy 00272
2 taste_buddy 00243
2 taste_buddy 00188
2 taste_buddy 00835
2 taste_buddy 00270
