1 download 101859
1 download 1466
1 download 156012
1 download 222024
1 download 29348
1 download 30723
1 download 30776
1 download 30782
1 download 31240
1 download 31954
1 download 32268
1 download 34008
1 download 3470
1 download 34828
1 download 35189
1 download 35191
1 download 35288
1 download 36401
1 download 39491
1 download 41687
1 download 42755
1 download 56867
1 download 62605
1 download 73659
1 download 744
1 download 74826
1 download 80472
1 download 81449
1 download 81450
1 download 82710
1 download 83775
1 testset 29940
1 testset 30714
1 testset 33261
1 testset 33271
1 testset 34158
1 testset 3475
1 testset 59070
1 testset 70015
2 taste_buddy 00248 8.000000
2 taste_buddy 00462 6.000000
2 taste_buddy 00151 5.000000
2 taste_buddy 00426 5.000000
2 taste_buddy 00715 4.000000
2 taste_buddy 00430 4.000000
2 taste_buddy 00450 4.000000
2 taste_buddy 00457 4.000000
2 taste_buddy 00816 4.000000
2 taste_buddy 00344 4.000000
2 taste_buddy 00273 4.000000
2 taste_buddy 00934 4.000000
