1 download 102623
1 download 125454
1 download 144034
1 download 148622
1 download 152755
1 download 158120
1 download 164283
1 download 167143
1 download 187194
1 download 198136
1 download 201193
1 download 206375
1 download 206943
1 download 209330
1 download 221361
1 download 223700
1 download 233788
1 download 234419
1 download 240049
1 download 253754
1 download 256019
1 download 256179
1 download 264811
1 download 270235
1 download 271033
1 download 27305
1 download 277984
1 download 279913
1 download 283203
1 download 294323
1 download 295769
1 download 29882
1 download 303203
1 download 306312
1 download 31244
1 download 31264
1 download 31266
1 download 43970
1 download 43975
1 download 57552
1 download 82651
1 testset 106734
1 testset 150264
1 testset 223996
1 testset 231538
1 testset 249762
1 testset 261993
1 testset 281197
1 testset 291308
1 testset 306424
1 testset 33904
1 testset 33905
2 taste_buddy 00518
2 taste_buddy 00080
2 taste_buddy 00279
2 taste_buddy 00736
2 taste_buddy 00212
2 taste_buddy 00693
2 taste_buddy 00359
2 taste_buddy 00847
2 taste_buddy 00369
2 taste_buddy 00078
