1 download 1134
1 download 134
1 download 184
1 download 29348
1 download 29861
1 download 30203
1 download 30223
1 download 30782
1 download 31240
1 download 32434
1 download 32476
1 download 34835
1 download 35102
1 download 35301
1 download 37008
1 download 386
1 download 40756
1 download 41618
1 download 46177
1 download 49358
1 download 52020
1 download 54095
1 download 57775
1 download 744
1 testset 29941
1 testset 31507
1 testset 58105
1 testset 58106
1 testset 58107
1 testset 58108
2 taste_buddy 00980 12.000000
2 taste_buddy 00151 8.000000
2 taste_buddy 00029 8.000000
2 taste_buddy 00248 8.000000
2 taste_buddy 00395 6.000000
2 taste_buddy 00303 6.000000
2 taste_buddy 00387 6.000000
2 taste_buddy 00462 6.000000
2 taste_buddy 00934 6.000000
2 taste_buddy 00413 5.000000
2 taste_buddy 00775 5.000000
