1 download 119952
1 download 123214
1 download 131202
1 download 137767
1 download 162613
1 download 1702
1 download 185880
1 download 195
1 download 19721
1 download 213861
1 download 22294
1 download 246404
1 download 29373
1 download 29386
1 download 30104
1 download 30113
1 download 30214
1 download 30782
1 download 32001
1 download 32155
1 download 32442
1 download 34005
1 download 36779
1 download 37008
1 download 4
1 download 40032
1 download 40705
1 download 418
1 download 43456
1 download 47330
1 download 517
1 download 52011
1 download 52014
1 download 55123
1 download 56262
1 download 58024
1 download 68163
1 download 72640
1 download 81449
1 download 90554
1 download 91933
1 testset 101348
1 testset 170341
1 testset 186747
1 testset 240785
1 testset 30071
1 testset 30077
1 testset 31978
1 testset 39124
1 testset 45807
1 testset 6824
1 testset 8572
2 taste_buddy 00151 5.000000
2 taste_buddy 00980 5.000000
2 taste_buddy 00775 5.000000
2 taste_buddy 00179 5.000000
2 taste_buddy 00939 5.000000
2 taste_buddy 00450 4.000000
2 taste_buddy 00303 3.000000
2 taste_buddy 00901 3.000000
2 taste_buddy 00430 3.000000
2 taste_buddy 00198 3.000000
2 taste_buddy 00207 3.000000
2 taste_buddy 00969 3.000000
2 taste_buddy 00952 3.000000
2 taste_buddy 00715 3.000000
2 taste_buddy 00104 3.000000
2 taste_buddy 00106 3.000000
2 taste_buddy 00088 3.000000
