1 download 114140
1 download 129169
1 download 163755
1 download 2269
1 download 30723
1 download 33176
1 download 33456
1 download 33976
1 download 36191
1 download 47712
1 download 48238
1 download 66286
1 download 70881
1 download 72703
1 download 9476
1 testset 144444
1 testset 30943
1 testset 32447
1 testset 58814
2 taste_buddy 00420
2 taste_buddy 00769
2 taste_buddy 00260
2 taste_buddy 00269
2 taste_buddy 00272
2 taste_buddy 00248
2 taste_buddy 00344
2 taste_buddy 00980
2 taste_buddy 00413
2 taste_buddy 00724
