1 download 111820
1 download 196
1 download 29361
1 download 300682
1 download 32195
1 download 32445
1 download 33441
1 download 33991
1 download 34443
1 download 34892
1 download 35514
1 download 37084
1 download 50208
1 download 58434
1 download 63465
1 download 75859
1 download 87831
1 testset 29304
1 testset 30060
1 testset 46194
1 testset 50667
1 testset 52208
2 taste_buddy 00150 4.000000
2 taste_buddy 00511 4.000000
2 taste_buddy 00606 3.000000
2 taste_buddy 00350 3.000000
2 taste_buddy 00945 3.000000
2 taste_buddy 00177 3.000000
2 taste_buddy 00088 3.000000
2 taste_buddy 00016 2.000000
2 taste_buddy 00131 2.000000
2 taste_buddy 00853 2.000000
2 taste_buddy 00696 2.000000
2 taste_buddy 00303 2.000000
2 taste_buddy 00986 2.000000
2 taste_buddy 00137 2.000000
2 taste_buddy 00887 2.000000
2 taste_buddy 00768 2.000000
2 taste_buddy 00215 2.000000
2 taste_buddy 00184 2.000000
2 taste_buddy 00477 2.000000
2 taste_buddy 00379 2.000000
