1 download 22297
1 download 29271
1 download 30700
1 download 30705
1 download 30706
1 download 30710
1 download 30755
1 download 311282
1 download 33410
1 download 35131
1 download 39160
1 download 43422
1 download 51475
1 download 56587
1 testset 30780
1 testset 37915
1 testset 50175
1 testset 62238
2 taste_buddy 00661
2 taste_buddy 00853
2 taste_buddy 00939
2 taste_buddy 00909
2 taste_buddy 00640
2 taste_buddy 00098
2 taste_buddy 00371
2 taste_buddy 00243
2 taste_buddy 00151
2 taste_buddy 00273
