1 download 251244
1 download 2636
1 download 282667
1 download 29359
1 download 29362
1 download 29373
1 download 29377
1 download 29389
1 download 29620
1 download 30217
1 download 30634
1 download 30943
1 download 31270
1 download 32176
1 download 32205
1 download 32521
1 download 32721
1 download 33441
1 download 33448
1 download 33973
1 download 33976
1 download 34091
1 download 35113
1 download 35281
1 download 35514
1 download 35726
1 download 35860
1 download 35906
1 download 36176
1 download 37080
1 download 38594
1 download 43920
1 download 44437
1 download 44514
1 download 46213
1 download 46606
1 download 48019
1 download 51908
1 download 53423
1 download 54976
1 download 59784
1 download 60864
1 download 8033
1 download 86580
1 testset 13938
1 testset 142818
1 testset 30060
1 testset 30061
1 testset 30328
1 testset 30332
1 testset 30975
1 testset 32627
1 testset 43913
1 testset 44391
1 testset 72943
2 taste_buddy 00131
2 taste_buddy 00511
2 taste_buddy 00303
2 taste_buddy 00150
2 taste_buddy 00894
2 taste_buddy 00468
2 taste_buddy 00088
2 taste_buddy 00016
2 taste_buddy 00256
2 taste_buddy 00141
