1 download 101202
1 download 11286
1 download 12561
1 download 162572
1 download 176221
1 download 196122
1 download 19859
1 download 202126
1 download 23297
1 download 26272
1 download 273104
1 download 29335
1 download 30214
1 download 30351
1 download 30942
1 download 35771
1 download 36277
1 download 40729
1 download 42913
1 download 43735
1 download 46102
1 download 56415
1 download 7119
1 download 76173
1 download 81099
1 download 867
1 download 87582
1 download 90004
1 download 91614
1 download 9508
1 testset 24702
1 testset 2941
1 testset 33125
1 testset 37370
1 testset 41961
1 testset 56414
1 testset 9235
1 testset 9471
2 taste_buddy 00616 3.000000
2 taste_buddy 00363 3.000000
2 taste_buddy 00557 2.000000
2 taste_buddy 00540 2.000000
2 taste_buddy 00387 2.000000
2 taste_buddy 00068 2.000000
2 taste_buddy 00632 2.000000
2 taste_buddy 00829 2.000000
2 taste_buddy 00828 2.000000
2 taste_buddy 00622 2.000000
2 taste_buddy 00088 2.000000
