1 download 463766
1 download 466261
1 download 466724
1 download 469925
1 download 470052
1 download 470093
1 download 472621
1 download 472633
1 download 472885
1 download 473397
1 download 475651
1 download 475930
1 download 475937
1 download 476982
1 download 98966
1 testset 105758
1 testset 462997
1 testset 470053
1 testset 472955
2 taste_buddy 00428 8.000000
2 taste_buddy 00035 8.000000
2 taste_buddy 00087 4.000000
2 taste_buddy 00617 3.000000
2 taste_buddy 00659 3.000000
2 taste_buddy 00687 3.000000
2 taste_buddy 00364 2.000000
2 taste_buddy 00707 2.000000
2 taste_buddy 00558 1.000000
2 taste_buddy 00630 1.000000
2 taste_buddy 00076 1.000000
2 taste_buddy 00849 1.000000
2 taste_buddy 00356 1.000000
2 taste_buddy 00384 1.000000
2 taste_buddy 00825 1.000000
