1 download 122678
1 download 128313
1 download 30062
1 download 31531
1 download 32299
1 download 3234
1 download 33992
1 download 34850
1 download 36298
1 download 575058
1 download 69414
1 download 7608
1 download 86983
1 download 87437
1 download 96482
1 testset 129757
1 testset 204926
1 testset 21581
1 testset 69785
2 taste_buddy 00303
2 taste_buddy 00195
2 taste_buddy 00999
2 taste_buddy 00486
2 taste_buddy 00643
2 taste_buddy 00593
2 taste_buddy 00216
2 taste_buddy 00598
2 taste_buddy 00654
2 taste_buddy 00344
