1 download 122096
1 download 29392
1 download 29617
1 download 311869
1 download 313624
1 download 316608
1 download 318811
1 download 323133
1 download 32445
1 download 334266
1 download 349223
1 download 352561
1 download 359203
1 download 365472
1 download 373520
1 download 375009
1 download 383960
1 download 387781
1 download 388275
1 download 39061
1 download 391584
1 download 402172
1 download 402307
1 download 403870
1 download 407189
1 download 415595
1 download 416183
1 download 419009
1 download 420128
1 download 425269
1 download 434432
1 download 434779
1 download 436175
1 download 437123
1 download 442559
1 download 442774
1 download 443067
1 download 443272
1 download 448725
1 download 449180
1 download 451146
1 download 454684
1 download 456249
1 download 467025
1 download 468004
1 download 468668
1 download 486423
1 download 489412
1 download 489956
1 download 492760
1 download 493224
1 download 503979
1 download 504090
1 download 505349
1 download 505920
1 download 511497
1 download 516353
1 download 523355
1 download 526526
1 download 67999
1 testset 323575
1 testset 349600
1 testset 352383
1 testset 360680
1 testset 377066
1 testset 397935
1 testset 411883
1 testset 412877
1 testset 419438
1 testset 427989
1 testset 429168
1 testset 458364
1 testset 465656
1 testset 504189
1 testset 518526
1 testset 86332
2 taste_buddy 00875 13.000000
2 taste_buddy 00047 10.000000
2 taste_buddy 00318 7.000000
2 taste_buddy 00707 7.000000
2 taste_buddy 00630 6.000000
2 taste_buddy 00453 5.000000
2 taste_buddy 00351 5.000000
2 taste_buddy 00263 5.000000
2 taste_buddy 00994 4.000000
2 taste_buddy 00350 4.000000
2 taste_buddy 00888 4.000000
2 taste_buddy 00946 4.000000
