1 download 134535
1 download 18062
1 download 219499
1 download 249302
1 download 30186
1 download 30187
1 download 30221
1 download 32175
1 download 32445
1 download 33125
1 download 35894
1 download 37003
1 download 41245
1 download 42631
1 download 43264
1 download 44226
1 download 45717
1 download 46467
1 download 46546
1 download 47257
1 download 51352
1 download 54034
1 download 65337
1 download 9315
1 download 9476
1 download 9508
1 testset 275696
1 testset 30060
1 testset 381038
1 testset 39545
1 testset 43390
1 testset 65404
1 testset 9714
2 taste_buddy 00454
2 taste_buddy 00357
2 taste_buddy 00530
2 taste_buddy 00548
2 taste_buddy 00768
2 taste_buddy 00841
2 taste_buddy 00949
2 taste_buddy 00617
2 taste_buddy 00847
2 taste_buddy 00790
