1 download 110036
1 download 11108
1 download 11421
1 download 12053
1 download 12054
1 download 12067
1 download 12601
1 download 12734
1 download 13238
1 download 13240
1 download 14884
1 download 16539
1 download 19824
1 download 19934
1 download 19937
1 download 19940
1 download 21175
1 download 2239
1 download 25375
1 download 27716
1 download 29392
1 download 29837
1 download 32522
1 download 32608
1 download 33934
1 download 34439
1 download 35029
1 download 37931
1 download 38411
1 download 38795
1 download 3933
1 download 40834
1 download 40835
1 download 40837
1 download 43173
1 download 4492
1 download 48033
1 download 51766
1 download 52447
1 download 56084
1 download 62326
1 download 62638
1 download 64777
1 download 655
1 download 72539
1 download 7552
1 download 79634
1 download 79635
1 download 87475
1 download 87479
1 download 87482
1 download 87484
1 download 90640
1 download 93152
1 download 97103
1 download 9903
1 download 9904
1 download 9906
1 download 9908
1 testset 21232
1 testset 27629
1 testset 32255
1 testset 38245
1 testset 4499
1 testset 51772
1 testset 72820
1 testset 76790
1 testset 76791
1 testset 79636
1 testset 85621
1 testset 87478
1 testset 91766
1 testset 91770
1 testset 93156
2 taste_buddy 00759
2 taste_buddy 00016
2 taste_buddy 00434
2 taste_buddy 00499
2 taste_buddy 00693
2 taste_buddy 00179
2 taste_buddy 00661
2 taste_buddy 00343
2 taste_buddy 00037
2 taste_buddy 00847
