1 download 11118
1 download 12181
1 download 12819
1 download 12820
1 download 12888
1 download 15
1 download 1518
1 download 16795
1 download 19813
1 download 22433
1 download 23338
1 download 23339
1 download 23463
1 download 24494
1 download 27176
1 download 2756
1 download 2776
1 testset 1522
1 testset 18302
1 testset 247
1 testset 248
1 testset 25333
2 taste_buddy 00096
2 taste_buddy 00153
2 taste_buddy 00225
2 taste_buddy 00100
2 taste_buddy 00690
2 taste_buddy 00204
2 taste_buddy 00064
2 taste_buddy 00226
2 taste_buddy 00915
2 taste_buddy 00224
