1 download 348101
1 download 348107
1 download 348108
1 download 353602
1 download 357645
1 download 362289
1 download 370780
1 download 374844
1 download 378974
1 download 400595
1 download 400646
1 download 404781
1 download 408986
1 download 416671
1 download 511714
1 download 515936
1 download 518988
1 download 521633
1 download 521882
1 download 524731
1 download 528386
1 download 528387
1 download 529744
1 download 529826
1 download 532657
1 download 536212
1 testset 353393
1 testset 365922
1 testset 370789
1 testset 378832
1 testset 405608
1 testset 412915
1 testset 511862
2 taste_buddy 00445 9.000000
2 taste_buddy 00897 4.000000
2 taste_buddy 00833 3.000000
2 taste_buddy 00087 3.000000
2 taste_buddy 00876 3.000000
2 taste_buddy 00035 2.000000
2 taste_buddy 00276 1.000000
2 taste_buddy 00351 1.000000
2 taste_buddy 00596 1.000000
