1 download 106278
1 download 218207
1 download 351497
1 download 39544
1 download 449778
1 download 480045
1 download 480046
1 download 480047
1 download 480048
1 download 489196
1 download 489956
1 download 67626
1 testset 109630
1 testset 29500
1 testset 461983
2 taste_buddy 00313 4.000000
2 taste_buddy 00205 1.000000
2 taste_buddy 00154 1.000000
2 taste_buddy 00888 1.000000
2 taste_buddy 00699 1.000000
2 taste_buddy 00990 1.000000
2 taste_buddy 00657 1.000000
2 taste_buddy 00256 1.000000
2 taste_buddy 00051 1.000000
