1 download 111706
1 download 112330
1 download 114323
1 download 122678
1 download 125230
1 download 162637
1 download 171626
1 download 18088
1 download 22294
1 download 22543
1 download 269497
1 download 2895
1 download 29273
1 download 29473
1 download 30111
1 download 30157
1 download 30722
1 download 30782
1 download 31726
1 download 32476
1 download 32635
1 download 33248
1 download 34827
1 download 34828
1 download 35503
1 download 35716
1 download 37003
1 download 37341
1 download 37343
1 download 38682
1 download 39139
1 download 39452
1 download 39938
1 download 40009
1 download 40202
1 download 44270
1 download 46225
1 download 46229
1 download 46232
1 download 46234
1 download 50247
1 download 50323
1 download 52412
1 download 54016
1 download 54715
1 download 57776
1 download 60777
1 download 66501
1 download 66907
1 download 68157
1 download 69415
1 download 72990
1 download 744
1 download 76423
1 download 79407
1 download 86983
1 download 87693
1 download 89777
1 download 91963
1 download 9572
1 testset 108155
1 testset 112829
1 testset 125930
1 testset 245611
1 testset 30077
1 testset 30082
1 testset 30223
1 testset 30718
1 testset 31507
1 testset 32637
1 testset 38287
1 testset 43453
1 testset 49948
1 testset 5882
1 testset 97391
2 taste_buddy 00151 20.000000
2 taste_buddy 00039 13.000000
2 taste_buddy 00098 9.000000
2 taste_buddy 00248 8.000000
2 taste_buddy 00620 7.000000
2 taste_buddy 00430 6.000000
2 taste_buddy 00195 6.000000
2 taste_buddy 00344 6.000000
2 taste_buddy 00486 5.000000
2 taste_buddy 00531 5.000000
2 taste_buddy 00598 5.000000
