1 download 1052
1 download 134
1 download 136670
1 download 155953
1 download 29348
1 download 29394
1 download 30157
1 download 30223
1 download 30723
1 download 30776
1 download 30782
1 download 31507
1 download 32442
1 download 33328
1 download 34828
1 download 35102
1 download 47343
1 download 744
1 download 98107
1 testset 29940
1 testset 30073
1 testset 30077
1 testset 30199
1 testset 32636
2 taste_buddy 00939
2 taste_buddy 00207
2 taste_buddy 00934
2 taste_buddy 00273
2 taste_buddy 00450
2 taste_buddy 00248
2 taste_buddy 00715
2 taste_buddy 00243
2 taste_buddy 00600
2 taste_buddy 00486
