1 download 100748
1 download 114441
1 download 114447
1 download 114452
1 download 123692
1 download 123694
1 download 127641
1 download 13265
1 download 137289
1 download 137538
1 download 13912
1 download 14908
1 download 15867
1 download 181332
1 download 186513
1 download 189897
1 download 192267
1 download 207637
1 download 2155
1 download 22391
1 download 23246
1 download 25569
1 download 29616
1 download 30480
1 download 30634
1 download 31066
1 download 32268
1 download 33860
1 download 34349
1 download 35032
1 download 38238
1 download 39940
1 download 42243
1 download 43068
1 download 43137
1 download 44850
1 download 451
1 download 45918
1 download 46652
1 download 47588
1 download 49073
1 download 49440
1 download 50667
1 download 50983
1 download 51507
1 download 52652
1 download 53002
1 download 55567
1 download 5578
1 download 56509
1 download 57642
1 download 604822
1 download 615
1 download 62404
1 download 67270
1 download 72107
1 download 75338
1 download 78873
1 download 89062
1 download 90237
1 download 91021
1 download 93428
1 testset 12265
1 testset 12394
1 testset 17899
1 testset 22382
1 testset 22385
1 testset 30709
1 testset 32639
1 testset 3453
1 testset 38900
1 testset 39535
1 testset 68600
1 testset 74230
1 testset 89072
1 testset 91025
1 testset 93547
1 testset 95602
2 taste_buddy 00720
2 taste_buddy 00225
2 taste_buddy 00486
2 taste_buddy 00344
2 taste_buddy 00389
2 taste_buddy 00150
2 taste_buddy 00510
2 taste_buddy 00917
2 taste_buddy 00593
2 taste_buddy 00266
