1 download 101318
1 download 105620
1 download 112146
1 download 112442
1 download 200856
1 download 223182
1 download 29963
1 download 30113
1 download 31789
1 download 32156
1 download 32299
1 download 32442
1 download 35514
1 download 35896
1 download 36431
1 download 37340
1 download 38226
1 download 386882
1 download 389812
1 download 39507
1 download 39890
1 download 46006
1 download 49092
1 download 60165
1 download 63107
1 download 68557
1 download 71267
1 download 76324
1 download 79926
1 download 87437
1 testset 29940
1 testset 30973
1 testset 31738
1 testset 31740
1 testset 32635
1 testset 40809
1 testset 46226
1 testset 88057
2 taste_buddy 00969 5.000000
2 taste_buddy 00980 4.000000
2 taste_buddy 00273 4.000000
2 taste_buddy 00486 4.000000
2 taste_buddy 00912 3.000000
2 taste_buddy 00200 3.000000
2 taste_buddy 00430 3.000000
2 taste_buddy 00431 3.000000
2 taste_buddy 00597 3.000000
2 taste_buddy 00450 3.000000
2 taste_buddy 00484 3.000000
