1 download 136986
1 download 29386
1 download 29869
1 download 30415
1 download 30723
1 download 30782
1 download 31240
1 download 31327
1 download 32153
1 download 32308
1 download 32428
1 download 32627
1 download 33384
1 download 34828
1 download 35301
1 download 35874
1 download 395594
1 download 418843
1 download 486028
1 download 55129
1 download 67939
1 download 744
1 testset 29940
1 testset 30073
1 testset 30199
1 testset 450828
1 testset 451827
1 testset 455037
2 taste_buddy 00248 6.000000
2 taste_buddy 00413 5.000000
2 taste_buddy 00600 5.000000
2 taste_buddy 00151 5.000000
2 taste_buddy 00039 5.000000
2 taste_buddy 00450 5.000000
2 taste_buddy 00344 5.000000
2 taste_buddy 00273 5.000000
2 taste_buddy 00934 5.000000
2 taste_buddy 00715 5.000000
