1 download 107394
1 download 133795
1 download 167218
1 download 211349
1 download 215473
1 download 29272
1 download 29405
1 download 31647
1 download 32170
1 download 33456
1 download 363094
1 download 368295
1 download 37366
1 download 374406
1 download 375873
1 download 378886
1 download 381570
1 download 382353
1 download 382894
1 download 41618
1 download 42185
1 download 51530
1 download 54452
1 download 54478
1 download 54601
1 download 60734
1 download 64982
1 download 90023
1 testset 294771
1 testset 30203
1 testset 363047
1 testset 365942
1 testset 375418
1 testset 379380
1 testset 4728
2 taste_buddy 00719
2 taste_buddy 00724
2 taste_buddy 00461
2 taste_buddy 00444
2 taste_buddy 00881
2 taste_buddy 00340
2 taste_buddy 00700
2 taste_buddy 00151
2 taste_buddy 00553
2 taste_buddy 00751
