1 download 22305
1 download 29394
1 download 29467
1 download 29611
1 download 29683
1 download 29940
1 download 30086
1 download 30149
1 download 30776
1 download 31512
1 download 34434
1 download 37019
1 download 50938
1 download 53506
1 testset 30111
1 testset 30718
1 testset 32636
1 testset 32637
2 taste_buddy 00098 5.000000
2 taste_buddy 00243 5.000000
2 taste_buddy 00248 5.000000
2 taste_buddy 00901 4.000000
2 taste_buddy 00008 4.000000
2 taste_buddy 00715 4.000000
2 taste_buddy 00447 4.000000
2 taste_buddy 00661 4.000000
2 taste_buddy 00939 4.000000
2 taste_buddy 00151 3.000000
2 taste_buddy 00208 3.000000
2 taste_buddy 00450 3.000000
2 taste_buddy 00517 3.000000
2 taste_buddy 00465 3.000000
2 taste_buddy 00273 3.000000
