1 download 12327
1 download 30073
1 download 30211
1 download 30223
1 download 30722
1 download 31574
1 download 32427
1 download 34828
1 download 57776
1 download 744
1 download 77809
1 testset 100313
1 testset 30203
1 testset 32863
2 taste_buddy 00151 5.000000
2 taste_buddy 00039 5.000000
2 taste_buddy 00248 5.000000
2 taste_buddy 00654 4.000000
2 taste_buddy 00303 3.000000
2 taste_buddy 00098 3.000000
2 taste_buddy 00200 3.000000
2 taste_buddy 00462 3.000000
2 taste_buddy 00715 3.000000
2 taste_buddy 00934 3.000000
