1 download 257991
1 download 29822
1 download 30540
1 download 31035
1 download 319522
1 download 321189
1 download 325751
1 download 33376
1 download 35861
1 download 376745
1 download 379380
1 download 48653
1 download 55412
1 download 63935
1 testset 323839
1 testset 356604
1 testset 35860
1 testset 361629
2 taste_buddy 00373
2 taste_buddy 00556
2 taste_buddy 00100
2 taste_buddy 00463
2 taste_buddy 00674
2 taste_buddy 00668
2 taste_buddy 00828
2 taste_buddy 00667
2 taste_buddy 00673
2 taste_buddy 00300
