1 download 202126
1 download 202883
1 download 216210
1 download 218402
1 download 235816
1 download 264425
1 download 29361
1 download 29364
1 download 29411
1 download 30004
1 download 31658
1 download 32205
1 download 32521
1 download 331192
1 download 338596
1 download 33891
1 download 352561
1 download 352859
1 download 359203
1 download 360680
1 download 363821
1 download 365010
1 download 365472
1 download 388126
1 download 391584
1 download 392724
1 download 400776
1 download 402307
1 download 407189
1 download 411870
1 download 426530
1 download 436654
1 download 442774
1 download 473369
1 testset 213610
1 testset 30060
1 testset 30063
1 testset 311421
1 testset 348690
1 testset 349223
1 testset 349600
1 testset 356604
1 testset 415595
2 taste_buddy 00468
2 taste_buddy 00327
2 taste_buddy 00051
2 taste_buddy 00088
2 taste_buddy 00150
2 taste_buddy 00284
2 taste_buddy 00696
2 taste_buddy 00351
2 taste_buddy 00763
2 taste_buddy 00946
