1 download 112992
1 download 113578
1 download 120015
1 download 281153
1 download 32301
1 download 37831
1 download 38836
1 download 55894
1 download 86897
1 testset 31343
1 testset 34519
1 testset 36094
2 taste_buddy 00668 1.000000
2 taste_buddy 00203 1.000000
2 taste_buddy 00586 1.000000
2 taste_buddy 00566 1.000000
2 taste_buddy 00556 1.000000
2 taste_buddy 00717 1.000000
2 taste_buddy 00720 1.000000
2 taste_buddy 00127 1.000000
2 taste_buddy 00183 1.000000
2 taste_buddy 00912 1.000000
2 taste_buddy 00370 1.000000
