1 download 19467
1 download 288
1 download 29335
1 download 29358
1 download 29377
1 download 29382
1 download 29392
1 download 29403
1 download 29407
1 download 30004
1 download 30073
1 download 30363
1 download 30535
1 download 30940
1 download 31240
1 download 31531
1 download 31558
1 download 31659
1 download 32155
1 download 32446
1 download 32502
1 download 32598
1 download 32723
1 download 32724
1 download 32857
1 download 33891
1 download 33988
1 download 34000
1 download 34003
1 download 34218
1 download 34890
1 download 35032
1 download 35113
1 download 35413
1 download 35459
1 download 35659
1 download 35777
1 download 35860
1 download 38251
1 download 39448
1 download 40043
1 download 44487
1 download 45486
1 download 45663
1 download 46497
1 download 47647
1 download 48019
1 download 50344
1 download 50884
1 download 52999
1 download 54467
1 download 54704
1 download 59900
1 download 61464
1 download 74233
1 download 83172
1 testset 30070
1 testset 30204
1 testset 30318
1 testset 30319
1 testset 30334
1 testset 30975
1 testset 31738
1 testset 37234
1 testset 38611
1 testset 38765
1 testset 39251
1 testset 39927
1 testset 49147
1 testset 679417
2 taste_buddy 00303
2 taste_buddy 00860
2 taste_buddy 00828
2 taste_buddy 00150
2 taste_buddy 00463
2 taste_buddy 00088
2 taste_buddy 00667
2 taste_buddy 00887
2 taste_buddy 00511
2 taste_buddy 00216
