1 download 243428
1 download 253289
1 download 257400
1 download 271249
1 download 29702
1 download 347845
1 download 349098
1 download 357423
1 download 36322
1 download 53601
1 testset 131320
1 testset 29500
1 testset 329925
2 taste_buddy 00503 2.000000
2 taste_buddy 00924 2.000000
2 taste_buddy 00719 1.000000
2 taste_buddy 00894 1.000000
2 taste_buddy 00635 1.000000
2 taste_buddy 00238 1.000000
2 taste_buddy 00674 1.000000
2 taste_buddy 00520 1.000000
2 taste_buddy 00722 1.000000
2 taste_buddy 00926 1.000000
2 taste_buddy 00418 1.000000
