1 download 114323
1 download 16598
1 download 18849
1 download 222976
1 download 23386
1 download 25854
1 download 53551
1 download 58024
1 download 594119
1 download 8944
1 testset 16607
1 testset 18302
1 testset 26106
2 taste_buddy 00552 2.000000
2 taste_buddy 00299 2.000000
2 taste_buddy 00053 2.000000
2 taste_buddy 00851 1.000000
2 taste_buddy 00854 1.000000
2 taste_buddy 00969 1.000000
2 taste_buddy 00342 1.000000
2 taste_buddy 00654 1.000000
2 taste_buddy 00288 1.000000
2 taste_buddy 00043 1.000000
2 taste_buddy 00932 1.000000
