1 download 102188
1 download 107734
1 download 109327
1 download 114716
1 download 149063
1 download 29360
1 download 29375
1 download 29379
1 download 29617
1 download 29825
1 download 29898
1 download 30004
1 download 30112
1 download 30358
1 download 30362
1 download 30363
1 download 30540
1 download 31053
1 download 31912
1 download 31926
1 download 32926
1 download 33985
1 download 34000
1 download 34109
1 download 34181
1 download 35361
1 download 35659
1 download 35909
1 download 38601
1 download 39252
1 download 40720
1 download 40729
1 download 42011
1 download 42566
1 download 42577
1 download 44424
1 download 45356
1 download 45486
1 download 45657
1 download 47138
1 download 48727
1 download 49453
1 download 49454
1 download 57863
1 download 79191
1 download 80298
1 download 84389
1 download 84397
1 download 91096
1 testset 150750
1 testset 29289
1 testset 29387
1 testset 29822
1 testset 30333
1 testset 32611
1 testset 35947
1 testset 37489
1 testset 37754
1 testset 40176
1 testset 43920
1 testset 45660
1 testset 63465
2 taste_buddy 00828
2 taste_buddy 00376
2 taste_buddy 00150
2 taste_buddy 00136
2 taste_buddy 00590
2 taste_buddy 00374
2 taste_buddy 00300
2 taste_buddy 00382
2 taste_buddy 00131
2 taste_buddy 00525
