1 download 277270
1 download 29891
1 download 30316
1 download 30723
1 download 32506
1 download 35190
1 download 42631
1 download 46311
1 testset 32316
1 testset 32603
2 taste_buddy 00804 2.000000
2 taste_buddy 00191 2.000000
2 taste_buddy 00222 2.000000
2 taste_buddy 00363 2.000000
2 taste_buddy 00842 1.000000
2 taste_buddy 00344 1.000000
2 taste_buddy 00413 1.000000
2 taste_buddy 00724 1.000000
2 taste_buddy 00683 1.000000
2 taste_buddy 00923 1.000000
2 taste_buddy 00844 1.000000
2 taste_buddy 00600 1.000000
2 taste_buddy 00151 1.000000
2 taste_buddy 00150 1.000000
2 taste_buddy 00552 1.000000
2 taste_buddy 00608 1.000000
2 taste_buddy 00092 1.000000
2 taste_buddy 00498 1.000000
2 taste_buddy 00492 1.000000
2 taste_buddy 00256 1.000000
2 taste_buddy 00257 1.000000
2 taste_buddy 00494 1.000000
2 taste_buddy 00853 1.000000
2 taste_buddy 00850 1.000000
2 taste_buddy 00851 1.000000
2 taste_buddy 00426 1.000000
2 taste_buddy 00910 1.000000
2 taste_buddy 00992 1.000000
2 taste_buddy 00143 1.000000
2 taste_buddy 00614 1.000000
2 taste_buddy 00610 1.000000
2 taste_buddy 00382 1.000000
2 taste_buddy 00381 1.000000
2 taste_buddy 00028 1.000000
2 taste_buddy 00226 1.000000
2 taste_buddy 00905 1.000000
2 taste_buddy 00907 1.000000
2 taste_buddy 00864 1.000000
2 taste_buddy 00534 1.000000
2 taste_buddy 00430 1.000000
2 taste_buddy 00431 1.000000
2 taste_buddy 00743 1.000000
2 taste_buddy 00337 1.000000
2 taste_buddy 00137 1.000000
2 taste_buddy 00136 1.000000
2 taste_buddy 00131 1.000000
2 taste_buddy 00039 1.000000
2 taste_buddy 00037 1.000000
2 taste_buddy 00032 1.000000
2 taste_buddy 00978 1.000000
2 taste_buddy 00321 1.000000
2 taste_buddy 00328 1.000000
2 taste_buddy 00207 1.000000
2 taste_buddy 00206 1.000000
2 taste_buddy 00770 1.000000
2 taste_buddy 00098 1.000000
2 taste_buddy 00444 1.000000
2 taste_buddy 00120 1.000000
2 taste_buddy 00040 1.000000
2 taste_buddy 00042 1.000000
2 taste_buddy 00045 1.000000
2 taste_buddy 00046 1.000000
2 taste_buddy 00550 1.000000
2 taste_buddy 00969 1.000000
2 taste_buddy 00351 1.000000
2 taste_buddy 00598 1.000000
2 taste_buddy 00768 1.000000
2 taste_buddy 00769 1.000000
2 taste_buddy 00883 1.000000
2 taste_buddy 00590 1.000000
2 taste_buddy 00457 1.000000
2 taste_buddy 00450 1.000000
2 taste_buddy 00763 1.000000
2 taste_buddy 00111 1.000000
2 taste_buddy 00796 1.000000
2 taste_buddy 00956 1.000000
2 taste_buddy 00955 1.000000
2 taste_buddy 00952 1.000000
2 taste_buddy 00653 1.000000
2 taste_buddy 00656 1.000000
2 taste_buddy 00657 1.000000
2 taste_buddy 00658 1.000000
2 taste_buddy 00506 1.000000
2 taste_buddy 00894 1.000000
2 taste_buddy 00064 1.000000
2 taste_buddy 00893 1.000000
2 taste_buddy 00462 1.000000
2 taste_buddy 00467 1.000000
2 taste_buddy 00466 1.000000
2 taste_buddy 00260 1.000000
2 taste_buddy 00269 1.000000
2 taste_buddy 00942 1.000000
2 taste_buddy 00944 1.000000
2 taste_buddy 00476 1.000000
2 taste_buddy 00378 1.000000
2 taste_buddy 00005 1.000000
2 taste_buddy 00622 1.000000
2 taste_buddy 00575 1.000000
2 taste_buddy 00703 1.000000
2 taste_buddy 00273 1.000000
2 taste_buddy 00270 1.000000
2 taste_buddy 00172 1.000000
2 taste_buddy 00177 1.000000
2 taste_buddy 00836 1.000000
2 taste_buddy 00939 1.000000
2 taste_buddy 00938 1.000000
2 taste_buddy 00933 1.000000
2 taste_buddy 00632 1.000000
2 taste_buddy 00561 1.000000
2 taste_buddy 00243 1.000000
2 taste_buddy 00247 1.000000
2 taste_buddy 00003 1.000000
2 taste_buddy 00163 1.000000
2 taste_buddy 00483 1.000000
2 taste_buddy 00485 1.000000
2 taste_buddy 00164 1.000000
2 taste_buddy 00486 1.000000
