1 download 31035
1 download 31066
1 download 310725
1 download 32800
1 download 359954
1 download 391584
1 download 395698
1 download 421918
1 download 424327
1 download 430304
1 download 431575
1 download 432901
1 download 434395
1 download 434432
1 download 434449
1 download 440312
1 download 441885
1 download 447280
1 download 448725
1 download 450341
1 download 451146
1 download 451584
1 download 466240
1 download 470561
1 download 471084
1 download 471085
1 download 473369
1 download 476201
1 download 480072
1 download 483414
1 download 484313
1 download 486031
1 download 486335
1 download 486423
1 download 488117
1 download 490842
1 download 492760
1 download 493224
1 download 499527
1 download 499732
1 download 501913
1 download 503838
1 download 503979
1 download 504088
1 download 504090
1 download 504094
1 download 504161
1 download 504387
1 download 504630
1 download 504910
1 download 505235
1 download 505349
1 download 505793
1 download 509442
1 download 512136
1 download 87093
1 testset 419438
1 testset 425269
1 testset 442559
1 testset 454203
1 testset 460280
1 testset 464310
1 testset 475633
1 testset 479741
1 testset 484178
1 testset 484781
1 testset 490342
1 testset 492761
1 testset 503034
1 testset 504183
1 testset 504189
2 taste_buddy 00707 16.000000
2 taste_buddy 00313 11.000000
2 taste_buddy 00051 10.000000
2 taste_buddy 00875 10.000000
2 taste_buddy 00293 9.000000
2 taste_buddy 00350 8.000000
2 taste_buddy 00470 5.000000
2 taste_buddy 00820 4.000000
2 taste_buddy 00994 4.000000
2 taste_buddy 00453 4.000000
2 taste_buddy 00687 4.000000
2 taste_buddy 00384 4.000000
2 taste_buddy 00263 4.000000
