1 download 111820
1 download 134028
1 download 29360
1 download 29377
1 download 29384
1 download 29397
1 download 29404
1 download 29990
1 download 30540
1 download 30943
1 download 32160
1 download 32178
1 download 32987
1 download 35133
1 download 36298
1 download 36774
1 download 4
1 download 40729
1 download 43922
1 download 52647
1 download 53423
1 download 55520
1 download 624539
1 download 75
1 download 75535
1 download 78673
1 download 85217
1 download 855
1 download 85680
1 download 9253
1 download 9662
1 testset 29373
1 testset 30060
1 testset 30069
1 testset 30334
1 testset 30846
1 testset 37235
1 testset 70897
1 testset 786
2 taste_buddy 00150
2 taste_buddy 00303
2 taste_buddy 00131
2 taste_buddy 00305
2 taste_buddy 00543
2 taste_buddy 00667
2 taste_buddy 00887
2 taste_buddy 00894
2 taste_buddy 00261
2 taste_buddy 00945
