1 download 106734
1 download 31244
1 download 31245
1 download 31246
1 download 31247
1 download 31264
1 download 31265
1 download 31266
1 download 33904
1 download 33905
1 download 33906
1 download 33908
1 download 33922
1 download 33923
1 download 33924
1 download 33930
1 testset 29882
1 testset 31248
1 testset 33907
1 testset 33909
2 taste_buddy 00693 11.000000
2 taste_buddy 00458 6.000000
2 taste_buddy 00434 6.000000
2 taste_buddy 00366 6.000000
2 taste_buddy 00736 4.000000
2 taste_buddy 00819 3.000000
2 taste_buddy 00186 2.000000
2 taste_buddy 00337 1.000000
2 taste_buddy 00464 1.000000
2 taste_buddy 00184 1.000000
2 taste_buddy 00811 1.000000
