1 download 102207
1 download 161935
1 download 186052
1 download 250825
1 download 30077
1 download 32579
1 download 33131
1 download 334014
1 download 336229
1 download 34433
1 download 348742
1 download 351208
1 download 35910
1 download 361958
1 download 366531
1 download 367747
1 download 376099
1 download 382779
1 download 404443
1 download 425520
1 download 438043
1 download 447402
1 download 459626
1 download 477970
1 download 477971
1 download 477972
1 download 486028
1 download 486033
1 download 489772
1 download 496778
1 download 500503
1 download 502338
1 download 507909
1 download 524382
1 download 533007
1 download 60189
1 download 87437
1 download 94363
1 testset 328596
1 testset 329755
1 testset 39929
1 testset 424828
1 testset 43114
1 testset 435795
1 testset 43886
1 testset 51675
1 testset 547183
1 testset 60407
2 taste_buddy 00117 5.000000
2 taste_buddy 00347 4.000000
2 taste_buddy 00344 4.000000
2 taste_buddy 00628 4.000000
2 taste_buddy 00362 4.000000
2 taste_buddy 00699 3.000000
2 taste_buddy 00875 3.000000
2 taste_buddy 00931 3.000000
2 taste_buddy 00602 2.000000
2 taste_buddy 00862 2.000000
2 taste_buddy 00985 2.000000
2 taste_buddy 00444 2.000000
2 taste_buddy 00340 2.000000
2 taste_buddy 00379 2.000000
2 taste_buddy 00574 2.000000
2 taste_buddy 00248 2.000000
2 taste_buddy 00486 2.000000
