1 download 108572
1 download 26938
1 download 29359
1 download 29361
1 download 30168
1 download 30217
1 download 30357
1 download 30940
1 download 30943
1 download 32350
1 download 32521
1 download 32692
1 download 32783
1 download 32799
1 download 33441
1 download 33991
1 download 35029
1 download 35032
1 download 35102
1 download 35113
1 download 3517
1 download 35514
1 download 35646
1 download 35860
1 download 41035
1 download 42953
1 download 43913
1 download 45014
1 download 47712
1 download 53423
1 download 57784
1 download 87093
1 testset 30060
1 testset 30061
1 testset 30062
1 testset 30332
1 testset 32405
1 testset 37235
1 testset 57786
1 testset 8572
2 taste_buddy 00887
2 taste_buddy 00088
2 taste_buddy 00303
2 taste_buddy 00256
2 taste_buddy 00016
2 taste_buddy 00150
2 taste_buddy 00131
2 taste_buddy 00177
2 taste_buddy 00376
2 taste_buddy 00468
