1 download 250825
1 download 29467
1 download 32579
1 download 340281
1 download 349137
1 download 357963
1 download 361413
1 download 366531
1 download 376099
1 download 499110
1 download 524382
1 download 533274
1 download 535771
1 download 538386
1 download 546090
1 download 546190
1 download 546193
1 download 547500
1 download 547538
1 download 547729
1 download 54976
1 download 59180
1 testset 361959
1 testset 402025
1 testset 408723
1 testset 463732
1 testset 546162
1 testset 61943
2 taste_buddy 00803
2 taste_buddy 00758
2 taste_buddy 00788
2 taste_buddy 00534
2 taste_buddy 00699
2 taste_buddy 00105
2 taste_buddy 00248
2 taste_buddy 00963
2 taste_buddy 00787
2 taste_buddy 00903
