1 download 117455
1 download 120837
1 download 124930
1 download 161169
1 download 219300
1 download 283354
1 download 292749
1 download 29357
1 download 31096
1 download 338621
1 download 342306
1 download 345351
1 download 352859
1 download 355037
1 download 357963
1 download 359192
1 download 359203
1 download 359559
1 download 362143
1 download 365472
1 download 37126
1 download 37593
1 download 386998
1 download 38925
1 testset 13938
1 testset 160382
1 testset 251238
1 testset 293213
1 testset 314343
1 testset 8033
1 testset 92920
2 taste_buddy 00907
2 taste_buddy 00318
2 taste_buddy 00211
2 taste_buddy 00763
2 taste_buddy 00120
2 taste_buddy 00119
2 taste_buddy 00051
2 taste_buddy 00459
2 taste_buddy 00641
2 taste_buddy 00148
