1 download 27072
1 download 32261
1 download 45259
1 download 50505
1 download 53128
1 download 56913
1 download 74826
1 download 74828
1 download 77632
1 download 80053
1 download 8581
1 download 87030
1 download 87031
1 testset 171448
1 testset 30111
1 testset 34008
1 testset 41273
2 taste_buddy 00668 1.000000
2 taste_buddy 00600 1.000000
2 taste_buddy 00079 1.000000
2 taste_buddy 00397 1.000000
2 taste_buddy 00324 1.000000
2 taste_buddy 00509 1.000000
2 taste_buddy 00645 1.000000
2 taste_buddy 00346 1.000000
2 taste_buddy 00493 1.000000
2 taste_buddy 00221 1.000000
2 taste_buddy 00233 1.000000
2 taste_buddy 00230 1.000000
2 taste_buddy 00257 1.000000
2 taste_buddy 00166 1.000000
2 taste_buddy 00924 1.000000
