1 download 123963
1 download 128313
1 download 285758
1 download 28815
1 download 29271
1 download 30722
1 download 30930
1 download 31507
1 download 32398
1 download 32522
1 download 33135
1 download 35503
1 download 36774
1 download 37463
1 download 39938
1 download 40215
1 download 43068
1 download 46232
1 download 46354
1 download 48725
1 download 56353
1 testset 107282
1 testset 18854
1 testset 257903
1 testset 48091
1 testset 58493
1 testset 66286
2 taste_buddy 00098
2 taste_buddy 00654
2 taste_buddy 00039
2 taste_buddy 00773
2 taste_buddy 00266
2 taste_buddy 00939
2 taste_buddy 00486
2 taste_buddy 00151
2 taste_buddy 00097
2 taste_buddy 00891
