1 download 113451
1 download 119114
1 download 215695
1 download 218048
1 download 221198
1 download 223943
1 download 237448
1 download 262691
1 download 264423
1 download 264867
1 download 265157
1 download 265713
1 download 29764
1 download 41725
1 download 69415
1 download 98561
1 testset 136837
1 testset 147547
1 testset 265028
1 testset 32861
2 taste_buddy 00627
2 taste_buddy 00636
2 taste_buddy 01000
2 taste_buddy 00584
2 taste_buddy 00727
2 taste_buddy 00114
2 taste_buddy 00815
2 taste_buddy 00289
2 taste_buddy 00438
2 taste_buddy 00851
