1 download 101348
1 download 167823
1 download 204351
1 download 224167
1 download 29335
1 download 30111
1 download 30157
1 download 30199
1 download 30723
1 download 30782
1 download 31240
1 download 31507
1 download 32428
1 download 32799
1 download 33973
1 download 35102
1 download 35301
1 download 35520
1 download 386
1 download 40403
1 download 46562
1 download 51507
1 download 53524
1 download 54953
1 download 67604
1 download 7496
1 download 87774
1 download 90256
1 testset 13162
1 testset 29940
1 testset 30071
1 testset 30073
1 testset 30077
1 testset 30203
1 testset 30334
2 taste_buddy 00980 7.000000
2 taste_buddy 00303 6.000000
2 taste_buddy 00816 5.000000
2 taste_buddy 00426 5.000000
2 taste_buddy 00462 5.000000
2 taste_buddy 00248 5.000000
2 taste_buddy 00486 5.000000
2 taste_buddy 00029 4.000000
2 taste_buddy 00648 4.000000
2 taste_buddy 00042 4.000000
2 taste_buddy 00046 4.000000
2 taste_buddy 00450 4.000000
2 taste_buddy 00104 4.000000
2 taste_buddy 00273 4.000000
2 taste_buddy 00939 4.000000
2 taste_buddy 00216 4.000000
2 taste_buddy 00484 4.000000
