1 download 104010
1 download 10442
1 download 112901
1 download 143279
1 download 227012
1 download 242991
1 download 281138
1 download 29467
1 download 30105
1 download 301764
1 download 30223
1 download 30758
1 download 32442
1 download 32911
1 download 33410
1 download 33728
1 download 34273
1 download 35006
1 download 53196
1 download 54704
1 download 63616
1 testset 128621
1 testset 253435
1 testset 30197
1 testset 30334
1 testset 33891
1 testset 34927
2 taste_buddy 00853
2 taste_buddy 00918
2 taste_buddy 00939
2 taste_buddy 00273
2 taste_buddy 00901
2 taste_buddy 00661
2 taste_buddy 00980
2 taste_buddy 00457
2 taste_buddy 00113
2 taste_buddy 00243
