1 download 22302
1 download 29281
1 download 29411
1 download 29467
1 download 30223
1 download 31270
1 download 32205
1 download 32308
1 download 32311
1 download 32579
1 download 33110
1 download 34159
1 download 34340
1 download 38705
1 download 39427
1 download 45919
1 download 62507
1 download 67667
1 download 744
1 download 81137
1 testset 29940
1 testset 29941
1 testset 30332
1 testset 32627
1 testset 33905
1 testset 35190
2 taste_buddy 00243
2 taste_buddy 00891
2 taste_buddy 00661
2 taste_buddy 00894
2 taste_buddy 00273
2 taste_buddy 00939
2 taste_buddy 00191
2 taste_buddy 00934
2 taste_buddy 00901
2 taste_buddy 00136
