1 download 172751
1 download 18614
1 download 26938
1 download 29359
1 download 29963
1 download 30223
1 download 31659
1 download 32316
1 download 32692
1 download 32724
1 download 32925
1 download 33176
1 download 35228
1 download 35726
1 download 36999
1 download 37906
1 download 38594
1 download 40329
1 download 44514
1 download 45356
1 download 49598
1 download 5151
1 download 58186
1 download 60066
1 download 62722
1 download 66340
1 download 71239
1 download 94922
1 testset 104378
1 testset 27640
1 testset 30332
1 testset 30782
1 testset 38000
1 testset 399202
1 testset 41658
1 testset 42770
2 taste_buddy 00303 5.000000
2 taste_buddy 00131 5.000000
2 taste_buddy 00887 4.000000
2 taste_buddy 00024 3.000000
2 taste_buddy 00283 3.000000
2 taste_buddy 00511 3.000000
2 taste_buddy 00468 3.000000
2 taste_buddy 00945 3.000000
2 taste_buddy 00270 3.000000
2 taste_buddy 00930 3.000000
