1 download 104759
1 download 1056
1 download 109108
1 download 157076
1 download 287441
1 download 29272
1 download 30156
1 download 30157
1 download 30535
1 download 30546
1 download 30551
1 download 30976
1 download 31507
1 download 32153
1 download 32268
1 download 32568
1 download 32978
1 download 33389
1 download 33710
1 download 34918
1 download 37010
1 download 48695
1 download 52020
1 download 52179
1 download 55911
1 download 69142
1 download 79049
1 testset 22397
1 testset 29394
1 testset 30199
1 testset 30709
1 testset 33384
1 testset 34158
1 testset 68479
2 taste_buddy 00715 6.000000
2 taste_buddy 00414 4.000000
2 taste_buddy 00602 4.000000
2 taste_buddy 00907 4.000000
2 taste_buddy 00065 3.000000
2 taste_buddy 00985 3.000000
2 taste_buddy 00981 3.000000
2 taste_buddy 00042 3.000000
2 taste_buddy 00190 3.000000
2 taste_buddy 00216 3.000000
2 taste_buddy 00273 3.000000
