1 download 101928
1 download 103902
1 download 104010
1 download 106028
1 download 112901
1 download 117783
1 download 141670
1 download 151912
1 download 152838
1 download 153889
1 download 171349
1 download 202865
1 download 211950
1 download 218402
1 download 219528
1 download 223947
1 download 237214
1 download 238901
1 download 238970
1 download 246385
1 download 246459
1 download 246538
1 download 252116
1 download 252673
1 download 254794
1 download 278574
1 download 283271
1 download 286876
1 download 2895
1 download 290489
1 download 29300
1 download 29304
1 download 293123
1 download 29358
1 download 29364
1 download 29373
1 download 29387
1 download 29389
1 download 29403
1 download 29407
1 download 30004
1 download 30060
1 download 30070
1 download 30079
1 download 301764
1 download 30214
1 download 30328
1 download 30329
1 download 30332
1 download 30341
1 download 30357
1 download 30358
1 download 30415
1 download 307761
1 download 30782
1 download 308025
1 download 309612
1 download 30980
1 download 311681
1 download 31240
1 download 31270
1 download 31529
1 download 317035
1 download 318811
1 download 319225
1 download 32153
1 download 32179
1 download 32299
1 download 323133
1 download 32598
1 download 32603
1 download 32604
1 download 32605
1 download 32608
1 download 32611
1 download 326505
1 download 32665
1 download 32800
1 download 32830
1 download 32925
1 download 330446
1 download 330514
1 download 33082
1 download 33106
1 download 33172
1 download 332037
1 download 33441
1 download 33524
1 download 33574
1 download 337103
1 download 33991
1 download 34003
1 download 340281
1 download 34317
1 download 34443
1 download 34892
1 download 349280
1 download 35228
1 download 35401
1 download 35459
1 download 35725
1 download 35954
1 download 36020
1 download 36274
1 download 36381
1 download 37006
1 download 37235
1 download 373260
1 download 374531
1 download 377066
1 download 377937
1 download 378051
1 download 380280
1 download 38238
1 download 382894
1 download 383018
1 download 388126
1 download 38971
1 download 391834
1 download 39252
1 download 397074
1 download 398323
1 download 399062
1 download 401278
1 download 41035
1 download 411883
1 download 412711
1 download 41705
1 download 418903
1 download 419009
1 download 419354
1 download 420128
1 download 42020
1 download 421918
1 download 423122
1 download 424613
1 download 42557
1 download 425683
1 download 427989
1 download 430304
1 download 43374
1 download 434449
1 download 447579
1 download 447878
1 download 447879
1 download 449778
1 download 454203
1 download 463083
1 download 46372
1 download 466240
1 download 472751
1 download 473369
1 download 475730
1 download 478070
1 download 48490
1 download 485546
1 download 486031
1 download 488117
1 download 488617
1 download 490342
1 download 492760
1 download 501004
1 download 503838
1 download 504090
1 download 504135
1 download 504161
1 download 504189
1 download 504191
1 download 504219
1 download 504423
1 download 50504
1 download 505606
1 download 511497
1 download 513829
1 download 514739
1 download 515414
1 download 517676
1 download 54449
1 download 54466
1 download 54467
1 download 59063
1 download 62722
1 download 71409
1 download 7901
1 download 94847
1 testset 137662
1 testset 139208
1 testset 151918
1 testset 152012
1 testset 18931
1 testset 25516
1 testset 29653
1 testset 29683
1 testset 302571
1 testset 30362
1 testset 30535
1 testset 308197
1 testset 31540
1 testset 32721
1 testset 32723
1 testset 332066
1 testset 33275
1 testset 33774
1 testset 34218
1 testset 34242
1 testset 35777
1 testset 36021
1 testset 36829
1 testset 37366
1 testset 379338
1 testset 38370
1 testset 391584
1 testset 395189
1 testset 395698
1 testset 416881
1 testset 417615
1 testset 431583
1 testset 433656
1 testset 436654
1 testset 437710
1 testset 44487
1 testset 456249
1 testset 462244
1 testset 481098
1 testset 484781
1 testset 485857
1 testset 489412
1 testset 503736
1 testset 504233
1 testset 59050
1 testset 60890
1 testset 73192
2 taste_buddy 00696
2 taste_buddy 00150
2 taste_buddy 00088
2 taste_buddy 00875
2 taste_buddy 00313
2 taste_buddy 00860
2 taste_buddy 00468
2 taste_buddy 00131
2 taste_buddy 00477
2 taste_buddy 00047
