1 download 116237
1 download 154936
1 download 229663
1 download 250825
1 download 29253
1 download 306602
1 download 31529
1 download 32568
1 download 342112
1 download 342854
1 download 349137
1 download 351161
1 download 380814
1 download 38448
1 download 388125
1 download 43419
1 download 441058
1 download 489754
1 download 489759
1 download 52103
1 download 525498
1 download 536610
1 download 538386
1 download 538576
1 download 75580
1 testset 30709
1 testset 30710
1 testset 30718
1 testset 393331
1 testset 436208
1 testset 441469
1 testset 489746
2 taste_buddy 00097
2 taste_buddy 00331
2 taste_buddy 00117
2 taste_buddy 00559
2 taste_buddy 00715
2 taste_buddy 00098
2 taste_buddy 00810
2 taste_buddy 00444
2 taste_buddy 00969
2 taste_buddy 00289
