1 download 101610
1 download 125530
1 download 29348
1 download 29394
1 download 29605
1 download 30722
1 download 31503
1 download 31507
1 download 31582
1 download 32268
1 download 32797
1 download 33384
1 download 33435
1 download 34414
1 download 38462
1 download 47547
1 download 49947
1 download 62259
1 download 67427
1 download 81507
1 testset 145651
1 testset 22389
1 testset 30073
1 testset 32627
1 testset 32893
1 testset 52984
2 taste_buddy 00715
2 taste_buddy 00216
2 taste_buddy 00720
2 taste_buddy 00894
2 taste_buddy 00559
2 taste_buddy 00447
2 taste_buddy 00450
2 taste_buddy 00486
2 taste_buddy 00661
2 taste_buddy 00248
