1 download 115653
1 download 136520
1 download 158281
1 download 202883
1 download 216210
1 download 218402
1 download 278574
1 download 29297
1 download 30317
1 download 31658
1 download 321009
1 download 325751
1 download 336864
1 download 57267
1 download 65172
1 download 76321
1 testset 29390
1 testset 323575
1 testset 330683
1 testset 332841
2 taste_buddy 00468 6.000000
2 taste_buddy 00946 6.000000
2 taste_buddy 00696 5.000000
2 taste_buddy 00351 5.000000
2 taste_buddy 00318 4.000000
2 taste_buddy 00150 4.000000
2 taste_buddy 00546 4.000000
2 taste_buddy 00327 4.000000
2 taste_buddy 00469 4.000000
2 taste_buddy 00375 4.000000
2 taste_buddy 00635 4.000000
