1 download 109614
1 download 122438
1 download 149473
1 download 184841
1 download 186941
1 download 195290
1 download 2310
1 download 240826
1 download 252960
1 download 273826
1 download 29273
1 download 29359
1 download 29892
1 download 30111
1 download 30214
1 download 30217
1 download 30723
1 download 30940
1 download 313542
1 download 31647
1 download 316583
1 download 31793
1 download 32205
1 download 32316
1 download 32437
1 download 32521
1 download 32783
1 download 32799
1 download 328403
1 download 32893
1 download 33441
1 download 33845
1 download 33860
1 download 34439
1 download 34601
1 download 34835
1 download 351497
1 download 352949
1 download 35537
1 download 35908
1 download 35983
1 download 363110
1 download 363246
1 download 37008
1 download 37407
1 download 383446
1 download 38369
1 download 38765
1 download 42770
1 download 432
1 download 49202
1 download 50642
1 download 52364
1 download 54206
1 download 55580
1 download 573869
1 download 64775
1 download 93459
1 testset 30071
1 testset 30203
1 testset 30332
1 testset 30334
1 testset 32476
1 testset 34236
1 testset 39021
1 testset 52985
1 testset 53907
1 testset 61690
1 testset 66286
1 testset 71158
1 testset 71677
1 testset 78189
1 testset 88687
2 taste_buddy 00303
2 taste_buddy 00016
2 taste_buddy 00511
2 taste_buddy 00150
2 taste_buddy 00527
2 taste_buddy 00887
2 taste_buddy 00179
2 taste_buddy 00387
2 taste_buddy 00999
2 taste_buddy 00177
