1 download 29998
1 download 33432
1 download 33781
1 download 37593
1 download 41232
1 download 43712
1 download 50534
1 download 627597
1 download 649871
1 download 66412
1 download 70945
1 testset 41946
1 testset 631343
1 testset 87065
2 taste_buddy 00988 3.000000
2 taste_buddy 00755 1.000000
2 taste_buddy 00771 1.000000
2 taste_buddy 00940 1.000000
2 taste_buddy 00192 1.000000
2 taste_buddy 00304 1.000000
2 taste_buddy 00642 1.000000
2 taste_buddy 00344 1.000000
2 taste_buddy 00621 1.000000
2 taste_buddy 00349 1.000000
2 taste_buddy 00175 1.000000
2 taste_buddy 00054 1.000000
2 taste_buddy 00370 1.000000
