1 download 158281
1 download 172185
1 download 174933
1 download 202126
1 download 215902
1 download 234416
1 download 239747
1 download 246404
1 download 29411
1 download 29751
1 download 298308
1 download 300005
1 download 30069
1 download 30723
1 download 31659
1 download 322714
1 download 323969
1 download 330683
1 download 33103
1 download 33988
1 download 34242
1 download 351497
1 download 374561
1 download 37706
1 download 38226
1 download 390275
1 download 424586
1 download 426530
1 download 434449
1 download 465999
1 download 53
1 download 53420
1 download 57642
1 download 62950
1 download 65816
1 download 68145
1 download 76811
1 download 82113
1 download 89618
1 download 91493
1 download 98725
1 testset 14453
1 testset 160382
1 testset 186747
1 testset 239868
1 testset 294257
1 testset 30060
1 testset 30070
1 testset 397449
1 testset 39805
1 testset 423789
1 testset 46588
2 taste_buddy 00437 4.000000
2 taste_buddy 00790 4.000000
2 taste_buddy 00468 4.000000
2 taste_buddy 00363 4.000000
2 taste_buddy 00853 3.000000
2 taste_buddy 00318 3.000000
2 taste_buddy 00623 3.000000
2 taste_buddy 00167 3.000000
2 taste_buddy 00969 2.000000
2 taste_buddy 00411 2.000000
2 taste_buddy 00150 2.000000
2 taste_buddy 00096 2.000000
2 taste_buddy 00256 2.000000
2 taste_buddy 00851 2.000000
2 taste_buddy 00540 2.000000
2 taste_buddy 00907 2.000000
2 taste_buddy 00928 2.000000
2 taste_buddy 00668 2.000000
2 taste_buddy 00039 2.000000
2 taste_buddy 00042 2.000000
2 taste_buddy 00453 2.000000
2 taste_buddy 00351 2.000000
2 taste_buddy 00797 2.000000
2 taste_buddy 00956 2.000000
2 taste_buddy 00344 2.000000
2 taste_buddy 00658 2.000000
2 taste_buddy 00946 2.000000
2 taste_buddy 00476 2.000000
2 taste_buddy 00376 2.000000
2 taste_buddy 00270 2.000000
2 taste_buddy 00933 2.000000
2 taste_buddy 00487 2.000000
2 taste_buddy 00163 2.000000
