1 download 27186
1 download 29253
1 download 29271
1 download 29273
1 download 29394
1 download 29467
1 download 30113
1 download 30149
1 download 30223
1 download 30782
1 download 30901
1 download 30976
1 download 32308
1 download 32442
1 download 32662
1 download 33319
1 download 34434
1 download 35132
1 download 37338
1 download 40601
1 download 44584
1 download 50248
1 download 53937
1 download 85005
1 download 89520
1 download 91172
1 testset 29940
1 testset 31740
1 testset 31983
1 testset 32636
1 testset 32637
1 testset 38619
1 testset 71013
2 taste_buddy 00939 10.000000
2 taste_buddy 00243 9.000000
2 taste_buddy 00450 8.000000
2 taste_buddy 00151 7.000000
2 taste_buddy 00273 7.000000
2 taste_buddy 00494 6.000000
2 taste_buddy 00853 6.000000
2 taste_buddy 00098 6.000000
2 taste_buddy 00207 6.000000
2 taste_buddy 00715 6.000000
2 taste_buddy 00661 6.000000
2 taste_buddy 00248 6.000000
