1 download 13238
1 download 20542
1 download 21232
1 download 2250
1 download 27975
1 download 29882
1 download 30197
1 download 31265
1 download 32208
1 download 33905
1 download 33906
1 download 33907
1 download 33922
1 download 33923
1 download 33924
1 download 33934
1 download 3933
1 download 40841
1 download 41276
1 download 46195
1 download 48033
1 download 51766
1 download 52447
1 download 74183
1 testset 30709
1 testset 31227
1 testset 31615
1 testset 33908
1 testset 33909
1 testset 39798
1 testset 76791
2 taste_buddy 00693
2 taste_buddy 00078
2 taste_buddy 00360
2 taste_buddy 00759
2 taste_buddy 00824
2 taste_buddy 00719
2 taste_buddy 00204
2 taste_buddy 00575
2 taste_buddy 00985
2 taste_buddy 00987
