1 download 137662
1 download 219528
1 download 245210
1 download 2636
1 download 29394
1 download 30308
1 download 30535
1 download 31507
1 download 31558
1 download 31639
1 download 32604
1 download 32783
1 download 342344
1 download 348319
1 download 350549
1 download 35401
1 download 359229
1 download 36274
1 download 366531
1 download 36964
1 download 37010
1 download 40139
1 download 42394
1 download 59834
1 download 97817
1 testset 217589
1 testset 228477
1 testset 29653
1 testset 30332
1 testset 323133
1 testset 363110
1 testset 364784
2 taste_buddy 00907
2 taste_buddy 00444
2 taste_buddy 00350
2 taste_buddy 00715
2 taste_buddy 00602
2 taste_buddy 00042
2 taste_buddy 00191
2 taste_buddy 00830
2 taste_buddy 00481
2 taste_buddy 00486
