1 download 110036
1 download 1168
1 download 120516
1 download 12734
1 download 13238
1 download 13240
1 download 134
1 download 14396
1 download 16130
1 download 184
1 download 192
1 download 194
1 download 2006
1 download 206
1 download 206537
1 download 23981
1 download 2479
1 download 260
1 download 27716
1 download 33934
1 download 386
1 download 396
1 download 40834
1 download 40835
1 download 40837
1 download 432
1 download 655
1 download 7963
1 download 79634
1 download 79635
1 download 79636
1 download 829
1 download 87475
1 download 87478
1 download 87479
1 download 87482
1 download 89120
1 download 93156
1 download 97103
1 download 9908
1 testset 11108
1 testset 20321
1 testset 27629
1 testset 3454
1 testset 400101
1 testset 744
1 testset 76790
1 testset 76791
1 testset 85621
1 testset 87484
1 testset 962
2 taste_buddy 00360
2 taste_buddy 00046
2 taste_buddy 00544
2 taste_buddy 00816
2 taste_buddy 00980
2 taste_buddy 00029
2 taste_buddy 00434
2 taste_buddy 00881
2 taste_buddy 00567
2 taste_buddy 00303
