1 download 322146
1 download 35045
1 download 359229
1 download 361958
1 download 365910
1 download 368295
1 download 369935
1 download 390275
1 download 396716
1 download 397238
1 download 399397
1 download 414697
1 download 417737
1 download 438716
1 download 448193
1 download 454919
1 download 483082
1 download 485044
1 download 486547
1 download 493895
1 download 494514
1 download 495387
1 download 500434
1 testset 265580
1 testset 368637
1 testset 420647
1 testset 442605
1 testset 467193
1 testset 485486
2 taste_buddy 00536
2 taste_buddy 00232
2 taste_buddy 00439
2 taste_buddy 00361
2 taste_buddy 00928
2 taste_buddy 00707
2 taste_buddy 00862
2 taste_buddy 00628
2 taste_buddy 00519
2 taste_buddy 00926
