1 download 111046
1 download 118069
1 download 144396
1 download 197076
1 download 210366
1 download 215616
1 download 231487
1 download 232014
1 download 239747
1 download 259664
1 download 259754
1 download 2637
1 download 271929
1 download 277437
1 download 283843
1 download 283928
1 download 287532
1 download 29357
1 download 315399
1 download 319522
1 download 329925
1 download 338600
1 download 340503
1 download 343754
1 download 345452
1 download 347067
1 download 349098
1 download 35148
1 download 354995
1 download 35737
1 download 358426
1 download 359181
1 download 361560
1 download 362125
1 download 367682
1 download 368295
1 download 377144
1 download 39960
1 download 399705
1 download 406924
1 download 414042
1 download 416183
1 download 425270
1 download 88640
1 testset 190561
1 testset 228206
1 testset 229772
1 testset 239715
1 testset 265580
1 testset 274023
1 testset 299161
1 testset 30887
1 testset 32346
1 testset 372531
1 testset 494762
2 taste_buddy 00635
2 taste_buddy 00384
2 taste_buddy 00214
2 taste_buddy 00790
2 taste_buddy 00668
2 taste_buddy 00633
2 taste_buddy 00199
2 taste_buddy 00373
2 taste_buddy 00439
2 taste_buddy 00468
