1 download 29539
1 download 29861
1 download 29869
1 download 30976
1 download 319522
1 download 33384
1 download 34273
1 download 363110
1 download 364513
1 download 371183
1 testset 29394
1 testset 319225
1 testset 379523
2 taste_buddy 00942 2.000000
2 taste_buddy 00559 2.000000
2 taste_buddy 00131 2.000000
2 taste_buddy 00853 2.000000
2 taste_buddy 00457 2.000000
2 taste_buddy 00426 2.000000
2 taste_buddy 00936 2.000000
2 taste_buddy 00206 2.000000
2 taste_buddy 00061 2.000000
2 taste_buddy 00040 2.000000
