1 download 111988
1 download 166084
1 download 202601
1 download 230997
1 download 235760
1 download 285731
1 download 293312
1 download 296379
1 download 308605
1 download 321189
1 download 32437
1 download 45919
1 download 48266
1 download 55587
1 download 83961
1 testset 19386
1 testset 29467
1 testset 30634
1 testset 62981
2 taste_buddy 00203
2 taste_buddy 00787
2 taste_buddy 00790
2 taste_buddy 00450
2 taste_buddy 00357
2 taste_buddy 00218
2 taste_buddy 00602
2 taste_buddy 00559
2 taste_buddy 00553
2 taste_buddy 00703
