1 download 114490
1 download 134714
1 download 136487
1 download 146079
1 download 177111
1 download 195422
1 download 22212
1 download 22303
1 download 30082
1 download 30149
1 download 31547
1 download 34838
1 download 35903
1 download 36949
1 download 41568
1 download 43422
1 download 50341
1 download 51456
1 download 63952
1 download 68280
1 download 68284
1 download 69162
1 download 78303
1 download 93748
1 testset 102587
1 testset 144763
1 testset 30704
1 testset 32037
1 testset 41580
1 testset 51452
2 taste_buddy 00098
2 taste_buddy 00891
2 taste_buddy 00716
2 taste_buddy 00939
2 taste_buddy 00207
2 taste_buddy 00039
2 taste_buddy 00450
2 taste_buddy 00552
2 taste_buddy 00273
2 taste_buddy 00853
