1 download 174
1 download 29253
1 download 29392
1 download 29620
1 download 30659
1 download 30723
1 download 30785
1 download 32308
1 download 32442
1 download 40705
1 download 43449
1 download 43453
1 download 4833
1 download 48695
1 download 52754
1 download 59865
1 download 7496
1 download 75619
1 download 77616
1 download 9882
1 testset 12132
1 testset 30073
1 testset 30203
1 testset 33126
1 testset 50168
1 testset 744
2 taste_buddy 00939 6.000000
2 taste_buddy 00980 4.000000
2 taste_buddy 00151 4.000000
2 taste_buddy 00494 4.000000
2 taste_buddy 00430 4.000000
2 taste_buddy 00431 4.000000
2 taste_buddy 00039 4.000000
2 taste_buddy 00273 4.000000
2 taste_buddy 00247 4.000000
2 taste_buddy 00853 3.000000
2 taste_buddy 00901 3.000000
2 taste_buddy 00207 3.000000
2 taste_buddy 00098 3.000000
2 taste_buddy 00665 3.000000
2 taste_buddy 00450 3.000000
2 taste_buddy 00894 3.000000
2 taste_buddy 00108 3.000000
2 taste_buddy 00243 3.000000
2 taste_buddy 00003 3.000000
