1 download 177068
1 download 182345
1 download 196651
1 download 218241
1 download 251442
1 download 253739
1 download 254794
1 download 255648
1 download 261856
1 download 270895
1 download 31878
1 download 334165
1 download 336663
1 download 341692
1 download 356299
1 download 360931
1 download 36177
1 download 366687
1 download 37678
1 download 40194
1 download 427789
1 download 45920
1 download 46006
1 download 65807
1 download 70802
1 download 77474
1 download 87861
1 download 91832
1 testset 171751
1 testset 180983
1 testset 202865
1 testset 252668
1 testset 323575
1 testset 323839
1 testset 376318
2 taste_buddy 00633
2 taste_buddy 00141
2 taste_buddy 00453
2 taste_buddy 00817
2 taste_buddy 00463
2 taste_buddy 00913
2 taste_buddy 00719
2 taste_buddy 00714
2 taste_buddy 00828
2 taste_buddy 00373
