1 download 103649
1 download 1052
1 download 147354
1 download 30062
1 download 30308
1 download 30723
1 download 31582
1 download 32445
1 download 33126
1 download 33435
1 download 38594
1 download 42953
1 download 4833
1 download 52400
1 download 53
1 download 54197
1 download 57773
1 download 57784
1 download 71887
1 download 82570
1 testset 18931
1 testset 30061
1 testset 30334
1 testset 31980
1 testset 46571
1 testset 48238
2 taste_buddy 00303 5.000000
2 taste_buddy 00034 4.000000
2 taste_buddy 00151 4.000000
2 taste_buddy 00003 4.000000
2 taste_buddy 00661 3.000000
2 taste_buddy 00549 3.000000
2 taste_buddy 00045 3.000000
2 taste_buddy 00191 3.000000
2 taste_buddy 00956 3.000000
2 taste_buddy 00653 3.000000
2 taste_buddy 00344 3.000000
2 taste_buddy 00831 3.000000
2 taste_buddy 00939 3.000000
2 taste_buddy 00247 3.000000
2 taste_buddy 00486 3.000000
