1 download 111046
1 download 115899
1 download 119761
1 download 119766
1 download 22306
1 download 25549
1 download 29316
1 download 29319
1 download 29335
1 download 29360
1 download 29373
1 download 29377
1 download 29390
1 download 29394
1 download 29467
1 download 29617
1 download 29829
1 download 30217
1 download 30362
1 download 30722
1 download 30723
1 download 30890
1 download 31116
1 download 31507
1 download 31514
1 download 32084
1 download 32085
1 download 32205
1 download 32308
1 download 32442
1 download 32665
1 download 33715
1 download 38594
1 download 39251
1 download 40584
1 download 40756
1 download 47929
1 download 48678
1 download 53423
1 download 53601
1 testset 119765
1 testset 29940
1 testset 30319
1 testset 30328
1 testset 30329
1 testset 30334
1 testset 31570
1 testset 31740
1 testset 32636
1 testset 57324
2 taste_buddy 00939
2 taste_buddy 00088
2 taste_buddy 00887
2 taste_buddy 00243
2 taste_buddy 00273
2 taste_buddy 00191
2 taste_buddy 00106
2 taste_buddy 00468
2 taste_buddy 00661
2 taste_buddy 00632
