1 download 11492
1 download 14144
1 download 156144
1 download 188291
1 download 233285
1 download 27061
1 download 30187
1 download 321941
1 download 35404
1 download 36768
1 download 37104
1 download 50153
1 download 59326
1 download 66338
1 download 67161
1 download 69796
1 download 79248
1 testset 285758
1 testset 43390
1 testset 69627
1 testset 90999
1 testset 95090
2 taste_buddy 00834
2 taste_buddy 00835
2 taste_buddy 00339
2 taste_buddy 00204
2 taste_buddy 00750
2 taste_buddy 00992
2 taste_buddy 00848
2 taste_buddy 00555
2 taste_buddy 00277
2 taste_buddy 00477
