1 download 107301
1 download 112451
1 download 115653
1 download 12564
1 download 138696
1 download 19721
1 download 202126
1 download 20913
1 download 212057
1 download 25400
1 download 29251
1 download 29384
1 download 29404
1 download 29892
1 download 31874
1 download 32001
1 download 32203
1 download 33175
1 download 35132
1 download 37676
1 download 39691
1 download 39697
1 download 41933
1 download 42412
1 download 49358
1 download 51
1 download 52020
1 download 53198
1 download 53423
1 download 71744
1 download 829
1 testset 102
1 testset 116759
1 testset 22653
1 testset 29940
1 testset 331366
1 testset 39694
1 testset 48241
1 testset 48242
2 taste_buddy 00690
2 taste_buddy 00303
2 taste_buddy 00179
2 taste_buddy 00308
2 taste_buddy 00834
2 taste_buddy 00150
2 taste_buddy 00300
2 taste_buddy 00387
2 taste_buddy 00790
2 taste_buddy 00096
