1 download 139424
1 download 162296
1 download 170341
1 download 192704
1 download 207970
1 download 252174
1 download 262957
1 download 294980
1 download 29500
1 download 29869
1 download 30415
1 download 30723
1 download 31507
1 download 31736
1 download 32156
1 download 32497
1 download 330912
1 download 342112
1 download 342306
1 download 342344
1 download 351779
1 download 364795
1 download 366531
1 download 366887
1 download 381277
1 download 382779
1 download 397631
1 download 398644
1 download 399549
1 download 403269
1 download 41618
1 download 41691
1 download 424244
1 download 442080
1 download 455037
1 download 51530
1 download 56867
1 download 59834
1 download 6201
1 download 65106
1 download 90023
1 testset 164214
1 testset 30204
1 testset 32637
1 testset 33725
1 testset 350324
1 testset 351208
1 testset 370923
1 testset 416881
1 testset 43387
1 testset 51947
1 testset 61432
2 taste_buddy 00699
2 taste_buddy 00340
2 taste_buddy 00602
2 taste_buddy 00303
2 taste_buddy 00907
2 taste_buddy 00981
2 taste_buddy 00875
2 taste_buddy 00457
2 taste_buddy 00769
2 taste_buddy 00273
