1 download 2636
1 download 450341
1 download 451634
1 download 454684
1 download 460831
1 download 461983
1 download 466261
1 download 467025
1 download 469925
1 download 471084
1 download 472633
1 download 472751
1 download 473812
1 download 475730
1 download 476684
1 download 483217
1 download 483547
1 download 484313
1 download 484314
1 download 485658
1 download 488016
1 download 489475
1 download 493224
1 download 494514
1 download 498771
1 testset 45683
1 testset 465656
1 testset 466795
1 testset 468330
1 testset 475254
1 testset 482658
1 testset 500586
2 taste_buddy 00035 5.000000
2 taste_buddy 00707 4.000000
2 taste_buddy 00047 4.000000
2 taste_buddy 00474 3.000000
2 taste_buddy 00820 3.000000
2 taste_buddy 00051 3.000000
2 taste_buddy 00875 3.000000
2 taste_buddy 00087 3.000000
2 taste_buddy 00947 2.000000
2 taste_buddy 00470 2.000000
2 taste_buddy 00876 2.000000
2 taste_buddy 00289 2.000000
2 taste_buddy 00630 2.000000
2 taste_buddy 00994 2.000000
2 taste_buddy 00574 2.000000
