1 download 112901
1 download 127616
1 download 133795
1 download 166187
1 download 232014
1 download 234334
1 download 238901
1 download 253043
1 download 273144
1 download 278574
1 download 283354
1 download 286244
1 download 288902
1 download 29394
1 download 30062
1 download 301939
1 download 313897
1 download 323210
1 download 32783
1 download 335887
1 download 337103
1 download 34008
1 download 341618
1 download 354688
1 download 363821
1 download 368295
1 download 368426
1 download 370923
1 download 370930
1 download 371387
1 download 37646
1 download 387781
1 download 393424
1 download 397935
1 download 399705
1 download 400604
1 download 410296
1 download 410352
1 download 416947
1 download 417863
1 download 421889
1 download 421918
1 download 424613
1 download 427684
1 download 430966
1 download 434276
1 download 434323
1 download 434432
1 download 434443
1 download 436897
1 download 437473
1 download 448725
1 download 448797
1 download 448828
1 download 450813
1 download 461409
1 download 465507
1 download 470561
1 download 472885
1 download 475254
1 download 475884
1 download 485000
1 download 54558
1 download 602
1 download 70299
1 download 71418
1 download 91947
1 download 92916
1 testset 278458
1 testset 306604
1 testset 30709
1 testset 338427
1 testset 353152
1 testset 371183
1 testset 382894
1 testset 395698
1 testset 400854
1 testset 401882
1 testset 405956
1 testset 407033
1 testset 41378
1 testset 433605
1 testset 437183
1 testset 441301
1 testset 443874
1 testset 78209
2 taste_buddy 00351
2 taste_buddy 00047
2 taste_buddy 00630
2 taste_buddy 00453
2 taste_buddy 00674
2 taste_buddy 00617
2 taste_buddy 00825
2 taste_buddy 00051
2 taste_buddy 00350
2 taste_buddy 00696
