1 download 131312
1 download 135917
1 download 29272
1 download 29319
1 download 29377
1 download 29381
1 download 29382
1 download 29390
1 download 29394
1 download 29620
1 download 29891
1 download 30060
1 download 30149
1 download 30223
1 download 30317
1 download 30979
1 download 31270
1 download 31507
1 download 31535
1 download 31540
1 download 31651
1 download 31736
1 download 32046
1 download 32205
1 download 32291
1 download 32316
1 download 32445
1 download 32506
1 download 32602
1 download 32637
1 download 32801
1 download 33082
1 download 33092
1 download 33314
1 download 33410
1 download 33990
1 download 34000
1 download 34828
1 download 35725
1 download 38124
1 download 40809
1 download 42394
1 download 42953
1 download 48012
1 download 4833
1 download 52128
1 download 52132
1 download 52137
1 download 52139
1 download 7106
1 download 91593
1 testset 10098
1 testset 30071
1 testset 30073
1 testset 30328
1 testset 30709
1 testset 30718
1 testset 31227
1 testset 32253
1 testset 32627
1 testset 34242
1 testset 37754
1 testset 46335
1 testset 51901
2 taste_buddy 00273
2 taste_buddy 00939
2 taste_buddy 00894
2 taste_buddy 00243
2 taste_buddy 00450
2 taste_buddy 00661
2 taste_buddy 00715
2 taste_buddy 00860
2 taste_buddy 00207
2 taste_buddy 00887
