1 download 118691
1 download 120015
1 download 128817
1 download 162572
1 download 166599
1 download 176174
1 download 220377
1 download 221268
1 download 223560
1 download 223586
1 download 226270
1 download 229663
1 download 230997
1 download 235444
1 download 238902
1 download 240049
1 download 256179
1 download 265062
1 download 271033
1 download 29272
1 download 29319
1 download 29359
1 download 29683
1 download 29753
1 download 29869
1 download 30535
1 download 30782
1 download 30901
1 download 31139
1 download 31528
1 download 32579
1 download 32807
1 download 34835
1 download 36298
1 download 38179
1 download 42119
1 download 42190
1 download 432
1 download 46701
1 download 47547
1 download 48266
1 download 50504
1 download 59793
1 download 60608
1 download 60994
1 download 70601
1 download 82116
1 download 85022
1 download 864
1 download 86680
1 download 88757
1 download 91963
1 download 93687
1 testset 102207
1 testset 108798
1 testset 202992
1 testset 205639
1 testset 241916
1 testset 273876
1 testset 30071
1 testset 30334
1 testset 31507
1 testset 32637
1 testset 34927
1 testset 37370
1 testset 64625
1 testset 73721
2 taste_buddy 00363
2 taste_buddy 00248
2 taste_buddy 00724
2 taste_buddy 00256
2 taste_buddy 00980
2 taste_buddy 00212
2 taste_buddy 00340
2 taste_buddy 00819
2 taste_buddy 00715
2 taste_buddy 00830
