1 download 169488
1 download 215774
1 download 284365
1 download 29620
1 download 30060
1 download 30217
1 download 31038
1 download 32042
1 download 32783
1 download 33860
1 download 33891
1 download 34850
1 download 35032
1 download 37084
1 download 38275
1 download 41035
1 download 41600
1 download 43914
1 download 48562
1 download 49484
1 download 51901
1 download 52357
1 download 59100
1 download 81620
1 testset 30062
1 testset 30308
1 testset 38271
1 testset 45036
1 testset 45039
1 testset 56959
2 taste_buddy 00150 6.000000
2 taste_buddy 00131 6.000000
2 taste_buddy 00303 4.000000
2 taste_buddy 00511 4.000000
2 taste_buddy 00256 3.000000
2 taste_buddy 00696 3.000000
2 taste_buddy 00999 3.000000
2 taste_buddy 00032 3.000000
2 taste_buddy 00344 3.000000
2 taste_buddy 00477 3.000000
