1 download 100616
1 download 107
1 download 113442
1 download 134755
1 download 155656
1 download 25400
1 download 30214
1 download 32427
1 download 32521
1 download 39687
1 download 42953
1 download 62304
1 download 71237
1 download 98827
1 testset 150046
1 testset 30521
1 testset 35514
1 testset 54200
2 taste_buddy 00511
2 taste_buddy 00031
2 taste_buddy 00256
2 taste_buddy 00088
2 taste_buddy 00260
2 taste_buddy 00045
2 taste_buddy 00030
2 taste_buddy 00136
2 taste_buddy 00342
2 taste_buddy 00630
