1 download 107658
1 download 141363
1 download 146497
1 download 148622
1 download 164234
1 download 164283
1 download 169153
1 download 187194
1 download 29364
1 download 29621
1 download 30901
1 download 31053
1 download 31528
1 download 32160
1 download 32175
1 download 33102
1 download 35646
1 download 38795
1 download 40756
1 download 43872
1 download 62131
1 download 99155
1 testset 189283
1 testset 30070
1 testset 30071
1 testset 30334
1 testset 34927
1 testset 65899
2 taste_buddy 00080
2 taste_buddy 00819
2 taste_buddy 00590
2 taste_buddy 00212
2 taste_buddy 00881
2 taste_buddy 00203
2 taste_buddy 00167
2 taste_buddy 00531
2 taste_buddy 00608
2 taste_buddy 00900
