1 download 391584
1 download 395028
1 download 409171
1 download 447795
1 download 451584
1 download 459910
1 download 460831
1 download 460880
1 download 467025
1 download 470052
1 download 470289
1 download 470478
1 download 472885
1 download 473369
1 download 473494
1 download 475962
1 download 477733
1 download 480072
1 download 482658
1 download 483414
1 download 484313
1 download 485000
1 download 486031
1 download 486423
1 download 488117
1 download 490842
1 download 491815
1 download 491852
1 download 492290
1 download 492760
1 download 493224
1 download 493497
1 download 495387
1 download 495660
1 download 502338
1 download 502366
1 download 503882
1 download 503898
1 download 503979
1 download 504090
1 download 504132
1 download 504219
1 download 504236
1 download 504629
1 download 504630
1 download 505235
1 download 505369
1 download 507215
1 testset 453240
1 testset 465507
1 testset 474835
1 testset 474837
1 testset 475633
1 testset 479741
1 testset 481077
1 testset 490342
1 testset 503889
1 testset 505200
1 testset 505606
1 testset 522863
2 taste_buddy 00047
2 taste_buddy 00875
2 taste_buddy 00289
2 taste_buddy 00051
2 taste_buddy 00617
2 taste_buddy 00293
2 taste_buddy 00364
2 taste_buddy 00994
2 taste_buddy 00313
2 taste_buddy 00820
