1 download 115808
1 download 124354
1 download 131589
1 download 136417
1 download 136521
1 download 137662
1 download 217568
1 download 230081
1 download 233788
1 download 27599
1 download 29319
1 download 29361
1 download 29364
1 download 29390
1 download 29617
1 download 29618
1 download 29837
1 download 30004
1 download 30070
1 download 32598
1 download 34097
1 download 37065
1 download 38459
1 download 56586
1 download 68145
1 testset 29297
1 testset 29300
1 testset 30333
1 testset 365942
1 testset 38633
1 testset 46335
1 testset 94847
2 taste_buddy 00088
2 taste_buddy 00835
2 taste_buddy 00946
2 taste_buddy 00696
2 taste_buddy 00632
2 taste_buddy 00437
2 taste_buddy 00820
2 taste_buddy 00468
2 taste_buddy 00136
2 taste_buddy 00894
