1 download 114323
1 download 146411
1 download 174
1 download 29377
1 download 30060
1 download 32579
1 download 33992
1 download 35029
1 download 35102
1 download 37422
1 download 38594
1 download 386
1 download 40797
1 download 41031
1 download 41618
1 download 42756
1 download 52998
1 download 70297
1 download 70299
1 download 87255
1 testset 189934
1 testset 30077
1 testset 31740
1 testset 32635
1 testset 45843
2 taste_buddy 00980
2 taste_buddy 00248
2 taste_buddy 00029
2 taste_buddy 00303
2 taste_buddy 00816
2 taste_buddy 00413
2 taste_buddy 00920
2 taste_buddy 00151
2 taste_buddy 00252
2 taste_buddy 00468
