1 download 100703
1 download 102441
1 download 134
1 download 22299
1 download 22305
1 download 22306
1 download 22389
1 download 22391
1 download 29255
1 download 29271
1 download 29272
1 download 29273
1 download 29286
1 download 29335
1 download 29348
1 download 29382
1 download 29394
1 download 29467
1 download 29809
1 download 29869
1 download 29940
1 download 30073
1 download 30077
1 download 30082
1 download 30203
1 download 30223
1 download 30301
1 download 30334
1 download 30722
1 download 30723
1 download 30776
1 download 30780
1 download 30782
1 download 30974
1 download 31240
1 download 31327
1 download 31570
1 download 31574
1 download 32268
1 download 32308
1 download 32427
1 download 32442
1 download 32475
1 download 32476
1 download 32497
1 download 32579
1 download 32635
1 download 32636
1 download 32893
1 download 33291
1 download 33314
1 download 33319
1 download 33328
1 download 33410
1 download 33535
1 download 33992
1 download 33998
1 download 34000
1 download 34008
1 download 34158
1 download 34409
1 download 34414
1 download 34441
1 download 34827
1 download 34828
1 download 34838
1 download 34840
1 download 35009
1 download 35102
1 download 35133
1 download 35601
1 download 35603
1 download 35646
1 download 36592
1 download 3676
1 download 37013
1 download 37019
1 download 37179
1 download 37219
1 download 37396
1 download 38124
1 download 38395
1 download 39124
1 download 39947
1 download 41613
1 download 41618
1 download 43405
1 download 43918
1 download 44816
1 download 45779
1 download 46188
1 download 46241
1 download 4833
1 download 48451
1 download 50312
1 download 52084
1 download 52085
1 download 52086
1 download 52098
1 download 53361
1 download 54953
1 download 55605
1 download 55609
1 download 55627
1 download 56881
1 download 62259
1 download 63582
1 download 64852
1 download 65024
1 download 66286
1 download 70662
1 download 744
1 download 76442
1 download 77931
1 download 81507
1 download 87438
1 download 88934
1 testset 12792
1 testset 141269
1 testset 186
1 testset 30105
1 testset 30149
1 testset 30162
1 testset 30197
1 testset 30718
1 testset 31736
1 testset 31739
1 testset 31740
1 testset 33251
1 testset 33715
1 testset 33728
1 testset 35301
1 testset 36263
1 testset 36830
1 testset 36842
1 testset 37340
1 testset 37341
1 testset 39929
1 testset 43417
1 testset 43421
1 testset 43422
1 testset 43424
1 testset 43425
1 testset 5099
1 testset 59806
1 testset 65494
1 testset 69046
2 taste_buddy 00151
2 taste_buddy 00039
2 taste_buddy 00098
2 taste_buddy 00939
2 taste_buddy 00273
2 taste_buddy 00243
2 taste_buddy 00661
2 taste_buddy 00934
2 taste_buddy 00980
2 taste_buddy 00531
