1 download 114611
1 download 129815
1 download 131616
1 download 14432
1 download 193119
1 download 197190
1 download 216210
1 download 218792
1 download 230997
1 download 238901
1 download 240826
1 download 243219
1 download 29271
1 download 29272
1 download 29361
1 download 29386
1 download 29411
1 download 29825
1 download 30149
1 download 30204
1 download 30301
1 download 30723
1 download 30758
1 download 30774
1 download 30976
1 download 32037
1 download 32308
1 download 32339
1 download 32442
1 download 32497
1 download 32911
1 download 33102
1 download 33249
1 download 33384
1 download 33410
1 download 34000
1 download 35006
1 download 35132
1 download 35514
1 download 35638
1 download 35777
1 download 36386
1 download 37003
1 download 37006
1 download 37853
1 download 46244
1 download 53
1 download 56587
1 download 68280
1 download 78002
1 download 84990
1 download 855
1 download 9253
1 testset 132159
1 testset 134639
1 testset 151929
1 testset 22398
1 testset 228476
1 testset 241916
1 testset 275564
1 testset 29300
1 testset 30709
1 testset 33275
1 testset 39805
1 testset 65648
1 testset 71418
1 testset 744
2 taste_buddy 00273 11.000000
2 taste_buddy 00939 11.000000
2 taste_buddy 00450 8.000000
2 taste_buddy 00098 7.000000
2 taste_buddy 00039 7.000000
2 taste_buddy 00243 7.000000
2 taste_buddy 00248 7.000000
2 taste_buddy 00901 6.000000
2 taste_buddy 00486 6.000000
2 taste_buddy 00661 6.000000
2 taste_buddy 00151 6.000000
2 taste_buddy 00715 6.000000
2 taste_buddy 00184 6.000000
