1 download 29319
1 download 29335
1 download 29379
1 download 30318
1 download 32047
1 download 32051
1 download 34265
1 download 34574
1 download 35585
1 download 39060
1 download 40869
1 download 75978
1 testset 29372
1 testset 30622
1 testset 32221
2 taste_buddy 00632 3.000000
2 taste_buddy 00137 2.000000
2 taste_buddy 00525 2.000000
2 taste_buddy 00048 2.000000
2 taste_buddy 00150 2.000000
2 taste_buddy 00879 2.000000
2 taste_buddy 00894 2.000000
2 taste_buddy 00817 2.000000
2 taste_buddy 00477 2.000000
2 taste_buddy 00382 2.000000
2 taste_buddy 00201 2.000000
2 taste_buddy 00463 2.000000
2 taste_buddy 00149 2.000000
