1 download 102609
1 download 123074
1 download 138525
1 download 152251
1 download 155707
1 download 171947
1 download 26054
1 download 30073
1 download 30157
1 download 30965
1 download 31240
1 download 31503
1 download 31507
1 download 31582
1 download 32027
1 download 32153
1 download 32264
1 download 32299
1 download 32857
1 download 32930
1 download 33131
1 download 34004
1 download 34414
1 download 34515
1 download 35401
1 download 35586
1 download 35725
1 download 35777
1 download 36381
1 download 38173
1 download 38226
1 download 41033
1 download 42975
1 download 43886
1 download 45501
1 download 45800
1 download 49485
1 download 51507
1 download 51631
1 download 52199
1 download 58809
1 download 63146
1 download 69869
1 download 78989
1 download 88179
1 download 88390
1 download 89515
1 download 91452
1 download 92622
1 download 96482
1 download 99801
1 testset 30966
1 testset 32496
1 testset 34430
1 testset 34899
1 testset 39535
1 testset 39796
1 testset 39927
1 testset 44669
1 testset 67445
1 testset 69970
1 testset 79848
1 testset 86382
1 testset 87156
2 taste_buddy 00414
2 taste_buddy 00943
2 taste_buddy 00531
2 taste_buddy 00715
2 taste_buddy 00486
2 taste_buddy 00046
2 taste_buddy 00830
2 taste_buddy 00065
2 taste_buddy 00376
2 taste_buddy 00413
