1 download 202992
1 download 29869
1 download 34338
1 download 34828
1 download 34927
1 download 38226
1 download 38382
1 download 38505
1 download 432
1 download 48980
1 download 53361
1 download 70662
1 download 78209
1 testset 220377
1 testset 223586
1 testset 29272
1 testset 36823
2 taste_buddy 00248 4.000000
2 taste_buddy 00907 2.000000
2 taste_buddy 00476 2.000000
2 taste_buddy 00426 2.000000
2 taste_buddy 00597 2.000000
2 taste_buddy 00198 2.000000
2 taste_buddy 00363 2.000000
2 taste_buddy 00203 2.000000
2 taste_buddy 00617 2.000000
2 taste_buddy 00934 2.000000
