1 download 23278
1 download 285580
1 download 29940
1 download 30723
1 download 30764
1 download 31122
1 download 31433
1 download 37779
1 download 50839
1 download 51016
1 download 54602
1 download 90024
1 download 91209
1 download 91211
1 download 91220
1 testset 24891
1 testset 47343
1 testset 57821
1 testset 80569
2 taste_buddy 00969
2 taste_buddy 00457
2 taste_buddy 00151
2 taste_buddy 00907
2 taste_buddy 00715
2 taste_buddy 00430
2 taste_buddy 00039
2 taste_buddy 00321
2 taste_buddy 00098
2 taste_buddy 00040
