1 download 106331
1 download 117782
1 download 132496
1 download 133795
1 download 151493
1 download 170056
1 download 174058
1 download 180924
1 download 182333
1 download 186929
1 download 188441
1 download 199351
1 download 212074
1 download 216620
1 download 23249
1 download 238244
1 download 251681
1 download 29273
1 download 29649
1 download 30480
1 download 30768
1 download 31708
1 download 33425
1 download 34569
1 download 40113
1 download 40730
1 download 43386
1 download 44563
1 download 44896
1 download 47011
1 download 48616
1 download 50346
1 download 51381
1 download 51543
1 download 54536
1 download 54602
1 download 63113
1 download 71013
1 download 72707
1 download 76424
1 download 77270
1 download 77915
1 download 77916
1 download 77931
1 download 80569
1 download 83018
1 download 84962
1 download 86555
1 download 87385
1 download 89916
1 download 90024
1 download 90066
1 download 92253
1 download 9352
1 download 93748
1 testset 118617
1 testset 152953
1 testset 26367
1 testset 30197
1 testset 39543
1 testset 41580
1 testset 51530
1 testset 63699
1 testset 63850
1 testset 69949
1 testset 77942
1 testset 77946
1 testset 81663
1 testset 9704
2 taste_buddy 00347
2 taste_buddy 00979
2 taste_buddy 00225
2 taste_buddy 00510
2 taste_buddy 00454
2 taste_buddy 00553
2 taste_buddy 00328
2 taste_buddy 00151
2 taste_buddy 00438
2 taste_buddy 00248
