1 download 100502
1 download 115808
1 download 117711
1 download 129209
1 download 136520
1 download 158281
1 download 202883
1 download 213610
1 download 216210
1 download 29379
1 download 35028
1 download 88918
1 testset 155768
1 testset 186393
1 testset 213533
2 taste_buddy 00468 7.000000
2 taste_buddy 00327 7.000000
2 taste_buddy 00946 6.000000
2 taste_buddy 00635 5.000000
2 taste_buddy 00088 5.000000
2 taste_buddy 00696 4.000000
2 taste_buddy 00995 4.000000
2 taste_buddy 00437 4.000000
2 taste_buddy 00150 4.000000
2 taste_buddy 00351 4.000000
2 taste_buddy 00112 4.000000
