1 download 188291
1 download 207471
1 download 215253
1 download 220371
1 download 226765
1 download 255144
1 download 30124
1 download 33623
1 download 48709
1 download 62507
1 download 90126
1 download 90999
1 testset 161756
1 testset 188347
1 testset 194238
2 taste_buddy 00218 4.000000
2 taste_buddy 00766 2.000000
2 taste_buddy 00602 1.000000
2 taste_buddy 00709 1.000000
2 taste_buddy 00439 1.000000
2 taste_buddy 00322 1.000000
2 taste_buddy 00105 1.000000
2 taste_buddy 00512 1.000000
2 taste_buddy 00234 1.000000
