1 download 102609
1 download 152251
1 download 30083
1 download 30156
1 download 30157
1 download 30535
1 download 31819
1 download 32153
1 download 32264
1 download 32824
1 download 32857
1 download 32930
1 download 35401
1 download 35459
1 download 35729
1 download 35777
1 download 41033
1 download 42975
1 download 45501
1 download 52199
1 download 58809
1 download 69970
1 download 70550
1 download 76956
1 download 99459
1 testset 223089
1 testset 33131
1 testset 39927
1 testset 67445
1 testset 79848
1 testset 86382
1 testset 88179
2 taste_buddy 00216
2 taste_buddy 00715
2 taste_buddy 00531
2 taste_buddy 00943
2 taste_buddy 00376
2 taste_buddy 00481
2 taste_buddy 00860
2 taste_buddy 00065
2 taste_buddy 00985
2 taste_buddy 00379
