1 download 224167
1 download 229796
1 download 29271
1 download 30301
1 download 32308
1 download 35102
1 download 35601
1 download 37409
1 download 37410
1 download 39448
1 download 43405
1 download 43632
1 download 46244
1 download 49722
1 download 52475
1 download 632244
1 download 70297
1 download 74040
1 download 95713
1 testset 30203
1 testset 30334
1 testset 31740
1 testset 46969
1 testset 52984
2 taste_buddy 00248
2 taste_buddy 00853
2 taste_buddy 00273
2 taste_buddy 00151
2 taste_buddy 00531
2 taste_buddy 00201
2 taste_buddy 00661
2 taste_buddy 00939
2 taste_buddy 00413
2 taste_buddy 00901
