1 download 251238
1 download 29404
1 download 309565
1 download 31558
1 download 35906
1 download 442559
1 download 460831
1 download 472074
1 download 473396
1 download 480045
1 download 480046
1 download 480047
1 download 480048
1 download 480072
1 download 481630
1 download 483414
1 download 485000
1 download 485020
1 download 485498
1 download 485546
1 download 485547
1 download 486031
1 download 486423
1 download 488117
1 download 488468
1 download 488617
1 download 489196
1 download 490342
1 download 490842
1 download 491734
1 download 491792
1 download 491852
1 download 492290
1 download 492760
1 download 492761
1 download 492889
1 download 493224
1 download 493690
1 download 495231
1 download 496180
1 download 496181
1 download 498553
1 download 498943
1 download 499435
1 download 501004
1 download 501899
1 download 501900
1 download 502324
1 download 502791
1 download 503034
1 download 503400
1 download 503502
1 download 503837
1 download 503882
1 download 503883
1 download 503889
1 download 504090
1 download 504094
1 download 504132
1 download 504135
1 download 504161
1 download 504387
1 download 504537
1 download 504630
1 download 504910
1 download 505026
1 download 505606
1 download 505920
1 download 506197
1 download 506226
1 download 506594
1 download 506949
1 download 507962
1 download 507963
1 download 508209
1 download 509508
1 download 512136
1 download 512699
1 download 514721
1 download 514739
1 download 514740
1 download 515414
1 download 516115
1 download 517675
1 download 517676
1 download 519381
1 download 519489
1 download 520438
1 download 520662
1 download 521447
1 download 521865
1 download 522863
1 download 523830
1 download 524981
1 download 525360
1 download 526153
1 download 526526
1 download 529297
1 download 532313
1 download 534699
1 download 535074
1 download 535697
1 download 535885
1 download 536072
1 download 536073
1 download 536104
1 download 536176
1 download 536321
1 download 536322
1 download 536323
1 download 536324
1 download 536325
1 download 536326
1 download 537107
1 download 537925
1 download 540425
1 download 545382
1 download 545712
1 testset 25549
1 testset 30634
1 testset 411062
1 testset 431575
1 testset 484313
1 testset 484734
1 testset 484781
1 testset 487894
1 testset 493497
1 testset 499527
1 testset 503723
1 testset 504191
1 testset 504193
1 testset 504219
1 testset 504224
1 testset 504233
1 testset 505235
1 testset 505824
1 testset 506240
1 testset 512425
1 testset 515500
1 testset 515504
1 testset 515982
1 testset 518136
1 testset 519074
1 testset 521105
1 testset 527769
1 testset 535022
1 testset 536551
1 testset 547218
2 taste_buddy 00293
2 taste_buddy 00596
2 taste_buddy 00707
2 taste_buddy 00047
2 taste_buddy 00875
2 taste_buddy 00558
2 taste_buddy 00051
2 taste_buddy 00035
2 taste_buddy 00617
2 taste_buddy 00364
