1 download 100502
1 download 106520
1 download 125711
1 download 136521
1 download 160938
1 download 170341
1 download 182065
1 download 189283
1 download 202126
1 download 218402
1 download 271899
1 download 271929
1 download 281153
1 download 29411
1 download 301323
1 download 30362
1 download 308025
1 download 31035
1 download 311681
1 download 31270
1 download 314343
1 download 320681
1 download 32598
1 download 33045
1 download 33106
1 download 332066
1 download 333572
1 download 33441
1 download 335108
1 download 335234
1 download 337103
1 download 345350
1 download 3515
1 download 352561
1 download 359339
1 download 36025
1 download 362136
1 download 39116
1 download 39815
1 download 39960
1 download 46238
1 download 47413
1 download 55256
1 download 56913
1 testset 133737
1 testset 160382
1 testset 236660
1 testset 279021
1 testset 30079
1 testset 30328
1 testset 30334
1 testset 30704
1 testset 30971
1 testset 321831
1 testset 331517
1 testset 58237
2 taste_buddy 00088
2 taste_buddy 00623
2 taste_buddy 00468
2 taste_buddy 00096
2 taste_buddy 00946
2 taste_buddy 00318
2 taste_buddy 00696
2 taste_buddy 00820
2 taste_buddy 00635
2 taste_buddy 00351
