1 download 107727
1 download 1464
1 download 29359
1 download 29809
1 download 29990
1 download 30060
1 download 30221
1 download 30317
1 download 30357
1 download 30633
1 download 31659
1 download 32625
1 download 35231
1 download 35869
1 download 36254
1 download 38594
1 download 39250
1 download 40032
1 download 43918
1 download 47366
1 download 55459
1 download 85680
1 download 8774
1 download 88957
1 testset 29811
1 testset 30328
1 testset 30333
1 testset 30846
1 testset 51189
1 testset 85503
2 taste_buddy 00131 7.000000
2 taste_buddy 00468 6.000000
2 taste_buddy 00150 5.000000
2 taste_buddy 00305 4.000000
2 taste_buddy 00303 4.000000
2 taste_buddy 00177 4.000000
2 taste_buddy 00251 3.000000
2 taste_buddy 00024 3.000000
2 taste_buddy 00125 3.000000
2 taste_buddy 00961 3.000000
2 taste_buddy 00525 3.000000
2 taste_buddy 00477 3.000000
