1 download 100502
1 download 11286
1 download 12385
1 download 12386
1 download 129209
1 download 1332
1 download 15206
1 download 153439
1 download 158281
1 download 177278
1 download 177745
1 download 202883
1 download 21474
1 download 218402
1 download 26938
1 download 29300
1 download 29304
1 download 29316
1 download 29319
1 download 29358
1 download 29359
1 download 29361
1 download 29362
1 download 29364
1 download 29384
1 download 29500
1 download 29825
1 download 29990
1 download 30061
1 download 30063
1 download 30079
1 download 30217
1 download 30221
1 download 30308
1 download 30317
1 download 30318
1 download 30319
1 download 30329
1 download 30362
1 download 30363
1 download 30540
1 download 30966
1 download 30973
1 download 30977
1 download 32104
1 download 32205
1 download 32264
1 download 32314
1 download 32506
1 download 32598
1 download 32603
1 download 32619
1 download 32627
1 download 32637
1 download 32800
1 download 33078
1 download 33392
1 download 33441
1 download 33860
1 download 33891
1 download 33964
1 download 33991
1 download 33993
1 download 34850
1 download 34892
1 download 34918
1 download 35032
1 download 35113
1 download 35413
1 download 36708
1 download 36720
1 download 37462
1 download 37676
1 download 38211
1 download 38971
1 download 40032
1 download 40725
1 download 41035
1 download 41658
1 download 41995
1 download 42111
1 download 43561
1 download 45918
1 download 46656
1 download 48261
1 download 48736
1 download 53
1 download 53423
1 download 54466
1 download 54467
1 download 59050
1 download 61784
1 download 88372
1 download 9226
1 download 9253
1 download 94847
1 testset 12384
1 testset 137662
1 testset 152997
1 testset 25516
1 testset 29620
1 testset 30169
1 testset 30204
1 testset 30634
1 testset 31659
1 testset 32195
1 testset 32665
1 testset 32723
1 testset 33710
1 testset 34242
1 testset 35228
1 testset 36253
1 testset 38370
1 testset 41380
1 testset 44487
1 testset 45517
1 testset 48019
1 testset 49576
1 testset 53633
1 testset 57786
2 taste_buddy 00303 19.000000
2 taste_buddy 00477 17.000000
2 taste_buddy 00696 16.000000
2 taste_buddy 00131 15.000000
2 taste_buddy 00088 14.000000
2 taste_buddy 00468 12.000000
2 taste_buddy 00511 10.000000
2 taste_buddy 00437 10.000000
2 taste_buddy 00860 9.000000
2 taste_buddy 00350 9.000000
