1 download 108681
1 download 125157
1 download 126248
1 download 136520
1 download 141670
1 download 144841
1 download 147380
1 download 149123
1 download 149635
1 download 152016
1 download 162616
1 download 162617
1 download 162618
1 download 162983
1 download 163981
1 download 183713
1 download 196495
1 download 203594
1 download 241494
1 download 2637
1 download 27061
1 download 276130
1 download 281121
1 download 29361
1 download 29364
1 download 29390
1 download 29617
1 download 29618
1 download 29839
1 download 299470
1 download 29990
1 download 30109
1 download 30341
1 download 308025
1 download 30897
1 download 31035
1 download 311869
1 download 318217
1 download 32443
1 download 33973
1 download 35016
1 download 35658
1 download 36567
1 download 37584
1 download 38550
1 download 39457
1 download 45212
1 download 47183
1 download 49470
1 download 53027
1 download 61464
1 download 62475
1 download 68145
1 download 72078
1 download 95444
1 testset 143347
1 testset 212457
1 testset 29297
1 testset 29300
1 testset 30079
1 testset 30329
1 testset 30332
1 testset 306279
1 testset 32106
1 testset 33783
1 testset 47399
1 testset 58237
1 testset 68542
1 testset 94847
2 taste_buddy 00477
2 taste_buddy 00696
2 taste_buddy 00468
2 taste_buddy 00946
2 taste_buddy 00554
2 taste_buddy 00088
2 taste_buddy 00635
2 taste_buddy 00351
2 taste_buddy 00136
2 taste_buddy 00437
