1 download 10377
1 download 12216
1 download 12982
1 download 14092
1 download 15827
1 download 15828
1 download 15832
1 download 15833
1 download 15885
1 download 16437
1 download 18100
1 download 1857
1 download 20829
1 download 20830
1 download 20831
1 download 226656
1 download 25874
1 download 35802
1 download 35803
1 download 3879
1 download 397703
1 download 397704
1 download 397705
1 download 397706
1 download 397708
1 download 397709
1 download 397710
1 download 397711
1 download 46235
1 download 799
1 download 8715
1 testset 13539
1 testset 13540
1 testset 21870
1 testset 27379
1 testset 27381
1 testset 27382
1 testset 354172
1 testset 486
2 taste_buddy 00663 21.000000
2 taste_buddy 00906 8.000000
2 taste_buddy 00066 2.000000
2 taste_buddy 00053 2.000000
2 taste_buddy 00003 1.000000
2 taste_buddy 00552 1.000000
2 taste_buddy 00955 1.000000
2 taste_buddy 00677 1.000000
2 taste_buddy 00720 1.000000
2 taste_buddy 00299 1.000000
2 taste_buddy 00391 1.000000
2 taste_buddy 00726 1.000000
2 taste_buddy 00978 1.000000
2 taste_buddy 00409 1.000000
2 taste_buddy 00282 1.000000
