1 download 22305
1 download 29394
1 download 30223
1 download 30709
1 download 30718
1 download 30725
1 download 31736
1 download 33990
1 download 34225
1 download 45919
1 download 46188
1 download 46229
1 download 76190
1 download 89933
1 testset 31547
1 testset 32478
1 testset 32637
1 testset 50342
2 taste_buddy 00559 4.000000
2 taste_buddy 00517 4.000000
2 taste_buddy 00191 4.000000
2 taste_buddy 00891 4.000000
2 taste_buddy 00661 4.000000
2 taste_buddy 00273 4.000000
2 taste_buddy 00939 4.000000
2 taste_buddy 00151 3.000000
2 taste_buddy 00390 3.000000
2 taste_buddy 00098 3.000000
2 taste_buddy 00872 3.000000
2 taste_buddy 00113 3.000000
2 taste_buddy 00184 3.000000
