1 download 102623
1 download 117783
1 download 134205
1 download 135917
1 download 141670
1 download 152221
1 download 153439
1 download 153783
1 download 161818
1 download 175310
1 download 201453
1 download 208976
1 download 210964
1 download 219011
1 download 224115
1 download 227893
1 download 246538
1 download 29297
1 download 29299
1 download 29358
1 download 29360
1 download 29377
1 download 29386
1 download 29387
1 download 29403
1 download 29407
1 download 29941
1 download 30317
1 download 30328
1 download 30333
1 download 30334
1 download 30535
1 download 30546
1 download 30897
1 download 30961
1 download 31122
1 download 31240
1 download 31527
1 download 31538
1 download 32205
1 download 32264
1 download 32316
1 download 32446
1 download 32569
1 download 32598
1 download 32637
1 download 32911
1 download 33089
1 download 33456
1 download 34095
1 download 34100
1 download 34158
1 download 34427
1 download 35148
1 download 35401
1 download 35413
1 download 35459
1 download 35517
1 download 35954
1 download 36019
1 download 36021
1 download 38594
1 download 39796
1 download 39815
1 download 40636
1 download 41667
1 download 46619
1 download 48940
1 download 52056
1 download 54309
1 download 62234
1 download 68196
1 download 76577
1 download 77883
1 download 78209
1 download 87861
1 download 88372
1 download 89933
1 download 90244
1 download 90966
1 testset 117711
1 testset 137662
1 testset 163786
1 testset 178604
1 testset 29617
1 testset 29621
1 testset 30004
1 testset 30169
1 testset 30203
1 testset 30633
1 testset 32721
1 testset 32723
1 testset 32724
1 testset 33727
1 testset 35255
1 testset 35314
1 testset 38239
1 testset 38370
1 testset 70101
1 testset 89520
1 testset 90937
2 taste_buddy 00376
2 taste_buddy 00150
2 taste_buddy 00696
2 taste_buddy 00303
2 taste_buddy 00468
2 taste_buddy 00477
2 taste_buddy 00590
2 taste_buddy 00350
2 taste_buddy 00191
2 taste_buddy 00363
