1 download 131927
1 download 152782
1 download 158281
1 download 162467
1 download 202126
1 download 218424
1 download 219023
1 download 227291
1 download 251442
1 download 29314
1 download 29316
1 download 29335
1 download 29829
1 download 29990
1 download 30890
1 download 31658
1 download 32819
1 download 34000
1 download 34218
1 download 35906
1 download 41380
1 download 42254
1 download 46389
1 download 58955
1 download 62730
1 download 68828
1 download 69323
1 download 8382
1 testset 228835
1 testset 235760
1 testset 259754
1 testset 29297
1 testset 29299
1 testset 30060
1 testset 32106
1 testset 37754
2 taste_buddy 00894
2 taste_buddy 00468
2 taste_buddy 00363
2 taste_buddy 00463
2 taste_buddy 00946
2 taste_buddy 00525
2 taste_buddy 00376
2 taste_buddy 00632
2 taste_buddy 00147
2 taste_buddy 00817
