1 download 103462
1 download 174741
1 download 184915
1 download 196
1 download 218402
1 download 259868
1 download 29404
1 download 29618
1 download 302035
1 download 30310
1 download 305751
1 download 323133
1 download 32603
1 download 328733
1 download 33125
1 download 33845
1 download 34221
1 download 350017
1 download 352859
1 download 361003
1 download 36298
1 download 363786
1 download 364427
1 download 3665
1 download 371925
1 download 377144
1 download 379491
1 download 391584
1 download 39560
1 download 396695
1 download 40139
1 download 401703
1 download 403870
1 download 405719
1 download 412959
1 download 419028
1 download 458180
1 download 458192
1 download 463766
1 download 466724
1 download 468899
1 download 480072
1 download 482658
1 download 491852
1 download 496523
1 download 502338
1 download 503848
1 download 503850
1 download 505606
1 download 516451
1 download 68571
1 download 81240
1 testset 138494
1 testset 151918
1 testset 169585
1 testset 192849
1 testset 403827
1 testset 460146
1 testset 500586
1 testset 504626
1 testset 506538
1 testset 526282
1 testset 526660
1 testset 536551
1 testset 92920
2 taste_buddy 00707
2 taste_buddy 00313
2 taste_buddy 00875
2 taste_buddy 00763
2 taste_buddy 00635
2 taste_buddy 00612
2 taste_buddy 00318
2 taste_buddy 00293
2 taste_buddy 00051
2 taste_buddy 00469
