1 download 110005
1 download 13735
1 download 17291
1 download 216093
1 download 231349
1 download 279592
1 download 30110
1 download 346937
1 download 35229
1 download 37297
1 download 37706
1 download 4765
1 download 4804
1 download 53128
1 download 66305
1 download 83018
1 download 83020
1 download 86332
1 download 88742
1 download 99146
1 testset 145520
1 testset 157285
1 testset 223999
1 testset 30450
1 testset 368295
2 taste_buddy 00179 2.000000
2 taste_buddy 00993 1.000000
2 taste_buddy 00997 1.000000
2 taste_buddy 00769 1.000000
2 taste_buddy 00077 1.000000
2 taste_buddy 00575 1.000000
2 taste_buddy 00332 1.000000
2 taste_buddy 00954 1.000000
2 taste_buddy 00182 1.000000
2 taste_buddy 00093 1.000000
2 taste_buddy 00145 1.000000
2 taste_buddy 00439 1.000000
2 taste_buddy 00059 1.000000
2 taste_buddy 00405 1.000000
2 taste_buddy 00928 1.000000
2 taste_buddy 00657 1.000000
2 taste_buddy 00221 1.000000
2 taste_buddy 00817 1.000000
2 taste_buddy 00189 1.000000
2 taste_buddy 00710 1.000000
