1 download 2277
1 download 29990
1 download 30540
1 download 32176
1 download 35413
1 download 36020
1 download 41035
1 download 41705
1 download 50884
1 download 53003
1 download 54466
1 download 81831
1 testset 36253
1 testset 39380
1 testset 49484
2 taste_buddy 00150 5.000000
2 taste_buddy 00350 3.000000
2 taste_buddy 00363 3.000000
2 taste_buddy 00376 2.000000
2 taste_buddy 00623 2.000000
2 taste_buddy 00497 2.000000
2 taste_buddy 00032 2.000000
2 taste_buddy 00300 2.000000
2 taste_buddy 00783 1.000000
2 taste_buddy 00860 1.000000
2 taste_buddy 00829 1.000000
2 taste_buddy 00828 1.000000
2 taste_buddy 00511 1.000000
2 taste_buddy 00884 1.000000
2 taste_buddy 00887 1.000000
2 taste_buddy 00768 1.000000
2 taste_buddy 00548 1.000000
2 taste_buddy 00455 1.000000
2 taste_buddy 00667 1.000000
2 taste_buddy 00258 1.000000
2 taste_buddy 00259 1.000000
2 taste_buddy 00131 1.000000
2 taste_buddy 00172 1.000000
2 taste_buddy 00139 1.000000
2 taste_buddy 00835 1.000000
2 taste_buddy 00830 1.000000
2 taste_buddy 00831 1.000000
2 taste_buddy 00400 1.000000
2 taste_buddy 00546 1.000000
2 taste_buddy 00540 1.000000
2 taste_buddy 00938 1.000000
2 taste_buddy 00344 1.000000
2 taste_buddy 00183 1.000000
2 taste_buddy 00283 1.000000
2 taste_buddy 00549 1.000000
2 taste_buddy 00507 1.000000
2 taste_buddy 00468 1.000000
2 taste_buddy 00463 1.000000
2 taste_buddy 00564 1.000000
2 taste_buddy 00303 1.000000
2 taste_buddy 00477 1.000000
2 taste_buddy 00122 1.000000
2 taste_buddy 00245 1.000000
2 taste_buddy 00346 1.000000
2 taste_buddy 00100 1.000000
2 taste_buddy 00025 1.000000
2 taste_buddy 00527 1.000000
