1 download 15852
1 download 29335
1 download 29361
1 download 29895
1 download 30060
1 download 30061
1 download 30214
1 download 30332
1 download 35954
1 download 36787
1 download 37552
1 download 43160
1 download 43925
1 download 48017
1 testset 29470
1 testset 32442
1 testset 52348
1 testset 77949
2 taste_buddy 00696
2 taste_buddy 00303
2 taste_buddy 00477
2 taste_buddy 00632
2 taste_buddy 00150
2 taste_buddy 00616
2 taste_buddy 00350
2 taste_buddy 00765
2 taste_buddy 00188
2 taste_buddy 00468
