1 download 10443
1 download 29406
1 download 29611
1 download 30097
1 download 30105
1 download 31500
1 download 31912
1 download 32926
1 download 33328
1 download 33410
1 download 33421
1 download 36022
1 download 36263
1 download 39823
1 download 41613
1 download 41615
1 download 41616
1 download 41618
1 download 43424
1 download 474
1 download 49437
1 download 50960
1 download 54095
1 download 54560
1 download 55627
1 download 55961
1 download 56626
1 download 57826
1 download 58012
1 download 61995
1 download 63824
1 download 78357
1 testset 29286
1 testset 30714
1 testset 31736
1 testset 31739
1 testset 32497
1 testset 34158
1 testset 37013
1 testset 40564
1 testset 51437
2 taste_buddy 00151 5.000000
2 taste_buddy 00248 4.000000
2 taste_buddy 00552 3.000000
2 taste_buddy 00526 3.000000
2 taste_buddy 00472 3.000000
2 taste_buddy 00720 2.000000
2 taste_buddy 00816 2.000000
2 taste_buddy 00099 2.000000
2 taste_buddy 00390 2.000000
2 taste_buddy 00724 2.000000
2 taste_buddy 00907 2.000000
2 taste_buddy 00980 2.000000
2 taste_buddy 00667 2.000000
2 taste_buddy 00872 2.000000
2 taste_buddy 00454 2.000000
2 taste_buddy 00963 2.000000
2 taste_buddy 00597 2.000000
2 taste_buddy 00796 2.000000
2 taste_buddy 00346 2.000000
2 taste_buddy 00243 2.000000
2 taste_buddy 00074 2.000000
2 taste_buddy 00854 2.000000
2 taste_buddy 00939 2.000000
2 taste_buddy 00566 2.000000
