1 download 179378
1 download 30723
1 download 31142
1 download 31240
1 download 32153
1 download 32156
1 download 32308
1 download 32309
1 download 33764
1 download 33998
1 download 34792
1 download 35459
1 download 35895
1 download 49050
1 download 70348
1 download 74212
1 download 90164
1 download 99863
1 testset 30710
1 testset 30718
1 testset 31507
1 testset 34409
1 testset 50168
2 taste_buddy 00273
2 taste_buddy 00426
2 taste_buddy 00207
2 taste_buddy 00552
2 taste_buddy 00243
2 taste_buddy 00248
2 taste_buddy 00430
2 taste_buddy 00894
2 taste_buddy 00098
2 taste_buddy 00985
