1 download 109755
1 download 122208
1 download 180955
1 download 18199
1 download 20311
1 download 29314
1 download 30887
1 download 34235
1 download 34656
1 download 36025
1 download 38311
1 download 39271
1 download 39833
1 download 60608
1 download 61873
1 download 7106
1 download 7608
1 download 76161
1 download 76175
1 testset 38765
1 testset 59243
1 testset 69627
1 testset 73339
1 testset 882
2 taste_buddy 00077
2 taste_buddy 00704
2 taste_buddy 00949
2 taste_buddy 00846
2 taste_buddy 00928
2 taste_buddy 00803
2 taste_buddy 00668
2 taste_buddy 00199
2 taste_buddy 00198
2 taste_buddy 00986
