1 download 12384
1 download 136520
1 download 1464
1 download 235816
1 download 251238
1 download 29373
1 download 342344
1 download 35906
1 download 361958
1 download 365472
1 download 373520
1 download 38369
1 download 384676
1 download 395830
1 download 409985
1 download 411062
1 download 419354
1 download 423870
1 download 434779
1 testset 29297
1 testset 30061
1 testset 377066
1 testset 395113
1 testset 396924
2 taste_buddy 00946 3.000000
2 taste_buddy 00051 3.000000
2 taste_buddy 00820 2.000000
2 taste_buddy 00887 2.000000
2 taste_buddy 00293 2.000000
2 taste_buddy 00318 2.000000
2 taste_buddy 00313 2.000000
2 taste_buddy 00763 2.000000
2 taste_buddy 00179 2.000000
2 taste_buddy 00131 2.000000
2 taste_buddy 00875 2.000000
2 taste_buddy 00327 2.000000
2 taste_buddy 00635 2.000000
2 taste_buddy 00071 2.000000
2 taste_buddy 00088 2.000000
2 taste_buddy 00630 2.000000
