1 download 184645
1 download 24965
1 download 26938
1 download 27353
1 download 29272
1 download 29338
1 download 29379
1 download 29390
1 download 30107
1 download 30214
1 download 31240
1 download 34097
1 download 34102
1 download 34874
1 download 35727
1 download 37710
1 download 39445
1 download 45777
1 download 55363
1 download 5959
1 testset 29937
1 testset 31740
1 testset 32104
1 testset 32503
1 testset 33891
2 taste_buddy 00303 3.000000
2 taste_buddy 00554 2.000000
2 taste_buddy 00988 2.000000
2 taste_buddy 00131 2.000000
2 taste_buddy 00191 2.000000
2 taste_buddy 00340 2.000000
2 taste_buddy 00820 2.000000
2 taste_buddy 00273 2.000000
2 taste_buddy 00088 2.000000
2 taste_buddy 00918 2.000000
2 taste_buddy 00248 2.000000
2 taste_buddy 00181 2.000000
