1 download 136417
1 download 139451
1 download 145229
1 download 151898
1 download 178689
1 download 205469
1 download 217568
1 download 233788
1 download 249762
1 download 264921
1 download 277984
1 download 280731
1 download 29314
1 download 29404
1 download 295577
1 download 30620
1 download 31255
1 download 33615
1 download 36817
1 download 36890
1 download 36891
1 download 39687
1 download 39688
1 download 45845
1 download 54200
1 download 87578
1 download 91430
1 download 98827
1 testset 185573
1 testset 198136
1 testset 222822
1 testset 264811
1 testset 271728
1 testset 291308
1 testset 291322
2 taste_buddy 00080 10.000000
2 taste_buddy 00518 4.000000
2 taste_buddy 00387 4.000000
2 taste_buddy 00096 4.000000
2 taste_buddy 00563 3.000000
2 taste_buddy 00720 3.000000
2 taste_buddy 00769 3.000000
2 taste_buddy 00554 3.000000
2 taste_buddy 00341 3.000000
2 taste_buddy 00819 2.000000
2 taste_buddy 00519 2.000000
2 taste_buddy 00359 2.000000
2 taste_buddy 00433 2.000000
2 taste_buddy 00016 2.000000
2 taste_buddy 00030 2.000000
2 taste_buddy 00697 2.000000
2 taste_buddy 00777 2.000000
2 taste_buddy 00369 2.000000
2 taste_buddy 00998 2.000000
2 taste_buddy 00244 2.000000
