1 download 104899
1 download 11728
1 download 13124
1 download 14148
1 download 146317
1 download 2636
1 download 267588
1 download 277437
1 download 30634
1 download 33823
1 download 39061
1 download 42521
1 download 45059
1 download 55235
1 download 59483
1 download 68811
1 download 72638
1 testset 117242
1 testset 192849
1 testset 31037
1 testset 603
1 testset 82655
2 taste_buddy 00902
2 taste_buddy 00887
2 taste_buddy 00054
2 taste_buddy 00785
2 taste_buddy 00721
2 taste_buddy 00899
2 taste_buddy 00373
2 taste_buddy 00596
2 taste_buddy 00709
2 taste_buddy 00214
