1 download 106904
1 download 116759
1 download 1857
1 download 214810
1 download 22294
1 download 230617
1 download 235825
1 download 258234
1 download 291408
1 download 29342
1 download 29348
1 download 29394
1 download 294841
1 download 298046
1 download 298433
1 download 29940
1 download 30112
1 download 30113
1 download 30156
1 download 30688
1 download 31240
1 download 32304
1 download 35895
1 download 36401
1 download 38226
1 download 38237
1 download 39713
1 download 42394
1 download 46708
1 download 50344
1 download 52981
1 download 635988
1 download 68382
1 download 76748
1 download 88180
1 download 99459
1 testset 10484
1 testset 118522
1 testset 30073
1 testset 32978
1 testset 341363
1 testset 40328
1 testset 60777
1 testset 61429
1 testset 66917
2 taste_buddy 00912
2 taste_buddy 00980
2 taste_buddy 00715
2 taste_buddy 00248
2 taste_buddy 00600
2 taste_buddy 00907
2 taste_buddy 00531
2 taste_buddy 00457
2 taste_buddy 00597
2 taste_buddy 00450
