1 download 103898
1 download 115653
1 download 30301
1 download 34240
1 download 37906
1 download 37956
1 download 40624
1 download 42699
1 download 43736
1 download 46738
1 download 57902
1 download 76424
1 download 84512
1 download 88909
1 download 91362
1 download 91714
1 testset 30270
1 testset 41871
1 testset 58527
1 testset 77946
2 taste_buddy 00201
2 taste_buddy 00184
2 taste_buddy 00347
2 taste_buddy 00961
2 taste_buddy 00486
2 taste_buddy 00865
2 taste_buddy 00943
2 taste_buddy 00531
2 taste_buddy 00646
2 taste_buddy 00927
