1 download 10484
1 download 108760
1 download 15688
1 download 161756
1 download 193926
1 download 194238
1 download 21192
1 download 220371
1 download 226765
1 download 229084
1 download 240665
1 download 253150
1 download 255137
1 download 255138
1 download 255140
1 download 255144
1 download 25673
1 download 296379
1 download 30890
1 download 45528
1 download 58888
1 download 86714
1 download 90126
1 download 98896
1 testset 188347
1 testset 202085
1 testset 238199
1 testset 239481
1 testset 257394
1 testset 29812
1 testset 77437
2 taste_buddy 00277 4.000000
2 taste_buddy 00199 3.000000
2 taste_buddy 00962 2.000000
2 taste_buddy 00316 2.000000
2 taste_buddy 00093 1.000000
2 taste_buddy 00826 1.000000
2 taste_buddy 00685 1.000000
2 taste_buddy 00622 1.000000
2 taste_buddy 00332 1.000000
2 taste_buddy 00577 1.000000
2 taste_buddy 00888 1.000000
2 taste_buddy 00555 1.000000
2 taste_buddy 00059 1.000000
2 taste_buddy 00174 1.000000
2 taste_buddy 00737 1.000000
2 taste_buddy 00540 1.000000
2 taste_buddy 00913 1.000000
2 taste_buddy 00894 1.000000
2 taste_buddy 00679 1.000000
2 taste_buddy 00585 1.000000
2 taste_buddy 00149 1.000000
2 taste_buddy 00077 1.000000
2 taste_buddy 00563 1.000000
2 taste_buddy 00225 1.000000
2 taste_buddy 00165 1.000000
