1 download 162467
1 download 17296
1 download 186553
1 download 21198
1 download 256324
1 download 26061
1 download 269196
1 download 29617
1 download 296379
1 download 30817
1 download 310725
1 download 311104
1 download 328596
1 download 33360
1 download 336229
1 download 34091
1 download 351779
1 download 363821
1 download 365881
1 download 37259
1 download 381277
1 download 388275
1 download 390205
1 download 391584
1 download 400521
1 download 403269
1 download 449180
1 download 55389
1 download 67626
1 testset 335083
1 testset 340281
1 testset 34414
1 testset 34927
1 testset 360680
1 testset 403450
1 testset 43387
1 testset 445937
2 taste_buddy 00051
2 taste_buddy 00444
2 taste_buddy 00379
2 taste_buddy 00318
2 taste_buddy 00047
2 taste_buddy 00593
2 taste_buddy 00590
2 taste_buddy 00263
2 taste_buddy 00340
2 taste_buddy 00779
