1 download 100517
1 download 143124
1 download 29319
1 download 29620
1 download 29825
1 download 29893
1 download 29898
1 download 30060
1 download 35659
1 download 42011
1 testset 32106
1 testset 34181
1 testset 56444
2 taste_buddy 00667 4.000000
2 taste_buddy 00828 3.000000
2 taste_buddy 00191 3.000000
2 taste_buddy 00188 3.000000
2 taste_buddy 00463 3.000000
2 taste_buddy 00783 2.000000
2 taste_buddy 00525 2.000000
2 taste_buddy 00945 2.000000
2 taste_buddy 00150 2.000000
2 taste_buddy 00764 2.000000
2 taste_buddy 00133 2.000000
2 taste_buddy 00632 2.000000
