1 download 29892
1 download 30199
1 download 30347
1 download 30764
1 download 31736
1 download 32308
1 download 33384
1 download 35181
1 download 37897
1 download 38233
1 download 39125
1 download 47018
1 download 65843
1 download 78189
1 testset 30780
1 testset 43703
1 testset 50799
1 testset 55609
2 taste_buddy 00039 3.000000
2 taste_buddy 00353 3.000000
2 taste_buddy 00410 2.000000
2 taste_buddy 00853 2.000000
2 taste_buddy 00426 2.000000
2 taste_buddy 00303 2.000000
2 taste_buddy 00098 2.000000
2 taste_buddy 00517 2.000000
2 taste_buddy 00113 2.000000
2 taste_buddy 00344 2.000000
2 taste_buddy 00891 2.000000
2 taste_buddy 00715 2.000000
2 taste_buddy 00714 2.000000
2 taste_buddy 00107 2.000000
2 taste_buddy 00273 2.000000
2 taste_buddy 00934 2.000000
2 taste_buddy 00008 2.000000
