1 download 131623
1 download 152647
1 download 2814
1 download 29394
1 download 29539
1 download 29940
1 download 29941
1 download 30073
1 download 30723
1 download 33384
1 download 34340
1 download 36816
1 download 43344
1 download 53361
1 testset 22398
1 testset 32308
1 testset 32636
1 testset 61784
2 taste_buddy 00559
2 taste_buddy 00715
2 taste_buddy 00098
2 taste_buddy 00039
2 taste_buddy 00450
2 taste_buddy 00248
2 taste_buddy 00151
2 taste_buddy 00303
2 taste_buddy 00907
2 taste_buddy 00273
