1 download 222436
1 download 2442
1 download 2443
1 download 2444
1 download 2447
1 download 4247
1 download 54
1 download 69925
1 download 790
1 download 82568
1 testset 1175
1 testset 1629
1 testset 197
2 taste_buddy 00544 2.000000
2 taste_buddy 00073 1.000000
2 taste_buddy 00567 1.000000
2 taste_buddy 00446 1.000000
2 taste_buddy 00629 1.000000
2 taste_buddy 00723 1.000000
2 taste_buddy 00347 1.000000
2 taste_buddy 00805 1.000000
2 taste_buddy 00046 1.000000
2 taste_buddy 00549 1.000000
2 taste_buddy 00420 1.000000
