1 download 109158
1 download 114490
1 download 151909
1 download 151929
1 download 160342
1 download 172471
1 download 187877
1 download 242913
1 download 29471
1 download 30346
1 download 30489
1 download 34763
1 download 37408
1 download 43520
1 download 56981
1 download 58120
1 download 68620
1 download 70601
1 download 83968
1 download 87602
1 testset 211070
1 testset 2293
1 testset 252665
1 testset 44402
1 testset 52071
1 testset 61823
2 taste_buddy 00912
2 taste_buddy 00715
2 taste_buddy 00549
2 taste_buddy 00200
2 taste_buddy 00188
2 taste_buddy 00203
2 taste_buddy 00716
2 taste_buddy 00768
2 taste_buddy 00494
2 taste_buddy 00359
