1 download 2636
1 download 342344
1 download 343566
1 download 380965
1 download 396695
1 download 42192
1 download 468880
1 download 471085
1 download 496667
1 download 504094
1 download 504626
1 download 516286
1 download 517418
1 download 519489
1 download 520907
1 download 521105
1 download 522703
1 download 523746
1 download 523851
1 download 524984
1 download 525360
1 download 529744
1 download 529754
1 download 529824
1 download 532124
1 download 532313
1 download 533007
1 download 533177
1 download 534699
1 download 535885
1 download 536073
1 download 536321
1 download 536322
1 download 536323
1 download 536324
1 download 536325
1 download 536326
1 download 537107
1 download 545382
1 testset 338427
1 testset 519033
1 testset 521447
1 testset 524722
1 testset 528848
1 testset 529768
1 testset 533110
1 testset 535022
1 testset 535697
1 testset 536176
2 taste_buddy 00293 14.000000
2 taste_buddy 00313 11.000000
2 taste_buddy 00875 3.000000
2 taste_buddy 00470 2.000000
2 taste_buddy 00981 2.000000
2 taste_buddy 00047 2.000000
2 taste_buddy 00941 1.000000
2 taste_buddy 00291 1.000000
2 taste_buddy 00687 1.000000
2 taste_buddy 00602 1.000000
2 taste_buddy 00887 1.000000
2 taste_buddy 00213 1.000000
2 taste_buddy 00214 1.000000
2 taste_buddy 00769 1.000000
2 taste_buddy 00332 1.000000
2 taste_buddy 00454 1.000000
2 taste_buddy 00335 1.000000
2 taste_buddy 00976 1.000000
2 taste_buddy 00403 1.000000
2 taste_buddy 00071 1.000000
2 taste_buddy 00892 1.000000
2 taste_buddy 00362 1.000000
2 taste_buddy 00364 1.000000
2 taste_buddy 00916 1.000000
2 taste_buddy 00992 1.000000
2 taste_buddy 00205 1.000000
2 taste_buddy 00618 1.000000
2 taste_buddy 00630 1.000000
2 taste_buddy 00445 1.000000
2 taste_buddy 00444 1.000000
2 taste_buddy 00373 1.000000
2 taste_buddy 00758 1.000000
2 taste_buddy 00229 1.000000
