1 download 104378
1 download 155703
1 download 171946
1 download 172751
1 download 174830
1 download 178698
1 download 229796
1 download 31589
1 download 31595
1 download 32084
1 download 36361
1 download 54729
1 download 67798
1 download 80035
1 testset 101503
1 testset 129935
1 testset 174858
1 testset 60286
2 taste_buddy 00525 3.000000
2 taste_buddy 00896 1.000000
2 taste_buddy 00894 1.000000
2 taste_buddy 00961 1.000000
2 taste_buddy 00089 1.000000
2 taste_buddy 00717 1.000000
2 taste_buddy 00763 1.000000
2 taste_buddy 00645 1.000000
2 taste_buddy 00334 1.000000
2 taste_buddy 00478 1.000000
2 taste_buddy 00930 1.000000
2 taste_buddy 00920 1.000000
