1 download 108019
1 download 11847
1 download 159036
1 download 186929
1 download 189007
1 download 216620
1 download 238624
1 download 265157
1 download 30086
1 download 30697
1 download 31658
1 download 56329
1 download 69234
1 download 7502
1 testset 31228
1 testset 39130
1 testset 57706
1 testset 70481
2 taste_buddy 00946
2 taste_buddy 00189
2 taste_buddy 00548
2 taste_buddy 00447
2 taste_buddy 00834
2 taste_buddy 00525
2 taste_buddy 00318
2 taste_buddy 00042
2 taste_buddy 00715
2 taste_buddy 00054
