1 download 29698
1 download 34129
1 download 34739
1 download 34740
1 download 34741
1 download 34747
1 download 34752
1 download 34753
1 download 34763
1 download 34765
1 download 34766
1 download 34772
1 download 34773
1 download 34774
1 download 34779
1 download 34782
1 download 34783
1 testset 117088
1 testset 29683
1 testset 30414
1 testset 306162
1 testset 45013
2 taste_buddy 00135 2.000000
2 taste_buddy 00962 1.000000
2 taste_buddy 00298 1.000000
2 taste_buddy 00794 1.000000
2 taste_buddy 00551 1.000000
2 taste_buddy 00241 1.000000
2 taste_buddy 00547 1.000000
2 taste_buddy 00136 1.000000
2 taste_buddy 00245 1.000000
2 taste_buddy 00121 1.000000
2 taste_buddy 00287 1.000000
2 taste_buddy 00684 1.000000
2 taste_buddy 00917 1.000000
2 taste_buddy 00436 1.000000
2 taste_buddy 00370 1.000000
