1 download 102699
1 download 111046
1 download 12394
1 download 12729
1 download 174858
1 download 178698
1 download 179527
1 download 197416
1 download 241665
1 download 29316
1 download 29319
1 download 29358
1 download 29367
1 download 29387
1 download 29389
1 download 29411
1 download 29617
1 download 29825
1 download 30004
1 download 30317
1 download 30318
1 download 30357
1 download 30595
1 download 31270
1 download 31595
1 download 31658
1 download 31853
1 download 32084
1 download 3342
1 download 34128
1 download 34218
1 download 34724
1 download 35028
1 download 36067
1 download 36254
1 download 36714
1 download 36911
1 download 36999
1 download 37477
1 download 39851
1 download 44381
1 download 45233
1 download 48238
1 download 61456
1 download 68815
1 download 75563
1 download 87136
1 testset 29373
1 testset 30061
1 testset 30070
1 testset 30328
1 testset 30333
1 testset 30972
1 testset 31231
1 testset 32106
1 testset 35314
1 testset 35957
1 testset 40119
1 testset 56820
2 taste_buddy 00150
2 taste_buddy 00468
2 taste_buddy 00088
2 taste_buddy 00894
2 taste_buddy 00137
2 taste_buddy 00469
2 taste_buddy 00696
2 taste_buddy 00546
2 taste_buddy 00437
2 taste_buddy 00136
