1 download 105192
1 download 125194
1 download 231026
1 download 28815
1 download 29955
1 download 30439
1 download 30898
1 download 33448
1 download 35461
1 download 38878
1 download 40396
1 download 45259
1 download 53011
1 download 64852
1 download 69202
1 download 86051
1 testset 107624
1 testset 151402
1 testset 161756
1 testset 31131
1 testset 46963
2 taste_buddy 00228 3.000000
2 taste_buddy 00467 2.000000
2 taste_buddy 00772 1.000000
2 taste_buddy 00887 1.000000
2 taste_buddy 00591 1.000000
2 taste_buddy 00486 1.000000
2 taste_buddy 00889 1.000000
2 taste_buddy 00999 1.000000
2 taste_buddy 00954 1.000000
2 taste_buddy 00612 1.000000
2 taste_buddy 00531 1.000000
2 taste_buddy 00265 1.000000
2 taste_buddy 00723 1.000000
2 taste_buddy 00266 1.000000
2 taste_buddy 00913 1.000000
2 taste_buddy 00248 1.000000
2 taste_buddy 00352 1.000000
2 taste_buddy 00018 1.000000
2 taste_buddy 00165 1.000000
