1 download 165242
1 download 226821
1 download 297260
1 download 298917
1 download 36817
1 download 37695
1 download 41217
1 download 41218
1 download 41219
1 download 41221
1 download 41223
1 download 41224
1 download 45845
1 download 52054
1 download 65238
1 download 7264
1 testset 288890
1 testset 30620
1 testset 37694
1 testset 70911
2 taste_buddy 00563
2 taste_buddy 00519
2 taste_buddy 00433
2 taste_buddy 00998
2 taste_buddy 00096
2 taste_buddy 00016
2 taste_buddy 00720
2 taste_buddy 00777
2 taste_buddy 00440
2 taste_buddy 00031
