1 download 102306
1 download 29359
1 download 29620
1 download 30077
1 download 30308
1 download 32157
1 download 34835
1 download 58024
1 download 61156
1 download 73946
1 download 85864
1 download 8774
1 download 91426
1 testset 30332
1 testset 30782
1 testset 52447
1 testset 53277
2 taste_buddy 00943 2.000000
2 taste_buddy 00131 2.000000
2 taste_buddy 00887 2.000000
2 taste_buddy 00150 2.000000
2 taste_buddy 00256 2.000000
2 taste_buddy 00831 2.000000
2 taste_buddy 00939 2.000000
2 taste_buddy 00270 2.000000
2 taste_buddy 00283 2.000000
2 taste_buddy 00141 2.000000
2 taste_buddy 00203 2.000000
2 taste_buddy 00927 2.000000
