1 download 29253
1 download 30104
1 download 30223
1 download 31327
1 download 32154
1 download 36050
1 download 42208
1 download 42224
1 download 42225
1 download 42226
1 download 42230
1 download 42243
1 download 42244
1 download 42852
1 download 48727
1 download 60994
1 download 63561
1 download 6671
1 download 73328
1 download 83906
1 testset 29940
1 testset 31738
1 testset 38594
1 testset 39798
1 testset 42227
2 taste_buddy 00200
2 taste_buddy 00273
2 taste_buddy 00724
2 taste_buddy 00494
2 taste_buddy 00930
2 taste_buddy 00901
2 taste_buddy 00980
2 taste_buddy 00028
2 taste_buddy 00098
2 taste_buddy 00039
