1 download 33930
1 download 33931
1 download 33932
1 download 33933
1 download 33935
1 download 33938
1 download 35298
1 download 35300
1 download 35303
1 download 37728
1 download 37729
1 testset 19620
1 testset 91766
1 testset 91770
2 taste_buddy 00366 8.000000
2 taste_buddy 00458 7.000000
2 taste_buddy 00693 6.000000
2 taste_buddy 00022 4.000000
2 taste_buddy 00016 4.000000
2 taste_buddy 00690 3.000000
2 taste_buddy 00343 3.000000
2 taste_buddy 00337 2.000000
2 taste_buddy 00078 1.000000
2 taste_buddy 00457 1.000000
