1 download 102188
1 download 119202
1 download 129209
1 download 136520
1 download 136521
1 download 137364
1 download 143391
1 download 147380
1 download 158281
1 download 185885
1 download 189198
1 download 190561
1 download 202883
1 download 213610
1 download 216511
1 download 218402
1 download 219023
1 download 235816
1 download 241941
1 download 243345
1 download 243428
1 download 247301
1 download 259664
1 download 259754
1 download 264425
1 download 271899
1 download 283843
1 download 292549
1 download 29617
1 download 299161
1 download 30386
1 download 308439
1 download 30979
1 download 311869
1 download 312366
1 download 319522
1 download 321052
1 download 321831
1 download 323133
1 download 325762
1 download 326904
1 download 334118
1 download 334884
1 download 334951
1 download 337103
1 download 34221
1 download 347683
1 download 35604
1 download 37501
1 download 38765
1 download 40139
1 download 42662
1 download 44863
1 download 44995
1 download 45918
1 download 47661
1 download 49470
1 download 50400
1 download 53423
1 download 63013
1 download 78238
1 download 85489
1 download 87895
1 testset 149123
1 testset 151918
1 testset 169585
1 testset 235760
1 testset 253289
1 testset 257400
1 testset 265580
1 testset 278574
1 testset 282993
1 testset 30063
1 testset 30079
1 testset 30317
1 testset 31658
1 testset 47099
1 testset 50667
1 testset 56959
2 taste_buddy 00946
2 taste_buddy 00696
2 taste_buddy 00468
2 taste_buddy 00327
2 taste_buddy 00088
2 taste_buddy 00351
2 taste_buddy 00763
2 taste_buddy 00835
2 taste_buddy 00668
2 taste_buddy 00674
