1 download 29882
1 download 31244
1 download 31245
1 download 31246
1 download 31247
1 download 31248
1 download 31249
1 download 31264
1 download 31265
1 download 31266
1 download 33922
1 download 33923
1 download 33924
1 download 33930
1 download 33931
1 download 33932
1 download 33933
1 download 33934
1 download 33935
1 download 33938
1 download 33939
1 download 39871
1 download 40841
1 download 48033
1 download 51766
1 download 52447
1 testset 33904
1 testset 33905
1 testset 33906
1 testset 33907
1 testset 33908
1 testset 33909
1 testset 35300
2 taste_buddy 00366 14.000000
2 taste_buddy 00458 13.000000
2 taste_buddy 00078 11.000000
2 taste_buddy 00434 10.000000
2 taste_buddy 00811 6.000000
2 taste_buddy 00819 4.000000
2 taste_buddy 00360 4.000000
2 taste_buddy 00690 3.000000
2 taste_buddy 00016 3.000000
2 taste_buddy 00736 3.000000
