1 download 110636
1 download 22305
1 download 30082
1 download 30223
1 download 30705
1 download 32863
1 download 34729
1 download 35132
1 download 35133
1 download 37915
1 download 37992
1 download 38448
1 download 39454
1 download 43405
1 download 45919
1 download 46347
1 download 46894
1 download 48752
1 download 48787
1 download 51437
1 download 52387
1 download 54095
1 download 55057
1 download 63824
1 download 64055
1 download 64078
1 download 65106
1 download 77655
1 download 81635
1 download 83654
1 download 85424
1 download 86799
1 testset 30708
1 testset 30719
1 testset 37887
1 testset 46867
1 testset 48757
1 testset 55034
1 testset 79089
1 testset 79090
1 testset 79091
2 taste_buddy 00098
2 taste_buddy 00891
2 taste_buddy 00661
2 taste_buddy 00747
2 taste_buddy 00184
2 taste_buddy 00115
2 taste_buddy 00207
2 taste_buddy 00939
2 taste_buddy 00934
2 taste_buddy 00450
