1 download 253085
1 download 276036
1 download 348719
1 download 438231
1 download 45861
1 download 471084
1 download 47399
1 download 499847
1 download 504732
1 download 505606
1 download 505915
1 download 506199
1 download 507963
1 download 508899
1 download 509496
1 download 511497
1 download 514011
1 download 514197
1 download 518370
1 download 54448
1 testset 259068
1 testset 323575
1 testset 361595
1 testset 395249
1 testset 514092
2 taste_buddy 00558
2 taste_buddy 00293
2 taste_buddy 00875
2 taste_buddy 00313
2 taste_buddy 00171
2 taste_buddy 00054
2 taste_buddy 00364
2 taste_buddy 00820
2 taste_buddy 00047
2 taste_buddy 00051
