1 download 164880
1 download 29394
1 download 29467
1 download 30722
1 download 30776
1 download 32442
1 download 33328
1 download 33715
1 download 35102
1 download 35644
1 download 36831
1 download 43422
1 download 44740
1 download 46241
1 download 50312
1 download 52084
1 download 70858
1 download 81250
1 download 93072
1 download 97860
1 testset 139260
1 testset 29940
1 testset 32635
1 testset 52085
1 testset 76022
1 testset 90481
2 taste_buddy 00248
2 taste_buddy 00939
2 taste_buddy 00531
2 taste_buddy 00894
2 taste_buddy 00462
2 taste_buddy 00661
2 taste_buddy 00934
2 taste_buddy 00243
2 taste_buddy 00447
2 taste_buddy 00450
