1 download 105196
1 download 37410
1 download 40882
1 download 41275
1 download 45760
1 download 45767
1 download 47930
1 download 56201
1 download 68685
1 download 82093
1 testset 30270
1 testset 32986
1 testset 81711
2 taste_buddy 00184 2.000000
2 taste_buddy 00949 1.000000
2 taste_buddy 00988 1.000000
2 taste_buddy 00188 1.000000
2 taste_buddy 00093 1.000000
2 taste_buddy 00951 1.000000
2 taste_buddy 00913 1.000000
2 taste_buddy 00172 1.000000
2 taste_buddy 00269 1.000000
2 taste_buddy 00237 1.000000
2 taste_buddy 00920 1.000000
2 taste_buddy 00684 1.000000
