1 download 169927
1 download 30086
1 download 31503
1 download 32163
1 download 34515
1 download 35459
1 download 38380
1 download 41667
1 download 43432
1 download 43434
1 download 43438
1 download 43442
1 download 43443
1 download 43446
1 download 58584
1 testset 32153
1 testset 32446
1 testset 33309
1 testset 43439
2 taste_buddy 00943
2 taste_buddy 00860
2 taste_buddy 00602
2 taste_buddy 00216
2 taste_buddy 00841
2 taste_buddy 00944
2 taste_buddy 00720
2 taste_buddy 00658
2 taste_buddy 00645
2 taste_buddy 00414
