1 download 107867
1 download 137612
1 download 149801
1 download 168895
1 download 189507
1 download 29251
1 download 29258
1 download 31874
1 download 32203
1 download 34792
1 download 349828
1 download 35012
1 download 39271
1 download 39691
1 download 39694
1 download 45036
1 download 45344
1 download 47413
1 download 48559
1 download 48560
1 download 48561
1 download 56329
1 download 57186
1 download 581330
1 download 59326
1 download 598452
1 download 64167
1 download 67161
1 download 91156
1 download 92770
1 download 93125
1 download 93135
1 download 93136
1 download 93137
1 download 93151
1 testset 144763
1 testset 164714
1 testset 17291
1 testset 45038
1 testset 45039
1 testset 46460
1 testset 69234
1 testset 88428
1 testset 93138
2 taste_buddy 00543 4.000000
2 taste_buddy 00455 3.000000
2 taste_buddy 00018 3.000000
2 taste_buddy 00690 3.000000
2 taste_buddy 00832 3.000000
2 taste_buddy 00405 3.000000
2 taste_buddy 00512 2.000000
2 taste_buddy 00095 2.000000
2 taste_buddy 00581 2.000000
2 taste_buddy 00488 2.000000
