1 download 144172
1 download 187716
1 download 218424
1 download 219209
1 download 250242
1 download 275791
1 download 326581
1 download 371176
1 download 394163
1 download 40882
1 download 75978
1 testset 368607
1 testset 51613
1 testset 77668
2 taste_buddy 00138 3.000000
2 taste_buddy 00708 1.000000
2 taste_buddy 00966 1.000000
2 taste_buddy 00578 1.000000
2 taste_buddy 00991 1.000000
2 taste_buddy 00651 1.000000
2 taste_buddy 00540 1.000000
2 taste_buddy 00291 1.000000
2 taste_buddy 00682 1.000000
2 taste_buddy 00917 1.000000
