1 download 273742
1 download 331853
1 download 368384
1 download 423766
1 download 430115
1 download 446093
1 download 451634
1 download 455705
1 download 480072
1 download 485547
1 download 486031
1 download 493224
1 download 496667
1 download 497724
1 download 504094
1 download 505793
1 download 511058
1 testset 21361
1 testset 29404
1 testset 3071
1 testset 478070
1 testset 504423
2 taste_buddy 00047
2 taste_buddy 00875
2 taste_buddy 00707
2 taste_buddy 00313
2 taste_buddy 00994
2 taste_buddy 00289
2 taste_buddy 00596
2 taste_buddy 00687
2 taste_buddy 00293
2 taste_buddy 00947
