1 download 136520
1 download 143136
1 download 151912
1 download 203940
1 download 218402
1 download 220036
1 download 235980
1 download 238860
1 download 243345
1 download 244292
1 download 245210
1 download 253445
1 download 277270
1 download 286876
1 download 288549
1 download 29390
1 download 29407
1 download 298308
1 download 300604
1 download 312366
1 download 319522
1 download 320454
1 download 320544
1 download 32598
1 download 32925
1 download 33045
1 download 331137
1 download 336864
1 download 34235
1 download 352859
1 download 357703
1 download 359203
1 download 359954
1 download 36357
1 download 36360
1 download 36361
1 download 365010
1 download 365345
1 download 366567
1 download 368426
1 download 373260
1 download 379491
1 download 38571
1 download 387781
1 download 391584
1 download 39818
1 download 409985
1 download 412877
1 download 47257
1 download 49567
1 download 50752
1 download 57663
1 testset 226540
1 testset 29297
1 testset 30063
1 testset 301939
1 testset 30332
1 testset 31658
1 testset 32603
1 testset 332037
1 testset 34928
1 testset 34935
1 testset 377066
1 testset 380280
1 testset 52206
2 taste_buddy 00088 6.000000
2 taste_buddy 00318 5.000000
2 taste_buddy 00469 5.000000
2 taste_buddy 00351 5.000000
2 taste_buddy 00635 5.000000
2 taste_buddy 00696 4.000000
2 taste_buddy 00468 4.000000
2 taste_buddy 00830 4.000000
2 taste_buddy 00364 4.000000
2 taste_buddy 00453 3.000000
2 taste_buddy 00858 3.000000
2 taste_buddy 00303 3.000000
2 taste_buddy 00389 3.000000
2 taste_buddy 00357 3.000000
2 taste_buddy 00668 3.000000
2 taste_buddy 00350 3.000000
2 taste_buddy 00112 3.000000
2 taste_buddy 00051 3.000000
2 taste_buddy 00477 3.000000
2 taste_buddy 00263 3.000000
2 taste_buddy 00946 3.000000
2 taste_buddy 00001 3.000000
