1 download 1454
1 download 230415
1 download 30091
1 download 321831
1 download 359203
1 download 364427
1 download 368607
1 download 43474
1 download 56582
1 download 59187
1 download 66768
1 download 86116
1 download 90004
1 download 96197
1 download 97622
1 testset 30202
1 testset 302571
1 testset 367263
1 testset 96567
2 taste_buddy 00903
2 taste_buddy 00907
2 taste_buddy 00453
2 taste_buddy 00639
2 taste_buddy 00563
2 taste_buddy 00699
2 taste_buddy 00953
2 taste_buddy 00318
2 taste_buddy 00335
2 taste_buddy 00763
