1 download 187876
1 download 187877
1 download 292367
1 download 317772
1 download 355019
1 download 407088
1 download 43264
1 download 484690
1 download 83961
1 download 86323
1 testset 287900
1 testset 40958
1 testset 414555
2 taste_buddy 00962 2.000000
2 taste_buddy 00565 1.000000
2 taste_buddy 00794 1.000000
2 taste_buddy 00622 1.000000
2 taste_buddy 00087 1.000000
2 taste_buddy 00460 1.000000
2 taste_buddy 00082 1.000000
2 taste_buddy 00737 1.000000
2 taste_buddy 00683 1.000000
2 taste_buddy 00293 1.000000
2 taste_buddy 00713 1.000000
