1 download 106904
1 download 107276
1 download 119765
1 download 124354
1 download 149063
1 download 152212
1 download 153551
1 download 29272
1 download 29348
1 download 29904
1 download 30272
1 download 30301
1 download 30353
1 download 31381
1 download 31570
1 download 32051
1 download 32253
1 download 32298
1 download 32308
1 download 33098
1 download 33110
1 download 33208
1 download 33420
1 download 34001
1 download 34240
1 download 34265
1 download 34266
1 download 34267
1 download 34268
1 download 35638
1 download 37409
1 download 37584
1 download 37956
1 download 38459
1 download 39483
1 download 42288
1 download 42413
1 download 46123
1 download 48678
1 download 50502
1 download 51018
1 download 58527
1 download 61827
1 download 62367
1 download 66108
1 download 80861
1 download 84389
1 download 87323
1 download 93730
1 download 93760
1 download 97461
1 testset 29686
1 testset 29940
1 testset 29941
1 testset 30628
1 testset 30973
1 testset 31531
1 testset 31983
1 testset 33384
1 testset 34129
1 testset 34470
1 testset 36452
1 testset 38126
1 testset 80497
2 taste_buddy 00939
2 taste_buddy 00853
2 taste_buddy 00273
2 taste_buddy 00248
2 taste_buddy 00920
2 taste_buddy 00151
2 taste_buddy 00913
2 taste_buddy 00995
2 taste_buddy 00613
2 taste_buddy 00039
