1 download 105633
1 download 108055
1 download 112206
1 download 126639
1 download 133349
1 download 153256
1 download 153652
1 download 163798
1 download 221609
1 download 29319
1 download 29335
1 download 29386
1 download 30725
1 download 30817
1 download 31331
1 download 31539
1 download 32450
1 download 32473
1 download 32599
1 download 34715
1 download 34849
1 download 35910
1 download 37505
1 download 42564
1 download 44424
1 download 50658
1 download 56336
1 download 63699
1 download 64055
1 download 67787
1 download 68196
1 download 68828
1 download 70869
1 download 7106
1 download 75448
1 download 79818
1 download 83020
1 download 86542
1 download 91832
1 download 93783
1 testset 113388
1 testset 31736
1 testset 33788
1 testset 38502
1 testset 43114
1 testset 47722
1 testset 48749
1 testset 65139
1 testset 67446
1 testset 75495
1 testset 9704
2 taste_buddy 00303
2 taste_buddy 00540
2 taste_buddy 00616
2 taste_buddy 00387
2 taste_buddy 00860
2 taste_buddy 00979
2 taste_buddy 00447
2 taste_buddy 00552
2 taste_buddy 00966
2 taste_buddy 00191
