1 download 132
1 download 159125
1 download 186780
1 download 186781
1 download 226190
1 download 237882
1 download 290206
1 download 29486
1 download 301829
1 download 3676
1 download 39713
1 download 39843
1 download 45790
1 download 48608
1 download 55076
1 download 66817
1 download 70709
1 download 89515
1 download 91934
1 testset 237687
1 testset 330740
1 testset 3678
1 testset 71418
1 testset 71422
2 taste_buddy 00508
2 taste_buddy 00597
2 taste_buddy 00970
2 taste_buddy 00357
2 taste_buddy 00216
2 taste_buddy 00676
2 taste_buddy 00858
2 taste_buddy 00337
2 taste_buddy 00944
2 taste_buddy 00726
