1 download 207970
1 download 218207
1 download 22928
1 download 235657
1 download 267588
1 download 294109
1 download 30301
1 download 31736
1 download 33425
1 download 340281
1 download 34605
1 download 361958
1 download 366531
1 download 37126
1 download 379729
1 download 386212
1 download 39073
1 download 39949
1 download 399549
1 download 400521
1 download 404443
1 download 404817
1 download 406085
1 download 434449
1 download 442080
1 download 453123
1 download 453445
1 download 455705
1 download 457800
1 download 459684
1 download 460880
1 download 460882
1 download 461391
1 download 46229
1 download 463204
1 download 463622
1 download 466751
1 download 466841
1 download 52641
1 download 59834
1 download 66768
1 download 7106
1 download 72078
1 download 74304
1 download 90023
1 testset 145520
1 testset 220139
1 testset 30415
1 testset 30973
1 testset 350324
1 testset 357236
1 testset 381277
1 testset 460024
1 testset 463732
1 testset 465517
1 testset 465663
1 testset 465831
2 taste_buddy 00444 7.000000
2 taste_buddy 00953 7.000000
2 taste_buddy 00602 4.000000
2 taste_buddy 00553 4.000000
2 taste_buddy 00012 4.000000
2 taste_buddy 00875 4.000000
2 taste_buddy 00862 4.000000
2 taste_buddy 00758 3.000000
2 taste_buddy 00980 3.000000
2 taste_buddy 00340 3.000000
2 taste_buddy 00628 3.000000
