1 download 122958
1 download 30286
1 download 31433
1 download 34752
1 download 34753
1 download 40867
1 download 42563
1 download 42579
1 download 43228
1 download 56992
1 download 76679
1 download 77674
1 download 78899
1 download 89471
1 download 90956
1 testset 180447
1 testset 29336
1 testset 32799
1 testset 38716
2 taste_buddy 00541
2 taste_buddy 00274
2 taste_buddy 00231
2 taste_buddy 00549
2 taste_buddy 00266
2 taste_buddy 00955
2 taste_buddy 00604
2 taste_buddy 00779
2 taste_buddy 00736
2 taste_buddy 00821
