1 download 102328
1 download 14085
1 download 179378
1 download 204107
1 download 31240
1 download 31595
1 download 32153
1 download 34515
1 download 35874
1 download 37003
1 download 41768
1 download 42119
1 download 69869
1 download 8581
1 testset 1466
1 testset 38366
1 testset 70015
1 testset 99933
2 taste_buddy 00531
2 taste_buddy 00216
2 taste_buddy 00381
2 taste_buddy 00426
2 taste_buddy 00206
2 taste_buddy 00168
2 taste_buddy 00769
2 taste_buddy 00980
2 taste_buddy 00181
2 taste_buddy 00345
