1 download 137289
1 download 139586
1 download 140613
1 download 185130
1 download 196642
1 download 211951
1 download 23247
1 download 23250
1 download 275791
1 download 304481
1 download 310788
1 download 318768
1 download 321299
1 download 322716
1 download 334014
1 download 33415
1 download 34774
1 download 35826
1 download 372275
1 download 376037
1 download 42075
1 download 42779
1 download 45717
1 download 50968
1 download 50983
1 download 52287
1 download 55142
1 download 60646
1 download 70114
1 download 82565
1 download 83916
1 testset 106450
1 testset 2155
1 testset 26362
1 testset 32111
1 testset 329598
1 testset 337906
1 testset 52286
1 testset 64115
2 taste_buddy 00340
2 taste_buddy 00702
2 taste_buddy 00347
2 taste_buddy 00587
2 taste_buddy 00712
2 taste_buddy 00789
2 taste_buddy 00357
2 taste_buddy 00683
2 taste_buddy 00419
2 taste_buddy 00157
