1 download 107944
1 download 110008
1 download 128557
1 download 14085
1 download 144444
1 download 161290
1 download 179378
1 download 19468
1 download 21642
1 download 243903
1 download 26162
1 download 29386
1 download 30105
1 download 30111
1 download 31240
1 download 31570
1 download 32428
1 download 32430
1 download 330030
1 download 37011
1 download 38022
1 download 38282
1 download 38987
1 download 43552
1 download 55437
1 download 57773
1 download 82570
1 testset 29689
1 testset 30707
1 testset 30956
1 testset 33126
1 testset 38263
1 testset 46178
1 testset 61814
2 taste_buddy 00344 7.000000
2 taste_buddy 00413 3.000000
2 taste_buddy 00426 3.000000
2 taste_buddy 00645 3.000000
2 taste_buddy 00039 3.000000
2 taste_buddy 00046 3.000000
2 taste_buddy 00450 3.000000
2 taste_buddy 00098 2.000000
2 taste_buddy 00381 2.000000
2 taste_buddy 00907 2.000000
2 taste_buddy 00860 2.000000
2 taste_buddy 00531 2.000000
2 taste_buddy 00151 2.000000
2 taste_buddy 00552 2.000000
2 taste_buddy 00303 2.000000
2 taste_buddy 00597 2.000000
2 taste_buddy 00457 2.000000
2 taste_buddy 00658 2.000000
2 taste_buddy 00939 2.000000
2 taste_buddy 00163 2.000000
2 taste_buddy 00248 2.000000
2 taste_buddy 00484 2.000000
