1 download 216198
1 download 39435
1 download 39688
1 download 40868
1 download 42563
1 download 42566
1 download 42574
1 download 42577
1 download 42579
1 download 42581
1 download 42582
1 testset 35957
1 testset 37564
1 testset 42564
2 taste_buddy 00667 2.000000
2 taste_buddy 00135 2.000000
2 taste_buddy 00210 1.000000
2 taste_buddy 00141 1.000000
2 taste_buddy 00778 1.000000
2 taste_buddy 00303 1.000000
2 taste_buddy 00527 1.000000
2 taste_buddy 00131 1.000000
2 taste_buddy 00732 1.000000
2 taste_buddy 00513 1.000000
2 taste_buddy 00031 1.000000
2 taste_buddy 00252 1.000000
2 taste_buddy 00260 1.000000
