1 download 108055
1 download 169488
1 download 212608
1 download 229697
1 download 265278
1 download 29500
1 download 32419
1 download 32560
1 download 33448
1 download 35510
1 download 39960
1 download 51025
1 download 59834
1 download 65152
1 download 65163
1 download 65169
1 download 65172
1 testset 38765
1 testset 39060
1 testset 46332
1 testset 49598
1 testset 65139
2 taste_buddy 00980
2 taste_buddy 00468
2 taste_buddy 00444
2 taste_buddy 00948
2 taste_buddy 00783
2 taste_buddy 00907
2 taste_buddy 00949
2 taste_buddy 00531
2 taste_buddy 00926
2 taste_buddy 00373
