1 download 107727
1 download 166187
1 download 194206
1 download 219686
1 download 242913
1 download 278574
1 download 28437
1 download 29397
1 download 30308
1 download 30940
1 download 313624
1 download 318811
1 download 32176
1 download 323133
1 download 32316
1 download 32672
1 download 32800
1 download 335948
1 download 34850
1 download 41658
1 download 43626
1 download 49961
1 download 53907
1 download 54197
1 download 54203
1 download 54288
1 download 56992
1 download 57784
1 download 58814
1 download 68494
1 download 69925
1 download 88996
1 download 96370
1 testset 30333
1 testset 311869
1 testset 319225
1 testset 32106
1 testset 32882
1 testset 38000
1 testset 40422
1 testset 76220
1 testset 78443
2 taste_buddy 00150 4.000000
2 taste_buddy 00468 4.000000
2 taste_buddy 00696 3.000000
2 taste_buddy 00999 3.000000
2 taste_buddy 00303 3.000000
2 taste_buddy 00131 3.000000
2 taste_buddy 00351 3.000000
2 taste_buddy 00051 3.000000
2 taste_buddy 00266 3.000000
2 taste_buddy 00270 3.000000
2 taste_buddy 00163 3.000000
