1 download 192267
1 download 29394
1 download 29761
1 download 30109
1 download 30111
1 download 30223
1 download 31507
1 download 32170
1 download 33042
1 download 34433
1 download 34441
1 download 36381
1 download 37340
1 download 40004
1 download 42965
1 download 43206
1 download 44226
1 download 4737
1 download 60777
1 download 73191
1 download 77675
1 download 99275
1 testset 120687
1 testset 12921
1 testset 31738
1 testset 38514
1 testset 46188
1 testset 68479
2 taste_buddy 00930
2 taste_buddy 00450
2 taste_buddy 00273
2 taste_buddy 00151
2 taste_buddy 00065
2 taste_buddy 00303
2 taste_buddy 00661
2 taste_buddy 00200
2 taste_buddy 00884
2 taste_buddy 00595
