1 download 133277
1 download 22305
1 download 29271
1 download 29361
1 download 30149
1 download 30162
1 download 30223
1 download 30301
1 download 30634
1 download 30943
1 download 31245
1 download 31738
1 download 31789
1 download 32635
1 download 32801
1 download 33261
1 download 35132
1 download 35514
1 download 37407
1 download 37897
1 download 38200
1 download 38255
1 download 40156
1 download 40599
1 download 40756
1 download 41379
1 download 43422
1 download 43453
1 download 43918
1 download 44980
1 download 45760
1 download 46021
1 download 46229
1 download 46404
1 download 4737
1 download 49187
1 download 49250
1 download 49934
1 download 51530
1 download 53523
1 download 54195
1 download 54197
1 download 56201
1 download 57775
1 download 64078
1 download 64775
1 download 67939
1 download 68382
1 download 71810
1 download 77655
1 download 78854
1 download 79826
1 download 91714
1 download 91715
1 download 91949
1 download 96817
1 testset 29940
1 testset 30071
1 testset 30082
1 testset 30204
1 testset 30334
1 testset 30709
1 testset 30710
1 testset 30719
1 testset 31736
1 testset 32253
1 testset 34387
1 testset 34427
1 testset 35520
1 testset 37341
1 testset 45779
2 taste_buddy 00939 8.000000
2 taste_buddy 00151 7.000000
2 taste_buddy 00853 6.000000
2 taste_buddy 00098 6.000000
2 taste_buddy 00039 6.000000
2 taste_buddy 00450 5.000000
2 taste_buddy 00891 5.000000
2 taste_buddy 00872 5.000000
2 taste_buddy 00273 5.000000
2 taste_buddy 00097 4.000000
2 taste_buddy 00131 4.000000
2 taste_buddy 00303 4.000000
2 taste_buddy 00901 4.000000
2 taste_buddy 00661 4.000000
2 taste_buddy 00494 4.000000
2 taste_buddy 00243 4.000000
2 taste_buddy 00242 4.000000
2 taste_buddy 00248 4.000000
2 taste_buddy 00486 4.000000
