1 download 129209
1 download 136521
1 download 170341
1 download 185569
1 download 193271
1 download 205168
1 download 207970
1 download 209963
1 download 215378
1 download 235760
1 download 241466
1 download 241916
1 download 274960
1 download 281197
1 download 293213
1 download 30073
1 download 30086
1 download 30223
1 download 30535
1 download 30551
1 download 306312
1 download 30976
1 download 31507
1 download 318359
1 download 32308
1 download 324115
1 download 332413
1 download 334171
1 download 334682
1 download 334848
1 download 335663
1 download 33623
1 download 338281
1 download 342067
1 download 346547
1 download 348799
1 download 34927
1 download 350549
1 download 353057
1 download 35459
1 download 357236
1 download 357591
1 download 359203
1 download 360762
1 download 361359
1 download 361647
1 download 365839
1 download 365910
1 download 370476
1 download 375082
1 download 380965
1 download 382248
1 download 382779
1 download 386600
1 download 387812
1 download 388320
1 download 39073
1 download 392398
1 download 393915
1 download 396397
1 download 397074
1 download 39949
1 download 399969
1 download 400470
1 download 401703
1 download 40208
1 download 403269
1 download 406085
1 download 406086
1 download 408858
1 download 408890
1 download 412204
1 download 412472
1 download 412877
1 download 415820
1 download 416293
1 download 416872
1 download 418646
1 download 418648
1 download 419884
1 download 422525
1 download 423157
1 download 425520
1 download 426631
1 download 429974
1 download 433432
1 download 48132
1 download 50504
1 download 63146
1 download 66298
1 testset 224209
1 testset 235980
1 testset 253754
1 testset 263112
1 testset 292854
1 testset 294323
1 testset 30204
1 testset 305062
1 testset 305120
1 testset 313286
1 testset 319458
1 testset 32153
1 testset 348615
1 testset 35777
1 testset 362990
1 testset 403450
1 testset 404443
1 testset 405433
1 testset 408476
1 testset 412603
1 testset 416183
1 testset 426989
1 testset 59834
2 taste_buddy 00518
2 taste_buddy 00907
2 taste_buddy 00529
2 taste_buddy 00875
2 taste_buddy 00769
2 taste_buddy 00186
2 taste_buddy 00444
2 taste_buddy 00340
2 taste_buddy 00347
2 taste_buddy 00715
