1 download 152997
1 download 153874
1 download 183713
1 download 185800
1 download 186393
1 download 194384
1 download 206592
1 download 241455
1 download 249140
1 download 314561
1 download 34593
1 download 348690
1 download 359274
1 download 359559
1 download 359560
1 download 359561
1 testset 151967
1 testset 153465
1 testset 203594
1 testset 353019
1 testset 359849
2 taste_buddy 00316 2.000000
2 taste_buddy 00835 1.000000
2 taste_buddy 00429 1.000000
2 taste_buddy 00995 1.000000
2 taste_buddy 00940 1.000000
2 taste_buddy 00317 1.000000
2 taste_buddy 00946 1.000000
2 taste_buddy 00268 1.000000
2 taste_buddy 00096 1.000000
2 taste_buddy 00641 1.000000
2 taste_buddy 00358 1.000000
2 taste_buddy 00496 1.000000
2 taste_buddy 00101 1.000000
2 taste_buddy 00633 1.000000
