1 download 107658
1 download 30188
1 download 30896
1 download 35243
1 download 36793
1 download 45360
1 download 47956
1 download 59311
1 download 66340
1 download 68708
1 download 69579
1 download 73667
1 download 76374
1 download 80680
1 download 80694
1 download 92568
1 testset 30873
1 testset 33404
1 testset 47646
1 testset 53332
1 testset 77437
2 taste_buddy 00704
2 taste_buddy 00542
2 taste_buddy 00808
2 taste_buddy 00961
2 taste_buddy 00847
2 taste_buddy 00848
2 taste_buddy 00946
2 taste_buddy 00412
2 taste_buddy 00721
2 taste_buddy 00925
