1 download 177649
1 download 273104
1 download 279476
1 download 290308
1 download 316439
1 download 424867
1 download 457550
1 download 464145
1 download 465415
1 download 483157
1 download 489783
1 download 530313
1 download 96752
1 testset 120595
1 testset 196122
1 testset 483684
1 testset 496094
2 taste_buddy 00399
2 taste_buddy 00197
2 taste_buddy 00708
2 taste_buddy 00711
2 taste_buddy 00765
2 taste_buddy 00331
2 taste_buddy 00080
2 taste_buddy 00875
2 taste_buddy 00652
2 taste_buddy 00011
