1 download 101282
1 download 112727
1 download 120924
1 download 137900
1 download 149278
1 download 186781
1 download 205639
1 download 207918
1 download 237882
1 download 258980
1 download 39843
1 download 45796
1 download 48608
1 download 55131
1 download 55341
1 download 60697
1 download 71268
1 download 73658
1 download 87860
1 download 88407
1 download 91934
1 download 94512
1 testset 237687
1 testset 46715
1 testset 50170
1 testset 57072
1 testset 71422
1 testset 79606
2 taste_buddy 00560 5.000000
2 taste_buddy 00597 3.000000
2 taste_buddy 00324 1.000000
2 taste_buddy 00363 1.000000
