1 download 100146
1 download 111286
1 download 112206
1 download 115298
1 download 116530
1 download 12114
1 download 12384
1 download 134
1 download 135434
1 download 141555
1 download 191650
1 download 19468
1 download 195
1 download 25549
1 download 26938
1 download 2814
1 download 28437
1 download 29255
1 download 29304
1 download 29360
1 download 29362
1 download 29373
1 download 29377
1 download 29384
1 download 29389
1 download 29394
1 download 29403
1 download 29404
1 download 29620
1 download 29708
1 download 30060
1 download 30061
1 download 30062
1 download 30069
1 download 301842
1 download 30217
1 download 30221
1 download 30308
1 download 30328
1 download 30332
1 download 30333
1 download 303413
1 download 30357
1 download 30540
1 download 30565
1 download 30701
1 download 30941
1 download 30972
1 download 30976
1 download 31140
1 download 31270
1 download 31507
1 download 31659
1 download 32045
1 download 32046
1 download 32445
1 download 32506
1 download 32602
1 download 32619
1 download 32627
1 download 32637
1 download 32724
1 download 32783
1 download 32797
1 download 32799
1 download 32800
1 download 32801
1 download 32857
1 download 32894
1 download 32925
1 download 33384
1 download 33441
1 download 33528
1 download 33859
1 download 33891
1 download 33990
1 download 34156
1 download 34253
1 download 34425
1 download 34437
1 download 34827
1 download 34837
1 download 34850
1 download 34893
1 download 34905
1 download 35028
1 download 35029
1 download 35032
1 download 35102
1 download 35113
1 download 35413
1 download 35514
1 download 35727
1 download 35777
1 download 35869
1 download 360766
1 download 36097
1 download 363047
1 download 36911
1 download 37182
1 download 37235
1 download 37563
1 download 37676
1 download 38124
1 download 38226
1 download 38594
1 download 38602
1 download 39251
1 download 40032
1 download 40202
1 download 40599
1 download 41028
1 download 41035
1 download 42225
1 download 42582
1 download 43374
1 download 43918
1 download 43922
1 download 44487
1 download 44514
1 download 45804
1 download 46185
1 download 46372
1 download 47717
1 download 47722
1 download 48490
1 download 49447
1 download 50884
1 download 51500
1 download 5151
1 download 51901
1 download 52093
1 download 52363
1 download 53
1 download 53899
1 download 54466
1 download 54973
1 download 55165
1 download 55520
1 download 57663
1 download 57863
1 download 58105
1 download 61859
1 download 65629
1 download 66923
1 download 69943
1 download 7820
1 download 81897
1 download 87156
1 download 87710
1 download 8774
1 download 88675
1 download 93489
1 download 99864
1 testset 110568
1 testset 113088
1 testset 140708
1 testset 21473
1 testset 21474
1 testset 30107
1 testset 30111
1 testset 30157
1 testset 30168
1 testset 31980
1 testset 32205
1 testset 32721
1 testset 32723
1 testset 33710
1 testset 36276
1 testset 37340
1 testset 39380
1 testset 39928
1 testset 40274
1 testset 41031
1 testset 41933
1 testset 41961
1 testset 43457
1 testset 47012
1 testset 47547
1 testset 48019
1 testset 52202
1 testset 54719
1 testset 5578
1 testset 57775
1 testset 57784
1 testset 624539
1 testset 71409
1 testset 74233
1 testset 75859
1 testset 91591
1 testset 91593
1 testset 916
1 testset 9714
2 taste_buddy 00303 30.000000
2 taste_buddy 00150 25.000000
2 taste_buddy 00191 14.000000
2 taste_buddy 00511 12.000000
2 taste_buddy 00088 12.000000
2 taste_buddy 00887 12.000000
2 taste_buddy 00376 12.000000
2 taste_buddy 00696 12.000000
2 taste_buddy 00468 10.000000
2 taste_buddy 00477 10.000000
2 taste_buddy 00437 10.000000
