1 download 29319
1 download 29336
1 download 29377
1 download 29392
1 download 29620
1 download 30363
1 download 31659
1 download 31789
1 download 32170
1 download 32316
1 download 32445
1 download 33441
1 download 33991
1 download 35517
1 download 36177
1 download 38594
1 download 39251
1 download 41028
1 download 43922
1 download 51530
1 download 53423
1 download 74678
1 testset 29809
1 testset 30060
1 testset 30203
1 testset 30334
1 testset 31983
1 testset 33891
2 taste_buddy 00303 7.000000
2 taste_buddy 00150 5.000000
2 taste_buddy 00887 5.000000
2 taste_buddy 00191 5.000000
2 taste_buddy 00894 5.000000
2 taste_buddy 00088 5.000000
2 taste_buddy 00860 4.000000
2 taste_buddy 00376 4.000000
2 taste_buddy 00141 3.000000
2 taste_buddy 00616 3.000000
2 taste_buddy 00305 3.000000
2 taste_buddy 00300 3.000000
2 taste_buddy 00999 3.000000
2 taste_buddy 00131 3.000000
2 taste_buddy 00961 3.000000
2 taste_buddy 00511 3.000000
2 taste_buddy 00768 3.000000
2 taste_buddy 00764 3.000000
2 taste_buddy 00790 3.000000
2 taste_buddy 00820 3.000000
2 taste_buddy 00573 3.000000
2 taste_buddy 00930 3.000000
