1 download 100150
1 download 138801
1 download 138802
1 download 1702
1 download 183592
1 download 29611
1 download 30069
1 download 30113
1 download 34158
1 download 36263
1 download 37010
1 download 38499
1 download 57074
1 download 86897
1 download 97622
1 testset 29301
1 testset 41692
1 testset 46362
1 testset 54558
2 taste_buddy 00342
2 taste_buddy 00715
2 taste_buddy 00176
2 taste_buddy 00720
2 taste_buddy 00607
2 taste_buddy 00907
2 taste_buddy 00658
2 taste_buddy 00005
2 taste_buddy 00657
2 taste_buddy 00289
