1 download 12129
1 download 123963
1 download 139196
1 download 29348
1 download 30782
1 download 31531
1 download 32476
1 download 34414
1 download 35301
1 download 35983
1 download 37203
1 download 37407
1 download 386
1 download 41568
1 download 46177
1 download 49297
1 download 5510
1 download 593059
1 download 68557
1 download 75619
1 download 82710
1 download 99383
1 testset 151156
1 testset 29686
1 testset 3454
1 testset 43135
1 testset 58108
1 testset 93562
2 taste_buddy 00816 6.000000
2 taste_buddy 00980 4.000000
2 taste_buddy 00775 4.000000
2 taste_buddy 00248 4.000000
2 taste_buddy 00486 4.000000
2 taste_buddy 00413 3.000000
2 taste_buddy 00600 3.000000
2 taste_buddy 00303 3.000000
2 taste_buddy 00029 3.000000
2 taste_buddy 00715 3.000000
2 taste_buddy 00039 3.000000
2 taste_buddy 00104 3.000000
