1 download 100748
1 download 108411
1 download 109630
1 download 118295
1 download 12327
1 download 235825
1 download 291408
1 download 29361
1 download 29829
1 download 298433
1 download 30204
1 download 308117
1 download 308267
1 download 31540
1 download 32299
1 download 32301
1 download 32304
1 download 333893
1 download 342290
1 download 348601
1 download 354560
1 download 38226
1 download 386212
1 download 466891
1 download 49437
1 download 49504
1 download 504354
1 download 54719
1 download 60890
1 download 69046
1 download 70601
1 download 87337
1 download 87437
1 download 9572
1 testset 14707
1 testset 151664
1 testset 18428
1 testset 191477
1 testset 339689
1 testset 479995
1 testset 503801
1 testset 504359
1 testset 88180
2 taste_buddy 00726
2 taste_buddy 00303
2 taste_buddy 00812
2 taste_buddy 00941
2 taste_buddy 00853
2 taste_buddy 00468
2 taste_buddy 00227
2 taste_buddy 00389
2 taste_buddy 00907
2 taste_buddy 00531
