1 download 14432
1 download 184525
1 download 191311
1 download 195218
1 download 195405
1 download 215187
1 download 215378
1 download 216332
1 download 216334
1 download 230415
1 download 230617
1 download 234010
1 download 242991
1 download 246385
1 download 246459
1 download 248334
1 download 251087
1 download 254424
1 download 255963
1 download 258538
1 download 259846
1 download 267044
1 download 269196
1 download 276332
1 download 30199
1 download 31107
1 download 33456
1 download 35006
1 download 36566
1 download 39126
1 download 45116
1 download 46880
1 download 53506
1 download 77915
1 download 80472
1 download 85545
1 download 95955
1 download 96752
1 testset 108146
1 testset 12784
1 testset 186873
1 testset 22391
1 testset 248558
1 testset 253435
1 testset 267253
1 testset 271985
1 testset 30204
1 testset 30463
2 taste_buddy 00198
2 taste_buddy 00242
2 taste_buddy 00353
2 taste_buddy 00955
2 taste_buddy 00979
2 taste_buddy 00830
2 taste_buddy 00272
2 taste_buddy 00853
2 taste_buddy 00918
2 taste_buddy 00963
