1 download 101605
1 download 115561
1 download 141621
1 download 168897
1 download 193679
1 download 223757
1 download 25569
1 download 33249
1 download 49440
1 download 9476
1 download 99179
1 testset 22223
1 testset 38395
1 testset 46751
2 taste_buddy 00597 2.000000
2 taste_buddy 00587 2.000000
2 taste_buddy 00022 2.000000
2 taste_buddy 00853 1.000000
2 taste_buddy 00003 1.000000
2 taste_buddy 00720 1.000000
2 taste_buddy 00443 1.000000
2 taste_buddy 00544 1.000000
2 taste_buddy 00340 1.000000
2 taste_buddy 00393 1.000000
2 taste_buddy 00387 1.000000
2 taste_buddy 00683 1.000000
2 taste_buddy 00910 1.000000
